Direct SCS: d=16 O3 bw=15 GPU=True
Started: 2026-04-17T02:26:56.315014
SCS 3.2.11
======================================================================
DIRECT SCS LASSERRE: L3 d=16 bw=15
  GPU=True, max_iters=20000, eps=1e-06
======================================================================

Cliques: 1 of size 16

  Building reduced moment set S...
    S_le5: 20349 monomials  [MEM] 0.3/251GB

    S_mom (clique PSD): 469965 candidates
    S_loc (clique localizing): 188496 candidates
    Total |S| = 74,613 moments, hash collision check passed (0.5s)
  Building F_scipy (scalar window constraints)...
    F_scipy: 28,696 nnz (0.0s)
  Pairwise localizing: 136/136 cones of size 17×17
  Building per-clique data...
    Hash collision spot-check: 938961 entries verified
  Mapping windows to covering cliques...
    496/496 windows covered by cliques
  Building consistency data...
    Consistency: 20349 full equality + 0 partial inequality rows (0.0s)
  Precompute done: 74,613 variables, 3.3s total


Building base SCS problem...
  Base problem: 975,005 rows x 74,614 cols, nnz=1,517,781
  Cones: z=20350, l=75109, PSD=170
  A memory: 12.1 MB
  Built in 0.1s

  [Round 0] Minimize t...
/workspace/sidon-autocorrelation/tests/admm_gpu_solver.py:493: UserWarning: Sparse CSR tensor support is in beta state. If you miss a functionality in the sparse tensor support, please submit a feature request to https://github.com/pytorch/pytorch/issues. (Triggered internally at ../aten/src/ATen/SparseCsrTensorImpl.cpp:53.)
  return torch.sparse_csr_tensor(crow, col, vals, size=A_csr.shape,
  ADMM setup: 1.353s (solver=cg, n=74,614, m=975,005, PSD cones=170)
    iter 100: pri=2.64e-02 dual=4.00e-01 eps_p=9.91e-03 eps_d=2.75e-03 rho=5.0e-01 obj=0.956687
    iter 200: pri=1.15e-03 dual=2.02e-01 eps_p=9.91e-03 eps_d=2.74e-03 rho=5.0e-01 obj=1.001446
    iter 300: pri=1.73e-03 dual=7.91e-02 eps_p=9.91e-03 eps_d=2.74e-03 rho=5.0e-01 obj=0.997377
    iter 400: pri=1.42e-03 dual=2.67e-02 eps_p=9.91e-03 eps_d=2.74e-03 rho=5.0e-01 obj=0.997844
  ADMM done: 420 iters, 32.082s (76.39ms/iter), status=solved
    Scalar bound = 1.0023892429 (35.9s, 420 iters)
    496 violations

  [CG round 1] 50 windows (+50 added, eig+diverse (round1))
    Decomposition precomputed in 1.9s
  [MEM] 3.2/251GB
  [MEM] 3.2/251GB
    [1/14] t=1.26748655 feas (15.4s, build=0.1s, 90 iters)
    [2/14] t=1.13443790 feas (8.9s, build=0.1s, 50 iters)
  [MEM] 3.2/251GB
    [3/14] t=1.06791357 infeas (28.4s, build=0.1s, 170 iters)
    [4/14] t=1.10117573 infeas (13.8s, build=0.1s, 80 iters)
  [MEM] 3.2/251GB
  [MEM] 3.2/251GB
    [5/14] t=1.11780682 infeas (112.8s, build=0.1s, 690 iters)
  [MEM] 3.2/251GB
    [6/14] t=1.12612236 uncertain (63.8s, build=0.2s, 60 iters) retry
    Stall (uncertain after full-budget retry); ending bisection early. lo=1.11780682 hi=1.13443790
    lb=1.1178068164 (+1.15e-01) gc=36.9%
    Checkpoint saved: cg1 lb=1.1178068164

  [CG round 2] 100 windows (+50 added, atom+eig)
    Decomposition precomputed in 4.9s
  [MEM] 6.1/251GB
  [MEM] 6.0/251GB
  [MEM] 6.3/251GB
    [1/14] t=1.41175852 feas (23.9s, build=0.2s, 90 iters)
    [2/14] t=1.26428267 feas (16.9s, build=0.2s, 60 iters)
  [MEM] 6.0/251GB
    [3/14] t=1.19054474 feas (43.0s, build=0.2s, 160 iters)
  [MEM] 6.0/251GB
    [4/14] t=1.15367578 feas (69.4s, build=0.2s, 260 iters)
  [MEM] 6.0/251GB
  [MEM] 6.0/251GB
  [MEM] 6.0/251GB
  [MEM] 6.0/251GB
  [MEM] 6.0/251GB
  [MEM] 6.0/251GB
    [5/14] t=1.13524130 infeas (364.9s, build=0.2s, 1410 iters)
  [MEM] 6.0/251GB
    [6/14] t=1.14445854 infeas (79.8s, build=0.2s, 320 iters)
  [MEM] 6.0/251GB
    [7/14] t=1.14906716 infeas (58.0s, build=0.2s, 230 iters)
  [MEM] 6.0/251GB
    [8/14] t=1.15137147 infeas (31.0s, build=0.2s, 120 iters)
    [9/14] t=1.15252362 infeas (13.4s, build=0.2s, 50 iters)
    [10/14] t=1.15309970 infeas (18.1s, build=0.1s, 70 iters)
  [MEM] 6.0/251GB
    [11/14] t=1.15338774 infeas (13.3s, build=0.2s, 50 iters)
    Converged: interval 2.88e-04 < 5e-4
    lb=1.1533877406 (+3.56e-02) gc=48.1%
    Checkpoint saved: cg2 lb=1.1533877406

  [CG round 3] 150 windows (+50 added, atom+eig)
    Decomposition precomputed in 11.6s
  [MEM] 20.5/251GB
  [MEM] 10.6/251GB
  [MEM] 10.6/251GB
  [MEM] 10.6/251GB
    [1/14] t=1.16288774 infeas (141.4s, build=0.4s, 370 iters)
    [2/14] t=1.16813774 infeas (40.0s, build=0.4s, 100 iters)
  [MEM] 10.6/251GB
    [3/14] t=1.17076274 infeas (28.9s, build=0.4s, 70 iters)
    [4/14] t=1.17207524 infeas (32.6s, build=0.4s, 80 iters)
  [MEM] 10.6/251GB
  [MEM] 10.6/251GB
  [MEM] 10.6/251GB
  [MEM] 10.6/251GB
  [MEM] 10.6/251GB
  [MEM] 10.6/251GB
  [MEM] 10.6/251GB
    [5/14] t=1.17273149 infeas (385.8s, build=0.4s, 1010 iters)
    [6/14] t=1.17305962 infeas (37.4s, build=0.4s, 90 iters)
    Converged: interval 3.28e-04 < 5e-4
    lb=1.1730596156 (+1.97e-02) gc=54.3%
    Checkpoint saved: cg3 lb=1.1730596156

  [CG round 4] 200 windows (+50 added, eig+diverse (round1))
  [MEM] 14.8/251GB
    Decomposition precomputed in 15.2s
  [MEM] 13.4/251GB
  [MEM] 13.4/251GB
  [MEM] 13.4/251GB
  [MEM] 13.4/251GB
    [1/14] t=1.18255962 uncertain (173.3s, build=1.2s, 10 iters) retry
    Stall (uncertain after full-budget retry); ending bisection early. lo=1.17205962 hi=1.19305962
    lb=1.1720596156 (+-1.00e-03) gc=54.3%
    Checkpoint saved: cg4 lb=1.1730596156

  [CG round 5] 250 windows (+50 added, eig+diverse (round1))
  [MEM] 17.3/251GB
    Decomposition precomputed in 18.3s
  [MEM] 28.1/251GB
  [MEM] 16.0/251GB
  [MEM] 16.0/251GB
  [MEM] 16.0/251GB
  [MEM] 16.0/251GB
  [MEM] 16.0/251GB
  [MEM] 16.0/251GB
    [1/14] t=1.18255962 uncertain (144.5s, build=1.3s, 70 iters) retry
    Stall (uncertain after full-budget retry); ending bisection early. lo=1.17205962 hi=1.19305962
    lb=1.1720596156 (+-1.00e-03) gc=54.3%
    Checkpoint saved: cg5 lb=1.1730596156

  [CG round 6] 300 windows (+50 added, eig+diverse (round1))
    Decomposition precomputed in 18.4s
  [MEM] 17.1/251GB
  [MEM] 20.2/251GB
  [MEM] 20.2/251GB
  [MEM] 20.2/251GB
  [MEM] 20.2/251GB
  [MEM] 20.2/251GB
  [MEM] 20.2/251GB
  [MEM] 20.2/251GB
  [MEM] 20.2/251GB
    [1/14] t=1.18255962 infeas (164.0s, build=0.8s, 240 iters)
  [MEM] 20.2/251GB
  [MEM] 20.2/251GB
    [2/14] t=1.18780962 uncertain (128.4s, build=1.5s, 80 iters) retry
    Stall (uncertain after full-budget retry); ending bisection early. lo=1.18255962 hi=1.19305962
    lb=1.1825596156 (+9.50e-03) gc=57.2%
    Checkpoint saved: cg6 lb=1.1825596156

  [CG round 7] 350 windows (+50 added, eig+diverse (round1))
    Decomposition precomputed in 25.0s
  [MEM] 18.2/251GB
  [MEM] 32.7/251GB
  [MEM] 21.8/251GB
  [MEM] 21.8/251GB
  [MEM] 21.8/251GB
  [MEM] 21.8/251GB
  [MEM] 21.8/251GB
  [MEM] 21.8/251GB
  [MEM] 23.1/251GB
  [MEM] 23.1/251GB
    [1/14] t=1.19205962 feas (136.4s, build=0.9s, 170 iters)
  [MEM] 24.4/251GB
  [MEM] 21.8/251GB
  [MEM] 21.8/251GB
  [MEM] 21.8/251GB
    [2/14] t=1.18680962 uncertain (211.1s, build=1.8s, 10 iters) retry
    Stall (uncertain after full-budget retry); ending bisection early. lo=1.18155962 hi=1.19205962
    lb=1.1815596156 (+-1.00e-03) gc=57.2%
    Checkpoint saved: cg7 lb=1.1825596156

  [CG round 8] 400 windows (+50 added, atom+eig)
  [MEM] 16.6/251GB
    Decomposition precomputed in 28.5s
  [MEM] 25.8/251GB
  [MEM] 27.9/251GB
  [MEM] 27.9/251GB
  [MEM] 27.9/251GB
  [MEM] 27.9/251GB
  [MEM] 27.9/251GB
  [MEM] 27.9/251GB
  [MEM] 27.9/251GB
  [MEM] 27.9/251GB
  [MEM] 29.7/251GB
  [MEM] 29.7/251GB
  [MEM] 29.7/251GB
  [MEM] 29.7/251GB
    [1/14] t=1.19205962 uncertain (245.8s, build=2.3s, 10 iters) retry
    Stall (uncertain after full-budget retry); ending bisection early. lo=1.18155962 hi=1.20255962
    lb=1.1815596156 (+-1.00e-03) gc=57.2%
    Checkpoint saved: cg8 lb=1.1825596156
    Improvement < 1e-6 at round 8 — stopping.

======================================================================
FINAL: d=16 O3 bw=15
  lb = 1.1825596156
  val(16) = 1.319
  gc = 57.23%
  time = 5146.2s = 1.43hr
  sound = True
======================================================================
Solution vector saved to /workspace/sidon-autocorrelation/tests/../data/solution_d16_o3_bw15_scs.npy (74613 entries)
Result saved to /workspace/sidon-autocorrelation/tests/../data/result_d16_o3_bw15_scs.json
