
============================================================
MOSEK-tuned full Lasserre: d=8 L3 mode=z2block
============================================================
  d=8, order=3 (degree 6)
  windows=120, basis=165, loc_basis=45, moments=3003
  Base PSD cones: 9 (1x165^2 + 8x45^2)
  ab_eiej_idx: (45, 45, 8, 8), 129600/129600 valid
  Precompute: 0.02s
  Build: n_y=3003, n_basis=165, n_loc=45, n_consist=1287, n_z2_eq=0, n_win_psd=120, build_time=8.98s
  Block-diag moment: 165 -> sym 85 + anti 80  (sum_nk2: 27225->13625, ratio=2.00x; sum_nk3: 4492125->1126125, ratio=3.99x)
  Tuning: {'solve_form': 'dual', 'basis': 'never', 'tol': 1e-06, 'presolve_lindep': 'on', 'order_method': 'forcegraphpar', 'num_threads': 8, 'max_iterations': 1600, 'scaling': 'free'}
[MOSEK] Problem
[MOSEK]   Name                   : lasserre_full   
[MOSEK]   Objective sense        : minimize        
[MOSEK]   Type                   : CONIC (conic optimization problem)
[MOSEK]   Constraints            : 1408            
[MOSEK]   Affine conic cons.     : 138 (147655 rows)
[MOSEK]   Disjunctive cons.      : 0               
[MOSEK]   Cones                  : 0               
[MOSEK]   Scalar variables       : 3004            
[MOSEK]   Matrix variables       : 0               
[MOSEK]   Integer variables      : 0               
[MOSEK] 
[MOSEK] Optimizer started.
[MOSEK] Presolve started.
[MOSEK] Linear dependency checker started.
[MOSEK] Linear dependency checker terminated.
[MOSEK] Eliminator started.
[MOSEK] Freed constraints in eliminator : 0
[MOSEK] Eliminator terminated.
[MOSEK] Eliminator - tries                  : 1                 time                   : 0.00            
[MOSEK] Lin. dep.  - tries                  : 1                 time                   : 0.02            
[MOSEK] Lin. dep.  - primal attempts        : 1                 successes              : 1               
[MOSEK] Lin. dep.  - dual attempts          : 0                 successes              : 0               
[MOSEK] Lin. dep.  - primal deps.           : 0                 dual deps.             : 0               
[MOSEK] Presolve terminated. Time: 0.15    
[MOSEK] Optimizer  - threads                : 8               
[MOSEK] Optimizer  - solved problem         : the primal      
[MOSEK] Optimizer  - Constraints            : 149058          
[MOSEK] Optimizer  - Cones                  : 0               
[MOSEK] Optimizer  - Scalar variables       : 3118              conic                  : 0               
[MOSEK] Optimizer  - Semi-definite variables: 138               scalarized             : 147655          
[MOSEK] Factor     - setup time             : 35.03           
[MOSEK] Factor     - dense det. time        : 11.11             GP order time          : 2.25            
[MOSEK] Factor     - nonzeros before factor : 8.70e+07          after factor           : 2.70e+08        
[MOSEK] Factor     - dense dim.             : 3002              flops                  : 6.24e+11        
[MOSEK] Factor     - GP saved nzs           : 0                 GP saved flops         : 0.00e+00        
[MOSEK] ITE PFEAS    DFEAS    GFEAS    PRSTATUS   POBJ              DOBJ              MU       TIME  
[MOSEK] 0   1.0e+00  1.0e+00  1.0e+00  0.00e+00   0.000000000e+00   0.000000000e+00   1.0e+00  35.38 
[MOSEK] 1   6.4e-01  6.4e-01  1.8e-01  2.15e+00   0.000000000e+00   -2.596344620e-01  6.4e-01  51.62 
[MOSEK] 2   2.2e-01  2.2e-01  1.4e-02  2.70e+00   0.000000000e+00   -3.471504656e-02  2.2e-01  66.64 
[MOSEK] ETA: iter 2, mu=2.20e-01, per-iter=33.3s, ~16 iters remain, eta=8.8 min
[MOSEK] 3   5.0e-02  5.0e-02  1.0e-03  2.17e+00   0.000000000e+00   -3.927461695e-03  5.0e-02  97.13 
[MOSEK] ETA: iter 3, mu=5.00e-02, per-iter=32.4s, ~10 iters remain, eta=5.6 min
[MOSEK] 4   2.4e-02  2.4e-02  2.8e-04  2.00e+00   0.000000000e+00   -1.273681352e-03  2.4e-02  118.94
[MOSEK] ETA: iter 4, mu=2.40e-02, per-iter=29.7s, ~20 iters remain, eta=9.9 min
[WATCH:solve] t=   120s  rss=   6617MB  cpu= 289.1%  threads= 19  peak_rss=   6617MB
[MOSEK] 5   7.5e-03  3.9e-02  2.9e-05  1.77e+00   0.000000000e+00   -2.759255292e-04  7.5e-03  141.42
[MOSEK] ETA: iter 5, mu=7.50e-03, per-iter=28.3s, ~12 iters remain, eta=5.5 min
[MOSEK] 6   2.7e-03  5.4e-02  3.8e-06  1.84e+00   0.000000000e+00   -6.441878585e-05  2.7e-03  164.21
[MOSEK] ETA: iter 6, mu=2.70e-03, per-iter=27.4s, ~12 iters remain, eta=5.6 min
[MOSEK] 7   2.0e-03  1.3e-01  1.2e-06  2.33e+00   0.000000000e+00   -2.456406146e-05  1.7e-03  184.81
[MOSEK] ETA: iter 7, mu=1.70e-03, per-iter=26.4s, ~26 iters remain, eta=11.5 min
[MOSEK] 8   5.2e-04  3.6e-02  1.4e-07  5.58e-01   0.000000000e+00   -6.941919048e-06  4.5e-04  202.81
[MOSEK] ETA: iter 8, mu=4.50e-04, per-iter=25.4s, ~8 iters remain, eta=3.4 min
[MOSEK] 9   2.3e-04  1.6e-02  3.3e-08  1.75e+00   0.000000000e+00   -2.230025063e-06  2.0e-04  236.17
[MOSEK] ETA: iter 9, mu=2.00e-04, per-iter=26.2s, ~12 iters remain, eta=5.3 min
[WATCH:solve] t=   240s  rss=   6687MB  cpu= 418.3%  threads= 17  peak_rss=   6687MB
[MOSEK] 10  5.5e-05  3.6e-03  2.1e-09  1.53e+00   0.000000000e+00   -3.847326112e-07  4.0e-05  253.68
[MOSEK] ETA: iter 10, mu=4.00e-05, per-iter=25.4s, ~5 iters remain, eta=2.2 min
[MOSEK] 11  1.1e-05  7.4e-04  1.3e-10  5.29e-01   0.000000000e+00   -7.307358965e-08  5.8e-06  279.20
[MOSEK] ETA: iter 11, mu=5.80e-06, per-iter=25.4s, ~3 iters remain, eta=1.4 min
[MOSEK] 12  1.3e-06  8.7e-05  6.2e-12  1.12e+00   0.000000000e+00   -7.793103255e-09  6.6e-07  322.47
[MOSEK] ETA: iter 12, mu=6.60e-07, per-iter=26.9s, ~2 iters remain, eta=0.9 min
[MOSEK] Optimizer terminated. Time: 322.53  
[MOSEK] 
[MOSEK] 
[MOSEK] Interior-point solution summary
[MOSEK]   Problem status  : PRIMAL_AND_DUAL_FEASIBLE
[MOSEK]   Solution status : OPTIMAL
[MOSEK]   Primal.  obj: 0.0000000000e+00    nrm: 1e+00    Viol.  con: 1e-08    var: 0e+00    acc: 7e-09  
[MOSEK]   Dual.    obj: -7.7931031682e-09   nrm: 6e-01    Viol.  con: 2e-09    var: 5e-07    acc: 8e-09  

  hi probe: t=1.254640 -> feas Optimal/Optimal (322.62s)
[MOSEK] Problem
[MOSEK]   Name                   : lasserre_full   
[MOSEK]   Objective sense        : minimize        
[MOSEK]   Type                   : CONIC (conic optimization problem)
[MOSEK]   Constraints            : 1408            
[MOSEK]   Affine conic cons.     : 138 (147655 rows)
[MOSEK]   Disjunctive cons.      : 0               
[MOSEK]   Cones                  : 0               
[MOSEK]   Scalar variables       : 3004            
[MOSEK]   Matrix variables       : 0               
[MOSEK]   Integer variables      : 0               
[MOSEK] 
[MOSEK] Optimizer started.
[MOSEK] Presolve started.
[MOSEK] Linear dependency checker started.
[MOSEK] Linear dependency checker terminated.
[MOSEK] Eliminator started.
[MOSEK] Freed constraints in eliminator : 0
[MOSEK] Eliminator terminated.
[MOSEK] Eliminator - tries                  : 1                 time                   : 0.00            
[MOSEK] Lin. dep.  - tries                  : 1                 time                   : 0.07            
[MOSEK] Lin. dep.  - primal attempts        : 1                 successes              : 1               
[MOSEK] Lin. dep.  - dual attempts          : 0                 successes              : 0               
[MOSEK] Lin. dep.  - primal deps.           : 0                 dual deps.             : 0               
[MOSEK] Presolve terminated. Time: 0.37    
[MOSEK] Optimizer  - threads                : 8               
[MOSEK] Optimizer  - solved problem         : the primal      
[MOSEK] Optimizer  - Constraints            : 149058          
[MOSEK] Optimizer  - Cones                  : 0               
[MOSEK] Optimizer  - Scalar variables       : 3118              conic                  : 0               
[MOSEK] Optimizer  - Semi-definite variables: 138               scalarized             : 147655          
[MOSEK] Factor     - setup time             : 59.76           
[MOSEK] Factor     - dense det. time        : 24.62             GP order time          : 3.14            
[MOSEK] Factor     - nonzeros before factor : 8.70e+07          after factor           : 2.70e+08        
[MOSEK] Factor     - dense dim.             : 3002              flops                  : 6.24e+11        
[MOSEK] Factor     - GP saved nzs           : 0                 GP saved flops         : 0.00e+00        
[MOSEK] ITE PFEAS    DFEAS    GFEAS    PRSTATUS   POBJ              DOBJ              MU       TIME  
[MOSEK] 0   1.0e+00  1.0e+00  1.0e+00  0.00e+00   0.000000000e+00   0.000000000e+00   1.0e+00  60.43 
[MOSEK] 1   5.7e-01  5.7e-01  2.7e-01  9.30e-01   0.000000000e+00   -2.155843931e-01  5.7e-01  74.70 
[MOSEK] 2   8.7e-02  8.7e-02  5.0e-02  6.26e-01   0.000000000e+00   1.714812116e-01   8.7e-02  91.32 
[MOSEK] ETA: iter 2, mu=8.70e-02, per-iter=45.7s, ~9 iters remain, eta=6.5 min
[MOSEK] 3   2.3e-03  2.3e-03  1.3e-02  -8.88e-01  0.000000000e+00   3.276564305e+01   2.3e-03  108.37
[MOSEK] ETA: iter 3, mu=2.30e-03, per-iter=36.1s, ~3 iters remain, eta=2.0 min
[WATCH:solve] t=   120s  rss=   8162MB  cpu= 290.6%  threads= 17  peak_rss=   8162MB
[MOSEK] 4   3.2e-10  3.4e-05  3.0e-06  -9.91e-01  0.000000000e+00   8.924540767e+07   3.2e-10  125.27
[MOSEK] ETA: iter 4, mu=3.20e-10, per-iter=31.3s, ~0 iters remain, eta=0.0 min
[MOSEK] 5   3.2e-17  6.0e-12  1.5e-06  -1.00e+00  0.000000000e+00   4.727880857e+14   3.1e-17  139.45
[MOSEK] ETA: iter 5, mu=3.10e-17, per-iter=27.9s, ~0 iters remain, eta=0.0 min
[MOSEK] 6   2.4e-27  7.8e-14  3.1e-07  -1.00e+00  0.000000000e+00   1.744942556e-01   1.3e-28  151.42
[MOSEK] ETA: iter 6, mu=1.30e-28, per-iter=25.2s, ~0 iters remain, eta=0.0 min
[MOSEK] Optimizer terminated. Time: 151.57  
[MOSEK] 
[MOSEK] 
[MOSEK] Interior-point solution summary
[MOSEK]   Problem status  : PRIMAL_INFEASIBLE
[MOSEK]   Solution status : PRIMAL_INFEASIBLE_CER
[MOSEK]   Dual.    obj: 1.7449425563e-01    nrm: 2e+02    Viol.  con: 6e-17    var: 4e-13    acc: 0e+00  
  [1/8] t=0.87732000  infeas Undefined/Certificate                    (151.72s)  [0.877320, 1.254640]
[MOSEK] Problem
[MOSEK]   Name                   : lasserre_full   
[MOSEK]   Objective sense        : minimize        
[MOSEK]   Type                   : CONIC (conic optimization problem)
[MOSEK]   Constraints            : 1408            
[MOSEK]   Affine conic cons.     : 138 (147655 rows)
[MOSEK]   Disjunctive cons.      : 0               
[MOSEK]   Cones                  : 0               
[MOSEK]   Scalar variables       : 3004            
[MOSEK]   Matrix variables       : 0               
[MOSEK]   Integer variables      : 0               
[MOSEK] 
[MOSEK] Optimizer started.
[MOSEK] Presolve started.
[MOSEK] Linear dependency checker started.
[MOSEK] Linear dependency checker terminated.
[MOSEK] Eliminator started.
[MOSEK] Freed constraints in eliminator : 0
[MOSEK] Eliminator terminated.
[MOSEK] Eliminator - tries                  : 1                 time                   : 0.00            
[MOSEK] Lin. dep.  - tries                  : 1                 time                   : 0.03            
[MOSEK] Lin. dep.  - primal attempts        : 1                 successes              : 1               
[MOSEK] Lin. dep.  - dual attempts          : 0                 successes              : 0               
[MOSEK] Lin. dep.  - primal deps.           : 0                 dual deps.             : 0               
[MOSEK] Presolve terminated. Time: 0.23    
[MOSEK] Optimizer  - threads                : 8               
[MOSEK] Optimizer  - solved problem         : the primal      
[MOSEK] Optimizer  - Constraints            : 149058          
[MOSEK] Optimizer  - Cones                  : 0               
[MOSEK] Optimizer  - Scalar variables       : 3118              conic                  : 0               
[MOSEK] Optimizer  - Semi-definite variables: 138               scalarized             : 147655          
[MOSEK] Factor     - setup time             : 74.22           
[MOSEK] Factor     - dense det. time        : 28.78             GP order time          : 5.88            
[MOSEK] Factor     - nonzeros before factor : 8.70e+07          after factor           : 2.70e+08        
[MOSEK] Factor     - dense dim.             : 3002              flops                  : 6.24e+11        
[MOSEK] Factor     - GP saved nzs           : 0                 GP saved flops         : 0.00e+00        
[MOSEK] ITE PFEAS    DFEAS    GFEAS    PRSTATUS   POBJ              DOBJ              MU       TIME  
[MOSEK] 0   1.0e+00  1.0e+00  1.0e+00  0.00e+00   0.000000000e+00   0.000000000e+00   1.0e+00  74.82 
[MOSEK] 1   6.0e-01  6.0e-01  9.3e-02  2.33e+00   0.000000000e+00   -2.635972070e-01  6.0e-01  92.00 
[MOSEK] 2   1.5e-01  1.5e-01  5.4e-03  2.52e+00   0.000000000e+00   -2.409214842e-02  1.5e-01  110.61
[MOSEK] ETA: iter 2, mu=1.50e-01, per-iter=55.3s, ~12 iters remain, eta=11.0 min
[WATCH:solve] t=   120s  rss=   8878MB  cpu= 220.7%  threads= 18  peak_rss=   8878MB
[MOSEK] 3   6.7e-02  6.7e-02  2.6e-03  1.30e+00   0.000000000e+00   -1.199345048e-02  6.7e-02  122.86
[MOSEK] ETA: iter 3, mu=6.70e-02, per-iter=41.0s, ~20 iters remain, eta=13.3 min
[MOSEK] 4   9.6e-03  9.6e-03  6.6e-04  3.49e-01   0.000000000e+00   -2.892659326e-03  9.6e-03  135.49
[MOSEK] ETA: iter 4, mu=9.60e-03, per-iter=33.9s, ~7 iters remain, eta=4.0 min
[MOSEK] 5   1.3e-03  4.5e-03  2.8e-04  -8.98e-01  0.000000000e+00   3.550889696e-02   1.3e-03  147.72
[MOSEK] ETA: iter 5, mu=1.30e-03, per-iter=29.6s, ~6 iters remain, eta=2.9 min
[MOSEK] 6   2.4e-08  5.9e-04  1.8e-06  -9.80e-01  0.000000000e+00   5.801585627e+03   2.4e-08  161.14
[MOSEK] ETA: iter 6, mu=2.40e-08, per-iter=26.9s, ~0 iters remain, eta=0.0 min
[MOSEK] 7   4.4e-14  3.2e-09  1.7e-10  -1.00e+00  0.000000000e+00   2.309579133e+09   4.4e-14  174.72
[MOSEK] ETA: iter 7, mu=4.40e-14, per-iter=25.0s, ~0 iters remain, eta=0.0 min
[MOSEK] 8   4.4e-14  3.2e-09  1.2e-10  -1.00e+00  0.000000000e+00   2.309614375e+09   4.4e-14  193.93
[MOSEK] 9   4.4e-14  3.2e-09  5.7e-11  -1.00e+00  0.000000000e+00   2.309755351e+09   4.4e-14  210.68
[MOSEK] 10  4.3e-14  3.2e-09  2.0e-12  -1.00e+00  0.000000000e+00   2.318813215e+09   4.4e-14  229.43
[WATCH:solve] t=   240s  rss=   8453MB  cpu= 358.1%  threads= 17  peak_rss=   8878MB
[MOSEK] 11  4.3e-14  3.2e-09  2.0e-12  -1.00e+00  0.000000000e+00   2.318813215e+09   4.4e-14  246.37
[MOSEK] 12  4.3e-14  3.2e-09  2.0e-12  -1.00e+00  0.000000000e+00   2.318813215e+09   4.4e-14  263.36
[MOSEK] 13  4.3e-14  3.2e-09  1.8e-12  -1.00e+00  0.000000000e+00   2.318848598e+09   4.4e-14  277.41
[MOSEK] 14  4.3e-14  3.2e-09  1.8e-12  -1.00e+00  0.000000000e+00   2.318848598e+09   4.4e-14  294.62
[MOSEK] 15  1.2e-24  2.8e-14  5.8e-07  -1.00e+00  0.000000000e+00   5.532365330e+21   3.7e-26  309.00
[MOSEK] ETA: iter 15, mu=3.70e-26, per-iter=20.6s, ~0 iters remain, eta=0.0 min
[MOSEK] 16  1.2e-24  2.8e-14  5.8e-07  -1.00e+00  0.000000000e+00   5.532365330e+21   3.7e-26  320.21
[MOSEK] Optimizer terminated. Time: 331.82  
[MOSEK] 
[MOSEK] 
[MOSEK] Interior-point solution summary
[MOSEK]   Problem status  : PRIMAL_INFEASIBLE
[MOSEK]   Solution status : PRIMAL_INFEASIBLE_CER
[MOSEK]   Dual.    obj: 6.0060933692e-03    nrm: 3e+02    Viol.  con: 3e-17    var: 3e-13    acc: 0e+00  
  [2/8] t=1.06598000  infeas Undefined/Certificate                    (331.93s)  [1.065980, 1.254640]
[MOSEK] Problem
[MOSEK]   Name                   : lasserre_full   
[MOSEK]   Objective sense        : minimize        
[MOSEK]   Type                   : CONIC (conic optimization problem)
[MOSEK]   Constraints            : 1408            
[MOSEK]   Affine conic cons.     : 138 (147655 rows)
[MOSEK]   Disjunctive cons.      : 0               
[MOSEK]   Cones                  : 0               
[MOSEK]   Scalar variables       : 3004            
[MOSEK]   Matrix variables       : 0               
[MOSEK]   Integer variables      : 0               
[MOSEK] 
[MOSEK] Optimizer started.
[MOSEK] Presolve started.
[MOSEK] Linear dependency checker started.
[MOSEK] Linear dependency checker terminated.
[MOSEK] Eliminator started.
[MOSEK] Freed constraints in eliminator : 0
[MOSEK] Eliminator terminated.
[MOSEK] Eliminator - tries                  : 1                 time                   : 0.00            
[MOSEK] Lin. dep.  - tries                  : 1                 time                   : 0.04            
[MOSEK] Lin. dep.  - primal attempts        : 1                 successes              : 1               
[MOSEK] Lin. dep.  - dual attempts          : 0                 successes              : 0               
[MOSEK] Lin. dep.  - primal deps.           : 0                 dual deps.             : 0               
[MOSEK] Presolve terminated. Time: 0.23    
[MOSEK] Optimizer  - threads                : 8               
[MOSEK] Optimizer  - solved problem         : the primal      
[MOSEK] Optimizer  - Constraints            : 149058          
[MOSEK] Optimizer  - Cones                  : 0               
[MOSEK] Optimizer  - Scalar variables       : 3118              conic                  : 0               
[MOSEK] Optimizer  - Semi-definite variables: 138               scalarized             : 147655          
[MOSEK] Factor     - setup time             : 76.11           
[MOSEK] Factor     - dense det. time        : 37.61             GP order time          : 3.97            
[MOSEK] Factor     - nonzeros before factor : 8.70e+07          after factor           : 2.70e+08        
[MOSEK] Factor     - dense dim.             : 3002              flops                  : 6.24e+11        
[MOSEK] Factor     - GP saved nzs           : 0                 GP saved flops         : 0.00e+00        
[MOSEK] ITE PFEAS    DFEAS    GFEAS    PRSTATUS   POBJ              DOBJ              MU       TIME  
[MOSEK] 0   1.0e+00  1.0e+00  1.0e+00  0.00e+00   0.000000000e+00   0.000000000e+00   1.0e+00  76.58 
[MOSEK] 1   3.7e-01  3.7e-01  7.1e-02  2.34e+00   0.000000000e+00   -7.460580894e-02  3.7e-01  90.40 
[MOSEK] 2   2.3e-01  2.3e-01  2.9e-02  2.64e+00   0.000000000e+00   -2.542626118e-02  2.3e-01  103.11
[MOSEK] ETA: iter 2, mu=2.30e-01, per-iter=51.6s, ~36 iters remain, eta=30.7 min
[MOSEK] 3   5.9e-02  5.9e-02  2.2e-03  2.16e+00   0.000000000e+00   -4.514881833e-03  5.9e-02  116.60
[MOSEK] ETA: iter 3, mu=5.90e-02, per-iter=38.9s, ~11 iters remain, eta=7.4 min
[WATCH:solve] t=   120s  rss=   8290MB  cpu= 271.9%  threads= 17  peak_rss=   8878MB
[MOSEK] 4   1.2e-02  1.2e-02  1.3e-04  1.48e+00   0.000000000e+00   -8.311019805e-04  1.2e-02  132.79
[MOSEK] ETA: iter 4, mu=1.20e-02, per-iter=33.2s, ~9 iters remain, eta=4.9 min
