
============================================================
MOSEK-tuned full Lasserre: d=8 L3 mode=z2_bd
============================================================
  d=8, order=3 (degree 6)
  windows=120, basis=165, loc_basis=45, moments=3003
  Base PSD cones: 9 (1x165^2 + 8x45^2)
  ab_eiej_idx: (45, 45, 8, 8), 129600/129600 valid
  Precompute: 0.02s
  Build: n_y=3003, n_basis=165, n_loc=45, n_consist=1287, n_z2_eq=1484, n_win_psd=120, build_time=8.76s
  Block-diag moment: 165 -> sym 85 + anti 80  (sum_nk2: 27225->13625, ratio=2.00x; sum_nk3: 4492125->1126125, ratio=3.99x)
  Tuning: {'solve_form': 'dual', 'basis': 'never', 'tol': 1e-06, 'presolve_lindep': 'on', 'order_method': 'forcegraphpar', 'num_threads': 8, 'max_iterations': 1600, 'scaling': 'free'}
[MOSEK] Problem
[MOSEK]   Name                   : lasserre_full   
[MOSEK]   Objective sense        : minimize        
[MOSEK]   Type                   : CONIC (conic optimization problem)
[MOSEK]   Constraints            : 2892            
[MOSEK]   Affine conic cons.     : 138 (147655 rows)
[MOSEK]   Disjunctive cons.      : 0               
[MOSEK]   Cones                  : 0               
[MOSEK]   Scalar variables       : 3004            
[MOSEK]   Matrix variables       : 0               
[MOSEK]   Integer variables      : 0               
[MOSEK] 
[MOSEK] Optimizer started.
[MOSEK] Presolve started.
[MOSEK] Linear dependency checker started.
[MOSEK] Linear dependency checker terminated.
[MOSEK] Eliminator started.
[MOSEK] Freed constraints in eliminator : 1372
[MOSEK] Eliminator terminated.
[MOSEK] Eliminator started.
[MOSEK] Freed constraints in eliminator : 0
[MOSEK] Eliminator terminated.
[MOSEK] Eliminator - tries                  : 2                 time                   : 0.00            
[MOSEK] Lin. dep.  - tries                  : 1                 time                   : 0.11            
[MOSEK] Lin. dep.  - primal attempts        : 1                 successes              : 1               
[MOSEK] Lin. dep.  - dual attempts          : 0                 successes              : 0               
[MOSEK] Lin. dep.  - primal deps.           : 636               dual deps.             : 0               
[MOSEK] Presolve terminated. Time: 0.63    
[MOSEK] Optimizer  - threads                : 8               
[MOSEK] Optimizer  - solved problem         : the primal      
[MOSEK] Optimizer  - Constraints            : 148518          
[MOSEK] Optimizer  - Cones                  : 0               
[MOSEK] Optimizer  - Scalar variables       : 1730              conic                  : 0               
[MOSEK] Optimizer  - Semi-definite variables: 138               scalarized             : 147655          
[MOSEK] Factor     - setup time             : 23.14           
[MOSEK] Factor     - dense det. time        : 6.72              GP order time          : 2.01            
[MOSEK] Factor     - nonzeros before factor : 8.69e+07          after factor           : 2.00e+08        
[MOSEK] Factor     - dense dim.             : 1630              flops                  : 3.17e+11        
[MOSEK] Factor     - GP saved nzs           : 0                 GP saved flops         : 0.00e+00        
[MOSEK] ITE PFEAS    DFEAS    GFEAS    PRSTATUS   POBJ              DOBJ              MU       TIME  
[MOSEK] 0   1.0e+00  1.0e+00  1.0e+00  0.00e+00   0.000000000e+00   0.000000000e+00   1.0e+00  24.00 
[MOSEK] 1   6.3e-01  6.3e-01  1.7e-01  2.06e+00   0.000000000e+00   -2.680774757e-01  6.3e-01  29.19 
[MOSEK] 2   2.1e-01  2.1e-01  1.7e-02  2.64e+00   0.000000000e+00   -3.206599521e-02  2.1e-01  36.23 
[MOSEK] ETA: iter 2, mu=2.10e-01, per-iter=18.1s, ~15 iters remain, eta=4.6 min
[MOSEK] 3   1.0e-01  1.0e-01  4.2e-03  2.15e+00   0.000000000e+00   -9.331099476e-03  1.0e-01  43.37 
[MOSEK] ETA: iter 3, mu=1.00e-01, per-iter=14.5s, ~22 iters remain, eta=5.2 min
[MOSEK] 4   7.4e-02  7.4e-02  2.4e-03  1.79e+00   0.000000000e+00   -5.885121638e-03  7.4e-02  49.40 
[MOSEK] ETA: iter 4, mu=7.40e-02, per-iter=12.4s, ~53 iters remain, eta=10.8 min
[MOSEK] 5   1.5e-02  2.0e-02  1.2e-04  1.76e+00   0.000000000e+00   -7.038854099e-04  1.5e-02  56.40 
[MOSEK] ETA: iter 5, mu=1.50e-02, per-iter=11.3s, ~9 iters remain, eta=1.7 min
[MOSEK] 6   2.7e-03  2.2e-02  3.5e-06  1.70e+00   0.000000000e+00   -8.448938367e-05  2.7e-03  70.52 
[MOSEK] ETA: iter 6, mu=2.70e-03, per-iter=11.8s, ~7 iters remain, eta=1.4 min
[MOSEK] 7   1.8e-03  3.0e-02  1.8e-06  1.83e+00   0.000000000e+00   -4.596473638e-05  1.8e-03  84.69 
[MOSEK] ETA: iter 7, mu=1.80e-03, per-iter=12.1s, ~30 iters remain, eta=6.0 min
[MOSEK] 8   9.0e-04  5.9e-02  3.7e-07  1.86e+00   0.000000000e+00   -1.394620232e-05  8.2e-04  95.25 
[MOSEK] ETA: iter 8, mu=8.20e-04, per-iter=11.9s, ~14 iters remain, eta=2.9 min
[MOSEK] 9   1.7e-04  6.6e-03  3.1e-08  -1.15e-01  0.000000000e+00   -3.063622147e-06  1.7e-04  107.22
[MOSEK] ETA: iter 9, mu=1.70e-04, per-iter=11.9s, ~6 iters remain, eta=1.2 min
[WATCH:solve] t=   120s  rss=   7440MB  cpu= 354.9%  threads= 19  peak_rss=   7440MB
[MOSEK] 10  3.8e-05  3.3e-03  2.5e-09  5.80e-01   0.000000000e+00   -6.956026327e-07  3.5e-05  120.36
[MOSEK] ETA: iter 10, mu=3.50e-05, per-iter=12.0s, ~5 iters remain, eta=1.0 min
[MOSEK] 11  9.6e-06  6.3e-04  3.8e-10  1.41e+00   0.000000000e+00   -1.399657234e-07  8.4e-06  144.14
[MOSEK] ETA: iter 11, mu=8.40e-06, per-iter=13.1s, ~5 iters remain, eta=1.0 min
[MOSEK] 12  7.5e-06  9.7e-04  1.5e-10  1.63e+00   0.000000000e+00   -7.185957798e-08  5.0e-06  154.53
[MOSEK] ETA: iter 12, mu=5.00e-06, per-iter=12.9s, ~12 iters remain, eta=2.6 min
[MOSEK] 13  9.9e-07  1.3e-04  6.9e-12  9.45e-01   0.000000000e+00   -9.452478252e-09  5.9e-07  166.84
[MOSEK] ETA: iter 13, mu=5.90e-07, per-iter=12.8s, ~2 iters remain, eta=0.4 min
[MOSEK] Optimizer terminated. Time: 166.96  
[MOSEK] 
[MOSEK] 
[MOSEK] Interior-point solution summary
[MOSEK]   Problem status  : PRIMAL_AND_DUAL_FEASIBLE
[MOSEK]   Solution status : OPTIMAL
[MOSEK]   Primal.  obj: 0.0000000000e+00    nrm: 1e+00    Viol.  con: 1e-08    var: 0e+00    acc: 9e-09  
[MOSEK]   Dual.    obj: -9.4524781973e-09   nrm: 5e+00    Viol.  con: 2e-09    var: 1e-06    acc: 9e-09  

  hi probe: t=1.254640 -> feas Optimal/Optimal (167.05s)
[MOSEK] Problem
[MOSEK]   Name                   : lasserre_full   
[MOSEK]   Objective sense        : minimize        
[MOSEK]   Type                   : CONIC (conic optimization problem)
[MOSEK]   Constraints            : 2892            
[MOSEK]   Affine conic cons.     : 138 (147655 rows)
[MOSEK]   Disjunctive cons.      : 0               
[MOSEK]   Cones                  : 0               
[MOSEK]   Scalar variables       : 3004            
[MOSEK]   Matrix variables       : 0               
[MOSEK]   Integer variables      : 0               
[MOSEK] 
[MOSEK] Optimizer started.
[MOSEK] Presolve started.
[MOSEK] Linear dependency checker started.
[MOSEK] Linear dependency checker terminated.
[MOSEK] Eliminator started.
[MOSEK] Freed constraints in eliminator : 1372
[MOSEK] Eliminator terminated.
[MOSEK] Eliminator started.
[MOSEK] Freed constraints in eliminator : 0
[MOSEK] Eliminator terminated.
[MOSEK] Eliminator - tries                  : 2                 time                   : 0.00            
[MOSEK] Lin. dep.  - tries                  : 1                 time                   : 0.27            
[MOSEK] Lin. dep.  - primal attempts        : 1                 successes              : 1               
[MOSEK] Lin. dep.  - dual attempts          : 0                 successes              : 0               
[MOSEK] Lin. dep.  - primal deps.           : 636               dual deps.             : 0               
[MOSEK] Presolve terminated. Time: 2.76    
[MOSEK] Optimizer  - threads                : 8               
[MOSEK] Optimizer  - solved problem         : the primal      
[MOSEK] Optimizer  - Constraints            : 148518          
[MOSEK] Optimizer  - Cones                  : 0               
[MOSEK] Optimizer  - Scalar variables       : 1730              conic                  : 0               
[MOSEK] Optimizer  - Semi-definite variables: 138               scalarized             : 147655          
[MOSEK] Factor     - setup time             : 73.29           
[MOSEK] Factor     - dense det. time        : 26.87             GP order time          : 4.95            
[MOSEK] Factor     - nonzeros before factor : 8.69e+07          after factor           : 2.00e+08        
[MOSEK] Factor     - dense dim.             : 1630              flops                  : 3.17e+11        
[MOSEK] Factor     - GP saved nzs           : 0                 GP saved flops         : 0.00e+00        
[MOSEK] ITE PFEAS    DFEAS    GFEAS    PRSTATUS   POBJ              DOBJ              MU       TIME  
[MOSEK] 0   1.0e+00  1.0e+00  1.0e+00  0.00e+00   0.000000000e+00   0.000000000e+00   1.0e+00  76.80 
[MOSEK] 1   5.6e-01  5.6e-01  2.9e-01  9.00e-01   0.000000000e+00   -2.036756322e-01  5.6e-01  88.18 
[MOSEK] 2   8.5e-02  8.5e-02  5.0e-02  6.13e-01   0.000000000e+00   1.919865102e-01   8.5e-02  100.60
[MOSEK] ETA: iter 2, mu=8.50e-02, per-iter=50.3s, ~8 iters remain, eta=7.1 min
[MOSEK] 3   2.1e-03  2.1e-03  1.3e-02  -8.90e-01  0.000000000e+00   3.916693213e+01   2.1e-03  112.75
[MOSEK] ETA: iter 3, mu=2.10e-03, per-iter=37.6s, ~3 iters remain, eta=2.1 min
[WATCH:solve] t=   120s  rss=   7168MB  cpu= 271.1%  threads= 17  peak_rss=   7440MB
[MOSEK] 4   2.5e-10  6.4e-06  2.7e-06  -9.92e-01  0.000000000e+00   1.199105560e+08   2.5e-10  126.42
[MOSEK] ETA: iter 4, mu=2.50e-10, per-iter=31.6s, ~0 iters remain, eta=0.0 min
[MOSEK] 5   4.6e-18  4.3e-12  1.2e-06  -1.00e+00  0.000000000e+00   4.403069414e+15   4.6e-18  138.29
[MOSEK] ETA: iter 5, mu=4.60e-18, per-iter=27.7s, ~0 iters remain, eta=0.0 min
[MOSEK] 6   1.6e-28  5.6e-14  1.1e-08  -1.00e+00  0.000000000e+00   1.816285411e-01   1.7e-29  147.51
[MOSEK] ETA: iter 6, mu=1.70e-29, per-iter=24.6s, ~0 iters remain, eta=0.0 min
[MOSEK] Optimizer terminated. Time: 147.64  
[MOSEK] 
[MOSEK] 
[MOSEK] Interior-point solution summary
[MOSEK]   Problem status  : PRIMAL_INFEASIBLE
[MOSEK]   Solution status : PRIMAL_INFEASIBLE_CER
[MOSEK]   Dual.    obj: 1.8162854106e-01    nrm: 7e+02    Viol.  con: 6e-17    var: 2e-12    acc: 0e+00  
  [1/8] t=0.87732000  infeas Undefined/Certificate                    (147.70s)  [0.877320, 1.254640]
[MOSEK] Problem
[MOSEK]   Name                   : lasserre_full   
[MOSEK]   Objective sense        : minimize        
[MOSEK]   Type                   : CONIC (conic optimization problem)
[MOSEK]   Constraints            : 2892            
[MOSEK]   Affine conic cons.     : 138 (147655 rows)
[MOSEK]   Disjunctive cons.      : 0               
[MOSEK]   Cones                  : 0               
[MOSEK]   Scalar variables       : 3004            
[MOSEK]   Matrix variables       : 0               
[MOSEK]   Integer variables      : 0               
[MOSEK] 
[MOSEK] Optimizer started.
[MOSEK] Presolve started.
[MOSEK] Linear dependency checker started.
[MOSEK] Linear dependency checker terminated.
[MOSEK] Eliminator started.
[MOSEK] Freed constraints in eliminator : 1372
[MOSEK] Eliminator terminated.
[MOSEK] Eliminator started.
[MOSEK] Freed constraints in eliminator : 0
[MOSEK] Eliminator terminated.
[MOSEK] Eliminator - tries                  : 2                 time                   : 0.00            
[MOSEK] Lin. dep.  - tries                  : 1                 time                   : 0.15            
[MOSEK] Lin. dep.  - primal attempts        : 1                 successes              : 1               
[MOSEK] Lin. dep.  - dual attempts          : 0                 successes              : 0               
[MOSEK] Lin. dep.  - primal deps.           : 636               dual deps.             : 0               
[MOSEK] Presolve terminated. Time: 1.14    
[MOSEK] Optimizer  - threads                : 8               
[MOSEK] Optimizer  - solved problem         : the primal      
[MOSEK] Optimizer  - Constraints            : 148518          
[MOSEK] Optimizer  - Cones                  : 0               
[MOSEK] Optimizer  - Scalar variables       : 1730              conic                  : 0               
[MOSEK] Optimizer  - Semi-definite variables: 138               scalarized             : 147655          
[MOSEK] Factor     - setup time             : 42.97           
[MOSEK] Factor     - dense det. time        : 13.75             GP order time          : 1.94            
[MOSEK] Factor     - nonzeros before factor : 8.69e+07          after factor           : 2.00e+08        
[MOSEK] Factor     - dense dim.             : 1630              flops                  : 3.17e+11        
[MOSEK] Factor     - GP saved nzs           : 0                 GP saved flops         : 0.00e+00        
[MOSEK] ITE PFEAS    DFEAS    GFEAS    PRSTATUS   POBJ              DOBJ              MU       TIME  
[MOSEK] 0   1.0e+00  1.0e+00  1.0e+00  0.00e+00   0.000000000e+00   0.000000000e+00   1.0e+00  44.56 
[MOSEK] 1   6.0e-01  6.0e-01  9.3e-02  2.24e+00   0.000000000e+00   -2.672781929e-01  6.0e-01  49.19 
[MOSEK] 2   1.4e-01  1.4e-01  7.3e-03  2.45e+00   0.000000000e+00   -2.399975270e-02  1.4e-01  55.78 
[MOSEK] ETA: iter 2, mu=1.40e-01, per-iter=27.9s, ~11 iters remain, eta=5.3 min
[MOSEK] 3   3.6e-02  3.6e-02  1.7e-03  1.25e+00   0.000000000e+00   -6.051883747e-03  3.6e-02  62.50 
[MOSEK] ETA: iter 3, mu=3.60e-02, per-iter=20.8s, ~11 iters remain, eta=3.9 min
[MOSEK] 4   5.2e-03  7.9e-03  1.3e-03  -4.78e-01  0.000000000e+00   2.521237657e-02   5.2e-03  70.68 
[MOSEK] ETA: iter 4, mu=5.20e-03, per-iter=17.7s, ~7 iters remain, eta=2.0 min
[MOSEK] 5   5.4e-06  2.2e-04  2.8e-05  -8.85e-01  0.000000000e+00   2.593316442e+01   5.4e-06  77.23 
[MOSEK] ETA: iter 5, mu=5.40e-06, per-iter=15.5s, ~1 iters remain, eta=0.2 min
[MOSEK] 6   3.6e-12  2.5e-07  2.0e-08  -1.00e+00  0.000000000e+00   3.267236690e+07   3.7e-12  84.83 
[MOSEK] ETA: iter 6, mu=3.70e-12, per-iter=14.1s, ~0 iters remain, eta=0.0 min
[MOSEK] 7   4.0e-20  3.4e-12  6.2e-06  -1.00e+00  0.000000000e+00   7.622954200e+15   1.6e-20  92.07 
[MOSEK] ETA: iter 7, mu=1.60e-20, per-iter=13.2s, ~0 iters remain, eta=0.0 min
[MOSEK] 8   4.0e-20  3.4e-12  6.2e-06  -1.00e+00  0.000000000e+00   7.622954200e+15   1.6e-20  101.55
[MOSEK] 9   4.0e-20  3.4e-12  6.2e-06  -1.00e+00  0.000000000e+00   7.622954200e+15   1.6e-20  111.24
[WATCH:solve] t=   120s  rss=   8624MB  cpu= 329.3%  threads= 18  peak_rss=   8624MB
[MOSEK] Optimizer terminated. Time: 121.13  
[MOSEK] 
[MOSEK] 
[MOSEK] Interior-point solution summary
[MOSEK]   Problem status  : PRIMAL_INFEASIBLE
[MOSEK]   Solution status : PRIMAL_INFEASIBLE_CER
[MOSEK]   Dual.    obj: 8.4598710270e-03    nrm: 1e+03    Viol.  con: 3e-17    var: 3e-12    acc: 0e+00  
  [2/8] t=1.06598000  infeas Undefined/Certificate                    (121.20s)  [1.065980, 1.254640]
[MOSEK] Problem
[MOSEK]   Name                   : lasserre_full   
[MOSEK]   Objective sense        : minimize        
[MOSEK]   Type                   : CONIC (conic optimization problem)
[MOSEK]   Constraints            : 2892            
[MOSEK]   Affine conic cons.     : 138 (147655 rows)
[MOSEK]   Disjunctive cons.      : 0               
[MOSEK]   Cones                  : 0               
[MOSEK]   Scalar variables       : 3004            
[MOSEK]   Matrix variables       : 0               
[MOSEK]   Integer variables      : 0               
[MOSEK] 
[MOSEK] Optimizer started.
[MOSEK] Presolve started.
[MOSEK] Linear dependency checker started.
[MOSEK] Linear dependency checker terminated.
[MOSEK] Eliminator started.
[MOSEK] Freed constraints in eliminator : 1372
[MOSEK] Eliminator terminated.
[MOSEK] Eliminator started.
[MOSEK] Freed constraints in eliminator : 0
[MOSEK] Eliminator terminated.
[MOSEK] Eliminator - tries                  : 2                 time                   : 0.00            
[MOSEK] Lin. dep.  - tries                  : 1                 time                   : 0.17            
[MOSEK] Lin. dep.  - primal attempts        : 1                 successes              : 1               
[MOSEK] Lin. dep.  - dual attempts          : 0                 successes              : 0               
[MOSEK] Lin. dep.  - primal deps.           : 636               dual deps.             : 0               
[MOSEK] Presolve terminated. Time: 1.56    
[MOSEK] Optimizer  - threads                : 8               
[MOSEK] Optimizer  - solved problem         : the primal      
[MOSEK] Optimizer  - Constraints            : 148518          
[MOSEK] Optimizer  - Cones                  : 0               
[MOSEK] Optimizer  - Scalar variables       : 1730              conic                  : 0               
[MOSEK] Optimizer  - Semi-definite variables: 138               scalarized             : 147655          
[MOSEK] Factor     - setup time             : 44.50           
[MOSEK] Factor     - dense det. time        : 13.04             GP order time          : 3.17            
[MOSEK] Factor     - nonzeros before factor : 8.69e+07          after factor           : 2.00e+08        
[MOSEK] Factor     - dense dim.             : 1630              flops                  : 3.17e+11        
[MOSEK] Factor     - GP saved nzs           : 0                 GP saved flops         : 0.00e+00        
[MOSEK] ITE PFEAS    DFEAS    GFEAS    PRSTATUS   POBJ              DOBJ              MU       TIME  
[MOSEK] 0   1.0e+00  1.0e+00  1.0e+00  0.00e+00   0.000000000e+00   0.000000000e+00   1.0e+00  46.42 
[MOSEK] 1   3.3e-01  3.3e-01  1.1e-01  2.24e+00   0.000000000e+00   1.820846758e-02   3.3e-01  54.26 
[MOSEK] 2   9.2e-02  9.2e-02  7.1e-03  2.35e+00   0.000000000e+00   -5.166476697e-03  9.2e-02  62.39 
[MOSEK] ETA: iter 2, mu=9.20e-02, per-iter=31.2s, ~13 iters remain, eta=6.5 min
[MOSEK] 3   2.0e-02  2.0e-02  4.3e-04  1.68e+00   0.000000000e+00   -1.222854521e-03  2.0e-02  68.41 
[MOSEK] ETA: iter 3, mu=2.00e-02, per-iter=22.8s, ~10 iters remain, eta=3.6 min
[MOSEK] 4   8.6e-03  8.6e-03  1.3e-04  9.52e-01   0.000000000e+00   -6.010389308e-04  8.6e-03  74.20 
[MOSEK] ETA: iter 4, mu=8.60e-03, per-iter=18.6s, ~16 iters remain, eta=5.0 min
[MOSEK] 5   2.9e-03  9.1e-03  5.8e-05  2.46e-01   0.000000000e+00   -3.158193509e-04  2.9e-03  80.52 
[MOSEK] ETA: iter 5, mu=2.90e-03, per-iter=16.1s, ~12 iters remain, eta=3.1 min
[MOSEK] 6   1.2e-04  5.8e-03  9.1e-06  -4.59e-01  0.000000000e+00   5.226979356e-03   1.2e-04  86.00 
[MOSEK] ETA: iter 6, mu=1.20e-04, per-iter=14.3s, ~3 iters remain, eta=0.7 min
[MOSEK] 7   7.8e-09  1.6e-04  8.0e-08  -9.77e-01  0.000000000e+00   1.035970895e+02   7.9e-09  92.66 
[MOSEK] ETA: iter 7, mu=7.90e-09, per-iter=13.2s, ~0 iters remain, eta=0.0 min
[MOSEK] 8   1.0e-14  1.6e-08  1.7e-10  -1.00e+00  0.000000000e+00   7.016681332e+07   1.1e-14  99.80 
[MOSEK] ETA: iter 8, mu=1.10e-14, per-iter=12.5s, ~0 iters remain, eta=0.0 min
[MOSEK] 9   1.3e-21  5.8e-12  9.5e-07  -1.00e+00  0.000000000e+00   2.614994840e+16   3.3e-23  107.95
[MOSEK] ETA: iter 9, mu=3.30e-23, per-iter=12.0s, ~0 iters remain, eta=0.0 min
[MOSEK] 10  4.3e-35  2.6e-13  1.5e-03  -1.00e+00  0.000000000e+00   5.366972752e+30   1.6e-37  115.53
[MOSEK] ETA: iter 10, mu=1.60e-37, per-iter=11.6s, ~0 iters remain, eta=0.0 min
[WATCH:solve] t=   120s  rss=   8554MB  cpu= 302.5%  threads= 18  peak_rss=   8624MB
[MOSEK] 11  2.7e-49  1.6e-13  0.0e+00  -1.00e+00  0.000000000e+00   1.348601749e+45   6.8e-52  122.65
[MOSEK] ETA: iter 11, mu=6.80e-52, per-iter=11.2s, ~0 iters remain, eta=0.0 min
[MOSEK] 12  2.7e-49  1.6e-13  0.0e+00  -1.00e+00  0.000000000e+00   1.348601749e+45   6.8e-52  133.46
[MOSEK] 13  2.7e-49  1.6e-13  0.0e+00  -1.00e+00  0.000000000e+00   1.348601749e+45   6.8e-52  142.10
[MOSEK] Optimizer terminated. Time: 150.94  
[MOSEK] 
[MOSEK] 
[MOSEK] Interior-point solution summary
[MOSEK]   Problem status  : PRIMAL_INFEASIBLE
[MOSEK]   Solution status : PRIMAL_INFEASIBLE_CER
[MOSEK]   Dual.    obj: 1.2332530388e-03    nrm: 1e+03    Viol.  con: 2e-18    var: 7e-12    acc: 0e+00  
  [3/8] t=1.16031000  infeas Undefined/Certificate                    (150.98s)  [1.160310, 1.254640]
[MOSEK] Problem
[MOSEK]   Name                   : lasserre_full   
[MOSEK]   Objective sense        : minimize        
[MOSEK]   Type                   : CONIC (conic optimization problem)
[MOSEK]   Constraints            : 2892            
[MOSEK]   Affine conic cons.     : 138 (147655 rows)
[MOSEK]   Disjunctive cons.      : 0               
[MOSEK]   Cones                  : 0               
[MOSEK]   Scalar variables       : 3004            
[MOSEK]   Matrix variables       : 0               
[MOSEK]   Integer variables      : 0               
[MOSEK] 
[MOSEK] Optimizer started.
[MOSEK] Presolve started.
[MOSEK] Linear dependency checker started.
[MOSEK] Linear dependency checker terminated.
[MOSEK] Eliminator started.
[MOSEK] Freed constraints in eliminator : 1372
[MOSEK] Eliminator terminated.
[MOSEK] Eliminator started.
[MOSEK] Freed constraints in eliminator : 0
[MOSEK] Eliminator terminated.
[MOSEK] Eliminator - tries                  : 2                 time                   : 0.00            
[MOSEK] Lin. dep.  - tries                  : 1                 time                   : 0.10            
[MOSEK] Lin. dep.  - primal attempts        : 1                 successes              : 1               
[MOSEK] Lin. dep.  - dual attempts          : 0                 successes              : 0               
[MOSEK] Lin. dep.  - primal deps.           : 636               dual deps.             : 0               
[MOSEK] Presolve terminated. Time: 0.71    
[MOSEK] Optimizer  - threads                : 8               
[MOSEK] Optimizer  - solved problem         : the primal      
[MOSEK] Optimizer  - Constraints            : 148518          
[MOSEK] Optimizer  - Cones                  : 0               
[MOSEK] Optimizer  - Scalar variables       : 1730              conic                  : 0               
[MOSEK] Optimizer  - Semi-definite variables: 138               scalarized             : 147655          
[MOSEK] Factor     - setup time             : 50.82           
[MOSEK] Factor     - dense det. time        : 16.12             GP order time          : 3.97            
[MOSEK] Factor     - nonzeros before factor : 8.69e+07          after factor           : 2.00e+08        
[MOSEK] Factor     - dense dim.             : 1630              flops                  : 3.17e+11        
[MOSEK] Factor     - GP saved nzs           : 0                 GP saved flops         : 0.00e+00        
[MOSEK] ITE PFEAS    DFEAS    GFEAS    PRSTATUS   POBJ              DOBJ              MU       TIME  
[MOSEK] 0   1.0e+00  1.0e+00  1.0e+00  0.00e+00   0.000000000e+00   0.000000000e+00   1.0e+00  51.79 
[MOSEK] 1   4.1e-01  4.1e-01  9.8e-02  2.16e+00   0.000000000e+00   -8.543741823e-02  4.1e-01  61.11 
[MOSEK] 2   2.6e-01  2.6e-01  4.2e-02  2.68e+00   0.000000000e+00   -3.021261465e-02  2.6e-01  68.27 
[MOSEK] ETA: iter 2, mu=2.60e-01, per-iter=34.1s, ~37 iters remain, eta=21.3 min
[MOSEK] 3   6.1e-02  6.1e-02  1.8e-03  2.29e+00   0.000000000e+00   -5.323943149e-03  6.1e-02  76.66 
[MOSEK] ETA: iter 3, mu=6.10e-02, per-iter=25.6s, ~11 iters remain, eta=4.6 min
[MOSEK] 4   2.1e-02  2.1e-02  2.8e-04  1.80e+00   0.000000000e+00   -1.320826725e-03  2.1e-02  83.41 
[MOSEK] ETA: iter 4, mu=2.10e-02, per-iter=20.9s, ~14 iters remain, eta=4.7 min
[MOSEK] 5   8.9e-03  1.1e-02  5.8e-05  1.59e+00   0.000000000e+00   -4.307858077e-04  8.9e-03  90.30 
[MOSEK] ETA: iter 5, mu=8.90e-03, per-iter=18.1s, ~16 iters remain, eta=4.8 min
[MOSEK] 6   4.4e-03  1.2e-02  1.7e-05  1.55e+00   0.000000000e+00   -1.730092712e-04  4.4e-03  99.13 
[MOSEK] ETA: iter 6, mu=4.40e-03, per-iter=16.5s, ~18 iters remain, eta=5.1 min
[MOSEK] 7   3.4e-03  1.3e-02  1.1e-05  1.46e+00   0.000000000e+00   -1.232274106e-04  3.4e-03  108.35
[MOSEK] ETA: iter 7, mu=3.40e-03, per-iter=15.5s, ~49 iters remain, eta=12.7 min
[MOSEK] 8   1.5e-03  2.0e-02  2.4e-06  1.49e+00   0.000000000e+00   -4.386526045e-05  1.5e-03  114.77
[MOSEK] ETA: iter 8, mu=1.50e-03, per-iter=14.3s, ~15 iters remain, eta=3.5 min
[WATCH:solve] t=   120s  rss=   9312MB  cpu= 285.3%  threads= 18  peak_rss=   9312MB
[MOSEK] 9   9.2e-04  2.9e-02  8.9e-07  1.67e+00   0.000000000e+00   -2.087684231e-05  9.1e-04  122.15
[MOSEK] ETA: iter 9, mu=9.10e-04, per-iter=13.6s, ~23 iters remain, eta=5.2 min
[MOSEK] 10  7.6e-04  4.9e-02  4.0e-07  2.18e+00   0.000000000e+00   -1.142425197e-05  7.2e-04  129.06
[MOSEK] ETA: iter 10, mu=7.20e-04, per-iter=12.9s, ~48 iters remain, eta=10.3 min
[MOSEK] 11  1.5e-04  7.9e-03  1.7e-08  5.99e-01   0.000000000e+00   -2.319187851e-06  1.4e-04  138.29
[MOSEK] ETA: iter 11, mu=1.40e-04, per-iter=12.6s, ~6 iters remain, eta=1.2 min
[MOSEK] 12  8.3e-05  5.7e-03  7.9e-09  9.30e-01   0.000000000e+00   -1.307743499e-06  7.4e-05  143.94
[MOSEK] ETA: iter 12, mu=7.40e-05, per-iter=12.0s, ~14 iters remain, eta=2.8 min
[MOSEK] 13  2.5e-05  3.6e-03  1.5e-09  9.59e-01   0.000000000e+00   -3.992157517e-07  2.3e-05  150.88
[MOSEK] ETA: iter 13, mu=2.30e-05, per-iter=11.6s, ~7 iters remain, eta=1.3 min
[MOSEK] 14  1.6e-05  4.4e-03  7.8e-10  9.73e-01   0.000000000e+00   -2.498724746e-07  1.4e-05  156.22
[MOSEK] ETA: iter 14, mu=1.40e-05, per-iter=11.2s, ~15 iters remain, eta=2.7 min
[MOSEK] 15  1.1e-05  3.5e-03  3.6e-10  1.70e+00   0.000000000e+00   -1.300279005e-07  9.0e-06  170.30
[MOSEK] ETA: iter 15, mu=9.00e-06, per-iter=11.4s, ~15 iters remain, eta=2.9 min
[MOSEK] 16  7.6e-06  3.2e-03  1.5e-10  1.69e+00   0.000000000e+00   -6.573522287e-08  6.0e-06  177.25
[MOSEK] ETA: iter 16, mu=6.00e-06, per-iter=11.1s, ~16 iters remain, eta=2.9 min
[MOSEK] 17  1.7e-06  8.1e-04  1.2e-11  6.53e-01   0.000000000e+00   -1.436041403e-08  1.1e-06  185.49
[MOSEK] ETA: iter 17, mu=1.10e-06, per-iter=10.9s, ~3 iters remain, eta=0.5 min
[MOSEK] 18  2.7e-07  9.8e-05  9.3e-13  9.85e-01   0.000000000e+00   -2.291014278e-09  1.8e-07  192.61
[MOSEK] ETA: iter 18, mu=1.80e-07, per-iter=10.7s, ~2 iters remain, eta=0.3 min
[MOSEK] Optimizer terminated. Time: 192.68  
[MOSEK] 
[MOSEK] 
[MOSEK] Interior-point solution summary
[MOSEK]   Problem status  : PRIMAL_AND_DUAL_FEASIBLE
[MOSEK]   Solution status : OPTIMAL
[MOSEK]   Primal.  obj: 0.0000000000e+00    nrm: 1e+00    Viol.  con: 3e-09    var: 0e+00    acc: 2e-09  
[MOSEK]   Dual.    obj: -2.2910142210e-09   nrm: 3e+00    Viol.  con: 5e-10    var: 8e-07    acc: 2e-09  
  [4/8] t=1.20747500  feas   Optimal/Optimal                          (192.73s)  [1.160310, 1.207475]
[MOSEK] Problem
[MOSEK]   Name                   : lasserre_full   
[MOSEK]   Objective sense        : minimize        
[MOSEK]   Type                   : CONIC (conic optimization problem)
[MOSEK]   Constraints            : 2892            
[MOSEK]   Affine conic cons.     : 138 (147655 rows)
[MOSEK]   Disjunctive cons.      : 0               
[MOSEK]   Cones                  : 0               
[MOSEK]   Scalar variables       : 3004            
[MOSEK]   Matrix variables       : 0               
[MOSEK]   Integer variables      : 0               
[MOSEK] 
[MOSEK] Optimizer started.
[MOSEK] Presolve started.
[MOSEK] Linear dependency checker started.
[MOSEK] Linear dependency checker terminated.
[MOSEK] Eliminator started.
[MOSEK] Freed constraints in eliminator : 1372
[MOSEK] Eliminator terminated.
[MOSEK] Eliminator started.
[MOSEK] Freed constraints in eliminator : 0
[MOSEK] Eliminator terminated.
[MOSEK] Eliminator - tries                  : 2                 time                   : 0.00            
[MOSEK] Lin. dep.  - tries                  : 1                 time                   : 0.08            
[MOSEK] Lin. dep.  - primal attempts        : 1                 successes              : 1               
[MOSEK] Lin. dep.  - dual attempts          : 0                 successes              : 0               
[MOSEK] Lin. dep.  - primal deps.           : 636               dual deps.             : 0               
[MOSEK] Presolve terminated. Time: 1.13    
[MOSEK] Optimizer  - threads                : 8               
[MOSEK] Optimizer  - solved problem         : the primal      
[MOSEK] Optimizer  - Constraints            : 148518          
[MOSEK] Optimizer  - Cones                  : 0               
[MOSEK] Optimizer  - Scalar variables       : 1730              conic                  : 0               
[MOSEK] Optimizer  - Semi-definite variables: 138               scalarized             : 147655          
[MOSEK] Factor     - setup time             : 36.75           
[MOSEK] Factor     - dense det. time        : 9.46              GP order time          : 3.15            
[MOSEK] Factor     - nonzeros before factor : 8.69e+07          after factor           : 2.00e+08        
[MOSEK] Factor     - dense dim.             : 1630              flops                  : 3.17e+11        
[MOSEK] Factor     - GP saved nzs           : 0                 GP saved flops         : 0.00e+00        
[MOSEK] ITE PFEAS    DFEAS    GFEAS    PRSTATUS   POBJ              DOBJ              MU       TIME  
[MOSEK] 0   1.0e+00  1.0e+00  1.0e+00  0.00e+00   0.000000000e+00   0.000000000e+00   1.0e+00  38.87 
[MOSEK] 1   3.9e-01  3.9e-01  9.0e-02  2.21e+00   0.000000000e+00   -7.953354457e-02  3.9e-01  45.40 
[MOSEK] 2   2.5e-01  2.5e-01  4.0e-02  2.66e+00   0.000000000e+00   -2.893165348e-02  2.5e-01  52.76 
[MOSEK] ETA: iter 2, mu=2.50e-01, per-iter=26.4s, ~38 iters remain, eta=16.8 min
[MOSEK] 3   6.0e-02  6.0e-02  1.9e-03  2.27e+00   0.000000000e+00   -5.197058176e-03  6.0e-02  60.43 
[MOSEK] ETA: iter 3, mu=6.00e-02, per-iter=20.1s, ~11 iters remain, eta=3.7 min
[MOSEK] 4   2.1e-02  2.1e-02  2.9e-04  1.67e+00   0.000000000e+00   -1.376401814e-03  2.1e-02  65.23 
[MOSEK] ETA: iter 4, mu=2.10e-02, per-iter=16.3s, ~14 iters remain, eta=3.8 min
[MOSEK] 5   4.3e-03  1.0e-02  1.9e-05  1.41e+00   0.000000000e+00   -2.416861307e-04  4.3e-03  72.14 
[MOSEK] ETA: iter 5, mu=4.30e-03, per-iter=14.4s, ~8 iters remain, eta=2.0 min
[MOSEK] 6   1.9e-03  4.1e-03  7.1e-06  9.15e-01   0.000000000e+00   -1.307673264e-04  1.9e-03  78.15 
[MOSEK] ETA: iter 6, mu=1.90e-03, per-iter=13.0s, ~15 iters remain, eta=3.2 min
[MOSEK] 7   4.6e-04  1.4e-02  2.7e-06  2.33e-01   0.000000000e+00   -8.714436164e-05  4.6e-04  82.52 
[MOSEK] ETA: iter 7, mu=4.60e-04, per-iter=11.8s, ~8 iters remain, eta=1.5 min
[MOSEK] 8   9.6e-06  4.2e-03  4.1e-07  -6.64e-01  0.000000000e+00   1.674835826e-03   9.6e-06  87.94 
[MOSEK] ETA: iter 8, mu=9.60e-06, per-iter=11.0s, ~2 iters remain, eta=0.3 min
[MOSEK] 9   2.3e-09  7.6e-05  5.7e-09  -9.71e-01  0.000000000e+00   6.130880505e+00   2.4e-09  94.15 
[MOSEK] ETA: iter 9, mu=2.40e-09, per-iter=10.5s, ~0 iters remain, eta=0.0 min
[MOSEK] 10  1.5e-14  2.6e-08  6.2e-12  -1.00e+00  0.000000000e+00   7.730313990e+05   1.6e-14  100.81
[MOSEK] ETA: iter 10, mu=1.60e-14, per-iter=10.1s, ~0 iters remain, eta=0.0 min
[MOSEK] 11  1.4e-14  2.4e-08  3.3e-12  -1.00e+00  0.000000000e+00   8.245668279e+05   1.5e-14  109.12
[MOSEK] ETA: iter 11, mu=1.50e-14, per-iter=9.9s, ~0 iters remain, eta=0.0 min
[MOSEK] 12  1.1e-14  1.8e-08  3.4e-12  -1.00e+00  0.000000000e+00   1.099422448e+06   1.1e-14  115.99
[MOSEK] ETA: iter 12, mu=1.10e-14, per-iter=9.7s, ~0 iters remain, eta=0.0 min
[WATCH:solve] t=   120s  rss=   8535MB  cpu= 365.5%  threads= 18  peak_rss=   9312MB
[MOSEK] 13  1.0e-14  1.8e-08  9.5e-13  -1.00e+00  0.000000000e+00   1.134887689e+06   1.1e-14  122.41
[MOSEK] 14  1.0e-14  1.8e-08  9.5e-13  -1.00e+00  0.000000000e+00   1.134887689e+06   1.1e-14  129.77
[MOSEK] 15  9.7e-15  1.7e-08  7.7e-13  -1.00e+00  0.000000000e+00   1.210546868e+06   1.0e-14  135.65
[MOSEK] ETA: iter 15, mu=1.00e-14, per-iter=9.0s, ~0 iters remain, eta=0.0 min
[MOSEK] 16  9.7e-15  1.7e-08  7.7e-13  -1.00e+00  0.000000000e+00   1.210546868e+06   1.0e-14  143.72
[MOSEK] 17  9.7e-15  1.7e-08  6.5e-13  -1.00e+00  0.000000000e+00   1.211138237e+06   1.0e-14  151.52
[MOSEK] 18  9.7e-15  1.7e-08  6.5e-13  -1.00e+00  0.000000000e+00   1.211138237e+06   1.0e-14  161.31
[MOSEK] 19  7.3e-15  1.3e-08  5.6e-13  -1.00e+00  0.000000000e+00   1.614844484e+06   7.7e-15  168.03
[MOSEK] ETA: iter 19, mu=7.70e-15, per-iter=8.8s, ~0 iters remain, eta=0.0 min
[MOSEK] 20  7.2e-15  1.2e-08  4.7e-13  -1.00e+00  0.000000000e+00   1.640476630e+06   7.6e-15  176.37
[MOSEK] ETA: iter 20, mu=7.60e-15, per-iter=8.8s, ~0 iters remain, eta=0.0 min
[MOSEK] 21  7.1e-15  1.2e-08  3.7e-13  -1.00e+00  0.000000000e+00   1.646909796e+06   7.5e-15  182.95
[MOSEK] ETA: iter 21, mu=7.50e-15, per-iter=8.7s, ~0 iters remain, eta=0.0 min
[MOSEK] 22  7.1e-15  1.2e-08  3.7e-13  -1.00e+00  0.000000000e+00   1.646909796e+06   7.5e-15  192.19
