======================================================================
L2 CONSTRAINT-GENERATION SWEEP (256 GB cloud)
RAM: 995 GB total, 956 GB available, RSS 0.1 GB
======================================================================

######################################################################
# L2 d=16 (baseline)
# RAM: avail=956GB  RSS=0.1GB
######################################################################

============================================================
SCALABLE LASSERRE L2 (degree 4), mode=cg
Target: val(16) >= 1.1
Known: val(16) = 1.319
Upper-bound localizing: yes
============================================================

  d=16, order=2 (degree 4)
  windows=496, basis=153, loc_basis=17, moments=4845
  Base PSD cones: 17 (1x153^2 + 16x17^2)
  ab_eiej_idx: (17, 17, 16, 16), 73984/73984 valid
  Precompute: 0.22s
  Added 16 upper-bound localizing (1-mu_i) >= 0 constraints
  Consistency constraints: 969
  Total PSD cones (base): 33
  Model built in 0.1s

  [Round 0] Seeding initial violations...
    Scalar boundary ~ 0.968750, 485 violations found
    485 violations found, added 20 PSD windows (worst eig: -1.207592e-01)

  [CG round 1] 20 PSD window constraints
client_loop: send disconnect: Connection reset by peer
