
======================================================================
CASCADE: d0=2, S=15, c_target=1.28
  L0 compositions: 16
======================================================================

======================================================================
CPU CASCADE PROVER (COARSE — Theorem 1, no correction)
  d0=2, S=15, c_target=1.28
  Grid: integer masses sum to S=15 (constant)
  Threshold: TV >= 1.28 (exact, no correction)
  Box cert: margin > cell_var + quad_corr (2nd-order)
  L0 compositions: 16
  workers: 48
  max refinement levels: 8
======================================================================

[L0 coarse] d=2, S=15, c_target=1.28
     x_cap=12, compositions=16
     [8 processed] 4 survivors
     3.16s: pruned asym=3 test=1 survivors=4
     min(margin - cell_var - quad_corr) = -0.019259
     BOX CERT: FAIL (increase S)
     Checkpoint saved: data_sweep/checkpoint_L0_survivors.npy (0.00 GB, 4 rows)

[L1] d=2 -> 4, parents=4, x_cap=8
    quad_corr scale: d^2/(2S^2) = 0.035556
    [1/4] 3 survivors so far
    7.1s: 200 children, 35 survivors (17.5000%)
    min(margin - cell_var - quad_corr) = -0.186667
    BOX CERT: FAIL
     Checkpoint saved: data_sweep/checkpoint_L1_survivors.npy (0.00 GB, 35 rows)

[L2] d=4 -> 8, parents=35, x_cap=6
    quad_corr scale: d^2/(2S^2) = 0.142222
    0.0s: 12,412 children, 17 survivors (0.1370%)
    min(margin - cell_var - quad_corr) = -0.604444
    BOX CERT: FAIL
     Checkpoint saved: data_sweep/checkpoint_L2_survivors.npy (0.00 GB, 17 rows)

[L3] d=8 -> 16, parents=17, x_cap=4
    quad_corr scale: d^2/(2S^2) = 0.568889
    0.0s: 35,976 children, 0 survivors (0.0000%)
    min(margin - cell_var - quad_corr) = -1.351111
    BOX CERT: FAIL
    *** ALL PRUNED ***

======================================================================
PROVEN: c >= 1.28 (cascade converges at L3)
Total time: 10.44s
======================================================================

  GRID-POINT PROOF: converged at L3 in 10.4s

======================================================================
CASCADE: d0=2, S=20, c_target=1.28
  L0 compositions: 21
======================================================================

======================================================================
CPU CASCADE PROVER (COARSE — Theorem 1, no correction)
  d0=2, S=20, c_target=1.28
  Grid: integer masses sum to S=20 (constant)
  Threshold: TV >= 1.28 (exact, no correction)
  Box cert: margin > cell_var + quad_corr (2nd-order)
  L0 compositions: 21
  workers: 48
  max refinement levels: 8
======================================================================

[L0 coarse] d=2, S=20, c_target=1.28
     x_cap=16, compositions=21
     0.03s: pruned asym=4 test=1 survivors=6
     min(margin - cell_var - quad_corr) = -0.014167
     BOX CERT: FAIL (increase S)
     Checkpoint saved: data_sweep/checkpoint_L0_survivors.npy (0.00 GB, 6 rows)

[L1] d=2 -> 4, parents=6, x_cap=11
    quad_corr scale: d^2/(2S^2) = 0.020000
    0.0s: 531 children, 90 survivors (16.9492%)
    min(margin - cell_var - quad_corr) = -0.153333
    BOX CERT: FAIL
     Checkpoint saved: data_sweep/checkpoint_L1_survivors.npy (0.00 GB, 90 rows)

[L2] d=4 -> 8, parents=90, x_cap=8
    quad_corr scale: d^2/(2S^2) = 0.080000
    2.5s: 77,215 children, 98 survivors (0.1269%)
    min(margin - cell_var - quad_corr) = -0.440000
    BOX CERT: FAIL
     Checkpoint saved: data_sweep/checkpoint_L2_survivors.npy (0.00 GB, 98 rows)

[L3] d=8 -> 16, parents=98, x_cap=5
    quad_corr scale: d^2/(2S^2) = 0.320000
    5.1s: 731,121 children, 0 survivors (0.0000%)
    min(margin - cell_var - quad_corr) = -0.960000
    BOX CERT: FAIL
    *** ALL PRUNED ***

======================================================================
PROVEN: c >= 1.28 (cascade converges at L3)
Total time: 7.64s
======================================================================

  GRID-POINT PROOF: converged at L3 in 7.6s

======================================================================
CASCADE: d0=2, S=25, c_target=1.28
  L0 compositions: 26
======================================================================

======================================================================
CPU CASCADE PROVER (COARSE — Theorem 1, no correction)
  d0=2, S=25, c_target=1.28
  Grid: integer masses sum to S=25 (constant)
  Threshold: TV >= 1.28 (exact, no correction)
  Box cert: margin > cell_var + quad_corr (2nd-order)
  L0 compositions: 26
  workers: 48
  max refinement levels: 8
======================================================================

[L0 coarse] d=2, S=25, c_target=1.28
     x_cap=20, compositions=26
     0.03s: pruned asym=5 test=1 survivors=7
     min(margin - cell_var - quad_corr) = -0.011200
     BOX CERT: FAIL (increase S)
     Checkpoint saved: data_sweep/checkpoint_L0_survivors.npy (0.00 GB, 7 rows)

[L1] d=2 -> 4, parents=7, x_cap=14
    quad_corr scale: d^2/(2S^2) = 0.012800
    0.0s: 912 children, 171 survivors (18.7500%)
    min(margin - cell_var - quad_corr) = -0.118400
    BOX CERT: FAIL
     Checkpoint saved: data_sweep/checkpoint_L1_survivors.npy (0.00 GB, 171 rows)

[L2] d=4 -> 8, parents=171, x_cap=10
    quad_corr scale: d^2/(2S^2) = 0.051200
    3.3s: 304,622 children, 513 survivors (0.1684%)
    min(margin - cell_var - quad_corr) = -0.345600
    BOX CERT: FAIL
     Checkpoint saved: data_sweep/checkpoint_L2_survivors.npy (0.00 GB, 513 rows)

[L3] d=8 -> 16, parents=513, x_cap=7
    quad_corr scale: d^2/(2S^2) = 0.204800
    5.2s: 13,775,508 children, 0 survivors (0.0000%)
    min(margin - cell_var - quad_corr) = -0.793600
    BOX CERT: FAIL
    *** ALL PRUNED ***

======================================================================
PROVEN: c >= 1.28 (cascade converges at L3)
Total time: 8.49s
======================================================================

  GRID-POINT PROOF: converged at L3 in 8.5s

======================================================================
CASCADE: d0=2, S=30, c_target=1.28
  L0 compositions: 31
======================================================================

======================================================================
CPU CASCADE PROVER (COARSE — Theorem 1, no correction)
  d0=2, S=30, c_target=1.28
  Grid: integer masses sum to S=30 (constant)
  Threshold: TV >= 1.28 (exact, no correction)
  Box cert: margin > cell_var + quad_corr (2nd-order)
  L0 compositions: 31
  workers: 48
  max refinement levels: 8
======================================================================

[L0 coarse] d=2, S=30, c_target=1.28
     x_cap=24, compositions=31
     0.05s: pruned asym=6 test=1 survivors=9
     min(margin - cell_var - quad_corr) = -0.009259
     BOX CERT: FAIL (increase S)
     Checkpoint saved: data_sweep/checkpoint_L0_survivors.npy (0.00 GB, 9 rows)

[L1] d=2 -> 4, parents=9, x_cap=16
    quad_corr scale: d^2/(2S^2) = 0.008889
    0.0s: 1,540 children, 296 survivors (19.2208%)
    min(margin - cell_var - quad_corr) = -0.102222
    BOX CERT: FAIL
     Checkpoint saved: data_sweep/checkpoint_L1_survivors.npy (0.00 GB, 296 rows)

[L2] d=4 -> 8, parents=296, x_cap=12
    quad_corr scale: d^2/(2S^2) = 0.035556
    3.0s: 972,901 children, 1,752 survivors (0.1801%)
    min(margin - cell_var - quad_corr) = -0.284444
    BOX CERT: FAIL
     Checkpoint saved: data_sweep/checkpoint_L2_survivors.npy (0.00 GB, 1,752 rows)

[L3] d=8 -> 16, parents=1,752, x_cap=8
    quad_corr scale: d^2/(2S^2) = 0.142222
    [76/1752] (4.3%) 0 survivors so far
    9.8s: 130,466,039 children, 0 survivors (0.0000%)
    min(margin - cell_var - quad_corr) = -0.645926
    BOX CERT: FAIL
    *** ALL PRUNED ***

======================================================================
PROVEN: c >= 1.28 (cascade converges at L3)
Total time: 12.83s
======================================================================

  GRID-POINT PROOF: converged at L3 in 12.8s

======================================================================
CASCADE: d0=3, S=10, c_target=1.28
  L0 compositions: 66
======================================================================

======================================================================
CPU CASCADE PROVER (COARSE — Theorem 1, no correction)
  d0=3, S=10, c_target=1.28
  Grid: integer masses sum to S=10 (constant)
  Threshold: TV >= 1.28 (exact, no correction)
  Box cert: margin > cell_var + quad_corr (2nd-order)
  L0 compositions: 66
  workers: 48
  max refinement levels: 8
======================================================================

[L0 coarse] d=3, S=10, c_target=1.28
     x_cap=6, compositions=66
     0.39s: pruned asym=20 test=9 survivors=7
     min(margin - cell_var - quad_corr) = -0.100000
     BOX CERT: FAIL (increase S)
     Checkpoint saved: data_sweep/checkpoint_L0_survivors.npy (0.00 GB, 7 rows)

[L1] d=3 -> 6, parents=7, x_cap=4
    quad_corr scale: d^2/(2S^2) = 0.180000
    0.0s: 395 children, 7 survivors (1.7722%)
    min(margin - cell_var - quad_corr) = -0.520000
    BOX CERT: FAIL
     Checkpoint saved: data_sweep/checkpoint_L1_survivors.npy (0.00 GB, 7 rows)

[L2] d=6 -> 12, parents=7, x_cap=3
    quad_corr scale: d^2/(2S^2) = 0.720000
    0.0s: 1,488 children, 0 survivors (0.0000%)
    min(margin - cell_var - quad_corr) = -1.400000
    BOX CERT: FAIL
    *** ALL PRUNED ***

======================================================================
PROVEN: c >= 1.28 (cascade converges at L2)
Total time: 0.39s
======================================================================

  GRID-POINT PROOF: converged at L2 in 0.4s

======================================================================
CASCADE: d0=3, S=15, c_target=1.28
  L0 compositions: 136
======================================================================

======================================================================
CPU CASCADE PROVER (COARSE — Theorem 1, no correction)
  d0=3, S=15, c_target=1.28
  Grid: integer masses sum to S=15 (constant)
  Threshold: TV >= 1.28 (exact, no correction)
  Box cert: margin > cell_var + quad_corr (2nd-order)
  L0 compositions: 136
  workers: 48
  max refinement levels: 8
======================================================================

[L0 coarse] d=3, S=15, c_target=1.28
     x_cap=9, compositions=136
     0.03s: pruned asym=42 test=18 survivors=12
     min(margin - cell_var - quad_corr) = -0.086667
     BOX CERT: FAIL (increase S)
     Checkpoint saved: data_sweep/checkpoint_L0_survivors.npy (0.00 GB, 12 rows)

[L1] d=3 -> 6, parents=12, x_cap=6
    quad_corr scale: d^2/(2S^2) = 0.080000
    0.0s: 1,844 children, 47 survivors (2.5488%)
    min(margin - cell_var - quad_corr) = -0.386667
    BOX CERT: FAIL
     Checkpoint saved: data_sweep/checkpoint_L1_survivors.npy (0.00 GB, 47 rows)

[L2] d=6 -> 12, parents=47, x_cap=4
    quad_corr scale: d^2/(2S^2) = 0.320000
    0.0s: 43,452 children, 0 survivors (0.0000%)
    min(margin - cell_var - quad_corr) = -0.960000
    BOX CERT: FAIL
    *** ALL PRUNED ***

======================================================================
PROVEN: c >= 1.28 (cascade converges at L2)
Total time: 0.04s
======================================================================

  GRID-POINT PROOF: converged at L2 in 0.0s

======================================================================
CASCADE: d0=3, S=20, c_target=1.28
  L0 compositions: 231
======================================================================

======================================================================
CPU CASCADE PROVER (COARSE — Theorem 1, no correction)
  d0=3, S=20, c_target=1.28
  Grid: integer masses sum to S=20 (constant)
  Threshold: TV >= 1.28 (exact, no correction)
  Box cert: margin > cell_var + quad_corr (2nd-order)
  L0 compositions: 231
  workers: 48
  max refinement levels: 8
======================================================================

[L0 coarse] d=3, S=20, c_target=1.28
     x_cap=13, compositions=231
     0.05s: pruned asym=72 test=24 survivors=25
     min(margin - cell_var - quad_corr) = -0.045000
     BOX CERT: FAIL (increase S)
     Checkpoint saved: data_sweep/checkpoint_L0_survivors.npy (0.00 GB, 25 rows)

[L1] d=3 -> 6, parents=25, x_cap=9
    quad_corr scale: d^2/(2S^2) = 0.045000
    0.0s: 8,599 children, 226 survivors (2.6282%)
    min(margin - cell_var - quad_corr) = -0.282500
    BOX CERT: FAIL
     Checkpoint saved: data_sweep/checkpoint_L1_survivors.npy (0.00 GB, 226 rows)

[L2] d=6 -> 12, parents=226, x_cap=6
    quad_corr scale: d^2/(2S^2) = 0.180000
    2.7s: 748,171 children, 1 survivors (0.0001%)
    min(margin - cell_var - quad_corr) = -0.670000
    BOX CERT: FAIL
     Checkpoint saved: data_sweep/checkpoint_L2_survivors.npy (0.00 GB, 1 rows)

[L3] d=12 -> 24, parents=1, x_cap=4
    quad_corr scale: d^2/(2S^2) = 0.720000
    0.0s: 21,600 children, 0 survivors (0.0000%)
    min(margin - cell_var - quad_corr) = -0.781538
    BOX CERT: FAIL
    *** ALL PRUNED ***

======================================================================
PROVEN: c >= 1.28 (cascade converges at L3)
Total time: 2.79s
======================================================================

  GRID-POINT PROOF: converged at L3 in 2.8s

======================================================================
CASCADE: d0=4, S=10, c_target=1.28
  L0 compositions: 286
======================================================================

======================================================================
CPU CASCADE PROVER (COARSE — Theorem 1, no correction)
  d0=4, S=10, c_target=1.28
  Grid: integer masses sum to S=10 (constant)
  Threshold: TV >= 1.28 (exact, no correction)
  Box cert: margin > cell_var + quad_corr (2nd-order)
  L0 compositions: 286
  workers: 48
  max refinement levels: 8
======================================================================

[L0 coarse] d=4, S=10, c_target=1.28
     x_cap=5, compositions=286
     0.21s: pruned asym=34 test=101 survivors=11
     min(margin - cell_var - quad_corr) = -0.280000
     BOX CERT: FAIL (increase S)
     Checkpoint saved: data_sweep/checkpoint_L0_survivors.npy (0.00 GB, 11 rows)

[L1] d=4 -> 8, parents=11, x_cap=4
    quad_corr scale: d^2/(2S^2) = 0.320000
    0.0s: 1,303 children, 1 survivors (0.0767%)
    min(margin - cell_var - quad_corr) = -0.960000
    BOX CERT: FAIL
     Checkpoint saved: data_sweep/checkpoint_L1_survivors.npy (0.00 GB, 1 rows)

[L2] d=8 -> 16, parents=1, x_cap=2
    quad_corr scale: d^2/(2S^2) = 1.280000
    0.0s: 324 children, 0 survivors (0.0000%)
    min(margin - cell_var - quad_corr) = -2.240000
    BOX CERT: FAIL
    *** ALL PRUNED ***

======================================================================
PROVEN: c >= 1.28 (cascade converges at L2)
Total time: 0.21s
======================================================================

  GRID-POINT PROOF: converged at L2 in 0.2s

======================================================================
CASCADE: d0=4, S=15, c_target=1.28
  L0 compositions: 816
======================================================================

======================================================================
CPU CASCADE PROVER (COARSE — Theorem 1, no correction)
  d0=4, S=15, c_target=1.28
  Grid: integer masses sum to S=15 (constant)
  Threshold: TV >= 1.28 (exact, no correction)
  Box cert: margin > cell_var + quad_corr (2nd-order)
  L0 compositions: 816
  workers: 48
  max refinement levels: 8
======================================================================

[L0 coarse] d=4, S=15, c_target=1.28
     x_cap=8, compositions=816
     0.03s: pruned asym=94 test=279 survivors=35
     min(margin - cell_var - quad_corr) = -0.142222
     BOX CERT: FAIL (increase S)
     Checkpoint saved: data_sweep/checkpoint_L0_survivors.npy (0.00 GB, 35 rows)

[L1] d=4 -> 8, parents=35, x_cap=6
    quad_corr scale: d^2/(2S^2) = 0.142222
    0.0s: 12,412 children, 17 survivors (0.1370%)
    min(margin - cell_var - quad_corr) = -0.604444
    BOX CERT: FAIL
     Checkpoint saved: data_sweep/checkpoint_L1_survivors.npy (0.00 GB, 17 rows)

[L2] d=8 -> 16, parents=17, x_cap=4
    quad_corr scale: d^2/(2S^2) = 0.568889
    0.0s: 35,976 children, 0 survivors (0.0000%)
    min(margin - cell_var - quad_corr) = -1.351111
    BOX CERT: FAIL
    *** ALL PRUNED ***

======================================================================
PROVEN: c >= 1.28 (cascade converges at L2)
Total time: 0.04s
======================================================================

  GRID-POINT PROOF: converged at L2 in 0.0s

======================================================================
CASCADE: d0=4, S=20, c_target=1.28
  L0 compositions: 1,771
======================================================================

======================================================================
CPU CASCADE PROVER (COARSE — Theorem 1, no correction)
  d0=4, S=20, c_target=1.28
  Grid: integer masses sum to S=20 (constant)
  Threshold: TV >= 1.28 (exact, no correction)
  Box cert: margin > cell_var + quad_corr (2nd-order)
  L0 compositions: 1,771
  workers: 48
  max refinement levels: 8
======================================================================

[L0 coarse] d=4, S=20, c_target=1.28
     x_cap=11, compositions=1,771
     0.04s: pruned asym=200 test=601 survivors=90
     min(margin - cell_var - quad_corr) = -0.130000
     BOX CERT: FAIL (increase S)
     Checkpoint saved: data_sweep/checkpoint_L0_survivors.npy (0.00 GB, 90 rows)

[L1] d=4 -> 8, parents=90, x_cap=8
    quad_corr scale: d^2/(2S^2) = 0.080000
    2.3s: 77,215 children, 98 survivors (0.1269%)
    min(margin - cell_var - quad_corr) = -0.440000
    BOX CERT: FAIL
     Checkpoint saved: data_sweep/checkpoint_L1_survivors.npy (0.00 GB, 98 rows)

[L2] d=8 -> 16, parents=98, x_cap=5
    quad_corr scale: d^2/(2S^2) = 0.320000
    4.2s: 731,121 children, 0 survivors (0.0000%)
    min(margin - cell_var - quad_corr) = -0.960000
    BOX CERT: FAIL
    *** ALL PRUNED ***

======================================================================
PROVEN: c >= 1.28 (cascade converges at L2)
Total time: 6.58s
======================================================================

  GRID-POINT PROOF: converged at L2 in 6.6s

======================================================================
CASCADE: d0=2, S=15, c_target=1.3
  L0 compositions: 16
======================================================================

======================================================================
CPU CASCADE PROVER (COARSE — Theorem 1, no correction)
  d0=2, S=15, c_target=1.3
  Grid: integer masses sum to S=15 (constant)
  Threshold: TV >= 1.3 (exact, no correction)
  Box cert: margin > cell_var + quad_corr (2nd-order)
  L0 compositions: 16
  workers: 48
  max refinement levels: 8
======================================================================

[L0 coarse] d=2, S=15, c_target=1.3
     x_cap=12, compositions=16
     0.04s: pruned asym=3 test=0 survivors=5
     Checkpoint saved: data_sweep/checkpoint_L0_survivors.npy (0.00 GB, 5 rows)

[L1] d=2 -> 4, parents=5, x_cap=8
    quad_corr scale: d^2/(2S^2) = 0.035556
    0.0s: 220 children, 51 survivors (23.1818%)
    min(margin - cell_var - quad_corr) = -0.203704
    BOX CERT: FAIL
     Checkpoint saved: data_sweep/checkpoint_L1_survivors.npy (0.00 GB, 51 rows)

[L2] d=4 -> 8, parents=51, x_cap=6
    quad_corr scale: d^2/(2S^2) = 0.142222
    2.3s: 17,382 children, 75 survivors (0.4315%)
    min(margin - cell_var - quad_corr) = -0.505926
    BOX CERT: FAIL
     Checkpoint saved: data_sweep/checkpoint_L2_survivors.npy (0.00 GB, 75 rows)

[L3] d=8 -> 16, parents=75, x_cap=4
    quad_corr scale: d^2/(2S^2) = 0.568889
    2.9s: 137,654 children, 0 survivors (0.0000%)
    min(margin - cell_var - quad_corr) = -1.394815
    BOX CERT: FAIL
    *** ALL PRUNED ***

======================================================================
PROVEN: c >= 1.3 (cascade converges at L3)
Total time: 5.21s
======================================================================

  GRID-POINT PROOF: converged at L3 in 5.2s

======================================================================
CASCADE: d0=2, S=20, c_target=1.3
  L0 compositions: 21
======================================================================

======================================================================
CPU CASCADE PROVER (COARSE — Theorem 1, no correction)
  d0=2, S=20, c_target=1.3
  Grid: integer masses sum to S=20 (constant)
  Threshold: TV >= 1.3 (exact, no correction)
  Box cert: margin > cell_var + quad_corr (2nd-order)
  L0 compositions: 21
  workers: 48
  max refinement levels: 8
======================================================================

[L0 coarse] d=2, S=20, c_target=1.3
     x_cap=16, compositions=21
     0.04s: pruned asym=4 test=0 survivors=7
     Checkpoint saved: data_sweep/checkpoint_L0_survivors.npy (0.00 GB, 7 rows)

[L1] d=2 -> 4, parents=7, x_cap=11
    quad_corr scale: d^2/(2S^2) = 0.020000
    0.0s: 566 children, 117 survivors (20.6714%)
    min(margin - cell_var - quad_corr) = -0.145000
    BOX CERT: FAIL
     Checkpoint saved: data_sweep/checkpoint_L1_survivors.npy (0.00 GB, 117 rows)

[L2] d=4 -> 8, parents=117, x_cap=8
    quad_corr scale: d^2/(2S^2) = 0.080000
    3.0s: 97,046 children, 475 survivors (0.4895%)
    min(margin - cell_var - quad_corr) = -0.390000
    BOX CERT: FAIL
     Checkpoint saved: data_sweep/checkpoint_L2_survivors.npy (0.00 GB, 475 rows)

[L3] d=8 -> 16, parents=475, x_cap=5
    quad_corr scale: d^2/(2S^2) = 0.320000
    [256/475] (53.9%) 0 survivors so far
    5.7s: 3,613,828 children, 0 survivors (0.0000%)
    min(margin - cell_var - quad_corr) = -1.020000
    BOX CERT: FAIL
    *** ALL PRUNED ***

======================================================================
PROVEN: c >= 1.3 (cascade converges at L3)
Total time: 8.73s
======================================================================

  GRID-POINT PROOF: converged at L3 in 8.7s

======================================================================
CASCADE: d0=2, S=25, c_target=1.3
  L0 compositions: 26
======================================================================

======================================================================
CPU CASCADE PROVER (COARSE — Theorem 1, no correction)
  d0=2, S=25, c_target=1.3
  Grid: integer masses sum to S=25 (constant)
  Threshold: TV >= 1.3 (exact, no correction)
  Box cert: margin > cell_var + quad_corr (2nd-order)
  L0 compositions: 26
  workers: 48
  max refinement levels: 8
======================================================================

[L0 coarse] d=2, S=25, c_target=1.3
     x_cap=20, compositions=26
     0.03s: pruned asym=5 test=0 survivors=8
     Checkpoint saved: data_sweep/checkpoint_L0_survivors.npy (0.00 GB, 8 rows)

[L1] d=2 -> 4, parents=8, x_cap=14
    quad_corr scale: d^2/(2S^2) = 0.012800
    0.0s: 966 children, 222 survivors (22.9814%)
    min(margin - cell_var - quad_corr) = -0.124533
    BOX CERT: FAIL
     Checkpoint saved: data_sweep/checkpoint_L1_survivors.npy (0.00 GB, 222 rows)

[L2] d=4 -> 8, parents=222, x_cap=10
    quad_corr scale: d^2/(2S^2) = 0.051200
    2.7s: 378,362 children, 2,153 survivors (0.5690%)
    min(margin - cell_var - quad_corr) = -0.314400
    BOX CERT: FAIL
     Checkpoint saved: data_sweep/checkpoint_L2_survivors.npy (0.00 GB, 2,153 rows)

[L3] d=8 -> 16, parents=2,153, x_cap=7
    quad_corr scale: d^2/(2S^2) = 0.204800
    [364/2153] (16.9%) 0 survivors so far
    8.0s: 58,168,746 children, 0 survivors (0.0000%)
    min(margin - cell_var - quad_corr) = -0.762400
    BOX CERT: FAIL
    *** ALL PRUNED ***

======================================================================
PROVEN: c >= 1.3 (cascade converges at L3)
Total time: 10.73s
======================================================================

  GRID-POINT PROOF: converged at L3 in 10.7s

======================================================================
CASCADE: d0=2, S=30, c_target=1.3
  L0 compositions: 31
======================================================================

======================================================================
CPU CASCADE PROVER (COARSE — Theorem 1, no correction)
  d0=2, S=30, c_target=1.3
  Grid: integer masses sum to S=30 (constant)
  Threshold: TV >= 1.3 (exact, no correction)
  Box cert: margin > cell_var + quad_corr (2nd-order)
  L0 compositions: 31
  workers: 48
  max refinement levels: 8
======================================================================

[L0 coarse] d=2, S=30, c_target=1.3
     x_cap=24, compositions=31
     0.03s: pruned asym=6 test=0 survivors=10
     Checkpoint saved: data_sweep/checkpoint_L0_survivors.npy (0.00 GB, 10 rows)

[L1] d=2 -> 4, parents=10, x_cap=17
    quad_corr scale: d^2/(2S^2) = 0.008889
    0.0s: 1,771 children, 390 survivors (22.0215%)
    min(margin - cell_var - quad_corr) = -0.083704
    BOX CERT: FAIL
     Checkpoint saved: data_sweep/checkpoint_L1_survivors.npy (0.00 GB, 390 rows)

[L2] d=4 -> 8, parents=390, x_cap=12
    quad_corr scale: d^2/(2S^2) = 0.035556
    4.0s: 1,223,557 children, 6,987 survivors (0.5710%)
    min(margin - cell_var - quad_corr) = -0.255556
    BOX CERT: FAIL
     Checkpoint saved: data_sweep/checkpoint_L2_survivors.npy (0.00 GB, 6,987 rows)

[L3] d=8 -> 16, parents=6,987, x_cap=8
    quad_corr scale: d^2/(2S^2) = 0.142222
    [152/6987] (2.2%) 0 survivors so far
    [2974/6987] (42.6%) 0 survivors so far
    11.5s: 522,276,921 children, 0 survivors (0.0000%)
    min(margin - cell_var - quad_corr) = -0.654074
    BOX CERT: FAIL
    *** ALL PRUNED ***

======================================================================
PROVEN: c >= 1.3 (cascade converges at L3)
Total time: 15.49s
======================================================================

  GRID-POINT PROOF: converged at L3 in 15.5s

======================================================================
CASCADE: d0=3, S=10, c_target=1.3
  L0 compositions: 66
======================================================================

======================================================================
CPU CASCADE PROVER (COARSE — Theorem 1, no correction)
  d0=3, S=10, c_target=1.3
  Grid: integer masses sum to S=10 (constant)
  Threshold: TV >= 1.3 (exact, no correction)
  Box cert: margin > cell_var + quad_corr (2nd-order)
  L0 compositions: 66
  workers: 48
  max refinement levels: 8
======================================================================

[L0 coarse] d=3, S=10, c_target=1.3
     x_cap=6, compositions=66
     0.02s: pruned asym=20 test=8 survivors=8
     min(margin - cell_var - quad_corr) = -0.055000
     BOX CERT: FAIL (increase S)
     Checkpoint saved: data_sweep/checkpoint_L0_survivors.npy (0.00 GB, 8 rows)

[L1] d=3 -> 6, parents=8, x_cap=4
    quad_corr scale: d^2/(2S^2) = 0.180000
    0.0s: 470 children, 13 survivors (2.7660%)
    min(margin - cell_var - quad_corr) = -0.550000
    BOX CERT: FAIL
     Checkpoint saved: data_sweep/checkpoint_L1_survivors.npy (0.00 GB, 13 rows)

[L2] d=6 -> 12, parents=13, x_cap=3
    quad_corr scale: d^2/(2S^2) = 0.720000
    0.0s: 2,748 children, 0 survivors (0.0000%)
    min(margin - cell_var - quad_corr) = -1.420000
    BOX CERT: FAIL
    *** ALL PRUNED ***

======================================================================
PROVEN: c >= 1.3 (cascade converges at L2)
Total time: 0.02s
======================================================================

  GRID-POINT PROOF: converged at L2 in 0.0s

======================================================================
CASCADE: d0=3, S=15, c_target=1.3
  L0 compositions: 136
======================================================================

======================================================================
CPU CASCADE PROVER (COARSE — Theorem 1, no correction)
  d0=3, S=15, c_target=1.3
  Grid: integer masses sum to S=15 (constant)
  Threshold: TV >= 1.3 (exact, no correction)
  Box cert: margin > cell_var + quad_corr (2nd-order)
  L0 compositions: 136
  workers: 48
  max refinement levels: 8
======================================================================

[L0 coarse] d=3, S=15, c_target=1.3
     x_cap=9, compositions=136
     0.05s: pruned asym=42 test=13 survivors=17
     min(margin - cell_var - quad_corr) = -0.066667
     BOX CERT: FAIL (increase S)
     Checkpoint saved: data_sweep/checkpoint_L0_survivors.npy (0.00 GB, 17 rows)

[L1] d=3 -> 6, parents=17, x_cap=6
    quad_corr scale: d^2/(2S^2) = 0.080000
    0.0s: 2,420 children, 129 survivors (5.3306%)
    min(margin - cell_var - quad_corr) = -0.353333
    BOX CERT: FAIL
     Checkpoint saved: data_sweep/checkpoint_L1_survivors.npy (0.00 GB, 129 rows)

[L2] d=6 -> 12, parents=129, x_cap=4
    quad_corr scale: d^2/(2S^2) = 0.320000
    5.2s: 110,818 children, 2 survivors (0.0018%)
    min(margin - cell_var - quad_corr) = -0.900000
    BOX CERT: FAIL
     Checkpoint saved: data_sweep/checkpoint_L2_survivors.npy (0.00 GB, 2 rows)

[L3] d=12 -> 24, parents=2, x_cap=3
    quad_corr scale: d^2/(2S^2) = 1.280000
    0.0s: 9,216 children, 0 survivors (0.0000%)
    min(margin - cell_var - quad_corr) = -1.685641
    BOX CERT: FAIL
    *** ALL PRUNED ***

======================================================================
PROVEN: c >= 1.3 (cascade converges at L3)
Total time: 5.28s
======================================================================

  GRID-POINT PROOF: converged at L3 in 5.3s

======================================================================
CASCADE: d0=3, S=20, c_target=1.3
  L0 compositions: 231
======================================================================

======================================================================
CPU CASCADE PROVER (COARSE — Theorem 1, no correction)
  d0=3, S=20, c_target=1.3
  Grid: integer masses sum to S=20 (constant)
  Threshold: TV >= 1.3 (exact, no correction)
  Box cert: margin > cell_var + quad_corr (2nd-order)
  L0 compositions: 231
  workers: 48
  max refinement levels: 8
======================================================================

[L0 coarse] d=3, S=20, c_target=1.3
     x_cap=13, compositions=231
     0.04s: pruned asym=72 test=21 survivors=28
     min(margin - cell_var - quad_corr) = -0.051250
     BOX CERT: FAIL (increase S)
     Checkpoint saved: data_sweep/checkpoint_L0_survivors.npy (0.00 GB, 28 rows)

[L1] d=3 -> 6, parents=28, x_cap=9
    quad_corr scale: d^2/(2S^2) = 0.045000
    0.0s: 9,412 children, 451 survivors (4.7918%)
    min(margin - cell_var - quad_corr) = -0.250000
    BOX CERT: FAIL
     Checkpoint saved: data_sweep/checkpoint_L1_survivors.npy (0.00 GB, 451 rows)

[L2] d=6 -> 12, parents=451, x_cap=6
    quad_corr scale: d^2/(2S^2) = 0.180000
    [219/451] (48.6%) 7 survivors so far
    5.5s: 1,452,981 children, 29 survivors (0.0020%)
    min(margin - cell_var - quad_corr) = -0.680000
    BOX CERT: FAIL
     Checkpoint saved: data_sweep/checkpoint_L2_survivors.npy (0.00 GB, 29 rows)

[L3] d=12 -> 24, parents=29, x_cap=4
    quad_corr scale: d^2/(2S^2) = 0.720000
    0.1s: 651,756 children, 0 survivors (0.0000%)
    min(margin - cell_var - quad_corr) = -1.300000
    BOX CERT: FAIL
    *** ALL PRUNED ***

======================================================================
PROVEN: c >= 1.3 (cascade converges at L3)
Total time: 5.58s
======================================================================

  GRID-POINT PROOF: converged at L3 in 5.6s

======================================================================
CASCADE: d0=4, S=10, c_target=1.3
  L0 compositions: 286
======================================================================

======================================================================
CPU CASCADE PROVER (COARSE — Theorem 1, no correction)
  d0=4, S=10, c_target=1.3
  Grid: integer masses sum to S=10 (constant)
  Threshold: TV >= 1.3 (exact, no correction)
  Box cert: margin > cell_var + quad_corr (2nd-order)
  L0 compositions: 286
  workers: 48
  max refinement levels: 8
======================================================================

[L0 coarse] d=4, S=10, c_target=1.3
     x_cap=5, compositions=286
     0.02s: pruned asym=31 test=97 survivors=18
     min(margin - cell_var - quad_corr) = -0.220000
     BOX CERT: FAIL (increase S)
     Checkpoint saved: data_sweep/checkpoint_L0_survivors.npy (0.00 GB, 18 rows)

[L1] d=4 -> 8, parents=18, x_cap=4
    quad_corr scale: d^2/(2S^2) = 0.320000
    0.0s: 1,864 children, 8 survivors (0.4292%)
    min(margin - cell_var - quad_corr) = -0.860000
    BOX CERT: FAIL
     Checkpoint saved: data_sweep/checkpoint_L1_survivors.npy (0.00 GB, 8 rows)

[L2] d=8 -> 16, parents=8, x_cap=2
    quad_corr scale: d^2/(2S^2) = 1.280000
    0.0s: 2,199 children, 0 survivors (0.0000%)
    min(margin - cell_var - quad_corr) = -2.206667
    BOX CERT: FAIL
    *** ALL PRUNED ***

======================================================================
PROVEN: c >= 1.3 (cascade converges at L2)
Total time: 0.03s
======================================================================

  GRID-POINT PROOF: converged at L2 in 0.0s

======================================================================
CASCADE: d0=4, S=15, c_target=1.3
  L0 compositions: 816
======================================================================

======================================================================
CPU CASCADE PROVER (COARSE — Theorem 1, no correction)
  d0=4, S=15, c_target=1.3
  Grid: integer masses sum to S=15 (constant)
  Threshold: TV >= 1.3 (exact, no correction)
  Box cert: margin > cell_var + quad_corr (2nd-order)
  L0 compositions: 816
  workers: 48
  max refinement levels: 8
======================================================================

[L0 coarse] d=4, S=15, c_target=1.3
     x_cap=8, compositions=816
     0.06s: pruned asym=88 test=269 survivors=51
     min(margin - cell_var - quad_corr) = -0.162222
     BOX CERT: FAIL (increase S)
     Checkpoint saved: data_sweep/checkpoint_L0_survivors.npy (0.00 GB, 51 rows)

[L1] d=4 -> 8, parents=51, x_cap=6
    quad_corr scale: d^2/(2S^2) = 0.142222
    3.5s: 17,382 children, 75 survivors (0.4315%)
    min(margin - cell_var - quad_corr) = -0.505926
    BOX CERT: FAIL
     Checkpoint saved: data_sweep/checkpoint_L1_survivors.npy (0.00 GB, 75 rows)

[L2] d=8 -> 16, parents=75, x_cap=4
    quad_corr scale: d^2/(2S^2) = 0.568889
    3.2s: 137,654 children, 0 survivors (0.0000%)
    min(margin - cell_var - quad_corr) = -1.394815
    BOX CERT: FAIL
    *** ALL PRUNED ***

======================================================================
PROVEN: c >= 1.3 (cascade converges at L2)
Total time: 6.76s
======================================================================

  GRID-POINT PROOF: converged at L2 in 6.8s

======================================================================
CASCADE: d0=4, S=20, c_target=1.3
  L0 compositions: 1,771
======================================================================

======================================================================
CPU CASCADE PROVER (COARSE — Theorem 1, no correction)
  d0=4, S=20, c_target=1.3
  Grid: integer masses sum to S=20 (constant)
  Threshold: TV >= 1.3 (exact, no correction)
  Box cert: margin > cell_var + quad_corr (2nd-order)
  L0 compositions: 1,771
  workers: 48
  max refinement levels: 8
======================================================================

[L0 coarse] d=4, S=20, c_target=1.3
     x_cap=11, compositions=1,771
     0.05s: pruned asym=190 test=584 survivors=117
     min(margin - cell_var - quad_corr) = -0.145000
     BOX CERT: FAIL (increase S)
     Checkpoint saved: data_sweep/checkpoint_L0_survivors.npy (0.00 GB, 117 rows)

[L1] d=4 -> 8, parents=117, x_cap=8
    quad_corr scale: d^2/(2S^2) = 0.080000
    3.2s: 97,046 children, 475 survivors (0.4895%)
    min(margin - cell_var - quad_corr) = -0.390000
    BOX CERT: FAIL
     Checkpoint saved: data_sweep/checkpoint_L1_survivors.npy (0.00 GB, 475 rows)

[L2] d=8 -> 16, parents=475, x_cap=5
    quad_corr scale: d^2/(2S^2) = 0.320000
    3.9s: 3,613,828 children, 0 survivors (0.0000%)
    min(margin - cell_var - quad_corr) = -1.020000
    BOX CERT: FAIL
    *** ALL PRUNED ***

======================================================================
PROVEN: c >= 1.3 (cascade converges at L2)
Total time: 7.09s
======================================================================

  GRID-POINT PROOF: converged at L2 in 7.1s

======================================================================
CASCADE: d0=2, S=15, c_target=1.32
  L0 compositions: 16
======================================================================

======================================================================
CPU CASCADE PROVER (COARSE — Theorem 1, no correction)
  d0=2, S=15, c_target=1.32
  Grid: integer masses sum to S=15 (constant)
  Threshold: TV >= 1.32 (exact, no correction)
  Box cert: margin > cell_var + quad_corr (2nd-order)
  L0 compositions: 16
  workers: 48
  max refinement levels: 8
======================================================================

[L0 coarse] d=2, S=15, c_target=1.32
     x_cap=12, compositions=16
     0.04s: pruned asym=3 test=0 survivors=5
     Checkpoint saved: data_sweep/checkpoint_L0_survivors.npy (0.00 GB, 5 rows)

[L1] d=2 -> 4, parents=5, x_cap=8
    quad_corr scale: d^2/(2S^2) = 0.035556
    0.0s: 220 children, 65 survivors (29.5455%)
    min(margin - cell_var - quad_corr) = -0.223704
    BOX CERT: FAIL
     Checkpoint saved: data_sweep/checkpoint_L1_survivors.npy (0.00 GB, 65 rows)

[L2] d=4 -> 8, parents=65, x_cap=6
    quad_corr scale: d^2/(2S^2) = 0.142222
    3.4s: 21,246 children, 177 survivors (0.8331%)
    min(margin - cell_var - quad_corr) = -0.525926
    BOX CERT: FAIL
     Checkpoint saved: data_sweep/checkpoint_L2_survivors.npy (0.00 GB, 177 rows)

[L3] d=8 -> 16, parents=177, x_cap=4
    quad_corr scale: d^2/(2S^2) = 0.568889
    3.9s: 337,892 children, 0 survivors (0.0000%)
    min(margin - cell_var - quad_corr) = -1.485926
    BOX CERT: FAIL
    *** ALL PRUNED ***

======================================================================
PROVEN: c >= 1.32 (cascade converges at L3)
Total time: 7.35s
======================================================================

  GRID-POINT PROOF: converged at L3 in 7.3s

======================================================================
CASCADE: d0=2, S=20, c_target=1.32
  L0 compositions: 21
======================================================================

======================================================================
CPU CASCADE PROVER (COARSE — Theorem 1, no correction)
  d0=2, S=20, c_target=1.32
  Grid: integer masses sum to S=20 (constant)
  Threshold: TV >= 1.32 (exact, no correction)
  Box cert: margin > cell_var + quad_corr (2nd-order)
  L0 compositions: 21
  workers: 48
  max refinement levels: 8
======================================================================

[L0 coarse] d=2, S=20, c_target=1.32
     x_cap=16, compositions=21
     0.02s: pruned asym=4 test=0 survivors=7
     Checkpoint saved: data_sweep/checkpoint_L0_survivors.npy (0.00 GB, 7 rows)

[L1] d=2 -> 4, parents=7, x_cap=11
    quad_corr scale: d^2/(2S^2) = 0.020000
    0.0s: 566 children, 136 survivors (24.0283%)
    min(margin - cell_var - quad_corr) = -0.156667
    BOX CERT: FAIL
     Checkpoint saved: data_sweep/checkpoint_L1_survivors.npy (0.00 GB, 136 rows)

[L2] d=4 -> 8, parents=136, x_cap=8
    quad_corr scale: d^2/(2S^2) = 0.080000
    3.9s: 110,296 children, 1,029 survivors (0.9329%)
    min(margin - cell_var - quad_corr) = -0.400000
    BOX CERT: FAIL
     Checkpoint saved: data_sweep/checkpoint_L2_survivors.npy (0.00 GB, 1,029 rows)

[L3] d=8 -> 16, parents=1,029, x_cap=5
    quad_corr scale: d^2/(2S^2) = 0.320000
    [1029/1029] (100.0%) 3 survivors so far
    5.7s: 8,011,511 children, 3 survivors (0.0000%)
    min(margin - cell_var - quad_corr) = -1.013333
    BOX CERT: FAIL
     Checkpoint saved: data_sweep/checkpoint_L3_survivors.npy (0.00 GB, 3 rows)

[L4] d=16 -> 32, parents=3, x_cap=4
    quad_corr scale: d^2/(2S^2) = 1.280000
    0.0s: 167,040 children, 0 survivors (0.0000%)
    min(margin - cell_var - quad_corr) = -1.705882
    BOX CERT: FAIL
    *** ALL PRUNED ***

======================================================================
PROVEN: c >= 1.32 (cascade converges at L4)
Total time: 9.70s
======================================================================

  GRID-POINT PROOF: converged at L4 in 9.7s

======================================================================
CASCADE: d0=3, S=10, c_target=1.32
  L0 compositions: 66
======================================================================

======================================================================
CPU CASCADE PROVER (COARSE — Theorem 1, no correction)
  d0=3, S=10, c_target=1.32
  Grid: integer masses sum to S=10 (constant)
  Threshold: TV >= 1.32 (exact, no correction)
  Box cert: margin > cell_var + quad_corr (2nd-order)
  L0 compositions: 66
  workers: 48
  max refinement levels: 8
======================================================================

[L0 coarse] d=3, S=10, c_target=1.32
     x_cap=6, compositions=66
     0.04s: pruned asym=20 test=8 survivors=8
     min(margin - cell_var - quad_corr) = -0.100000
     BOX CERT: FAIL (increase S)
     Checkpoint saved: data_sweep/checkpoint_L0_survivors.npy (0.00 GB, 8 rows)

[L1] d=3 -> 6, parents=8, x_cap=4
    quad_corr scale: d^2/(2S^2) = 0.180000
    0.0s: 470 children, 20 survivors (4.2553%)
    min(margin - cell_var - quad_corr) = -0.570000
    BOX CERT: FAIL
     Checkpoint saved: data_sweep/checkpoint_L1_survivors.npy (0.00 GB, 20 rows)

[L2] d=6 -> 12, parents=20, x_cap=3
    quad_corr scale: d^2/(2S^2) = 0.720000
    0.0s: 3,944 children, 0 survivors (0.0000%)
    min(margin - cell_var - quad_corr) = -1.440000
    BOX CERT: FAIL
    *** ALL PRUNED ***

======================================================================
PROVEN: c >= 1.32 (cascade converges at L2)
Total time: 0.05s
======================================================================

  GRID-POINT PROOF: converged at L2 in 0.0s

======================================================================
CASCADE: d0=3, S=15, c_target=1.32
  L0 compositions: 136
======================================================================

======================================================================
CPU CASCADE PROVER (COARSE — Theorem 1, no correction)
  d0=3, S=15, c_target=1.32
  Grid: integer masses sum to S=15 (constant)
  Threshold: TV >= 1.32 (exact, no correction)
  Box cert: margin > cell_var + quad_corr (2nd-order)
  L0 compositions: 136
  workers: 48
  max refinement levels: 8
======================================================================

[L0 coarse] d=3, S=15, c_target=1.32
     x_cap=9, compositions=136
     0.03s: pruned asym=42 test=13 survivors=17
     min(margin - cell_var - quad_corr) = -0.086667
     BOX CERT: FAIL (increase S)
     Checkpoint saved: data_sweep/checkpoint_L0_survivors.npy (0.00 GB, 17 rows)

[L1] d=3 -> 6, parents=17, x_cap=7
    quad_corr scale: d^2/(2S^2) = 0.080000
    0.0s: 2,856 children, 173 survivors (6.0574%)
    min(margin - cell_var - quad_corr) = -0.373333
    BOX CERT: FAIL
     Checkpoint saved: data_sweep/checkpoint_L1_survivors.npy (0.00 GB, 173 rows)

[L2] d=6 -> 12, parents=173, x_cap=4
    quad_corr scale: d^2/(2S^2) = 0.320000
    4.7s: 146,130 children, 26 survivors (0.0178%)
    min(margin - cell_var - quad_corr) = -0.920000
    BOX CERT: FAIL
     Checkpoint saved: data_sweep/checkpoint_L2_survivors.npy (0.00 GB, 26 rows)

[L3] d=12 -> 24, parents=26, x_cap=3
    quad_corr scale: d^2/(2S^2) = 1.280000
    0.0s: 106,056 children, 0 survivors (0.0000%)
    min(margin - cell_var - quad_corr) = -1.910769
    BOX CERT: FAIL
    *** ALL PRUNED ***

======================================================================
PROVEN: c >= 1.32 (cascade converges at L3)
Total time: 4.76s
======================================================================

  GRID-POINT PROOF: converged at L3 in 4.8s

======================================================================
CASCADE: d0=4, S=10, c_target=1.32
  L0 compositions: 286
======================================================================

======================================================================
CPU CASCADE PROVER (COARSE — Theorem 1, no correction)
  d0=4, S=10, c_target=1.32
  Grid: integer masses sum to S=10 (constant)
  Threshold: TV >= 1.32 (exact, no correction)
  Box cert: margin > cell_var + quad_corr (2nd-order)
  L0 compositions: 286
  workers: 48
  max refinement levels: 8
======================================================================

[L0 coarse] d=4, S=10, c_target=1.32
     x_cap=5, compositions=286
     0.03s: pruned asym=31 test=95 survivors=20
     min(margin - cell_var - quad_corr) = -0.240000
     BOX CERT: FAIL (increase S)
     Checkpoint saved: data_sweep/checkpoint_L0_survivors.npy (0.00 GB, 20 rows)

[L1] d=4 -> 8, parents=20, x_cap=4
    quad_corr scale: d^2/(2S^2) = 0.320000
    0.0s: 2,064 children, 15 survivors (0.7267%)
    min(margin - cell_var - quad_corr) = -0.880000
    BOX CERT: FAIL
     Checkpoint saved: data_sweep/checkpoint_L1_survivors.npy (0.00 GB, 15 rows)

[L2] d=8 -> 16, parents=15, x_cap=2
    quad_corr scale: d^2/(2S^2) = 1.280000
    0.0s: 4,035 children, 0 survivors (0.0000%)
    min(margin - cell_var - quad_corr) = -2.226667
    BOX CERT: FAIL
    *** ALL PRUNED ***

======================================================================
PROVEN: c >= 1.32 (cascade converges at L2)
Total time: 0.04s
======================================================================

  GRID-POINT PROOF: converged at L2 in 0.0s

======================================================================
CASCADE: d0=4, S=15, c_target=1.32
  L0 compositions: 816
======================================================================

======================================================================
CPU CASCADE PROVER (COARSE — Theorem 1, no correction)
  d0=4, S=15, c_target=1.32
  Grid: integer masses sum to S=15 (constant)
  Threshold: TV >= 1.32 (exact, no correction)
  Box cert: margin > cell_var + quad_corr (2nd-order)
  L0 compositions: 816
  workers: 48
  max refinement levels: 8
======================================================================

[L0 coarse] d=4, S=15, c_target=1.32
     x_cap=8, compositions=816
     0.04s: pruned asym=88 test=255 survivors=65
     min(margin - cell_var - quad_corr) = -0.223704
     BOX CERT: FAIL (increase S)
     Checkpoint saved: data_sweep/checkpoint_L0_survivors.npy (0.00 GB, 65 rows)

[L1] d=4 -> 8, parents=65, x_cap=6
    quad_corr scale: d^2/(2S^2) = 0.142222
    3.6s: 21,246 children, 177 survivors (0.8331%)
    min(margin - cell_var - quad_corr) = -0.525926
    BOX CERT: FAIL
     Checkpoint saved: data_sweep/checkpoint_L1_survivors.npy (0.00 GB, 177 rows)

[L2] d=8 -> 16, parents=177, x_cap=4
    quad_corr scale: d^2/(2S^2) = 0.568889
    3.8s: 337,892 children, 0 survivors (0.0000%)
    min(margin - cell_var - quad_corr) = -1.485926
    BOX CERT: FAIL
    *** ALL PRUNED ***

======================================================================
PROVEN: c >= 1.32 (cascade converges at L2)
Total time: 7.51s
======================================================================

  GRID-POINT PROOF: converged at L2 in 7.5s

======================================================================
CASCADE: d0=2, S=15, c_target=1.35
  L0 compositions: 16
======================================================================

======================================================================
CPU CASCADE PROVER (COARSE — Theorem 1, no correction)
  d0=2, S=15, c_target=1.35
  Grid: integer masses sum to S=15 (constant)
  Threshold: TV >= 1.35 (exact, no correction)
  Box cert: margin > cell_var + quad_corr (2nd-order)
  L0 compositions: 16
  workers: 48
  max refinement levels: 8
======================================================================

[L0 coarse] d=2, S=15, c_target=1.35
     x_cap=12, compositions=16
     0.04s: pruned asym=3 test=0 survivors=5
     Checkpoint saved: data_sweep/checkpoint_L0_survivors.npy (0.00 GB, 5 rows)

[L1] d=2 -> 4, parents=5, x_cap=8
    quad_corr scale: d^2/(2S^2) = 0.035556
    0.0s: 220 children, 76 survivors (34.5455%)
    min(margin - cell_var - quad_corr) = -0.185556
    BOX CERT: FAIL
     Checkpoint saved: data_sweep/checkpoint_L1_survivors.npy (0.00 GB, 76 rows)

[L2] d=4 -> 8, parents=76, x_cap=6
    quad_corr scale: d^2/(2S^2) = 0.142222
    3.4s: 23,382 children, 475 survivors (2.0315%)
    min(margin - cell_var - quad_corr) = -0.532222
    BOX CERT: FAIL
     Checkpoint saved: data_sweep/checkpoint_L2_survivors.npy (0.00 GB, 475 rows)

[L3] d=8 -> 16, parents=475, x_cap=4
    quad_corr scale: d^2/(2S^2) = 0.568889
    4.0s: 900,058 children, 18 survivors (0.0020%)
    min(margin - cell_var - quad_corr) = -1.468519
    BOX CERT: FAIL
     Checkpoint saved: data_sweep/checkpoint_L3_survivors.npy (0.00 GB, 18 rows)

[L4] d=16 -> 32, parents=18, x_cap=3
    quad_corr scale: d^2/(2S^2) = 2.275556
    0.0s: 151,776 children, 0 survivors (0.0000%)
    min(margin - cell_var - quad_corr) = -2.947908
    BOX CERT: FAIL
    *** ALL PRUNED ***

======================================================================
PROVEN: c >= 1.35 (cascade converges at L4)
Total time: 7.42s
======================================================================

  GRID-POINT PROOF: converged at L4 in 7.4s

======================================================================
CASCADE: d0=2, S=20, c_target=1.35
  L0 compositions: 21
======================================================================

======================================================================
CPU CASCADE PROVER (COARSE — Theorem 1, no correction)
  d0=2, S=20, c_target=1.35
  Grid: integer masses sum to S=20 (constant)
  Threshold: TV >= 1.35 (exact, no correction)
  Box cert: margin > cell_var + quad_corr (2nd-order)
  L0 compositions: 21
  workers: 48
  max refinement levels: 8
======================================================================

[L0 coarse] d=2, S=20, c_target=1.35
     x_cap=16, compositions=21
     0.03s: pruned asym=4 test=0 survivors=7
     Checkpoint saved: data_sweep/checkpoint_L0_survivors.npy (0.00 GB, 7 rows)

[L1] d=2 -> 4, parents=7, x_cap=11
    quad_corr scale: d^2/(2S^2) = 0.020000
    0.0s: 566 children, 181 survivors (31.9788%)
    min(margin - cell_var - quad_corr) = -0.140000
    BOX CERT: FAIL
     Checkpoint saved: data_sweep/checkpoint_L1_survivors.npy (0.00 GB, 181 rows)

[L2] d=4 -> 8, parents=181, x_cap=8
    quad_corr scale: d^2/(2S^2) = 0.080000
    3.9s: 137,058 children, 3,734 survivors (2.7244%)
    min(margin - cell_var - quad_corr) = -0.420000
    BOX CERT: FAIL
     Checkpoint saved: data_sweep/checkpoint_L2_survivors.npy (0.00 GB, 3,734 rows)

[L3] d=8 -> 16, parents=3,734, x_cap=5
    quad_corr scale: d^2/(2S^2) = 0.320000
    [203/3734] (5.4%) 0 survivors so far
    7.9s: 27,651,371 children, 1,018 survivors (0.0037%)
    min(margin - cell_var - quad_corr) = -1.056667
    BOX CERT: FAIL
     Checkpoint saved: data_sweep/checkpoint_L3_survivors.npy (0.00 GB, 1,018 rows)

[L4] d=16 -> 32, parents=1,018, x_cap=4
    quad_corr scale: d^2/(2S^2) = 1.280000
    [93/1018] (9.1%) 0 survivors so far
    9.5s: 59,490,392 children, 0 survivors (0.0000%)
    min(margin - cell_var - quad_corr) = -1.953077
    BOX CERT: FAIL
    *** ALL PRUNED ***

======================================================================
PROVEN: c >= 1.35 (cascade converges at L4)
Total time: 21.30s
======================================================================

  GRID-POINT PROOF: converged at L4 in 21.3s

======================================================================
CASCADE: d0=3, S=10, c_target=1.35
  L0 compositions: 66
======================================================================

======================================================================
CPU CASCADE PROVER (COARSE — Theorem 1, no correction)
  d0=3, S=10, c_target=1.35
  Grid: integer masses sum to S=10 (constant)
  Threshold: TV >= 1.35 (exact, no correction)
  Box cert: margin > cell_var + quad_corr (2nd-order)
  L0 compositions: 66
  workers: 48
  max refinement levels: 8
======================================================================

[L0 coarse] d=3, S=10, c_target=1.35
     x_cap=6, compositions=66
     0.05s: pruned asym=20 test=6 survivors=10
     min(margin - cell_var - quad_corr) = -0.105000
     BOX CERT: FAIL (increase S)
     Checkpoint saved: data_sweep/checkpoint_L0_survivors.npy (0.00 GB, 10 rows)

[L1] d=3 -> 6, parents=10, x_cap=4
    quad_corr scale: d^2/(2S^2) = 0.180000
    0.0s: 545 children, 47 survivors (8.6239%)
    min(margin - cell_var - quad_corr) = -0.600000
    BOX CERT: FAIL
     Checkpoint saved: data_sweep/checkpoint_L1_survivors.npy (0.00 GB, 47 rows)

[L2] d=6 -> 12, parents=47, x_cap=3
    quad_corr scale: d^2/(2S^2) = 0.720000
    0.0s: 9,648 children, 6 survivors (0.0622%)
    min(margin - cell_var - quad_corr) = -1.470000
    BOX CERT: FAIL
     Checkpoint saved: data_sweep/checkpoint_L2_survivors.npy (0.00 GB, 6 rows)

[L3] d=12 -> 24, parents=6, x_cap=2
    quad_corr scale: d^2/(2S^2) = 2.880000
    0.0s: 3,696 children, 0 survivors (0.0000%)
    min(margin - cell_var - quad_corr) = -3.399231
    BOX CERT: FAIL
    *** ALL PRUNED ***

======================================================================
PROVEN: c >= 1.35 (cascade converges at L3)
Total time: 0.05s
======================================================================

  GRID-POINT PROOF: converged at L3 in 0.1s

======================================================================
CASCADE: d0=3, S=15, c_target=1.35
  L0 compositions: 136
======================================================================

======================================================================
CPU CASCADE PROVER (COARSE — Theorem 1, no correction)
  d0=3, S=15, c_target=1.35
  Grid: integer masses sum to S=15 (constant)
  Threshold: TV >= 1.35 (exact, no correction)
  Box cert: margin > cell_var + quad_corr (2nd-order)
  L0 compositions: 136
  workers: 48
  max refinement levels: 8
======================================================================

[L0 coarse] d=3, S=15, c_target=1.35
     x_cap=10, compositions=136
     0.04s: pruned asym=42 test=8 survivors=22
     min(margin - cell_var - quad_corr) = -0.078889
     BOX CERT: FAIL (increase S)
     Checkpoint saved: data_sweep/checkpoint_L0_survivors.npy (0.00 GB, 22 rows)

[L1] d=3 -> 6, parents=22, x_cap=7
    quad_corr scale: d^2/(2S^2) = 0.080000
    0.0s: 3,352 children, 338 survivors (10.0835%)
    min(margin - cell_var - quad_corr) = -0.372222
    BOX CERT: FAIL
     Checkpoint saved: data_sweep/checkpoint_L1_survivors.npy (0.00 GB, 338 rows)

[L2] d=6 -> 12, parents=338, x_cap=5
    quad_corr scale: d^2/(2S^2) = 0.320000
    3.7s: 316,848 children, 273 survivors (0.0862%)
    min(margin - cell_var - quad_corr) = -0.958889
    BOX CERT: FAIL
     Checkpoint saved: data_sweep/checkpoint_L2_survivors.npy (0.00 GB, 273 rows)

[L3] d=12 -> 24, parents=273, x_cap=3
    quad_corr scale: d^2/(2S^2) = 1.280000
    3.5s: 1,165,936 children, 0 survivors (0.0000%)
    min(margin - cell_var - quad_corr) = -1.932564
    BOX CERT: FAIL
    *** ALL PRUNED ***

======================================================================
PROVEN: c >= 1.35 (cascade converges at L3)
Total time: 7.20s
======================================================================

  GRID-POINT PROOF: converged at L3 in 7.2s

======================================================================
CASCADE: d0=4, S=10, c_target=1.35
  L0 compositions: 286
======================================================================

======================================================================
CPU CASCADE PROVER (COARSE — Theorem 1, no correction)
  d0=4, S=10, c_target=1.35
  Grid: integer masses sum to S=10 (constant)
  Threshold: TV >= 1.35 (exact, no correction)
  Box cert: margin > cell_var + quad_corr (2nd-order)
  L0 compositions: 286
  workers: 48
  max refinement levels: 8
======================================================================

[L0 coarse] d=4, S=10, c_target=1.35
     x_cap=5, compositions=286
     0.03s: pruned asym=31 test=89 survivors=26
     min(margin - cell_var - quad_corr) = -0.270000
     BOX CERT: FAIL (increase S)
     Checkpoint saved: data_sweep/checkpoint_L0_survivors.npy (0.00 GB, 26 rows)

[L1] d=4 -> 8, parents=26, x_cap=4
    quad_corr scale: d^2/(2S^2) = 0.320000
    0.0s: 2,516 children, 59 survivors (2.3450%)
    min(margin - cell_var - quad_corr) = -0.910000
    BOX CERT: FAIL
     Checkpoint saved: data_sweep/checkpoint_L1_survivors.npy (0.00 GB, 59 rows)

[L2] d=8 -> 16, parents=59, x_cap=2
    quad_corr scale: d^2/(2S^2) = 1.280000
    3.1s: 13,175 children, 0 survivors (0.0000%)
    min(margin - cell_var - quad_corr) = -2.256667
    BOX CERT: FAIL
    *** ALL PRUNED ***

======================================================================
PROVEN: c >= 1.35 (cascade converges at L2)
Total time: 3.16s
======================================================================

  GRID-POINT PROOF: converged at L2 in 3.2s

======================================================================
CASCADE: d0=4, S=15, c_target=1.35
  L0 compositions: 816
======================================================================

======================================================================
CPU CASCADE PROVER (COARSE — Theorem 1, no correction)
  d0=4, S=15, c_target=1.35
  Grid: integer masses sum to S=15 (constant)
  Threshold: TV >= 1.35 (exact, no correction)
  Box cert: margin > cell_var + quad_corr (2nd-order)
  L0 compositions: 816
  workers: 48
  max refinement levels: 8
======================================================================

[L0 coarse] d=4, S=15, c_target=1.35
     x_cap=8, compositions=816
     0.06s: pruned asym=88 test=244 survivors=76
     min(margin - cell_var - quad_corr) = -0.176667
     BOX CERT: FAIL (increase S)
     Checkpoint saved: data_sweep/checkpoint_L0_survivors.npy (0.00 GB, 76 rows)

[L1] d=4 -> 8, parents=76, x_cap=6
    quad_corr scale: d^2/(2S^2) = 0.142222
    3.4s: 23,382 children, 475 survivors (2.0315%)
    min(margin - cell_var - quad_corr) = -0.532222
    BOX CERT: FAIL
     Checkpoint saved: data_sweep/checkpoint_L1_survivors.npy (0.00 GB, 475 rows)

[L2] d=8 -> 16, parents=475, x_cap=4
    quad_corr scale: d^2/(2S^2) = 0.568889
    3.6s: 900,058 children, 18 survivors (0.0020%)
    min(margin - cell_var - quad_corr) = -1.468519
    BOX CERT: FAIL
     Checkpoint saved: data_sweep/checkpoint_L2_survivors.npy (0.00 GB, 18 rows)

[L3] d=16 -> 32, parents=18, x_cap=3
    quad_corr scale: d^2/(2S^2) = 2.275556
    0.0s: 151,776 children, 0 survivors (0.0000%)
    min(margin - cell_var - quad_corr) = -2.947908
    BOX CERT: FAIL
    *** ALL PRUNED ***

======================================================================
PROVEN: c >= 1.35 (cascade converges at L3)
Total time: 7.12s
======================================================================

  GRID-POINT PROOF: converged at L3 in 7.1s

======================================================================
CASCADE: d0=2, S=10, c_target=1.4
  L0 compositions: 11
======================================================================

======================================================================
CPU CASCADE PROVER (COARSE — Theorem 1, no correction)
  d0=2, S=10, c_target=1.4
  Grid: integer masses sum to S=10 (constant)
  Threshold: TV >= 1.4 (exact, no correction)
  Box cert: margin > cell_var + quad_corr (2nd-order)
  L0 compositions: 11
  workers: 48
  max refinement levels: 8
======================================================================

[L0 coarse] d=2, S=10, c_target=1.4
     x_cap=8, compositions=11
     0.02s: pruned asym=2 test=0 survivors=4
     Checkpoint saved: data_sweep/checkpoint_L0_survivors.npy (0.00 GB, 4 rows)

[L1] d=2 -> 4, parents=4, x_cap=5
    quad_corr scale: d^2/(2S^2) = 0.080000
    0.0s: 86 children, 33 survivors (38.3721%)
    min(margin - cell_var - quad_corr) = -0.293333
    BOX CERT: FAIL
     Checkpoint saved: data_sweep/checkpoint_L1_survivors.npy (0.00 GB, 33 rows)

[L2] d=4 -> 8, parents=33, x_cap=4
    quad_corr scale: d^2/(2S^2) = 0.320000
    0.0s: 3,263 children, 142 survivors (4.3518%)
    min(margin - cell_var - quad_corr) = -0.920000
    BOX CERT: FAIL
     Checkpoint saved: data_sweep/checkpoint_L2_survivors.npy (0.00 GB, 142 rows)

[L3] d=8 -> 16, parents=142, x_cap=2
    quad_corr scale: d^2/(2S^2) = 1.280000
    2.9s: 33,202 children, 28 survivors (0.0843%)
    min(margin - cell_var - quad_corr) = -2.306667
    BOX CERT: FAIL
     Checkpoint saved: data_sweep/checkpoint_L3_survivors.npy (0.00 GB, 28 rows)

[L4] d=16 -> 32, parents=28, x_cap=2
    quad_corr scale: d^2/(2S^2) = 5.120000
    0.0s: 20,864 children, 0 survivors (0.0000%)
    min(margin - cell_var - quad_corr) = -5.785882
    BOX CERT: FAIL
    *** ALL PRUNED ***

======================================================================
PROVEN: c >= 1.4 (cascade converges at L4)
Total time: 2.92s
======================================================================

  GRID-POINT PROOF: converged at L4 in 2.9s

======================================================================
CASCADE: d0=2, S=15, c_target=1.4
  L0 compositions: 16
======================================================================

======================================================================
CPU CASCADE PROVER (COARSE — Theorem 1, no correction)
  d0=2, S=15, c_target=1.4
  Grid: integer masses sum to S=15 (constant)
  Threshold: TV >= 1.4 (exact, no correction)
  Box cert: margin > cell_var + quad_corr (2nd-order)
  L0 compositions: 16
  workers: 48
  max refinement levels: 8
======================================================================

[L0 coarse] d=2, S=15, c_target=1.4
     x_cap=12, compositions=16
     0.03s: pruned asym=3 test=0 survivors=5
     Checkpoint saved: data_sweep/checkpoint_L0_survivors.npy (0.00 GB, 5 rows)

[L1] d=2 -> 4, parents=5, x_cap=8
    quad_corr scale: d^2/(2S^2) = 0.035556
    0.0s: 220 children, 98 survivors (44.5455%)
    min(margin - cell_var - quad_corr) = -0.220741
    BOX CERT: FAIL
     Checkpoint saved: data_sweep/checkpoint_L1_survivors.npy (0.00 GB, 98 rows)

[L2] d=4 -> 8, parents=98, x_cap=6
    quad_corr scale: d^2/(2S^2) = 0.142222
    3.2s: 30,364 children, 2,011 survivors (6.6230%)
    min(margin - cell_var - quad_corr) = -0.582222
    BOX CERT: FAIL
     Checkpoint saved: data_sweep/checkpoint_L2_survivors.npy (0.00 GB, 2,011 rows)

[L3] d=8 -> 16, parents=2,011, x_cap=4
    quad_corr scale: d^2/(2S^2) = 0.568889
    [2011/2011] (100.0%) 3,278 survivors so far
    5.3s: 3,613,860 children, 3,278 survivors (0.0907%)
    min(margin - cell_var - quad_corr) = -1.613333
    BOX CERT: FAIL
     Checkpoint saved: data_sweep/checkpoint_L3_survivors.npy (0.00 GB, 3,278 rows)

[L4] d=16 -> 32, parents=3,278, x_cap=3
    quad_corr scale: d^2/(2S^2) = 2.275556
    [628/3278] (19.2%) 0 survivors so far
    8.7s: 26,003,370 children, 0 survivors (0.0000%)
    min(margin - cell_var - quad_corr) = -3.604444
    BOX CERT: FAIL
    *** ALL PRUNED ***

======================================================================
PROVEN: c >= 1.4 (cascade converges at L4)
Total time: 17.21s
======================================================================

  GRID-POINT PROOF: converged at L4 in 17.2s

======================================================================
CASCADE: d0=2, S=20, c_target=1.4
  L0 compositions: 21
======================================================================

======================================================================
CPU CASCADE PROVER (COARSE — Theorem 1, no correction)
  d0=2, S=20, c_target=1.4
  Grid: integer masses sum to S=20 (constant)
  Threshold: TV >= 1.4 (exact, no correction)
  Box cert: margin > cell_var + quad_corr (2nd-order)
  L0 compositions: 21
  workers: 48
  max refinement levels: 8
======================================================================

[L0 coarse] d=2, S=20, c_target=1.4
     x_cap=16, compositions=21
     0.03s: pruned asym=4 test=0 survivors=7
     Checkpoint saved: data_sweep/checkpoint_L0_survivors.npy (0.00 GB, 7 rows)

[L1] d=2 -> 4, parents=7, x_cap=11
    quad_corr scale: d^2/(2S^2) = 0.020000
    0.0s: 566 children, 234 survivors (41.3428%)
    min(margin - cell_var - quad_corr) = -0.175000
    BOX CERT: FAIL
     Checkpoint saved: data_sweep/checkpoint_L1_survivors.npy (0.00 GB, 234 rows)

[L2] d=4 -> 8, parents=234, x_cap=8
    quad_corr scale: d^2/(2S^2) = 0.080000
    4.5s: 172,505 children, 11,811 survivors (6.8468%)
    min(margin - cell_var - quad_corr) = -0.440000
    BOX CERT: FAIL
     Checkpoint saved: data_sweep/checkpoint_L2_survivors.npy (0.00 GB, 11,811 rows)

[L3] d=8 -> 16, parents=11,811, x_cap=5
    quad_corr scale: d^2/(2S^2) = 0.320000
    [1041/11811] (8.8%) 663 survivors so far
    [10628/11811] (90.0%) 96,124 survivors so far
    10.4s: 84,392,362 children, 102,915 survivors (0.1219%)
    min(margin - cell_var - quad_corr) = -1.066667
    BOX CERT: FAIL
     Checkpoint saved: data_sweep/checkpoint_L3_survivors.npy (0.01 GB, 102,915 rows)

[L4] d=16 -> 32, parents=102,915, x_cap=4
    quad_corr scale: d^2/(2S^2) = 1.280000
    [107/102915] (0.1%) 0 survivors so far
    [1825/102915] (1.8%) 0 survivors so far
    [10590/102915] (10.3%) 4 survivors so far
    [17480/102915] (17.0%) 28 survivors so far
    [26117/102915] (25.4%) 131 survivors so far
    [34495/102915] (33.5%) 141 survivors so far
    [42670/102915] (41.5%) 192 survivors so far
    [53402/102915] (51.9%) 197 survivors so far
    [62576/102915] (60.8%) 197 survivors so far
    [74683/102915] (72.6%) 213 survivors so far
    [83180/102915] (80.8%) 236 survivors so far
    [92404/102915] (89.8%) 305 survivors so far
    64.8s: 5,819,510,204 children, 314 survivors (0.0000%)
    min(margin - cell_var - quad_corr) = -2.653333
    BOX CERT: FAIL
     Checkpoint saved: data_sweep/checkpoint_L4_survivors.npy (0.00 GB, 314 rows)

[L5] d=32 -> 64, parents=314, x_cap=2
    quad_corr scale: d^2/(2S^2) = 5.120000
    [32/314] (10.2%) 0 survivors so far
    10.1s: 68,994,048 children, 0 survivors (0.0000%)
    min(margin - cell_var - quad_corr) = -5.875152
    BOX CERT: FAIL
    *** ALL PRUNED ***

======================================================================
PROVEN: c >= 1.4 (cascade converges at L5)
Total time: 1.5m
======================================================================

  GRID-POINT PROOF: converged at L5 in 89.9s

======================================================================
CASCADE: d0=3, S=10, c_target=1.4
  L0 compositions: 66
======================================================================

======================================================================
CPU CASCADE PROVER (COARSE — Theorem 1, no correction)
  d0=3, S=10, c_target=1.4
  Grid: integer masses sum to S=10 (constant)
  Threshold: TV >= 1.4 (exact, no correction)
  Box cert: margin > cell_var + quad_corr (2nd-order)
  L0 compositions: 66
  workers: 48
  max refinement levels: 8
======================================================================

[L0 coarse] d=3, S=10, c_target=1.4
     x_cap=6, compositions=66
     0.04s: pruned asym=20 test=5 survivors=11
     min(margin - cell_var - quad_corr) = -0.155000
     BOX CERT: FAIL (increase S)
     Checkpoint saved: data_sweep/checkpoint_L0_survivors.npy (0.00 GB, 11 rows)

[L1] d=3 -> 6, parents=11, x_cap=4
    quad_corr scale: d^2/(2S^2) = 0.180000
    0.0s: 572 children, 88 survivors (15.3846%)
    min(margin - cell_var - quad_corr) = -0.650000
    BOX CERT: FAIL
     Checkpoint saved: data_sweep/checkpoint_L1_survivors.npy (0.00 GB, 88 rows)

[L2] d=6 -> 12, parents=88, x_cap=3
    quad_corr scale: d^2/(2S^2) = 0.720000
    3.5s: 17,339 children, 114 survivors (0.6575%)
    min(margin - cell_var - quad_corr) = -1.520000
    BOX CERT: FAIL
     Checkpoint saved: data_sweep/checkpoint_L2_survivors.npy (0.00 GB, 114 rows)

[L3] d=12 -> 24, parents=114, x_cap=2
    quad_corr scale: d^2/(2S^2) = 2.880000
    3.6s: 59,644 children, 0 survivors (0.0000%)
    min(margin - cell_var - quad_corr) = -3.800000
    BOX CERT: FAIL
    *** ALL PRUNED ***

======================================================================
PROVEN: c >= 1.4 (cascade converges at L3)
Total time: 7.12s
======================================================================

  GRID-POINT PROOF: converged at L3 in 7.1s

======================================================================
CASCADE: d0=4, S=10, c_target=1.4
  L0 compositions: 286
======================================================================

======================================================================
CPU CASCADE PROVER (COARSE — Theorem 1, no correction)
  d0=4, S=10, c_target=1.4
  Grid: integer masses sum to S=10 (constant)
  Threshold: TV >= 1.4 (exact, no correction)
  Box cert: margin > cell_var + quad_corr (2nd-order)
  L0 compositions: 286
  workers: 48
  max refinement levels: 8
======================================================================

[L0 coarse] d=4, S=10, c_target=1.4
     x_cap=5, compositions=286
     0.02s: pruned asym=31 test=82 survivors=33
     min(margin - cell_var - quad_corr) = -0.293333
     BOX CERT: FAIL (increase S)
     Checkpoint saved: data_sweep/checkpoint_L0_survivors.npy (0.00 GB, 33 rows)

[L1] d=4 -> 8, parents=33, x_cap=4
    quad_corr scale: d^2/(2S^2) = 0.320000
    0.0s: 3,263 children, 142 survivors (4.3518%)
    min(margin - cell_var - quad_corr) = -0.920000
    BOX CERT: FAIL
     Checkpoint saved: data_sweep/checkpoint_L1_survivors.npy (0.00 GB, 142 rows)

[L2] d=8 -> 16, parents=142, x_cap=2
    quad_corr scale: d^2/(2S^2) = 1.280000
    2.4s: 33,202 children, 28 survivors (0.0843%)
    min(margin - cell_var - quad_corr) = -2.306667
    BOX CERT: FAIL
     Checkpoint saved: data_sweep/checkpoint_L2_survivors.npy (0.00 GB, 28 rows)

[L3] d=16 -> 32, parents=28, x_cap=2
    quad_corr scale: d^2/(2S^2) = 5.120000
    0.0s: 20,864 children, 0 survivors (0.0000%)
    min(margin - cell_var - quad_corr) = -5.785882
    BOX CERT: FAIL
    *** ALL PRUNED ***

======================================================================
PROVEN: c >= 1.4 (cascade converges at L3)
Total time: 2.47s
======================================================================

  GRID-POINT PROOF: converged at L3 in 2.5s

======================================================================
CASCADE: d0=2, S=10, c_target=1.45
  L0 compositions: 11
======================================================================

======================================================================
CPU CASCADE PROVER (COARSE — Theorem 1, no correction)
  d0=2, S=10, c_target=1.45
  Grid: integer masses sum to S=10 (constant)
  Threshold: TV >= 1.45 (exact, no correction)
  Box cert: margin > cell_var + quad_corr (2nd-order)
  L0 compositions: 11
  workers: 48
  max refinement levels: 8
======================================================================

[L0 coarse] d=2, S=10, c_target=1.45
     x_cap=8, compositions=11
     0.03s: pruned asym=2 test=0 survivors=4
     Checkpoint saved: data_sweep/checkpoint_L0_survivors.npy (0.00 GB, 4 rows)

[L1] d=2 -> 4, parents=4, x_cap=6
    quad_corr scale: d^2/(2S^2) = 0.080000
    0.0s: 110 children, 41 survivors (37.2727%)
    min(margin - cell_var - quad_corr) = -0.343333
    BOX CERT: FAIL
     Checkpoint saved: data_sweep/checkpoint_L1_survivors.npy (0.00 GB, 41 rows)

[L2] d=4 -> 8, parents=41, x_cap=4
    quad_corr scale: d^2/(2S^2) = 0.320000
    0.0s: 3,665 children, 398 survivors (10.8595%)
    min(margin - cell_var - quad_corr) = -0.850000
    BOX CERT: FAIL
     Checkpoint saved: data_sweep/checkpoint_L2_survivors.npy (0.00 GB, 398 rows)

[L3] d=8 -> 16, parents=398, x_cap=3
    quad_corr scale: d^2/(2S^2) = 1.280000
    3.9s: 118,749 children, 330 survivors (0.2779%)
    min(margin - cell_var - quad_corr) = -2.516667
    BOX CERT: FAIL
     Checkpoint saved: data_sweep/checkpoint_L3_survivors.npy (0.00 GB, 330 rows)

[L4] d=16 -> 32, parents=330, x_cap=2
    quad_corr scale: d^2/(2S^2) = 5.120000
    5.2s: 241,408 children, 0 survivors (0.0000%)
    min(margin - cell_var - quad_corr) = -7.316667
    BOX CERT: FAIL
    *** ALL PRUNED ***

======================================================================
PROVEN: c >= 1.45 (cascade converges at L4)
Total time: 9.07s
======================================================================

  GRID-POINT PROOF: converged at L4 in 9.1s

======================================================================
CASCADE: d0=2, S=15, c_target=1.45
  L0 compositions: 16
======================================================================

======================================================================
CPU CASCADE PROVER (COARSE — Theorem 1, no correction)
  d0=2, S=15, c_target=1.45
  Grid: integer masses sum to S=15 (constant)
  Threshold: TV >= 1.45 (exact, no correction)
  Box cert: margin > cell_var + quad_corr (2nd-order)
  L0 compositions: 16
  workers: 48
  max refinement levels: 8
======================================================================

[L0 coarse] d=2, S=15, c_target=1.45
     x_cap=12, compositions=16
     0.02s: pruned asym=3 test=0 survivors=5
     Checkpoint saved: data_sweep/checkpoint_L0_survivors.npy (0.00 GB, 5 rows)

[L1] d=2 -> 4, parents=5, x_cap=9
    quad_corr scale: d^2/(2S^2) = 0.035556
    0.0s: 264 children, 128 survivors (48.4848%)
    min(margin - cell_var - quad_corr) = -0.205556
    BOX CERT: FAIL
     Checkpoint saved: data_sweep/checkpoint_L1_survivors.npy (0.00 GB, 128 rows)

[L2] d=4 -> 8, parents=128, x_cap=6
    quad_corr scale: d^2/(2S^2) = 0.142222
    4.1s: 35,908 children, 4,580 survivors (12.7548%)
    min(margin - cell_var - quad_corr) = -0.578889
    BOX CERT: FAIL
     Checkpoint saved: data_sweep/checkpoint_L2_survivors.npy (0.00 GB, 4,580 rows)

[L3] d=8 -> 16, parents=4,580, x_cap=4
    quad_corr scale: d^2/(2S^2) = 0.568889
    [1282/4580] (28.0%) 1,826 survivors so far
    8.4s: 7,595,656 children, 39,221 survivors (0.5164%)
    min(margin - cell_var - quad_corr) = -1.568519
    BOX CERT: FAIL
     Checkpoint saved: data_sweep/checkpoint_L3_survivors.npy (0.00 GB, 39,221 rows)

[L4] d=16 -> 32, parents=39,221, x_cap=3
    quad_corr scale: d^2/(2S^2) = 2.275556
    [721/39221] (1.8%) 1 survivors so far
    [8512/39221] (21.7%) 250 survivors so far
    13.8s: 297,194,922 children, 1,953 survivors (0.0007%)
    min(margin - cell_var - quad_corr) = -4.152222
    BOX CERT: FAIL
     Checkpoint saved: data_sweep/checkpoint_L4_survivors.npy (0.00 GB, 1,953 rows)

[L5] d=32 -> 64, parents=1,953, x_cap=2
    quad_corr scale: d^2/(2S^2) = 9.102222
    [147/1953] (7.5%) 0 survivors so far
    10.2s: 43,470,464 children, 0 survivors (0.0000%)
    min(margin - cell_var - quad_corr) = -11.595185
    BOX CERT: FAIL
    *** ALL PRUNED ***

======================================================================
PROVEN: c >= 1.45 (cascade converges at L5)
Total time: 36.50s
======================================================================

  GRID-POINT PROOF: converged at L5 in 36.5s

======================================================================
CASCADE: d0=3, S=10, c_target=1.45
  L0 compositions: 66
======================================================================

======================================================================
CPU CASCADE PROVER (COARSE — Theorem 1, no correction)
  d0=3, S=10, c_target=1.45
  Grid: integer masses sum to S=10 (constant)
  Threshold: TV >= 1.45 (exact, no correction)
  Box cert: margin > cell_var + quad_corr (2nd-order)
  L0 compositions: 66
  workers: 48
  max refinement levels: 8
======================================================================

[L0 coarse] d=3, S=10, c_target=1.45
     x_cap=6, compositions=66
     0.03s: pruned asym=20 test=4 survivors=12
     min(margin - cell_var - quad_corr) = -0.190000
     BOX CERT: FAIL (increase S)
     Checkpoint saved: data_sweep/checkpoint_L0_survivors.npy (0.00 GB, 12 rows)

[L1] d=3 -> 6, parents=12, x_cap=4
    quad_corr scale: d^2/(2S^2) = 0.180000
    0.0s: 587 children, 170 survivors (28.9608%)
    min(margin - cell_var - quad_corr) = -0.550000
    BOX CERT: FAIL
     Checkpoint saved: data_sweep/checkpoint_L1_survivors.npy (0.00 GB, 170 rows)

[L2] d=6 -> 12, parents=170, x_cap=3
    quad_corr scale: d^2/(2S^2) = 0.720000
    2.6s: 30,771 children, 879 survivors (2.8566%)
    min(margin - cell_var - quad_corr) = -1.570000
    BOX CERT: FAIL
     Checkpoint saved: data_sweep/checkpoint_L2_survivors.npy (0.00 GB, 879 rows)

[L3] d=12 -> 24, parents=879, x_cap=2
    quad_corr scale: d^2/(2S^2) = 2.880000
    4.5s: 408,759 children, 95 survivors (0.0232%)
    min(margin - cell_var - quad_corr) = -4.410000
    BOX CERT: FAIL
     Checkpoint saved: data_sweep/checkpoint_L3_survivors.npy (0.00 GB, 95 rows)

[L4] d=24 -> 48, parents=95, x_cap=1
    quad_corr scale: d^2/(2S^2) = 11.520000
    3.3s: 78,848 children, 0 survivors (0.0000%)
    min(margin - cell_var - quad_corr) = -12.144400
    BOX CERT: FAIL
    *** ALL PRUNED ***

======================================================================
PROVEN: c >= 1.45 (cascade converges at L4)
Total time: 10.40s
======================================================================

  GRID-POINT PROOF: converged at L4 in 10.4s

======================================================================
CASCADE: d0=4, S=10, c_target=1.45
  L0 compositions: 286
======================================================================

======================================================================
CPU CASCADE PROVER (COARSE — Theorem 1, no correction)
  d0=4, S=10, c_target=1.45
  Grid: integer masses sum to S=10 (constant)
  Threshold: TV >= 1.45 (exact, no correction)
  Box cert: margin > cell_var + quad_corr (2nd-order)
  L0 compositions: 286
  workers: 48
  max refinement levels: 8
======================================================================

[L0 coarse] d=4, S=10, c_target=1.45
     x_cap=6, compositions=286
     0.05s: pruned asym=31 test=74 survivors=41
     min(margin - cell_var - quad_corr) = -0.343333
     BOX CERT: FAIL (increase S)
     Checkpoint saved: data_sweep/checkpoint_L0_survivors.npy (0.00 GB, 41 rows)

[L1] d=4 -> 8, parents=41, x_cap=4
    quad_corr scale: d^2/(2S^2) = 0.320000
    0.0s: 3,665 children, 398 survivors (10.8595%)
    min(margin - cell_var - quad_corr) = -0.850000
    BOX CERT: FAIL
     Checkpoint saved: data_sweep/checkpoint_L1_survivors.npy (0.00 GB, 398 rows)

[L2] d=8 -> 16, parents=398, x_cap=3
    quad_corr scale: d^2/(2S^2) = 1.280000
    3.7s: 118,749 children, 330 survivors (0.2779%)
    min(margin - cell_var - quad_corr) = -2.516667
    BOX CERT: FAIL
     Checkpoint saved: data_sweep/checkpoint_L2_survivors.npy (0.00 GB, 330 rows)

[L3] d=16 -> 32, parents=330, x_cap=2
    quad_corr scale: d^2/(2S^2) = 5.120000
    3.8s: 241,408 children, 0 survivors (0.0000%)
    min(margin - cell_var - quad_corr) = -7.316667
    BOX CERT: FAIL
    *** ALL PRUNED ***

======================================================================
PROVEN: c >= 1.45 (cascade converges at L3)
Total time: 7.57s
======================================================================

  GRID-POINT PROOF: converged at L3 in 7.6s

======================================================================
CASCADE: d0=2, S=10, c_target=1.5
  L0 compositions: 11
======================================================================

======================================================================
CPU CASCADE PROVER (COARSE — Theorem 1, no correction)
  d0=2, S=10, c_target=1.5
  Grid: integer masses sum to S=10 (constant)
  Threshold: TV >= 1.5 (exact, no correction)
  Box cert: margin > cell_var + quad_corr (2nd-order)
  L0 compositions: 11
  workers: 48
  max refinement levels: 8
======================================================================

[L0 coarse] d=2, S=10, c_target=1.5
     x_cap=8, compositions=11
     0.05s: pruned asym=2 test=0 survivors=4
     Checkpoint saved: data_sweep/checkpoint_L0_survivors.npy (0.00 GB, 4 rows)

[L1] d=2 -> 4, parents=4, x_cap=6
    quad_corr scale: d^2/(2S^2) = 0.080000
    0.0s: 110 children, 49 survivors (44.5455%)
    min(margin - cell_var - quad_corr) = -0.286667
    BOX CERT: FAIL
     Checkpoint saved: data_sweep/checkpoint_L1_survivors.npy (0.00 GB, 49 rows)

[L2] d=4 -> 8, parents=49, x_cap=4
    quad_corr scale: d^2/(2S^2) = 0.320000
    2.7s: 4,265 children, 652 survivors (15.2872%)
    min(margin - cell_var - quad_corr) = -0.900000
    BOX CERT: FAIL
     Checkpoint saved: data_sweep/checkpoint_L2_survivors.npy (0.00 GB, 652 rows)

[L3] d=8 -> 16, parents=652, x_cap=3
    quad_corr scale: d^2/(2S^2) = 1.280000
    4.4s: 190,882 children, 1,557 survivors (0.8157%)
    min(margin - cell_var - quad_corr) = -2.513333
    BOX CERT: FAIL
     Checkpoint saved: data_sweep/checkpoint_L3_survivors.npy (0.00 GB, 1,557 rows)

[L4] d=16 -> 32, parents=1,557, x_cap=2
    quad_corr scale: d^2/(2S^2) = 5.120000
    [1557/1557] (100.0%) 11 survivors so far
    5.7s: 1,105,764 children, 11 survivors (0.0010%)
    min(margin - cell_var - quad_corr) = -7.366667
    BOX CERT: FAIL
     Checkpoint saved: data_sweep/checkpoint_L4_survivors.npy (0.00 GB, 11 rows)

[L5] d=32 -> 64, parents=11, x_cap=1
    quad_corr scale: d^2/(2S^2) = 20.480000
    0.0s: 11,264 children, 0 survivors (0.0000%)
    min(margin - cell_var - quad_corr) = -20.832414
    BOX CERT: FAIL
    *** ALL PRUNED ***

======================================================================
PROVEN: c >= 1.5 (cascade converges at L5)
Total time: 12.85s
======================================================================

  GRID-POINT PROOF: converged at L5 in 12.8s

======================================================================
CASCADE: d0=3, S=10, c_target=1.5
  L0 compositions: 66
======================================================================

======================================================================
CPU CASCADE PROVER (COARSE — Theorem 1, no correction)
  d0=3, S=10, c_target=1.5
  Grid: integer masses sum to S=10 (constant)
  Threshold: TV >= 1.5 (exact, no correction)
  Box cert: margin > cell_var + quad_corr (2nd-order)
  L0 compositions: 66
  workers: 48
  max refinement levels: 8
======================================================================

[L0 coarse] d=3, S=10, c_target=1.5
     x_cap=7, compositions=66
     0.05s: pruned asym=20 test=2 survivors=14
     min(margin - cell_var - quad_corr) = -0.165000
     BOX CERT: FAIL (increase S)
     Checkpoint saved: data_sweep/checkpoint_L0_survivors.npy (0.00 GB, 14 rows)

[L1] d=3 -> 6, parents=14, x_cap=5
    quad_corr scale: d^2/(2S^2) = 0.180000
    0.0s: 781 children, 198 survivors (25.3521%)
    min(margin - cell_var - quad_corr) = -0.600000
    BOX CERT: FAIL
     Checkpoint saved: data_sweep/checkpoint_L1_survivors.npy (0.00 GB, 198 rows)

[L2] d=6 -> 12, parents=198, x_cap=3
    quad_corr scale: d^2/(2S^2) = 0.720000
    [198/198] (100.0%) 1,508 survivors so far
    5.3s: 35,967 children, 1,488 survivors (4.1371%)
    min(margin - cell_var - quad_corr) = -1.620000
    BOX CERT: FAIL
     Checkpoint saved: data_sweep/checkpoint_L2_survivors.npy (0.00 GB, 1,488 rows)

[L3] d=12 -> 24, parents=1,488, x_cap=2
    quad_corr scale: d^2/(2S^2) = 2.880000
    4.8s: 710,003 children, 226 survivors (0.0318%)
    min(margin - cell_var - quad_corr) = -4.780000
    BOX CERT: FAIL
     Checkpoint saved: data_sweep/checkpoint_L3_survivors.npy (0.00 GB, 226 rows)

[L4] d=24 -> 48, parents=226, x_cap=1
    quad_corr scale: d^2/(2S^2) = 11.520000
    4.4s: 200,704 children, 0 survivors (0.0000%)
    min(margin - cell_var - quad_corr) = -12.311429
    BOX CERT: FAIL
    *** ALL PRUNED ***

======================================================================
PROVEN: c >= 1.5 (cascade converges at L4)
Total time: 14.48s
======================================================================

  GRID-POINT PROOF: converged at L4 in 14.5s

======================================================================
CASCADE: d0=4, S=10, c_target=1.5
  L0 compositions: 286
======================================================================

======================================================================
CPU CASCADE PROVER (COARSE — Theorem 1, no correction)
  d0=4, S=10, c_target=1.5
  Grid: integer masses sum to S=10 (constant)
  Threshold: TV >= 1.5 (exact, no correction)
  Box cert: margin > cell_var + quad_corr (2nd-order)
  L0 compositions: 286
  workers: 48
  max refinement levels: 8
======================================================================

[L0 coarse] d=4, S=10, c_target=1.5
     x_cap=6, compositions=286
     0.05s: pruned asym=31 test=66 survivors=49
     min(margin - cell_var - quad_corr) = -0.286667
     BOX CERT: FAIL (increase S)
     Checkpoint saved: data_sweep/checkpoint_L0_survivors.npy (0.00 GB, 49 rows)

[L1] d=4 -> 8, parents=49, x_cap=4
    quad_corr scale: d^2/(2S^2) = 0.320000
    3.6s: 4,265 children, 652 survivors (15.2872%)
    min(margin - cell_var - quad_corr) = -0.900000
    BOX CERT: FAIL
     Checkpoint saved: data_sweep/checkpoint_L1_survivors.npy (0.00 GB, 652 rows)

[L2] d=8 -> 16, parents=652, x_cap=3
    quad_corr scale: d^2/(2S^2) = 1.280000
    [324/652] (49.7%) 433 survivors so far
    5.5s: 190,882 children, 1,557 survivors (0.8157%)
    min(margin - cell_var - quad_corr) = -2.513333
    BOX CERT: FAIL
     Checkpoint saved: data_sweep/checkpoint_L2_survivors.npy (0.00 GB, 1,557 rows)

[L3] d=16 -> 32, parents=1,557, x_cap=2
    quad_corr scale: d^2/(2S^2) = 5.120000
    [774/1557] (49.7%) 3 survivors so far
    5.8s: 1,105,764 children, 11 survivors (0.0010%)
    min(margin - cell_var - quad_corr) = -7.366667
    BOX CERT: FAIL
     Checkpoint saved: data_sweep/checkpoint_L3_survivors.npy (0.00 GB, 11 rows)

[L4] d=32 -> 64, parents=11, x_cap=1
    quad_corr scale: d^2/(2S^2) = 20.480000
    0.0s: 11,264 children, 0 survivors (0.0000%)
    min(margin - cell_var - quad_corr) = -20.832414
    BOX CERT: FAIL
    *** ALL PRUNED ***

======================================================================
PROVEN: c >= 1.5 (cascade converges at L4)
Total time: 14.99s
======================================================================

  GRID-POINT PROOF: converged at L4 in 15.0s

======================================================================
SUMMARY OF GRID-POINT PROOFS
======================================================================
  C_{1a} >= 1.28: d0=2, S=15, proved at L3 (grid-point)
  C_{1a} >= 1.28: d0=2, S=20, proved at L3 (grid-point)
  C_{1a} >= 1.28: d0=2, S=25, proved at L3 (grid-point)
  C_{1a} >= 1.28: d0=2, S=30, proved at L3 (grid-point)
  C_{1a} >= 1.28: d0=3, S=10, proved at L2 (grid-point)
  C_{1a} >= 1.28: d0=3, S=15, proved at L2 (grid-point)
  C_{1a} >= 1.28: d0=3, S=20, proved at L3 (grid-point)
  C_{1a} >= 1.28: d0=4, S=10, proved at L2 (grid-point)
  C_{1a} >= 1.28: d0=4, S=15, proved at L2 (grid-point)
  C_{1a} >= 1.28: d0=4, S=20, proved at L2 (grid-point)
  C_{1a} >= 1.3: d0=2, S=15, proved at L3 (grid-point)
  C_{1a} >= 1.3: d0=2, S=20, proved at L3 (grid-point)
  C_{1a} >= 1.3: d0=2, S=25, proved at L3 (grid-point)
  C_{1a} >= 1.3: d0=2, S=30, proved at L3 (grid-point)
  C_{1a} >= 1.3: d0=3, S=10, proved at L2 (grid-point)
  C_{1a} >= 1.3: d0=3, S=15, proved at L3 (grid-point)
  C_{1a} >= 1.3: d0=3, S=20, proved at L3 (grid-point)
  C_{1a} >= 1.3: d0=4, S=10, proved at L2 (grid-point)
  C_{1a} >= 1.3: d0=4, S=15, proved at L2 (grid-point)
  C_{1a} >= 1.3: d0=4, S=20, proved at L2 (grid-point)
  C_{1a} >= 1.32: d0=2, S=15, proved at L3 (grid-point)
  C_{1a} >= 1.32: d0=2, S=20, proved at L4 (grid-point)
  C_{1a} >= 1.32: d0=3, S=10, proved at L2 (grid-point)
  C_{1a} >= 1.32: d0=3, S=15, proved at L3 (grid-point)
  C_{1a} >= 1.32: d0=4, S=10, proved at L2 (grid-point)
  C_{1a} >= 1.32: d0=4, S=15, proved at L2 (grid-point)
  C_{1a} >= 1.35: d0=2, S=15, proved at L4 (grid-point)
  C_{1a} >= 1.35: d0=2, S=20, proved at L4 (grid-point)
  C_{1a} >= 1.35: d0=3, S=10, proved at L3 (grid-point)
  C_{1a} >= 1.35: d0=3, S=15, proved at L3 (grid-point)
  C_{1a} >= 1.35: d0=4, S=10, proved at L2 (grid-point)
  C_{1a} >= 1.35: d0=4, S=15, proved at L3 (grid-point)
  C_{1a} >= 1.4: d0=2, S=10, proved at L4 (grid-point)
  C_{1a} >= 1.4: d0=2, S=15, proved at L4 (grid-point)
  C_{1a} >= 1.4: d0=2, S=20, proved at L5 (grid-point)
  C_{1a} >= 1.4: d0=3, S=10, proved at L3 (grid-point)
  C_{1a} >= 1.4: d0=4, S=10, proved at L3 (grid-point)
  C_{1a} >= 1.45: d0=2, S=10, proved at L4 (grid-point)
  C_{1a} >= 1.45: d0=2, S=15, proved at L5 (grid-point)
  C_{1a} >= 1.45: d0=3, S=10, proved at L4 (grid-point)
  C_{1a} >= 1.45: d0=4, S=10, proved at L3 (grid-point)
  C_{1a} >= 1.5: d0=2, S=10, proved at L5 (grid-point)
  C_{1a} >= 1.5: d0=3, S=10, proved at L4 (grid-point)
  C_{1a} >= 1.5: d0=4, S=10, proved at L4 (grid-point)

  BEST: C_{1a} >= 1.5
