
################################################################################
# EXPERIMENT: Prove C_{1a} >= 1.3
# Time budget: 2.0 hours
# Date: 2026-04-13 17:57:48
################################################################################

================================================================================
PHASE 1: Diagnostic sweep for c_target = 1.3
  Goal: Find d0 where L0 prunes everything, measure margin/cv_raw
================================================================================

  Testing 35 configurations (max 500,000,000 comps)

    d0    S        comps   surv   pruned min_margin   worst_cv   cv_raw    min_net  S_need    time
  ----------------------------------------------------------------------------------------------------
     6   10        3,003     13     1268   0.000000   0.480000     8.00  -0.430000      35    0.6s
     6   12        6,188     42     2345   0.000000   0.416667     8.00  -0.383333      93    0.0s
     6   15       15,504    129     6497   0.000000   0.333333     8.00  -0.313333     151    0.0s
     6   20       53,130    451    22436   0.000000   0.260000     8.00  -0.240000     174    0.0s
     6   25      142,506   1324    60248   0.000114   0.201600     8.00  -0.181600     204    0.0s
     6   30      324,632   3173   137609   0.000000   0.166667     8.00  -0.170000     N/A    0.1s
     6   40    1,221,759  13005   518988   0.000000   0.130000     8.00  -0.125000     694    0.3s
     6   50    3,478,761  39087  1479732   0.000000   0.100800     8.00  -0.103600    6301    0.8s
     8   10       19,448      8     8578   0.000000   0.480000    11.20  -0.580000      56    0.2s
     8   12       50,388     17    20448   0.000000   0.555556    11.33  -0.633333     201    0.0s
     8   15      170,544     75    76061   0.000317   0.474074    10.93  -0.482222     260    0.1s
     8   20      888,030    475   399652   0.000000   0.336000    11.60  -0.348000    1680    0.7s
     8   25    3,365,856   2153  1522959   0.000480   0.273067    11.36  -0.280267    1220    2.4s
     8   30   10,295,472   6987  4678365   0.000000   0.235556    11.73  -0.242222    3181    7.1s
     8   40   62,891,499  45719 28736694   0.000000   0.180000    11.80  -0.190000     N/A   41.7s
     8   50  264,385,836 218883 121211491   0.000000   0.142400    11.84  -0.144800    8901  171.2s
    10   10       92,378      0    41676   0.000000   0.466667    15.00  -0.733333     141    0.2s (grid-point)
    10   12      293,930      2   123408   0.000505   0.654762    15.00  -0.694841     160    0.6s
    10   15    1,307,504     17   598859   0.000000   0.600000    15.00  -0.600000     162    2.8s
    10   20   10,015,005    118  4633784   0.000000   0.450000    15.00  -0.481250     N/A   20.5s
    10   25   52,451,256   1139 24426363   0.000000   0.360000    15.00  -0.376000    2250  102.2s
client_loop: send disconnect: Connection reset by peer
