===========================================================================
PHASE 1: Quick feasibility scan
===========================================================================
  d0     S      c  proven   at  box_ok   L0surv  worst_net      time
---------------------------------------------------------------------------
     Checkpoint saved: data_sweep/checkpoint_L0_survivors.npy (0.00 GB, 90 rows)
     Checkpoint saved: data_sweep/checkpoint_L1_survivors.npy (0.00 GB, 98 rows)
   4    20  1.280     YES   L2      no       90  -0.960000     32.5s
     Checkpoint saved: data_sweep/checkpoint_L0_survivors.npy (0.00 GB, 296 rows)
     Checkpoint saved: data_sweep/checkpoint_L1_survivors.npy (0.00 GB, 1,752 rows)
   4    30  1.280     YES   L2      no      296  -0.645926     12.9s
     Checkpoint saved: data_sweep/checkpoint_L0_survivors.npy (0.00 GB, 705 rows)
     Checkpoint saved: data_sweep/checkpoint_L1_survivors.npy (0.00 GB, 12,904 rows)
   4    40  1.280     YES   L2      no      705  -0.470000     28.2s
     Checkpoint saved: data_sweep/checkpoint_L0_survivors.npy (0.00 GB, 1,369 rows)
     Checkpoint saved: data_sweep/checkpoint_L1_survivors.npy (0.00 GB, 59,912 rows)
   4    50  1.280     YES   L2      no     1369  -0.377600    306.5s
     Checkpoint saved: data_sweep/checkpoint_L0_survivors.npy (0.00 GB, 226 rows)
     Checkpoint saved: data_sweep/checkpoint_L1_survivors.npy (0.00 GB, 1 rows)
   6    20  1.280     YES   L2      no      226  -0.781538      4.1s
     Checkpoint saved: data_sweep/checkpoint_L0_survivors.npy (0.00 GB, 1,664 rows)
     Checkpoint saved: data_sweep/checkpoint_L1_survivors.npy (0.00 GB, 18 rows)
   6    30  1.280     YES   L2      no     1664  -0.783590      7.5s
     Checkpoint saved: data_sweep/checkpoint_L0_survivors.npy (0.00 GB, 7,147 rows)
     Checkpoint saved: data_sweep/checkpoint_L1_survivors.npy (0.00 GB, 413 rows)
   6    40  1.280     YES   L2      no     7147  -0.580769     23.4s
     Checkpoint saved: data_sweep/checkpoint_L0_survivors.npy (0.00 GB, 21,412 rows)
     Checkpoint saved: data_sweep/checkpoint_L1_survivors.npy (0.00 GB, 3,663 rows)
   6    50  1.280     YES   L2      no    21412  -0.460509    240.3s
     Checkpoint saved: data_sweep/checkpoint_L0_survivors.npy (0.00 GB, 98 rows)
   8    20  1.280     YES   L1      no       98  -0.960000      3.8s
     Checkpoint saved: data_sweep/checkpoint_L0_survivors.npy (0.00 GB, 1,752 rows)
   8    30  1.280     YES   L1      no     1752  -0.645926      9.9s
     Checkpoint saved: data_sweep/checkpoint_L0_survivors.npy (0.00 GB, 12,904 rows)
   8    40  1.280     YES   L1      no    12904  -0.470000     30.9s
     Checkpoint saved: data_sweep/checkpoint_L0_survivors.npy (0.00 GB, 18 rows)
  10    20  1.280     YES   L1      no       18  -1.011818      2.4s
     Checkpoint saved: data_sweep/checkpoint_L0_survivors.npy (0.00 GB, 1 rows)
  12    20  1.280     YES   L1      no        1  -0.781538     56.0s
     Checkpoint saved: data_sweep/checkpoint_L0_survivors.npy (0.00 GB, 108 rows)
     Checkpoint saved: data_sweep/checkpoint_L1_survivors.npy (0.00 GB, 268 rows)
   4    20  1.290     YES   L2      no      108  -1.010000     32.0s
     Checkpoint saved: data_sweep/checkpoint_L0_survivors.npy (0.00 GB, 362 rows)
     Checkpoint saved: data_sweep/checkpoint_L1_survivors.npy (0.00 GB, 4,031 rows)
   4    30  1.290     YES   L2      no      362  -0.655926     14.3s
     Checkpoint saved: data_sweep/checkpoint_L0_survivors.npy (0.00 GB, 800 rows)
     Checkpoint saved: data_sweep/checkpoint_L1_survivors.npy (0.00 GB, 25,271 rows)
   4    40  1.290     YES   L2      no      800  -0.470000     55.5s
     Checkpoint saved: data_sweep/checkpoint_L0_survivors.npy (0.00 GB, 1,565 rows)
     Checkpoint saved: data_sweep/checkpoint_L1_survivors.npy (0.00 GB, 122,240 rows)
client_loop: send disconnect: Connection reset by peer
