================================================================================
MAXIMUM RIGOROUS c_target SEARCH
================================================================================

--- d0=4, S=300 (4,590,551 comps) ---
  c=1.10: 0 surv, box=YES, net=0.001022
  c=1.11: 70 survivors — L0 limit
  BEST RIGOROUS: c=1.10 (net=0.001022)

--- d0=4, S=400 (10,827,401 comps) ---
  c=1.10: 0 surv, box=YES, net=0.001225
  c=1.11: 170 survivors — L0 limit
  BEST RIGOROUS: c=1.10 (net=0.001225)

--- d0=4, S=500 (21,084,251 comps) ---
  c=1.10: 0 surv, box=YES, net=0.001267
  c=1.11: 324 survivors — L0 limit
  BEST RIGOROUS: c=1.10 (net=0.001267)

--- d0=6, S=50 (3,478,761 comps) ---
  c=1.10: 0 surv, box=YES, net=0.048400
  c=1.11: 0 surv, box=YES, net=0.038400
  c=1.12: 0 surv, box=YES, net=0.028400
  c=1.13: 0 surv, box=YES, net=0.018400
  c=1.14: 0 surv, box=YES, net=0.008400
  c=1.15: 0 surv, box=no, net=-0.001600
  c=1.16: 0 surv, box=no, net=-0.011600
  c=1.17: 0 surv, box=no, net=-0.021600
  c=1.18: 0 surv, box=no, net=-0.060400
  c=1.19: 19 survivors — L0 limit
  BEST RIGOROUS: c=1.14 (net=0.008400)

--- d0=6, S=75 (24,040,016 comps) ---
  c=1.10: 0 surv, box=YES, net=0.054819
  c=1.11: 0 surv, box=YES, net=0.044819
  c=1.12: 0 surv, box=YES, net=0.034819
  c=1.13: 0 surv, box=YES, net=0.024819
  c=1.14: 0 surv, box=YES, net=0.014819
  c=1.15: 0 surv, box=YES, net=0.004819
  c=1.16: 0 surv, box=no, net=-0.005181
  c=1.17: 0 surv, box=no, net=-0.015181
  c=1.18: 8 survivors — L0 limit
  BEST RIGOROUS: c=1.15 (net=0.004819)

--- d0=4, S=100 (176,851 comps) ---
  c=1.10: 0 surv, box=no, net=-0.005500
  c=1.11: 3 survivors — L0 limit

--- d0=4, S=150 (585,276 comps) ---
  c=1.10: 0 surv, box=no, net=-0.000622
  c=1.11: 9 survivors — L0 limit

--- d0=4, S=200 (1,373,701 comps) ---
  c=1.10: 0 surv, box=no, net=-0.001300
  c=1.11: 21 survivors — L0 limit

--- d0=6, S=30 (324,632 comps) ---
  c=1.10: 0 surv, box=YES, net=0.025000
  c=1.11: 0 surv, box=YES, net=0.015000
  c=1.12: 0 surv, box=YES, net=0.005000
  c=1.13: 0 surv, box=no, net=-0.005000
  c=1.14: 0 surv, box=no, net=-0.015000
  c=1.15: 0 surv, box=no, net=-0.025000
  c=1.16: 0 surv, box=no, net=-0.035000
  c=1.17: 0 surv, box=no, net=-0.045000
  c=1.18: 0 surv, box=no, net=-0.055000
  c=1.19: 2 survivors — L0 limit
  BEST RIGOROUS: c=1.12 (net=0.005000)

--- d0=6, S=40 (1,221,759 comps) ---
  c=1.10: 0 surv, box=YES, net=0.041406
  c=1.11: 0 surv, box=YES, net=0.031406
  c=1.12: 0 surv, box=YES, net=0.021406
  c=1.13: 0 surv, box=YES, net=0.011406
  c=1.14: 0 surv, box=YES, net=0.001406
  c=1.15: 0 surv, box=no, net=-0.008594
  c=1.16: 0 surv, box=no, net=-0.018594
  c=1.17: 0 surv, box=no, net=-0.028594
  c=1.18: 0 surv, box=no, net=-0.039062
  c=1.19: 5 survivors — L0 limit
  BEST RIGOROUS: c=1.14 (net=0.001406)

--- d0=8, S=20 (888,030 comps) ---
  c=1.10: 0 surv, box=no, net=-0.004000
  c=1.11: 0 surv, box=no, net=-0.014000
  c=1.12: 0 surv, box=no, net=-0.024000
  c=1.13: 0 surv, box=no, net=-0.034000
  c=1.14: 0 surv, box=no, net=-0.044000
  c=1.15: 0 surv, box=no, net=-0.054000
  c=1.16: 0 surv, box=no, net=-0.064000
  c=1.17: 0 surv, box=no, net=-0.074000
  c=1.18: 0 surv, box=no, net=-0.084000
  c=1.19: 0 surv, box=no, net=-0.094000
  c=1.20: 0 surv, box=no, net=-0.108000
  c=1.21: 0 surv, box=no, net=-0.122857
  c=1.22: 0 surv, box=no, net=-0.133333
  c=1.23: 0 surv, box=no, net=-0.170000
  c=1.24: 0 surv, box=no, net=-0.180000
  c=1.25: 9 survivors — L0 limit

--- d0=8, S=25 (3,365,856 comps) ---
  c=1.10: 0 surv, box=YES, net=0.026400
  c=1.11: 0 surv, box=YES, net=0.016400
  c=1.12: 0 surv, box=YES, net=0.006400
  c=1.13: 0 surv, box=no, net=-0.003600
  c=1.14: 0 surv, box=no, net=-0.013600
  c=1.15: 0 surv, box=no, net=-0.023600
  c=1.16: 0 surv, box=no, net=-0.033600
  c=1.17: 0 surv, box=no, net=-0.043600
  c=1.18: 0 surv, box=no, net=-0.053600
  c=1.19: 0 surv, box=no, net=-0.063600
  c=1.20: 0 surv, box=no, net=-0.082133
  c=1.21: 0 surv, box=no, net=-0.098960
  c=1.22: 0 surv, box=no, net=-0.113714
  c=1.23: 3 survivors — L0 limit
  BEST RIGOROUS: c=1.12 (net=0.006400)

--- d0=8, S=30 (10,295,472 comps) ---
  c=1.10: 0 surv, box=YES, net=0.039753
  c=1.11: 0 surv, box=YES, net=0.029753
  c=1.12: 0 surv, box=YES, net=0.019753
  c=1.13: 0 surv, box=YES, net=0.009753
  c=1.14: 0 surv, box=no, net=-0.000247
  c=1.15: 0 surv, box=no, net=-0.010247
  c=1.16: 0 surv, box=no, net=-0.020247
  c=1.17: 0 surv, box=no, net=-0.030247
  c=1.18: 0 surv, box=no, net=-0.040247
  c=1.19: 0 surv, box=no, net=-0.050247
  c=1.20: 0 surv, box=no, net=-0.072889
  c=1.21: 0 surv, box=no, net=-0.086049
  c=1.22: 0 surv, box=no, net=-0.188889
  c=1.23: 4 survivors — L0 limit
  BEST RIGOROUS: c=1.13 (net=0.009753)

--- d0=10, S=15 (1,307,504 comps) ---
  c=1.10: 0 surv, box=no, net=-0.077778
  c=1.11: 0 surv, box=no, net=-0.087778
  c=1.12: 0 surv, box=no, net=-0.097778
  c=1.13: 0 surv, box=no, net=-0.107778
  c=1.14: 0 surv, box=no, net=-0.117778
  c=1.15: 0 surv, box=no, net=-0.127778
  c=1.16: 0 surv, box=no, net=-0.137778
  c=1.17: 0 surv, box=no, net=-0.147778
  c=1.18: 0 surv, box=no, net=-0.157778
  c=1.19: 0 surv, box=no, net=-0.184872
  c=1.20: 0 surv, box=no, net=-0.195556
  c=1.21: 0 surv, box=no, net=-0.217407
  c=1.22: 0 surv, box=no, net=-0.227407
  c=1.23: 0 surv, box=no, net=-0.307778
  c=1.24: 0 surv, box=no, net=-0.317778
  c=1.25: 0 surv, box=no, net=-0.370000
  c=1.26: 0 surv, box=no, net=-0.380000
  c=1.27: 0 surv, box=no, net=-0.544074
  c=1.28: 0 surv, box=no, net=-0.554074
  c=1.29: 13 survivors — L0 limit

--- d0=10, S=20 (10,015,005 comps) ---
  c=1.10: 0 surv, box=no, net=-0.012500
  c=1.11: 0 surv, box=no, net=-0.022500
  c=1.12: 0 surv, box=no, net=-0.032500
  c=1.13: 0 surv, box=no, net=-0.042500
  c=1.14: 0 surv, box=no, net=-0.052500
  c=1.15: 0 surv, box=no, net=-0.062500
  c=1.16: 0 surv, box=no, net=-0.072500
  c=1.17: 0 surv, box=no, net=-0.082500
  c=1.18: 0 surv, box=no, net=-0.092500
  c=1.19: 0 surv, box=no, net=-0.102500
  c=1.20: 0 surv, box=no, net=-0.112500
  c=1.21: 0 surv, box=no, net=-0.130000
  c=1.22: 0 surv, box=no, net=-0.186667
  c=1.23: 0 surv, box=no, net=-0.196667
  c=1.24: 0 surv, box=no, net=-0.248333
  c=1.25: 1 survivors — L0 limit

--- d0=12, S=12 (1,352,078 comps) ---
  c=1.10: 0 surv, box=no, net=-0.233333
  c=1.11: 0 surv, box=no, net=-0.243333
  c=1.12: 0 surv, box=no, net=-0.253333
  c=1.13: 0 surv, box=no, net=-0.263333
  c=1.14: 0 surv, box=no, net=-0.287727
  c=1.15: 0 surv, box=no, net=-0.297727
  c=1.16: 0 surv, box=no, net=-0.307727
  c=1.17: 0 surv, box=no, net=-0.327407
  c=1.18: 0 surv, box=no, net=-0.337407
  c=1.19: 0 surv, box=no, net=-0.426111
  c=1.20: 0 surv, box=no, net=-0.436111
  c=1.21: 0 surv, box=no, net=-0.460000
  c=1.22: 0 surv, box=no, net=-0.470000
  c=1.23: 0 surv, box=no, net=-0.507778
  c=1.24: 0 surv, box=no, net=-0.549524
  c=1.25: 0 surv, box=no, net=-0.559524
  c=1.26: 0 surv, box=no, net=-0.629048
  c=1.27: 0 surv, box=no, net=-0.650952
  c=1.28: 0 surv, box=no, net=-0.696667
  c=1.29: 0 surv, box=no, net=-0.831667
  c=1.30: 0 surv, box=no, net=-0.855556
  c=1.31: 0 surv, box=no, net=-0.935000
  c=1.32: 0 surv, box=no, net=-0.945000
  c=1.33: 2 survivors — L0 limit

--- d0=12, S=15 (7,726,160 comps) ---
  c=1.10: 0 surv, box=no, net=-0.145714
  c=1.11: 0 surv, box=no, net=-0.155714
  c=1.12: 0 surv, box=no, net=-0.165714
  c=1.13: 0 surv, box=no, net=-0.175714
  c=1.14: 0 surv, box=no, net=-0.185714
  c=1.15: 0 surv, box=no, net=-0.195714
  c=1.16: 0 surv, box=no, net=-0.205714
  c=1.17: 0 surv, box=no, net=-0.215714
  c=1.18: 0 surv, box=no, net=-0.225714
  c=1.19: 0 surv, box=no, net=-0.243333
  c=1.20: 0 surv, box=no, net=-0.268571
  c=1.21: 0 surv, box=no, net=-0.330000
  c=1.22: 0 surv, box=no, net=-0.340000
  c=1.23: 0 surv, box=no, net=-0.350000
  c=1.24: 0 surv, box=no, net=-0.386667
  c=1.25: 0 surv, box=no, net=-0.396667
  c=1.26: 0 surv, box=no, net=-0.415556
  c=1.27: 0 surv, box=no, net=-0.478889
  c=1.28: 0 surv, box=no, net=-0.608000
  c=1.29: 0 surv, box=no, net=-0.730000
  c=1.30: 2 survivors — L0 limit

================================================================================
OVERALL BEST RIGOROUS: C_{1a} >= 1.15
================================================================================
