
======================================================================
ATTEMPT: d0=6, S=100, c_target=1.3
  Compositions: 96,560,646
======================================================================

[L0 coarse] d=6, S=100, c_target=1.3
     x_cap=46, compositions=96,560,646
     [500,000 processed] 0 survivors
     [3,500,000 processed] 0 survivors
     [7,000,000 processed] 0 survivors
     [10,500,000 processed] 0 survivors
     [13,500,000 processed] 0 survivors
     [16,500,000 processed] 0 survivors
     [19,500,000 processed] 0 survivors
     [23,000,000 processed] 0 survivors
     [26,500,000 processed] 44 survivors
     [30,000,000 processed] 1,275 survivors
     [33,500,000 processed] 6,779 survivors
     [37,500,000 processed] 23,465 survivors
     [41,000,000 processed] 101,652 survivors
     [44,500,000 processed] 428,865 survivors
     37.96s: pruned asym=5,874,099 test=41,216,333 survivors=1,190,554
     min(margin - cell_var - quad_corr) = -0.052900
     BOX CERT: FAIL (increase S)
  1,190,554 survivors — need cascade

======================================================================
ATTEMPT: d0=6, S=150, c_target=1.3
  Compositions: 698,526,906
======================================================================

[L0 coarse] d=6, S=150, c_target=1.3
     x_cap=69, compositions=698,526,906
     [4,000,000 processed] 0 survivors
     [8,000,000 processed] 0 survivors
     [12,000,000 processed] 0 survivors
     [15,500,000 processed] 0 survivors
     [18,500,000 processed] 0 survivors
     [21,000,000 processed] 0 survivors
     [25,000,000 processed] 0 survivors
     [29,500,000 processed] 0 survivors
     [33,500,000 processed] 0 survivors
     [37,000,000 processed] 0 survivors
     [40,500,000 processed] 0 survivors
     [45,000,000 processed] 0 survivors
     [49,000,000 processed] 0 survivors
     [52,000,000 processed] 0 survivors
     [55,500,000 processed] 0 survivors
     [59,000,000 processed] 0 survivors
     [61,500,000 processed] 0 survivors
     [65,000,000 processed] 0 survivors
     [68,000,000 processed] 0 survivors
     [71,000,000 processed] 0 survivors
     [74,000,000 processed] 0 survivors
     [77,000,000 processed] 0 survivors
     [86,500,000 processed] 0 survivors
     [103,500,000 processed] 0 survivors
     [120,000,000 processed] 0 survivors
     [138,000,000 processed] 0 survivors
     [155,500,000 processed] 0 survivors
     [172,500,000 processed] 4 survivors
     [190,500,000 processed] 1,194 survivors
     [208,500,000 processed] 3,996 survivors
     [227,000,000 processed] 15,604 survivors
     [245,000,000 processed] 45,173 survivors
     [263,500,000 processed] 142,953 survivors
     [282,500,000 processed] 342,264 survivors
     [301,500,000 processed] 1,060,104 survivors
     [321,000,000 processed] 3,048,572 survivors
     [340,500,000 processed] 8,099,063 survivors
     78.88s: pruned asym=41,839,336 test=298,539,371 survivors=8,886,209
     min(margin - cell_var - quad_corr) = -0.036400
     BOX CERT: FAIL (increase S)
  8,886,209 survivors — need cascade

======================================================================
ATTEMPT: d0=6, S=175, c_target=1.3
  Compositions: 1,488,847,536
======================================================================

[L0 coarse] d=6, S=175, c_target=1.3
     x_cap=81, compositions=1,488,847,536
     [19,000,000 processed] 0 survivors
     [34,500,000 processed] 0 survivors
     [53,000,000 processed] 0 survivors
     [69,000,000 processed] 0 survivors
     [86,500,000 processed] 0 survivors
     [103,500,000 processed] 0 survivors
     [120,000,000 processed] 0 survivors
     [137,500,000 processed] 0 survivors
     [153,500,000 processed] 0 survivors
     [172,000,000 processed] 0 survivors
     [188,000,000 processed] 0 survivors
     [206,000,000 processed] 0 survivors
     [223,000,000 processed] 0 survivors
     [240,000,000 processed] 0 survivors
     [258,000,000 processed] 0 survivors
     [274,500,000 processed] 0 survivors
     [292,500,000 processed] 0 survivors
     [309,000,000 processed] 0 survivors
     [326,500,000 processed] 0 survivors
     [344,500,000 processed] 0 survivors
     [361,500,000 processed] 148 survivors
     [378,500,000 processed] 743 survivors
     [395,500,000 processed] 1,014 survivors
     [413,500,000 processed] 3,454 survivors
     [431,000,000 processed] 8,372 survivors
     [448,500,000 processed] 16,711 survivors
     [466,500,000 processed] 29,657 survivors
     [484,000,000 processed] 48,746 survivors
     [501,500,000 processed] 76,361 survivors
     [518,500,000 processed] 115,333 survivors
     [535,500,000 processed] 168,782 survivors
     [553,000,000 processed] 240,733 survivors
     [571,000,000 processed] 337,259 survivors
     [589,500,000 processed] 628,296 survivors
     [608,500,000 processed] 958,059 survivors
     [627,500,000 processed] 1,479,123 survivors
     [647,000,000 processed] 2,664,649 survivors
     [666,500,000 processed] 4,097,109 survivors
     [685,000,000 processed] 6,696,775 survivors
     [704,000,000 processed] 11,009,440 survivors
     [722,000,000 processed] 16,427,009 survivors
     [741,000,000 processed] 19,117,589 survivors
     85.39s: pruned asym=82,372,752 test=642,933,427 survivors=19,117,589
     min(margin - cell_var - quad_corr) = -0.030939
     BOX CERT: FAIL (increase S)
  19,117,589 survivors — need cascade

======================================================================
ATTEMPT: d0=6, S=200, c_target=1.3
  Compositions: 2,872,408,791
======================================================================

[L0 coarse] d=6, S=200, c_target=1.3
     x_cap=93, compositions=2,872,408,791
     [20,500,000 processed] 0 survivors
     [38,500,000 processed] 0 survivors
     [54,500,000 processed] 0 survivors
     [70,500,000 processed] 0 survivors
     [90,000,000 processed] 0 survivors
     [107,500,000 processed] 0 survivors
     [122,500,000 processed] 0 survivors
     [140,000,000 processed] 0 survivors
     [160,000,000 processed] 0 survivors
     [177,000,000 processed] 0 survivors
     [193,000,000 processed] 0 survivors
     [212,500,000 processed] 0 survivors
     [231,000,000 processed] 0 survivors
     [247,000,000 processed] 0 survivors
     [263,000,000 processed] 0 survivors
     [283,000,000 processed] 0 survivors
     [300,000,000 processed] 0 survivors
     [315,500,000 processed] 0 survivors
     [334,500,000 processed] 0 survivors
     [352,500,000 processed] 0 survivors
     [368,000,000 processed] 0 survivors
     [386,000,000 processed] 0 survivors
     [404,500,000 processed] 0 survivors
     [420,500,000 processed] 0 survivors
     [439,000,000 processed] 0 survivors
     [458,000,000 processed] 0 survivors
     [474,500,000 processed] 0 survivors
     [492,500,000 processed] 0 survivors
     [510,500,000 processed] 0 survivors
     [526,500,000 processed] 0 survivors
     [546,000,000 processed] 0 survivors
     [563,000,000 processed] 0 survivors
     [579,500,000 processed] 0 survivors
     [599,000,000 processed] 0 survivors
     [615,500,000 processed] 0 survivors
     [634,000,000 processed] 0 survivors
     [652,000,000 processed] 0 survivors
     [669,500,000 processed] 71 survivors
     [689,000,000 processed] 71 survivors
     [706,000,000 processed] 775 survivors
     [725,500,000 processed] 775 survivors
     [743,000,000 processed] 1,650 survivors
     [762,000,000 processed] 3,079 survivors
     [779,500,000 processed] 3,252 survivors
     [798,500,000 processed] 8,139 survivors
     [816,500,000 processed] 8,572 survivors
     [835,500,000 processed] 17,130 survivors
     [853,500,000 processed] 22,990 survivors
     [872,000,000 processed] 31,247 survivors
     [890,000,000 processed] 52,141 survivors
     [909,000,000 processed] 52,144 survivors
     [927,000,000 processed] 81,640 survivors
     [945,500,000 processed] 81,671 survivors
     [964,500,000 processed] 122,530 survivors
     [983,000,000 processed] 178,411 survivors
     [1,002,000,000 processed] 178,866 survivors
     [1,021,000,000 processed] 252,962 survivors
     [1,039,000,000 processed] 350,916 survivors
     [1,057,000,000 processed] 435,538 survivors
     [1,075,000,000 processed] 477,818 survivors
     [1,094,000,000 processed] 640,483 survivors
     [1,112,500,000 processed] 849,289 survivors
     [1,129,500,000 processed] 1,113,035 survivors
     [1,148,000,000 processed] 1,439,199 survivors
     [1,166,500,000 processed] 1,831,847 survivors
     [1,185,500,000 processed] 2,318,177 survivors
     [1,204,500,000 processed] 2,885,064 survivors
     [1,223,000,000 processed] 3,548,338 survivors
     [1,241,000,000 processed] 4,359,100 survivors
     [1,259,500,000 processed] 5,992,290 survivors
     [1,279,000,000 processed] 7,328,472 survivors
     [1,299,000,000 processed] 9,873,181 survivors
     [1,317,000,000 processed] 12,760,716 survivors
     [1,335,000,000 processed] 16,169,092 survivors
     [1,353,000,000 processed] 20,155,221 survivors
     [1,371,000,000 processed] 25,417,459 survivors
     [1,389,000,000 processed] 30,576,443 survivors
     [1,407,500,000 processed] 35,354,406 survivors
     [1,427,500,000 processed] 37,150,495 survivors
     161.23s: pruned asym=159,839,238 test=1,239,217,234 survivors=37,150,499
     min(margin - cell_var - quad_corr) = -0.026725
     BOX CERT: FAIL (increase S)
  37,150,499 survivors — need cascade

======================================================================
ATTEMPT: d0=6, S=100, c_target=1.28
  Compositions: 96,560,646
======================================================================

[L0 coarse] d=6, S=100, c_target=1.28
     x_cap=46, compositions=96,560,646
     [17,000,000 processed] 0 survivors
     [33,500,000 processed] 678 survivors
     5.73s: pruned asym=5,993,064 test=41,628,185 survivors=659,737
     min(margin - cell_var - quad_corr) = -0.052000
     BOX CERT: FAIL (increase S)
  659,737 survivors — need cascade

======================================================================
ATTEMPT: d0=6, S=125, c_target=1.28
  Compositions: 286,243,776
======================================================================

[L0 coarse] d=6, S=125, c_target=1.28
     x_cap=57, compositions=286,243,776
     [18,000,000 processed] 0 survivors
     [35,000,000 processed] 0 survivors
     [52,500,000 processed] 0 survivors
     [70,500,000 processed] 0 survivors
     [88,500,000 processed] 218 survivors
     [107,000,000 processed] 4,305 survivors
     [126,500,000 processed] 175,827 survivors
     15.96s: pruned asym=17,534,205 test=123,588,038 survivors=1,999,645
     min(margin - cell_var - quad_corr) = -0.041216
     BOX CERT: FAIL (increase S)
  1,999,645 survivors — need cascade

======================================================================
ATTEMPT: d0=6, S=150, c_target=1.28
  Compositions: 698,526,906
======================================================================

[L0 coarse] d=6, S=150, c_target=1.28
     x_cap=69, compositions=698,526,906
     [17,000,000 processed] 0 survivors
     [34,500,000 processed] 0 survivors
     [51,000,000 processed] 0 survivors
     [68,000,000 processed] 0 survivors
     [85,000,000 processed] 0 survivors
     [101,500,000 processed] 0 survivors
     [117,000,000 processed] 0 survivors
     [134,500,000 processed] 0 survivors
     [152,000,000 processed] 0 survivors
     [169,500,000 processed] 0 survivors
     [186,500,000 processed] 2 survivors
     [205,000,000 processed] 103 survivors
     [223,000,000 processed] 1,253 survivors
     [241,500,000 processed] 4,320 survivors
     [260,500,000 processed] 10,979 survivors
     [279,500,000 processed] 49,922 survivors
     [299,000,000 processed] 212,946 survivors
     [318,500,000 processed] 946,356 survivors
     [337,000,000 processed] 3,703,469 survivors
     39.83s: pruned asym=42,408,496 test=301,921,041 survivors=4,935,379
     min(margin - cell_var - quad_corr) = -0.035600
     BOX CERT: FAIL (increase S)
  4,935,379 survivors — need cascade

======================================================================
ATTEMPT: d0=8, S=30, c_target=1.3
  Compositions: 10,295,472
======================================================================

[L0 coarse] d=8, S=30, c_target=1.3
     x_cap=12, compositions=10,295,472
     1.38s: pruned asym=462,792 test=4,678,365 survivors=6,987
     min(margin - cell_var - quad_corr) = -0.242222
     BOX CERT: FAIL (increase S)
  6,987 survivors — need cascade

======================================================================
ATTEMPT: d0=8, S=40, c_target=1.3
  Compositions: 62,891,499
======================================================================

[L0 coarse] d=8, S=40, c_target=1.3
     x_cap=16, compositions=62,891,499
     [9,000,000 processed] 0 survivors
     [18,500,000 processed] 0 survivors
     [29,500,000 processed] 4,950 survivors
     6.50s: pruned asym=2,664,222 test=28,736,694 survivors=45,719
     min(margin - cell_var - quad_corr) = -0.190000
     BOX CERT: FAIL (increase S)
  45,719 survivors — need cascade

======================================================================
ATTEMPT: d0=8, S=50, c_target=1.3
  Compositions: 264,385,836
======================================================================

[L0 coarse] d=8, S=50, c_target=1.3
     x_cap=20, compositions=264,385,836
     [9,500,000 processed] 0 survivors
     [18,000,000 processed] 0 survivors
     [26,500,000 processed] 0 survivors
     [36,000,000 processed] 0 survivors
     [45,000,000 processed] 0 survivors
     [54,000,000 processed] 0 survivors
     [63,500,000 processed] 0 survivors
     [73,000,000 processed] 0 survivors
     [83,000,000 processed] 0 survivors
     [93,000,000 processed] 0 survivors
     [103,000,000 processed] 60 survivors
     [114,000,000 processed] 891 survivors
     [126,000,000 processed] 57,352 survivors
     27.74s: pruned asym=10,764,182 test=121,211,491 survivors=218,883
     min(margin - cell_var - quad_corr) = -0.144800
     BOX CERT: FAIL (increase S)
  218,883 survivors — need cascade

======================================================================
ATTEMPT: d0=10, S=20, c_target=1.3
  Compositions: 10,015,005
======================================================================

[L0 coarse] d=10, S=20, c_target=1.3
     x_cap=7, compositions=10,015,005
     [4,500,000 processed] 1 survivors
     2.32s: pruned asym=374,101 test=4,633,784 survivors=118
     min(margin - cell_var - quad_corr) = -0.481250
     BOX CERT: FAIL (increase S)
  118 survivors — need cascade

======================================================================
ATTEMPT: d0=10, S=25, c_target=1.3
  Compositions: 52,451,256
======================================================================

[L0 coarse] d=10, S=25, c_target=1.3
     x_cap=9, compositions=52,451,256
     [4,500,000 processed] 0 survivors
     [8,500,000 processed] 0 survivors
     [13,500,000 processed] 0 survivors
     [18,500,000 processed] 0 survivors
     [24,000,000 processed] 1 survivors
     11.34s: pruned asym=1,798,126 test=24,426,363 survivors=1,139
     min(margin - cell_var - quad_corr) = -0.376000
     BOX CERT: FAIL (increase S)
  1,139 survivors — need cascade

======================================================================
ATTEMPT: d0=6, S=200, c_target=1.32
  Compositions: 2,872,408,791
======================================================================

[L0 coarse] d=6, S=200, c_target=1.32
     x_cap=93, compositions=2,872,408,791
     [21,000,000 processed] 0 survivors
     [38,500,000 processed] 0 survivors
     [53,500,000 processed] 0 survivors
     [69,000,000 processed] 0 survivors
     [89,500,000 processed] 0 survivors
     [107,000,000 processed] 0 survivors
     [122,000,000 processed] 0 survivors
     [138,500,000 processed] 0 survivors
     [158,500,000 processed] 0 survivors
     [175,000,000 processed] 0 survivors
     [190,500,000 processed] 0 survivors
     [208,500,000 processed] 0 survivors
     [228,000,000 processed] 0 survivors
     [243,500,000 processed] 0 survivors
     [259,000,000 processed] 0 survivors
     [279,000,000 processed] 0 survivors
     [296,000,000 processed] 0 survivors
     [311,000,000 processed] 0 survivors
     [329,000,000 processed] 0 survivors
     [347,000,000 processed] 0 survivors
     [362,500,000 processed] 0 survivors
     [379,000,000 processed] 0 survivors
     [398,500,000 processed] 0 survivors
     [414,500,000 processed] 0 survivors
     [430,000,000 processed] 0 survivors
     [450,000,000 processed] 0 survivors
     [466,000,000 processed] 0 survivors
     [482,000,000 processed] 0 survivors
     [502,000,000 processed] 0 survivors
     [518,500,000 processed] 0 survivors
     [535,000,000 processed] 17 survivors
     [554,000,000 processed] 17 survivors
     [570,000,000 processed] 398 survivors
     [587,000,000 processed] 769 survivors
     [605,500,000 processed] 769 survivors
     [621,500,000 processed] 4,105 survivors
     [640,500,000 processed] 4,105 survivors
     [657,000,000 processed] 4,436 survivors
     [674,000,000 processed] 12,716 survivors
     [692,500,000 processed] 12,716 survivors
     [708,500,000 processed] 30,325 survivors
     [727,500,000 processed] 30,325 survivors
     [744,000,000 processed] 56,088 survivors
     [762,000,000 processed] 61,216 survivors
     [779,500,000 processed] 76,580 survivors
     [798,000,000 processed] 109,990 survivors
     [814,500,000 processed] 112,615 survivors
     [831,500,000 processed] 181,223 survivors
     [848,500,000 processed] 181,751 survivors
     [866,000,000 processed] 279,085 survivors
     [883,000,000 processed] 282,548 survivors
     [900,500,000 processed] 407,037 survivors
     [917,500,000 processed] 480,139 survivors
     [935,500,000 processed] 569,070 survivors
     [953,000,000 processed] 770,166 survivors
     [971,000,000 processed] 770,219 survivors
     [988,500,000 processed] 1,016,820 survivors
     [1,005,500,000 processed] 1,209,970 survivors
     [1,023,000,000 processed] 1,317,696 survivors
     [1,039,500,000 processed] 1,685,027 survivors
     [1,057,000,000 processed] 2,004,937 survivors
     [1,075,000,000 processed] 2,146,982 survivors
     [1,093,500,000 processed] 2,670,146 survivors
     [1,112,500,000 processed] 3,308,488 survivors
     [1,130,500,000 processed] 4,058,159 survivors
     [1,148,500,000 processed] 4,927,527 survivors
     [1,167,500,000 processed] 5,924,118 survivors
     [1,186,000,000 processed] 7,059,033 survivors
     [1,205,500,000 processed] 8,337,421 survivors
     [1,225,000,000 processed] 9,826,620 survivors
     [1,244,000,000 processed] 12,109,291 survivors
     [1,263,500,000 processed] 14,998,914 survivors
     [1,282,500,000 processed] 17,979,594 survivors
     [1,301,000,000 processed] 21,769,122 survivors
     [1,319,500,000 processed] 26,691,501 survivors
     [1,338,000,000 processed] 32,098,290 survivors
     [1,356,500,000 processed] 38,723,368 survivors
     [1,374,500,000 processed] 45,498,214 survivors
     [1,392,500,000 processed] 52,459,861 survivors
     [1,410,000,000 processed] 57,939,088 survivors
     [1,429,000,000 processed] 59,892,666 survivors
     165.07s: pruned asym=149,413,758 test=1,226,900,546 survivors=59,892,667
     min(margin - cell_var - quad_corr) = -0.027825
     BOX CERT: FAIL (increase S)
  59,892,667 survivors — need cascade

======================================================================
ATTEMPT: d0=6, S=200, c_target=1.35
  Compositions: 2,872,408,791
======================================================================

[L0 coarse] d=6, S=200, c_target=1.35
     x_cap=94, compositions=2,872,408,791
     [21,000,000 processed] 0 survivors
     [38,500,000 processed] 0 survivors
     [54,000,000 processed] 0 survivors
     [71,500,000 processed] 0 survivors
     [92,000,000 processed] 0 survivors
     [108,500,000 processed] 0 survivors
     [124,500,000 processed] 0 survivors
     [143,000,000 processed] 0 survivors
     [161,000,000 processed] 0 survivors
     [177,500,000 processed] 0 survivors
     [193,500,000 processed] 0 survivors
     [212,500,000 processed] 0 survivors
     [230,500,000 processed] 0 survivors
     [246,500,000 processed] 0 survivors
     [260,000,000 processed] 0 survivors
     [274,500,000 processed] 0 survivors
     [287,500,000 processed] 0 survivors
     [299,500,000 processed] 0 survivors
     [312,000,000 processed] 87 survivors
     [325,500,000 processed] 87 survivors
     [339,500,000 processed] 87 survivors
     [352,500,000 processed] 87 survivors
     [362,000,000 processed] 705 survivors
     [365,500,000 processed] 1,432 survivors
     [368,000,000 processed] 1,670 survivors
     [370,000,000 processed] 1,670 survivors
     [371,500,000 processed] 1,670 survivors
     [374,000,000 processed] 1,670 survivors
     [375,000,000 processed] 1,670 survivors
     [378,000,000 processed] 1,670 survivors
     [381,000,000 processed] 1,670 survivors
     [383,500,000 processed] 1,670 survivors
     [385,500,000 processed] 1,670 survivors
     [387,500,000 processed] 1,670 survivors
     [393,000,000 processed] 1,670 survivors
     [394,500,000 processed] 1,670 survivors
     [398,500,000 processed] 1,670 survivors
     [401,000,000 processed] 1,670 survivors
     [403,000,000 processed] 1,670 survivors
     [405,500,000 processed] 1,670 survivors
     [408,000,000 processed] 1,670 survivors
     [410,000,000 processed] 1,670 survivors
     [412,500,000 processed] 1,672 survivors
     [413,500,000 processed] 1,729 survivors
     [416,500,000 processed] 3,878 survivors
     [418,000,000 processed] 5,402 survivors
     [419,000,000 processed] 6,368 survivors
     [420,500,000 processed] 7,569 survivors
     [424,000,000 processed] 8,299 survivors
     [426,000,000 processed] 8,299 survivors
     [427,500,000 processed] 8,299 survivors
     [428,500,000 processed] 8,299 survivors
     [430,500,000 processed] 8,299 survivors
     [432,500,000 processed] 8,299 survivors
     [437,500,000 processed] 8,299 survivors
     [441,000,000 processed] 8,299 survivors
     [442,000,000 processed] 8,299 survivors
     [445,000,000 processed] 8,299 survivors
     [446,000,000 processed] 8,299 survivors
     [448,000,000 processed] 8,299 survivors
     [449,500,000 processed] 8,299 survivors
     [452,500,000 processed] 8,299 survivors
     [455,500,000 processed] 8,299 survivors
     [457,500,000 processed] 8,299 survivors
     [460,000,000 processed] 8,299 survivors
     [462,500,000 processed] 8,299 survivors
     [465,500,000 processed] 8,341 survivors
     [468,000,000 processed] 11,130 survivors
     [469,000,000 processed] 13,727 survivors
     [472,500,000 processed] 22,502 survivors
     [474,000,000 processed] 24,530 survivors
     [477,000,000 processed] 24,996 survivors
     [478,500,000 processed] 24,996 survivors
     [481,000,000 processed] 24,996 survivors
     [483,000,000 processed] 24,996 survivors
     [485,500,000 processed] 24,996 survivors
     [488,500,000 processed] 24,996 survivors
     [489,500,000 processed] 24,996 survivors
     [491,500,000 processed] 24,996 survivors
     [493,500,000 processed] 24,996 survivors
     [497,000,000 processed] 24,996 survivors
     [499,000,000 processed] 24,996 survivors
     [501,000,000 processed] 24,996 survivors
     [502,000,000 processed] 24,996 survivors
     [503,000,000 processed] 24,996 survivors
     [506,000,000 processed] 24,996 survivors
     [507,500,000 processed] 24,996 survivors
     [509,000,000 processed] 24,996 survivors
     [510,500,000 processed] 24,996 survivors
     [514,000,000 processed] 25,000 survivors
     [516,000,000 processed] 25,482 survivors
     [517,500,000 processed] 27,534 survivors
     [520,500,000 processed] 43,865 survivors
     [522,500,000 processed] 51,913 survivors
     [523,500,000 processed] 55,033 survivors
     [526,000,000 processed] 58,087 survivors
     [528,500,000 processed] 58,087 survivors
     [530,500,000 processed] 58,087 survivors
     [533,000,000 processed] 58,087 survivors
     [535,000,000 processed] 58,087 survivors
     [536,000,000 processed] 58,087 survivors
     [536,500,000 processed] 58,087 survivors
     [539,500,000 processed] 58,087 survivors
     [541,000,000 processed] 58,087 survivors
     [542,500,000 processed] 58,087 survivors
     [544,500,000 processed] 58,087 survivors
     [547,000,000 processed] 58,087 survivors
     [549,000,000 processed] 58,087 survivors
     [551,000,000 processed] 58,087 survivors
     [552,500,000 processed] 58,087 survivors
     [554,000,000 processed] 58,087 survivors
     [557,500,000 processed] 58,087 survivors
     [562,500,000 processed] 58,147 survivors
     [564,000,000 processed] 58,835 survivors
     [565,000,000 processed] 60,275 survivors
     [567,500,000 processed] 77,189 survivors
     [574,000,000 processed] 114,958 survivors
     [580,000,000 processed] 114,958 survivors
     [586,500,000 processed] 114,958 survivors
     [592,000,000 processed] 114,958 survivors
     [597,500,000 processed] 114,958 survivors
     [602,500,000 processed] 114,958 survivors
     [607,500,000 processed] 114,994 survivors
     [612,500,000 processed] 129,352 survivors
     [618,500,000 processed] 200,160 survivors
     [624,500,000 processed] 204,293 survivors
     [630,500,000 processed] 204,293 survivors
     [636,500,000 processed] 204,293 survivors
     [642,500,000 processed] 204,293 survivors
     [647,500,000 processed] 204,293 survivors
     [652,500,000 processed] 204,711 survivors
     [658,000,000 processed] 259,817 survivors
     [663,500,000 processed] 334,218 survivors
     [669,000,000 processed] 335,218 survivors
     [675,000,000 processed] 335,218 survivors
     [680,500,000 processed] 335,218 survivors
     [686,000,000 processed] 335,218 survivors
     [692,500,000 processed] 335,235 survivors
     [698,000,000 processed] 354,403 survivors
     [704,000,000 processed] 498,593 survivors
     [710,000,000 processed] 517,437 survivors
     [716,500,000 processed] 517,437 survivors
     [718,500,000 processed] 517,437 survivors
     [719,500,000 processed] 517,437 survivors
     [721,000,000 processed] 517,437 survivors
     [724,000,000 processed] 517,437 survivors
     [726,500,000 processed] 517,437 survivors
     [729,000,000 processed] 517,437 survivors
     [730,500,000 processed] 517,437 survivors
     [733,000,000 processed] 517,499 survivors
     [735,500,000 processed] 520,763 survivors
     [737,500,000 processed] 532,815 survivors
     [739,000,000 processed] 563,730 survivors
     [741,500,000 processed] 657,078 survivors
     [743,000,000 processed] 710,884 survivors
     [745,000,000 processed] 746,696 survivors
     [745,500,000 processed] 753,252 survivors
     [746,500,000 processed] 760,182 survivors
     [750,000,000 processed] 760,976 survivors
     [751,500,000 processed] 760,976 survivors
     [752,500,000 processed] 760,976 survivors
     [753,500,000 processed] 760,976 survivors
     [759,500,000 processed] 760,976 survivors
     [767,500,000 processed] 760,976 survivors
     [773,500,000 processed] 762,854 survivors
     [775,500,000 processed] 776,749 survivors
     [776,500,000 processed] 790,216 survivors
     [779,500,000 processed] 913,081 survivors
     [781,500,000 processed] 1,007,949 survivors
     [783,000,000 processed] 1,043,758 survivors
     [785,000,000 processed] 1,074,396 survivors
     [786,500,000 processed] 1,075,555 survivors
     [790,000,000 processed] 1,075,555 survivors
     [792,000,000 processed] 1,075,555 survivors
     [794,000,000 processed] 1,075,555 survivors
     [797,000,000 processed] 1,075,555 survivors
     [799,500,000 processed] 1,075,555 survivors
     [800,500,000 processed] 1,075,555 survivors
     [803,000,000 processed] 1,075,555 survivors
     [804,000,000 processed] 1,075,555 survivors
     [807,000,000 processed] 1,075,555 survivors
     [808,500,000 processed] 1,075,625 survivors
     [811,000,000 processed] 1,081,523 survivors
     [812,500,000 processed] 1,096,682 survivors
     [814,000,000 processed] 1,134,698 survivors
     [816,000,000 processed] 1,237,596 survivors
     [817,000,000 processed] 1,307,152 survivors
     [820,500,000 processed] 1,444,201 survivors
     [822,500,000 processed] 1,468,466 survivors
     [824,000,000 processed] 1,468,466 survivors
     [826,000,000 processed] 1,468,466 survivors
     [827,000,000 processed] 1,468,466 survivors
     [828,000,000 processed] 1,468,466 survivors
     [844,500,000 processed] 1,470,145 survivors
     [862,500,000 processed] 1,949,427 survivors
     [880,500,000 processed] 1,972,085 survivors
     [898,500,000 processed] 2,530,259 survivors
     [915,500,000 processed] 2,704,241 survivors
     [933,500,000 processed] 3,227,364 survivors
     [950,500,000 processed] 3,941,260 survivors
     [968,500,000 processed] 4,066,504 survivors
     [987,000,000 processed] 5,040,388 survivors
     [1,005,000,000 processed] 5,731,536 survivors
     [1,023,500,000 processed] 6,215,619 survivors
     [1,042,000,000 processed] 7,501,241 survivors
     [1,059,000,000 processed] 8,864,012 survivors
     [1,077,000,000 processed] 9,356,890 survivors
     [1,096,000,000 processed] 10,771,330 survivors
     [1,114,500,000 processed] 12,588,616 survivors
     [1,133,500,000 processed] 14,656,962 survivors
     [1,152,500,000 processed] 16,944,058 survivors
     [1,171,500,000 processed] 19,464,026 survivors
     [1,190,500,000 processed] 22,227,845 survivors
     [1,209,000,000 processed] 25,306,901 survivors
     [1,228,000,000 processed] 29,235,023 survivors
     [1,246,500,000 processed] 34,686,494 survivors
     [1,265,000,000 processed] 39,132,199 survivors
     [1,283,500,000 processed] 45,338,902 survivors
     [1,301,000,000 processed] 51,235,789 survivors
     [1,319,000,000 processed] 59,019,512 survivors
     [1,336,500,000 processed] 67,028,937 survivors
     [1,353,500,000 processed] 74,952,633 survivors
     [1,370,000,000 processed] 83,675,635 survivors
     [1,386,500,000 processed] 92,035,167 survivors
     [1,401,000,000 processed] 98,551,541 survivors
     [1,415,000,000 processed] 103,512,794 survivors
     [1,429,500,000 processed] 105,140,548 survivors
     521.06s: pruned asym=129,760,443 test=1,201,305,824 survivors=105,140,704
     min(margin - cell_var - quad_corr) = -0.028425
     BOX CERT: FAIL (increase S)
  105,140,704 survivors — need cascade

SKIPPING d0=6, S=250: 8,637,487,551 compositions (too many)
