
======================================================================
CPU CASCADE PROVER
  n_half=2, m=20, d0=4, c_target=1.4
  correction=0.102500, effective threshold=1.502500
  L0 compositions: 1,771
  workers: 192 (CPUs: 192)
  max refinement levels: 10
======================================================================

[L0] d=4, m=20, compositions=1,771
     correction=0.102500, threshold=1.502500
     0.09s: 1,771 compositions processed
     asym pruned: 190, test pruned: 356, survivors: 345

[L1] d_parent=4 -> d_child=8, 345 parents
     (parallel: 192 workers, chunksize=1, numba_threads=1)
     [1/345] (0.3%) 0 survivors so far, ETA 1.02h
     [100/345] (29.0%) 6,788 survivors so far, ETA 26.14s
     [200/345] (58.0%) 23,311 survivors so far, ETA 7.86s
     [300/345] (87.0%) 47,446 survivors so far, ETA 1.64s
     [323/345] (93.6%) 49,259 survivors so far, ETA 1.12s
     [343/345] (99.4%) 49,269 survivors so far, ETA 0.13s
     23.83s: 228,405 children (662.0/parent)
     survivors: 48,443 (factor=140.4145x)

[L2] d_parent=8 -> d_child=16, 48,443 parents
     (parallel: 192 workers, chunksize=12, numba_threads=1)
     [1/48443] (0.0%) 0 survivors so far, ETA 106.58h
     [1000/48443] (2.1%) 13 survivors so far, ETA 7.3m
     [2000/48443] (4.1%) 98 survivors so far, ETA 4.0m
     [3000/48443] (6.2%) 7,506 survivors so far, ETA 2.9m
     [4000/48443] (8.3%) 22,702 survivors so far, ETA 2.3m
     [5000/48443] (10.3%) 40,138 survivors so far, ETA 2.0m
     [6000/48443] (12.4%) 49,576 survivors so far, ETA 1.8m
     [7000/48443] (14.4%) 62,097 survivors so far, ETA 1.6m
     [8000/48443] (16.5%) 72,898 survivors so far, ETA 1.5m
     [9000/48443] (18.6%) 80,140 survivors so far, ETA 1.3m
     [10000/48443] (20.6%) 90,528 survivors so far, ETA 1.2m
     [11000/48443] (22.7%) 129,315 survivors so far, ETA 1.2m
     [12000/48443] (24.8%) 200,161 survivors so far, ETA 1.1m
     [13000/48443] (26.8%) 300,446 survivors so far, ETA 1.0m
     [14000/48443] (28.9%) 460,139 survivors so far, ETA 56.14s
     [15000/48443] (31.0%) 594,424 survivors so far, ETA 51.77s
     [16000/48443] (33.0%) 711,338 survivors so far, ETA 47.83s
     [17000/48443] (35.1%) 825,969 survivors so far, ETA 43.89s
     [18000/48443] (37.2%) 976,466 survivors so far, ETA 40.39s
     [19000/48443] (39.2%) 1,054,477 survivors so far, ETA 37.15s
     [20000/48443] (41.3%) 1,176,423 survivors so far, ETA 34.23s
     [21000/48443] (43.3%) 1,322,870 survivors so far, ETA 31.57s
     [22000/48443] (45.4%) 1,374,801 survivors so far, ETA 29.14s
     [23000/48443] (47.5%) 1,483,118 survivors so far, ETA 26.88s
     [24000/48443] (49.5%) 1,574,123 survivors so far, ETA 24.82s
     [25000/48443] (51.6%) 1,627,011 survivors so far, ETA 22.92s
     [26000/48443] (53.7%) 1,752,424 survivors so far, ETA 21.15s
     [27000/48443] (55.7%) 1,916,162 survivors so far, ETA 19.54s
     [28000/48443] (57.8%) 2,042,742 survivors so far, ETA 18.04s
     [29000/48443] (59.9%) 2,402,260 survivors so far, ETA 16.63s
     [30000/48443] (61.9%) 2,879,168 survivors so far, ETA 15.33s
     [31000/48443] (64.0%) 3,209,032 survivors so far, ETA 14.08s
     [32000/48443] (66.1%) 3,501,724 survivors so far, ETA 12.93s
     [33000/48443] (68.1%) 3,958,117 survivors so far, ETA 11.82s
     [34000/48443] (70.2%) 4,326,167 survivors so far, ETA 10.77s
     [35000/48443] (72.2%) 4,638,777 survivors so far, ETA 9.78s
     [36000/48443] (74.3%) 4,840,919 survivors so far, ETA 8.83s
     [37000/48443] (76.4%) 5,203,731 survivors so far, ETA 7.92s
     [38000/48443] (78.4%) 5,422,137 survivors so far, ETA 7.05s
     [39000/48443] (80.5%) 5,653,519 survivors so far, ETA 6.23s
     [40000/48443] (82.6%) 5,923,347 survivors so far, ETA 5.44s
     [41000/48443] (84.6%) 6,121,837 survivors so far, ETA 4.70s
     [42000/48443] (86.7%) 6,337,676 survivors so far, ETA 3.98s
     [43000/48443] (88.8%) 6,727,904 survivors so far, ETA 3.30s
     [44000/48443] (90.8%) 6,994,147 survivors so far, ETA 2.64s
     [45000/48443] (92.9%) 7,221,238 survivors so far, ETA 2.00s
     [46000/48443] (95.0%) 7,367,531 survivors so far, ETA 1.39s
     [47000/48443] (97.0%) 7,444,629 survivors so far, ETA 0.81s
     [48000/48443] (99.1%) 7,497,684 survivors so far, ETA 0.24s
     27.07s: 341,204,198 children (7043.4/parent)
     survivors: 7,499,382 (factor=154.8084x)

[L3] d_parent=16 -> d_child=32, 7,499,382 parents
     (parallel: 192 workers, chunksize=1952, numba_threads=1)

[INTERRUPTED by user]
