
======================================================================
CPU CASCADE PROVER
  n_half=2, m=20, d0=4, c_target=1.4
  correction=0.102500, effective threshold=1.502500
  L0 compositions: 1,771
  workers: 192 (CPUs: 192)
  max refinement levels: 10
======================================================================

[L0] d=4, m=20, compositions=1,771
     correction=0.102500, threshold=1.502500
     0.09s: 1,771 compositions processed
     asym pruned: 190, test pruned: 356, survivors: 345

[L1] d_parent=4 -> d_child=8, 345 parents
     (parallel: 192 workers, chunksize=1, numba_threads=1)
     24.00s: 228,405 children (662.0/parent)
     survivors: 48,443 (factor=140.4145x)

[L2] d_parent=8 -> d_child=16, 48,443 parents
     (parallel: 192 workers, chunksize=12, numba_threads=1)
     [1000/48443] 18 survivors so far, ETA 5.9m
     [2000/48443] 99 survivors so far, ETA 3.3m
     [3000/48443] 9,039 survivors so far, ETA 3.1m
     [4000/48443] 26,470 survivors so far, ETA 2.6m
     [5000/48443] 40,572 survivors so far, ETA 2.3m
     [6000/48443] 48,312 survivors so far, ETA 2.0m
     [7000/48443] 65,969 survivors so far, ETA 1.8m
     [8000/48443] 73,875 survivors so far, ETA 1.6m
     [9000/48443] 82,082 survivors so far, ETA 1.5m
     [10000/48443] 115,292 survivors so far, ETA 1.4m
     [11000/48443] 161,377 survivors so far, ETA 1.3m
     [12000/48443] 244,038 survivors so far, ETA 1.2m
     [13000/48443] 300,617 survivors so far, ETA 1.1m
     [14000/48443] 448,428 survivors so far, ETA 57.63s
     [15000/48443] 618,593 survivors so far, ETA 52.44s
     [16000/48443] 697,407 survivors so far, ETA 47.87s
     [17000/48443] 807,960 survivors so far, ETA 43.84s
     [18000/48443] 962,477 survivors so far, ETA 40.26s
     [19000/48443] 1,043,956 survivors so far, ETA 36.98s
     [20000/48443] 1,168,924 survivors so far, ETA 34.06s
     [21000/48443] 1,296,876 survivors so far, ETA 31.42s
     [22000/48443] 1,351,716 survivors so far, ETA 28.97s
     [23000/48443] 1,489,157 survivors so far, ETA 26.72s
     [24000/48443] 1,536,925 survivors so far, ETA 24.66s
     [25000/48443] 1,617,369 survivors so far, ETA 22.76s
     [26000/48443] 1,767,039 survivors so far, ETA 21.01s
     [27000/48443] 1,950,407 survivors so far, ETA 19.40s
     [28000/48443] 2,148,048 survivors so far, ETA 17.89s
     [29000/48443] 2,515,202 survivors so far, ETA 16.50s
     [30000/48443] 2,899,328 survivors so far, ETA 15.18s
     [31000/48443] 3,144,167 survivors so far, ETA 13.95s
     [32000/48443] 3,386,072 survivors so far, ETA 12.79s
     [33000/48443] 3,898,188 survivors so far, ETA 11.69s
     [34000/48443] 4,301,127 survivors so far, ETA 10.66s
     [35000/48443] 4,747,346 survivors so far, ETA 9.67s
     [36000/48443] 4,934,108 survivors so far, ETA 8.73s
     [37000/48443] 5,203,720 survivors so far, ETA 7.82s
     [38000/48443] 5,495,900 survivors so far, ETA 6.97s
     [39000/48443] 5,693,246 survivors so far, ETA 6.15s
     [40000/48443] 5,924,293 survivors so far, ETA 5.38s
     [41000/48443] 6,113,110 survivors so far, ETA 4.64s
     [42000/48443] 6,351,708 survivors so far, ETA 3.93s
     [43000/48443] 6,708,560 survivors so far, ETA 3.25s
     [44000/48443] 6,958,482 survivors so far, ETA 2.60s
     [45000/48443] 7,214,229 survivors so far, ETA 1.97s
     [46000/48443] 7,365,604 survivors so far, ETA 1.37s
     [47000/48443] 7,434,801 survivors so far, ETA 0.79s
     [48000/48443] 7,497,260 survivors so far, ETA 0.24s
     26.61s: 341,204,198 children (7043.4/parent)
     survivors: 7,499,382 (factor=154.8084x)

[L3] d_parent=16 -> d_child=32, 7,499,382 parents
     (parallel: 192 workers, chunksize=1952, numba_threads=1)

[INTERRUPTED by user]
