===========================================================================
COARSE-GRID SWEEP: Finding parameters to prove C_{1a} >= 1.10
===========================================================================

--- Phase 1: Quick convergence scan ---
  d0     S      c  proven   at  box_ok     L0 net     time
-----------------------------------------------------------------
     Checkpoint saved: data_sweep/checkpoint_L0_survivors.npy (0.00 GB, 5 rows)
   2    50   1.10     YES   L1      no   0.009200    4.60s
     Checkpoint saved: data_sweep/checkpoint_L0_survivors.npy (0.00 GB, 9 rows)
   2   100   1.10     YES   L1      no   0.003700    0.01s
     Checkpoint saved: data_sweep/checkpoint_L0_survivors.npy (0.00 GB, 17 rows)
   2   200   1.10     YES   L1      no   0.000925    0.01s
     Checkpoint saved: data_sweep/checkpoint_L0_survivors.npy (0.00 GB, 25 rows)
   2   300   1.10     YES   L1      no  -0.000004    0.02s
     Checkpoint saved: data_sweep/checkpoint_L0_survivors.npy (0.00 GB, 41 rows)
   2   500   1.10     YES   L1      no  -0.000748    1.51s
     Checkpoint saved: data_sweep/checkpoint_L0_survivors.npy (0.00 GB, 10 rows)
   3    50   1.10     YES   L1      no  -0.015800    0.18s
     Checkpoint saved: data_sweep/checkpoint_L0_survivors.npy (0.00 GB, 42 rows)
   3   100   1.10     YES   L1      no  -0.007963    1.00s
     Checkpoint saved: data_sweep/checkpoint_L0_survivors.npy (0.00 GB, 164 rows)
   3   200   1.10     YES   L1      no  -0.003753    2.70s
     Checkpoint saved: data_sweep/checkpoint_L0_survivors.npy (0.00 GB, 364 rows)
   3   300   1.10     YES   L1      no  -0.002846    3.38s
     Checkpoint saved: data_sweep/checkpoint_L0_survivors.npy (0.00 GB, 1,011 rows)
   3   500   1.10     YES   L1      no  -0.001531    6.36s
   4    50   1.10     YES   L0      no  -0.007200    0.11s
   4   100   1.10     YES   L0      no  -0.005500    0.01s
   4   200   1.10     YES   L0      no  -0.001300    0.05s
   4   300   1.10     YES   L0      no   0.001022    0.10s
   4   500   1.10     YES   L0      no   0.001267    0.35s
   6    50   1.10     YES   L0      no   0.048400    0.28s
     Checkpoint saved: data_sweep/checkpoint_L0_survivors.npy (0.00 GB, 4 rows)
   2    50   1.09     YES   L1      no  -0.003200    0.02s
     Checkpoint saved: data_sweep/checkpoint_L0_survivors.npy (0.00 GB, 8 rows)
   2   100   1.09     YES   L1      no   0.002500    0.01s
     Checkpoint saved: data_sweep/checkpoint_L0_survivors.npy (0.00 GB, 15 rows)
   2   200   1.09     YES   L1      no  -0.000342    0.01s
     Checkpoint saved: data_sweep/checkpoint_L0_survivors.npy (0.00 GB, 22 rows)
   2   300   1.09     YES   L1      no  -0.001293    0.02s
     Checkpoint saved: data_sweep/checkpoint_L0_survivors.npy (0.00 GB, 37 rows)
   2   500   1.09     YES   L1      no   0.000228    1.70s
     Checkpoint saved: data_sweep/checkpoint_L0_survivors.npy (0.00 GB, 9 rows)
   3    50   1.09     YES   L1      no  -0.006000    0.01s
     Checkpoint saved: data_sweep/checkpoint_L0_survivors.npy (0.00 GB, 31 rows)
   3   100   1.09     YES   L1      no  -0.006662    0.03s
     Checkpoint saved: data_sweep/checkpoint_L0_survivors.npy (0.00 GB, 114 rows)
   3   200   1.09     YES   L1      no  -0.003766    2.00s
     Checkpoint saved: data_sweep/checkpoint_L0_survivors.npy (0.00 GB, 256 rows)
   3   300   1.09     YES   L1      no  -0.002696    3.04s
     Checkpoint saved: data_sweep/checkpoint_L0_survivors.npy (0.00 GB, 703 rows)
   3   500   1.09     YES   L1      no  -0.001425    5.79s
   4    50   1.09     YES   L0      no   0.002800    0.01s
   4   100   1.09     YES   L0      no   0.004500    0.01s
   4   200   1.09     YES   L0      no   0.008700    0.05s
   4   300   1.09     YES   L0      no   0.011022    0.12s
   4   500   1.09     YES   L0      no   0.011267    0.63s
   6    50   1.09     YES   L0      no   0.058400    0.18s
     Checkpoint saved: data_sweep/checkpoint_L0_survivors.npy (0.00 GB, 4 rows)
   2    50   1.08     YES   L1      no   0.006800    0.01s
     Checkpoint saved: data_sweep/checkpoint_L0_survivors.npy (0.00 GB, 7 rows)
   2   100   1.08     YES   L1      no   0.001033    0.01s
     Checkpoint saved: data_sweep/checkpoint_L0_survivors.npy (0.00 GB, 13 rows)
   2   200   1.08     YES   L1      no  -0.001875    0.00s
     Checkpoint saved: data_sweep/checkpoint_L0_survivors.npy (0.00 GB, 20 rows)
   2   300   1.08     YES   L1      no   0.001033    0.01s
     Checkpoint saved: data_sweep/checkpoint_L0_survivors.npy (0.00 GB, 33 rows)
   2   500   1.08     YES   L1      no   0.001033    1.73s
     Checkpoint saved: data_sweep/checkpoint_L0_survivors.npy (0.00 GB, 5 rows)
   3    50   1.08     YES   L1      no  -0.012600    0.01s
     Checkpoint saved: data_sweep/checkpoint_L0_survivors.npy (0.00 GB, 19 rows)
   3   100   1.08     YES   L1      no  -0.006150    0.02s
     Checkpoint saved: data_sweep/checkpoint_L0_survivors.npy (0.00 GB, 71 rows)
   3   200   1.08     YES   L1      no  -0.004341    2.51s
     Checkpoint saved: data_sweep/checkpoint_L0_survivors.npy (0.00 GB, 158 rows)
   3   300   1.08     YES   L1      no  -0.002496    3.49s
     Checkpoint saved: data_sweep/checkpoint_L0_survivors.npy (0.00 GB, 434 rows)
   3   500   1.08     YES   L1      no  -0.001649    5.10s
   4    50   1.08     YES   L0      no   0.012800    0.01s
   4   100   1.08     YES   L0      no   0.014500    0.01s
   4   200   1.08     YES   L0      no   0.018700    0.03s
   4   300   1.08     YES   L0      no   0.021022    0.08s
   4   500   1.08     YES   L0      no   0.021267    0.33s
   6    50   1.08     YES   L0      no   0.068400    0.13s

===========================================================================
RESULTS SUMMARY
===========================================================================

No rigorous proofs found (box cert failed everywhere).

Grid-point proofs (48 configs converged):

  Closest to rigorous proof:
    d0=6, S=50, c_target=1.08
    proven at L0, worst box cert net = 0.068400
    Need net >= 0 for rigorous proof (gap = 0.068400)

Results saved to data_sweep/coarse_sweep_20260413_150549.json
