
======================================================================
CPU CASCADE PROVER
  n_half=2, m=20, d0=4, c_target=1.4
  correction=0.102500, effective threshold=1.502500
  L0 compositions: 1,771
  workers: 192 (CPUs: 192)
  max refinement levels: 10
======================================================================

[L0] d=4, m=20, compositions=1,771
     correction=0.102500, threshold=1.502500
     0.09s: 1,771 compositions processed
     asym pruned: 190, test pruned: 356, survivors: 345

[L1] d_parent=4 -> d_child=8, 345 parents
     (parallel: 192 workers, chunksize=1, numba_threads=1)
     [1/345] (0.3%) 0 survivors so far, ETA 51.9m
     [100/345] (29.0%) 6,434 survivors so far, ETA 22.24s
     [200/345] (58.0%) 23,195 survivors so far, ETA 6.64s
     [300/345] (87.0%) 47,908 survivors so far, ETA 1.39s
     [324/345] (93.9%) 49,255 survivors so far, ETA 1.06s
     [337/345] (97.7%) 49,267 survivors so far, ETA 0.52s
     23.70s: 228,405 children (662.0/parent)
     survivors: 48,443 (factor=140.4145x)

[L2] d_parent=8 -> d_child=16, 48,443 parents
     (parallel: 192 workers, chunksize=12, numba_threads=1)
     [73/48443] (0.2%) 0 survivors so far, ETA 55.4m
     [1000/48443] (2.1%) 18 survivors so far, ETA 6.5m
     [2000/48443] (4.1%) 118 survivors so far, ETA 4.1m
     [3000/48443] (6.2%) 8,856 survivors so far, ETA 3.3m
     [4000/48443] (8.3%) 22,143 survivors so far, ETA 2.9m
     [5000/48443] (10.3%) 41,303 survivors so far, ETA 2.4m
     [6000/48443] (12.4%) 49,028 survivors so far, ETA 2.1m
     [7000/48443] (14.4%) 64,288 survivors so far, ETA 1.9m
     [8000/48443] (16.5%) 74,899 survivors so far, ETA 1.8m
     [9000/48443] (18.6%) 81,966 survivors so far, ETA 1.6m
     [10000/48443] (20.6%) 119,221 survivors so far, ETA 1.4m
     [11000/48443] (22.7%) 131,278 survivors so far, ETA 1.3m
     [12000/48443] (24.8%) 250,353 survivors so far, ETA 1.2m
     [13000/48443] (26.8%) 308,510 survivors so far, ETA 1.1m
     [14000/48443] (28.9%) 443,793 survivors so far, ETA 57.22s
     [15000/48443] (31.0%) 621,983 survivors so far, ETA 52.06s
     [16000/48443] (33.0%) 722,015 survivors so far, ETA 47.55s
     [17000/48443] (35.1%) 787,819 survivors so far, ETA 43.55s
     [18000/48443] (37.2%) 956,859 survivors so far, ETA 40.01s
     [19000/48443] (39.2%) 1,040,258 survivors so far, ETA 36.76s
     [20000/48443] (41.3%) 1,154,810 survivors so far, ETA 33.86s
     [21000/48443] (43.3%) 1,286,283 survivors so far, ETA 31.21s
     [22000/48443] (45.4%) 1,344,660 survivors so far, ETA 28.78s
     [23000/48443] (47.5%) 1,460,864 survivors so far, ETA 26.55s
     [24000/48443] (49.5%) 1,549,030 survivors so far, ETA 24.51s
     [25000/48443] (51.6%) 1,622,621 survivors so far, ETA 22.63s
     [26000/48443] (53.7%) 1,768,489 survivors so far, ETA 20.89s
     [27000/48443] (55.7%) 1,998,045 survivors so far, ETA 19.28s
     [28000/48443] (57.8%) 2,192,720 survivors so far, ETA 17.80s
     [29000/48443] (59.9%) 2,519,040 survivors so far, ETA 16.40s
     [30000/48443] (61.9%) 2,955,842 survivors so far, ETA 15.09s
     [31000/48443] (64.0%) 3,195,651 survivors so far, ETA 13.87s
     [32000/48443] (66.1%) 3,482,461 survivors so far, ETA 12.72s
     [33000/48443] (68.1%) 3,995,855 survivors so far, ETA 11.63s
     [34000/48443] (70.2%) 4,309,961 survivors so far, ETA 10.60s
     [35000/48443] (72.2%) 4,686,942 survivors so far, ETA 9.62s
     [36000/48443] (74.3%) 4,896,078 survivors so far, ETA 8.69s
     [37000/48443] (76.4%) 5,236,604 survivors so far, ETA 7.79s
     [38000/48443] (78.4%) 5,511,265 survivors so far, ETA 6.95s
     [39000/48443] (80.5%) 5,673,314 survivors so far, ETA 6.13s
     [40000/48443] (82.6%) 5,940,939 survivors so far, ETA 5.36s
     [41000/48443] (84.6%) 6,161,668 survivors so far, ETA 4.62s
     [42000/48443] (86.7%) 6,381,085 survivors so far, ETA 3.91s
     [43000/48443] (88.8%) 6,747,648 survivors so far, ETA 3.24s
     [44000/48443] (90.8%) 6,991,477 survivors so far, ETA 2.59s
     [45000/48443] (92.9%) 7,199,720 survivors so far, ETA 1.97s
     [46000/48443] (95.0%) 7,363,961 survivors so far, ETA 1.37s
     [47000/48443] (97.0%) 7,434,199 survivors so far, ETA 0.79s
     [48000/48443] (99.1%) 7,493,481 survivors so far, ETA 0.24s
     26.58s: 341,204,198 children (7043.4/parent)
     survivors: 7,499,382 (factor=154.8084x)

[L3] d_parent=16 -> d_child=32, 7,499,382 parents
     (parallel: 192 workers, chunksize=1952, numba_threads=1)

[INTERRUPTED by user]
