===========================================================================
COARSE-GRID SWEEP: Finding parameters to prove C_{1a} >= 1.10
===========================================================================

--- Phase 1: Quick convergence scan ---
  d0     S      c  proven   at  box_ok     L0 net     time
-----------------------------------------------------------------
     Checkpoint saved: data_sweep/checkpoint_L0_survivors.npy (0.00 GB, 5 rows)
   2    50   1.10     YES   L1      no   0.009200    4.63s
     Checkpoint saved: data_sweep/checkpoint_L0_survivors.npy (0.00 GB, 6 rows)
   2    75   1.10     YES   L1      no  -0.001867    0.01s
     Checkpoint saved: data_sweep/checkpoint_L0_survivors.npy (0.00 GB, 9 rows)
   2   100   1.10     YES   L1      no   0.003700    0.02s
     Checkpoint saved: data_sweep/checkpoint_L0_survivors.npy (0.00 GB, 13 rows)
   2   150   1.10     YES   L1      no   0.001852    0.01s
     Checkpoint saved: data_sweep/checkpoint_L0_survivors.npy (0.00 GB, 17 rows)
   2   200   1.10     YES   L1      no   0.000925    0.01s
     Checkpoint saved: data_sweep/checkpoint_L0_survivors.npy (0.00 GB, 25 rows)
   2   300   1.10     YES   L1      no  -0.000004    0.02s
     Checkpoint saved: data_sweep/checkpoint_L0_survivors.npy (0.00 GB, 33 rows)
   2   400   1.10     YES   L1      no  -0.000469    1.64s
     Checkpoint saved: data_sweep/checkpoint_L0_survivors.npy (0.00 GB, 41 rows)
   2   500   1.10     YES   L1      no  -0.000748    1.79s
     Checkpoint saved: data_sweep/checkpoint_L0_survivors.npy (0.00 GB, 62 rows)
   2   750   1.10     YES   L1      no   0.000368    1.48s
     Checkpoint saved: data_sweep/checkpoint_L0_survivors.npy (0.00 GB, 82 rows)
   2  1000   1.10     YES   L1      no  -0.000190    1.78s
     Checkpoint saved: data_sweep/checkpoint_L0_survivors.npy (0.00 GB, 10 rows)
   3    50   1.10     YES   L1      no  -0.015800    0.19s
     Checkpoint saved: data_sweep/checkpoint_L0_survivors.npy (0.00 GB, 25 rows)
   3    75   1.10     YES   L1      no  -0.007133    0.02s
     Checkpoint saved: data_sweep/checkpoint_L0_survivors.npy (0.00 GB, 42 rows)
   3   100   1.10     YES   L1      no  -0.007963    1.46s
     Checkpoint saved: data_sweep/checkpoint_L0_survivors.npy (0.00 GB, 91 rows)
   3   150   1.10     YES   L1      no  -0.005717    1.76s
     Checkpoint saved: data_sweep/checkpoint_L0_survivors.npy (0.00 GB, 164 rows)
   3   200   1.10     YES   L1      no  -0.003753    2.60s
     Checkpoint saved: data_sweep/checkpoint_L0_survivors.npy (0.00 GB, 364 rows)
   3   300   1.10     YES   L1      no  -0.002846    2.99s
     Checkpoint saved: data_sweep/checkpoint_L0_survivors.npy (0.00 GB, 649 rows)
   3   400   1.10     YES   L1      no  -0.001784    4.73s
     Checkpoint saved: data_sweep/checkpoint_L0_survivors.npy (0.00 GB, 1,011 rows)
   3   500   1.10     YES   L1      no  -0.001531    6.49s
     Checkpoint saved: data_sweep/checkpoint_L0_survivors.npy (0.00 GB, 2,271 rows)
   3   750   1.10     YES   L1      no  -0.001135   24.70s
     Checkpoint saved: data_sweep/checkpoint_L0_survivors.npy (0.00 GB, 4,025 rows)
   3  1000   1.10     YES   L1      no  -0.000815   86.96s
   4    50   1.10     YES   L0      no  -0.007200    0.10s
   4    75   1.10     YES   L0      no  -0.004889    0.01s
   4   100   1.10     YES   L0      no  -0.005500    0.01s
   4   150   1.10     YES   L0      no  -0.000622    0.01s
   4   200   1.10     YES   L0      no  -0.001300    0.02s
   4   300   1.10     YES   L0     YES   0.001022    0.07s

*** RIGOROUS PROOF FOUND: d0=4, S=300, c_target=1.1 ***
   4   400   1.10     YES   L0     YES   0.001225    0.16s

*** RIGOROUS PROOF FOUND: d0=4, S=400, c_target=1.1 ***
   4   500   1.10     YES   L0     YES   0.001267    0.36s

*** RIGOROUS PROOF FOUND: d0=4, S=500, c_target=1.1 ***
   6    50   1.10     YES   L0     YES   0.048400    0.25s

*** RIGOROUS PROOF FOUND: d0=6, S=50, c_target=1.1 ***
   6    75   1.10     YES   L0     YES   0.054819    0.79s

*** RIGOROUS PROOF FOUND: d0=6, S=75, c_target=1.1 ***
     Checkpoint saved: data_sweep/checkpoint_L0_survivors.npy (0.00 GB, 4 rows)
   2    50   1.09     YES   L1      no  -0.003200    0.00s
     Checkpoint saved: data_sweep/checkpoint_L0_survivors.npy (0.00 GB, 5 rows)
   2    75   1.09     YES   L1      no  -0.007037    0.00s
     Checkpoint saved: data_sweep/checkpoint_L0_survivors.npy (0.00 GB, 8 rows)
   2   100   1.09     YES   L1      no   0.002500    0.00s
     Checkpoint saved: data_sweep/checkpoint_L0_survivors.npy (0.00 GB, 11 rows)
   2   150   1.09     YES   L1      no  -0.003200    0.00s
     Checkpoint saved: data_sweep/checkpoint_L0_survivors.npy (0.00 GB, 15 rows)
   2   200   1.09     YES   L1      no  -0.000342    0.00s
     Checkpoint saved: data_sweep/checkpoint_L0_survivors.npy (0.00 GB, 22 rows)
   2   300   1.09     YES   L1      no  -0.001293    0.01s
     Checkpoint saved: data_sweep/checkpoint_L0_survivors.npy (0.00 GB, 30 rows)
   2   400   1.09     YES   L1      no   0.001081    0.01s
     Checkpoint saved: data_sweep/checkpoint_L0_survivors.npy (0.00 GB, 37 rows)
   2   500   1.09     YES   L1      no   0.000228    2.15s
     Checkpoint saved: data_sweep/checkpoint_L0_survivors.npy (0.00 GB, 55 rows)
   2   750   1.09     YES   L1      no  -0.000152    1.44s
     Checkpoint saved: data_sweep/checkpoint_L0_survivors.npy (0.00 GB, 73 rows)
   2  1000   1.09     YES   L1      no  -0.000342    1.85s
     Checkpoint saved: data_sweep/checkpoint_L0_survivors.npy (0.00 GB, 9 rows)
   3    50   1.09     YES   L1      no  -0.006000    0.01s
     Checkpoint saved: data_sweep/checkpoint_L0_survivors.npy (0.00 GB, 17 rows)
   3    75   1.09     YES   L1      no  -0.010267    0.02s
     Checkpoint saved: data_sweep/checkpoint_L0_survivors.npy (0.00 GB, 31 rows)
   3   100   1.09     YES   L1      no  -0.006662    0.01s
     Checkpoint saved: data_sweep/checkpoint_L0_survivors.npy (0.00 GB, 67 rows)
   3   150   1.09     YES   L1      no  -0.005000    2.80s
     Checkpoint saved: data_sweep/checkpoint_L0_survivors.npy (0.00 GB, 114 rows)
   3   200   1.09     YES   L1      no  -0.003766    2.18s
     Checkpoint saved: data_sweep/checkpoint_L0_survivors.npy (0.00 GB, 256 rows)
   3   300   1.09     YES   L1      no  -0.002696    3.23s
     Checkpoint saved: data_sweep/checkpoint_L0_survivors.npy (0.00 GB, 450 rows)
   3   400   1.09     YES   L1      no  -0.001860    4.37s
     Checkpoint saved: data_sweep/checkpoint_L0_survivors.npy (0.00 GB, 703 rows)
   3   500   1.09     YES   L1      no  -0.001425    5.65s
     Checkpoint saved: data_sweep/checkpoint_L0_survivors.npy (0.00 GB, 1,570 rows)
   3   750   1.09     YES   L1      no  -0.001122   17.58s
     Checkpoint saved: data_sweep/checkpoint_L0_survivors.npy (0.00 GB, 2,786 rows)
   3  1000   1.09     YES   L1      no  -0.000778   61.40s
   4    50   1.09     YES   L0     YES   0.002800    0.01s

*** RIGOROUS PROOF FOUND: d0=4, S=50, c_target=1.09 ***
   4    75   1.09     YES   L0     YES   0.005111    0.01s

*** RIGOROUS PROOF FOUND: d0=4, S=75, c_target=1.09 ***
   4   100   1.09     YES   L0     YES   0.004500    0.00s

*** RIGOROUS PROOF FOUND: d0=4, S=100, c_target=1.09 ***
   4   150   1.09     YES   L0     YES   0.009378    0.01s

*** RIGOROUS PROOF FOUND: d0=4, S=150, c_target=1.09 ***
   4   200   1.09     YES   L0     YES   0.008700    0.02s

*** RIGOROUS PROOF FOUND: d0=4, S=200, c_target=1.09 ***
   4   300   1.09     YES   L0     YES   0.011022    0.08s

*** RIGOROUS PROOF FOUND: d0=4, S=300, c_target=1.09 ***
   4   400   1.09     YES   L0     YES   0.011225    0.17s

*** RIGOROUS PROOF FOUND: d0=4, S=400, c_target=1.09 ***
   4   500   1.09     YES   L0     YES   0.011267    0.34s

*** RIGOROUS PROOF FOUND: d0=4, S=500, c_target=1.09 ***
   6    50   1.09     YES   L0     YES   0.058400    0.11s

*** RIGOROUS PROOF FOUND: d0=6, S=50, c_target=1.09 ***
   6    75   1.09     YES   L0     YES   0.064819    0.83s

*** RIGOROUS PROOF FOUND: d0=6, S=75, c_target=1.09 ***
     Checkpoint saved: data_sweep/checkpoint_L0_survivors.npy (0.00 GB, 4 rows)
   2    50   1.08     YES   L1      no   0.006800    0.00s
     Checkpoint saved: data_sweep/checkpoint_L0_survivors.npy (0.00 GB, 5 rows)
   2    75   1.08     YES   L1      no   0.002963    0.00s
     Checkpoint saved: data_sweep/checkpoint_L0_survivors.npy (0.00 GB, 7 rows)
   2   100   1.08     YES   L1      no   0.001033    0.00s
     Checkpoint saved: data_sweep/checkpoint_L0_survivors.npy (0.00 GB, 10 rows)
   2   150   1.08     YES   L1      no  -0.000904    0.00s
     Checkpoint saved: data_sweep/checkpoint_L0_survivors.npy (0.00 GB, 13 rows)
   2   200   1.08     YES   L1      no  -0.001875    0.00s
     Checkpoint saved: data_sweep/checkpoint_L0_survivors.npy (0.00 GB, 20 rows)
   2   300   1.08     YES   L1      no   0.001033    0.01s
     Checkpoint saved: data_sweep/checkpoint_L0_survivors.npy (0.00 GB, 26 rows)
   2   400   1.08     YES   L1      no  -0.000419    0.01s
     Checkpoint saved: data_sweep/checkpoint_L0_survivors.npy (0.00 GB, 33 rows)
   2   500   1.08     YES   L1      no   0.001033    2.57s
     Checkpoint saved: data_sweep/checkpoint_L0_survivors.npy (0.00 GB, 49 rows)
   2   750   1.08     YES   L1      no   0.000647    1.63s
     Checkpoint saved: data_sweep/checkpoint_L0_survivors.npy (0.00 GB, 65 rows)
   2  1000   1.08     YES   L1      no   0.000453    1.74s
     Checkpoint saved: data_sweep/checkpoint_L0_survivors.npy (0.00 GB, 5 rows)
   3    50   1.08     YES   L1      no  -0.012600    0.01s
     Checkpoint saved: data_sweep/checkpoint_L0_survivors.npy (0.00 GB, 10 rows)
   3    75   1.08     YES   L1      no  -0.008267    0.01s
     Checkpoint saved: data_sweep/checkpoint_L0_survivors.npy (0.00 GB, 19 rows)
   3   100   1.08     YES   L1      no  -0.006150    0.02s
     Checkpoint saved: data_sweep/checkpoint_L0_survivors.npy (0.00 GB, 40 rows)
   3   150   1.08     YES   L1      no  -0.004067    1.71s
     Checkpoint saved: data_sweep/checkpoint_L0_survivors.npy (0.00 GB, 71 rows)
   3   200   1.08     YES   L1      no  -0.004341    1.79s
     Checkpoint saved: data_sweep/checkpoint_L0_survivors.npy (0.00 GB, 158 rows)
   3   300   1.08     YES   L1      no  -0.002496    2.96s
     Checkpoint saved: data_sweep/checkpoint_L0_survivors.npy (0.00 GB, 278 rows)
   3   400   1.08     YES   L1      no  -0.002163    4.06s
     Checkpoint saved: data_sweep/checkpoint_L0_survivors.npy (0.00 GB, 434 rows)
   3   500   1.08     YES   L1      no  -0.001649    4.88s
     Checkpoint saved: data_sweep/checkpoint_L0_survivors.npy (0.00 GB, 974 rows)
   3   750   1.08     YES   L1      no  -0.001071   12.34s
     Checkpoint saved: data_sweep/checkpoint_L0_survivors.npy (0.00 GB, 1,723 rows)
   3  1000   1.08     YES   L1      no  -0.000864   39.51s
   4    50   1.08     YES   L0     YES   0.012800    0.01s

*** RIGOROUS PROOF FOUND: d0=4, S=50, c_target=1.08 ***
   4    75   1.08     YES   L0     YES   0.015111    0.01s

*** RIGOROUS PROOF FOUND: d0=4, S=75, c_target=1.08 ***
   4   100   1.08     YES   L0     YES   0.014500    0.01s

*** RIGOROUS PROOF FOUND: d0=4, S=100, c_target=1.08 ***
   4   150   1.08     YES   L0     YES   0.019378    0.01s

*** RIGOROUS PROOF FOUND: d0=4, S=150, c_target=1.08 ***
   4   200   1.08     YES   L0     YES   0.018700    0.02s

*** RIGOROUS PROOF FOUND: d0=4, S=200, c_target=1.08 ***
   4   300   1.08     YES   L0     YES   0.021022    0.07s

*** RIGOROUS PROOF FOUND: d0=4, S=300, c_target=1.08 ***
   4   400   1.08     YES   L0     YES   0.021225    0.17s

*** RIGOROUS PROOF FOUND: d0=4, S=400, c_target=1.08 ***
   4   500   1.08     YES   L0     YES   0.021267    0.33s

*** RIGOROUS PROOF FOUND: d0=4, S=500, c_target=1.08 ***
   6    50   1.08     YES   L0     YES   0.068400    0.12s

*** RIGOROUS PROOF FOUND: d0=6, S=50, c_target=1.08 ***
   6    75   1.08     YES   L0     YES   0.074819    0.87s

*** RIGOROUS PROOF FOUND: d0=6, S=75, c_target=1.08 ***
     Checkpoint saved: data_sweep/checkpoint_L0_survivors.npy (0.00 GB, 2 rows)
   2    50   1.05     YES   L1      no  -0.011200    0.01s
     Checkpoint saved: data_sweep/checkpoint_L0_survivors.npy (0.00 GB, 3 rows)
   2    75   1.05     YES   L1      no   0.001200    0.01s
     Checkpoint saved: data_sweep/checkpoint_L0_survivors.npy (0.00 GB, 4 rows)
   2   100   1.05     YES   L1      no  -0.004967    0.01s
     Checkpoint saved: data_sweep/checkpoint_L0_survivors.npy (0.00 GB, 6 rows)
   2   150   1.05     YES   L1      no  -0.002904    0.01s
     Checkpoint saved: data_sweep/checkpoint_L0_survivors.npy (0.00 GB, 8 rows)
   2   200   1.05     YES   L1      no  -0.001875    0.01s
     Checkpoint saved: data_sweep/checkpoint_L0_survivors.npy (0.00 GB, 12 rows)
   2   300   1.05     YES   L1      no  -0.000848    0.01s
     Checkpoint saved: data_sweep/checkpoint_L0_survivors.npy (0.00 GB, 16 rows)
   2   400   1.05     YES   L1      no  -0.000335    0.01s
     Checkpoint saved: data_sweep/checkpoint_L0_survivors.npy (0.00 GB, 20 rows)
   2   500   1.05     YES   L1      no  -0.000028    0.02s
     Checkpoint saved: data_sweep/checkpoint_L0_survivors.npy (0.00 GB, 30 rows)
   2   750   1.05     YES   L1      no   0.000382    0.05s
     Checkpoint saved: data_sweep/checkpoint_L0_survivors.npy (0.00 GB, 40 rows)
   2  1000   1.05     YES   L1      no   0.000586    2.51s
   3    50   1.05     YES   L0      no  -0.002800    0.01s
   3    75   1.05     YES   L0      no  -0.005022    0.01s
   3   100   1.05     YES   L0     YES   0.002200    0.01s

*** RIGOROUS PROOF FOUND: d0=3, S=100, c_target=1.05 ***
   3   150   1.05     YES   L0      no  -0.001733    0.01s
   3   200   1.05     YES   L0     YES   0.000550    0.01s

*** RIGOROUS PROOF FOUND: d0=3, S=200, c_target=1.05 ***
   3   300   1.05     YES   L0      no  -0.000156    0.01s
   3   400   1.05     YES   L0     YES   0.001584    0.01s

*** RIGOROUS PROOF FOUND: d0=3, S=400, c_target=1.05 ***
   3   500   1.05     YES   L0     YES   0.001064    0.01s

*** RIGOROUS PROOF FOUND: d0=3, S=500, c_target=1.05 ***
   3   750   1.05     YES   L0     YES   0.000770    0.01s

*** RIGOROUS PROOF FOUND: d0=3, S=750, c_target=1.05 ***
   3  1000   1.05     YES   L0     YES   0.001357    0.01s

*** RIGOROUS PROOF FOUND: d0=3, S=1000, c_target=1.05 ***
   4    50   1.05     YES   L0     YES   0.042800    0.01s

*** RIGOROUS PROOF FOUND: d0=4, S=50, c_target=1.05 ***
   4    75   1.05     YES   L0     YES   0.045111    0.01s

*** RIGOROUS PROOF FOUND: d0=4, S=75, c_target=1.05 ***
   4   100   1.05     YES   L0     YES   0.044500    0.01s

*** RIGOROUS PROOF FOUND: d0=4, S=100, c_target=1.05 ***
   4   150   1.05     YES   L0     YES   0.049378    0.01s

*** RIGOROUS PROOF FOUND: d0=4, S=150, c_target=1.05 ***
   4   200   1.05     YES   L0     YES   0.048700    0.03s

*** RIGOROUS PROOF FOUND: d0=4, S=200, c_target=1.05 ***
   4   300   1.05     YES   L0     YES   0.051022    0.07s

*** RIGOROUS PROOF FOUND: d0=4, S=300, c_target=1.05 ***
   4   400   1.05     YES   L0     YES   0.051225    0.17s

*** RIGOROUS PROOF FOUND: d0=4, S=400, c_target=1.05 ***
   4   500   1.05     YES   L0     YES   0.051267    0.33s

*** RIGOROUS PROOF FOUND: d0=4, S=500, c_target=1.05 ***
   6    50   1.05     YES   L0     YES   0.098400    0.12s

*** RIGOROUS PROOF FOUND: d0=6, S=50, c_target=1.05 ***
   6    75   1.05     YES   L0     YES   0.104819    0.91s

*** RIGOROUS PROOF FOUND: d0=6, S=75, c_target=1.05 ***

===========================================================================
RESULTS SUMMARY
===========================================================================

*** RIGOROUS PROOFS (box cert passes at all levels): ***
  d0=4, S=300, c_target=1.1, proven at L0, time=0.07s
  d0=4, S=400, c_target=1.1, proven at L0, time=0.16s
  d0=4, S=500, c_target=1.1, proven at L0, time=0.36s
  d0=6, S=50, c_target=1.1, proven at L0, time=0.25s
  d0=6, S=75, c_target=1.1, proven at L0, time=0.79s
  d0=4, S=50, c_target=1.09, proven at L0, time=0.01s
  d0=4, S=75, c_target=1.09, proven at L0, time=0.01s
  d0=4, S=100, c_target=1.09, proven at L0, time=0.00s
  d0=4, S=150, c_target=1.09, proven at L0, time=0.01s
  d0=4, S=200, c_target=1.09, proven at L0, time=0.02s
  d0=4, S=300, c_target=1.09, proven at L0, time=0.08s
  d0=4, S=400, c_target=1.09, proven at L0, time=0.17s
  d0=4, S=500, c_target=1.09, proven at L0, time=0.34s
  d0=6, S=50, c_target=1.09, proven at L0, time=0.11s
  d0=6, S=75, c_target=1.09, proven at L0, time=0.83s
  d0=4, S=50, c_target=1.08, proven at L0, time=0.01s
  d0=4, S=75, c_target=1.08, proven at L0, time=0.01s
  d0=4, S=100, c_target=1.08, proven at L0, time=0.01s
  d0=4, S=150, c_target=1.08, proven at L0, time=0.01s
  d0=4, S=200, c_target=1.08, proven at L0, time=0.02s
  d0=4, S=300, c_target=1.08, proven at L0, time=0.07s
  d0=4, S=400, c_target=1.08, proven at L0, time=0.17s
  d0=4, S=500, c_target=1.08, proven at L0, time=0.33s
  d0=6, S=50, c_target=1.08, proven at L0, time=0.12s
  d0=6, S=75, c_target=1.08, proven at L0, time=0.87s
  d0=3, S=100, c_target=1.05, proven at L0, time=0.01s
  d0=3, S=200, c_target=1.05, proven at L0, time=0.01s
  d0=3, S=400, c_target=1.05, proven at L0, time=0.01s
  d0=3, S=500, c_target=1.05, proven at L0, time=0.01s
  d0=3, S=750, c_target=1.05, proven at L0, time=0.01s
  d0=3, S=1000, c_target=1.05, proven at L0, time=0.01s
  d0=4, S=50, c_target=1.05, proven at L0, time=0.01s
  d0=4, S=75, c_target=1.05, proven at L0, time=0.01s
  d0=4, S=100, c_target=1.05, proven at L0, time=0.01s
  d0=4, S=150, c_target=1.05, proven at L0, time=0.01s
  d0=4, S=200, c_target=1.05, proven at L0, time=0.03s
  d0=4, S=300, c_target=1.05, proven at L0, time=0.07s
  d0=4, S=400, c_target=1.05, proven at L0, time=0.17s
  d0=4, S=500, c_target=1.05, proven at L0, time=0.33s
  d0=6, S=50, c_target=1.05, proven at L0, time=0.12s
  d0=6, S=75, c_target=1.05, proven at L0, time=0.91s

Grid-point proofs (120 configs converged):

  Closest to rigorous proof:
    d0=6, S=75, c_target=1.05
    proven at L0, worst box cert net = 0.104819
    Need net >= 0 for rigorous proof (gap = 0.104819)

Results saved to data_sweep/coarse_sweep_20260413_151229.json
