
======================================================================
DIAGNOSTIC: d0=4, S=20, c_target=1.25
  compositions=1,771
======================================================================
  Pruned: 560, Survived: 56

                      min         p5     median        p95        max
  --------------------------------------------------------------
        margin   0.000000   0.019833   0.240000   0.771667   1.250000
      cell_var   0.013333   0.026667   0.070000   0.180000   0.200000
     quad_corr   0.000000   0.000000   0.007500   0.010000   0.010000
           net  -0.120000  -0.030000   0.162500   0.621125   1.040000

  Box cert: 491 pass, 69 fail (87.7% pass)

  Worst case: margin=0.010000, cv=0.120000, qc=0.010000
  cv_raw = 2.40, S needed ~ 240
  L0 comps at that S: ~2,332,880

======================================================================
DIAGNOSTIC: d0=6, S=20, c_target=1.25
  compositions=53,130
======================================================================
  Pruned: 20,523, Survived: 69

                      min         p5     median        p95        max
  --------------------------------------------------------------
        margin   0.000000   0.078571   0.388000   1.230000   2.500000
      cell_var   0.018000   0.047143   0.126000   0.270000   0.400000
     quad_corr   0.000000   0.000000   0.020000   0.026250   0.026250
           net  -0.162500  -0.008214   0.236071   0.934375   2.075000

  Box cert: 19,287 pass, 1,236 fail (94.0% pass)

  Worst case: margin=0.010000, cv=0.150000, qc=0.022500
  cv_raw = 3.00, S needed ~ 300
  L0 comps at that S: ~20,932,912,560

======================================================================
DIAGNOSTIC: d0=8, S=24, c_target=1.25
  compositions=2,629,575
======================================================================
  Pruned: 1,089,966, Survived: 19

                      min         p5     median        p95        max
  --------------------------------------------------------------
        margin   0.000000   0.145062   0.472222   1.333333   3.750000
      cell_var   0.000000   0.061728   0.150794   0.314815   0.486111
     quad_corr   0.000000   0.006944   0.027778   0.036111   0.036111
           net  -0.277778   0.038889   0.286706   1.006944   3.273148

  Box cert: 1,069,343 pass, 20,623 fail (98.1% pass)

  Worst case has zero/negative margin — cannot fix with S

======================================================================
DIAGNOSTIC: d0=4, S=20, c_target=1.28
  compositions=1,771
======================================================================
  Pruned: 601, Survived: 90

                      min         p5     median        p95        max
  --------------------------------------------------------------
        margin   0.000000   0.020000   0.270000   0.960000   1.280000
      cell_var   0.013333   0.028000   0.075000   0.180000   0.200000
     quad_corr   0.000000   0.000000   0.007500   0.010000   0.010000
           net  -0.130000  -0.036000   0.162500   0.770000   1.120000

  Box cert: 517 pass, 84 fail (86.0% pass)

  Worst case has zero/negative margin — cannot fix with S

======================================================================
DIAGNOSTIC: d0=6, S=20, c_target=1.28
  compositions=53,130
======================================================================
  Pruned: 22,316, Survived: 226

                      min         p5     median        p95        max
  --------------------------------------------------------------
        margin   0.000000   0.058563   0.390000   1.255000   2.560000
      cell_var   0.020000   0.051429   0.138000   0.280000   0.400000
     quad_corr   0.000000   0.000000   0.018750   0.026250   0.026250
           net  -0.252500  -0.027500   0.227500   1.022500   2.320000

  Box cert: 20,358 pass, 1,958 fail (91.2% pass)

  Worst case: margin=0.010000, cv=0.240000, qc=0.022500
  cv_raw = 4.80, S needed ~ 480
  L0 comps at that S: ~216,792,672,096

======================================================================
DIAGNOSTIC: d0=8, S=24, c_target=1.28
  compositions=2,629,575
======================================================================
  Pruned: 1,175,736, Survived: 489

                      min         p5     median        p95        max
  --------------------------------------------------------------
        margin   0.000303   0.120000   0.466032   1.442222   3.733889
      cell_var   0.000000   0.061728   0.157407   0.319444   0.486111
     quad_corr   0.000000   0.006944   0.027778   0.036111   0.036111
           net  -0.293889   0.011667   0.270926   1.118148   3.470000

  Box cert: 1,131,123 pass, 44,613 fail (96.2% pass)

  Worst case: margin=0.007037, cv=0.287037, qc=0.013889
  cv_raw = 6.89, S needed ~ 979
  L0 comps at that S: ~174,720,382,978,592,220

======================================================================
DIAGNOSTIC: d0=4, S=20, c_target=1.3
  compositions=1,771
======================================================================
  Pruned: 584, Survived: 117

                      min         p5     median        p95        max
  --------------------------------------------------------------
        margin   0.000000   0.016600   0.275000   0.950000   1.260000
      cell_var   0.013333   0.028000   0.080000   0.180000   0.200000
     quad_corr   0.000000   0.000000   0.007500   0.010000   0.010000
           net  -0.145000  -0.036667   0.162500   0.796417   1.100000

  Box cert: 494 pass, 90 fail (84.6% pass)

  Worst case has zero/negative margin — cannot fix with S

======================================================================
DIAGNOSTIC: d0=6, S=20, c_target=1.3
  compositions=53,130
======================================================================
  Pruned: 22,436, Survived: 451

                      min         p5     median        p95        max
  --------------------------------------------------------------
        margin   0.000000   0.050000   0.380000   1.235000   2.540000
      cell_var   0.021429   0.051429   0.140000   0.285000   0.400000
     quad_corr   0.000000   0.000000   0.018750   0.026250   0.026250
           net  -0.240000  -0.038929   0.215000   1.032500   2.300000

  Box cert: 20,066 pass, 2,370 fail (89.4% pass)

  Worst case: margin=0.030000, cv=0.260000, qc=0.010000
  cv_raw = 5.20, S needed ~ 173
  L0 comps at that S: ~1,407,057,960

======================================================================
DIAGNOSTIC: d0=8, S=24, c_target=1.3
  compositions=2,629,575
======================================================================
  Pruned: 1,174,641, Survived: 1,584

                      min         p5     median        p95        max
  --------------------------------------------------------------
        margin   0.000000   0.100000   0.446032   1.422222   3.713889
      cell_var   0.000000   0.062500   0.157407   0.319444   0.486111
     quad_corr   0.000000   0.006944   0.027778   0.036111   0.036111
           net  -0.300000  -0.006790   0.252083   1.102778   3.450000

  Box cert: 1,107,813 pass, 66,828 fail (94.3% pass)

  Worst case: margin=0.033333, cv=0.305556, qc=0.027778
  cv_raw = 7.33, S needed ~ 220
  L0 comps at that S: ~5,612,862,554,520
