=== START 2026-04-18T20:43:08Z ===
========================================================================
  d=16 L3 MOSEK wall-time estimator  (NO d=16 build)
  started: 2026-04-18T20:43:09
  host   : df974e3bdcb9  (x86_64, Linux)
  cpu    : 192 threads visible
  mode   : z2_bd   tol=1e-06   order=forceGraphpar
========================================================================

[calib] d=4 order=3 mode=z2_bd n_bisect=3

============================================================
MOSEK-tuned full Lasserre: d=4 L3 mode=z2_bd
============================================================
  d=4, order=3 (degree 6)
  windows=28, basis=35, loc_basis=15, moments=210
  Base PSD cones: 5 (1x35^2 + 4x15^2)
  ab_eiej_idx: (15, 15, 4, 4), 3600/3600 valid
  Precompute: 0.00s
  Build: n_y=210, n_basis=35, n_loc=15, n_consist=126, n_z2_eq=100, n_win_psd=28, build_time=0.08s
  Block-diag moment: 35 -> sym 19 + anti 16
  Tuning: {'solve_form': 'dual', 'basis': 'never', 'tol': 1e-06, 'presolve_lindep': 'on', 'order_method': 'forcegraphpar', 'num_threads': 96, 'max_iterations': 1600, 'scaling': 'free'}
[MOSEK] Problem
[MOSEK]   Name                   : lasserre_full   
[MOSEK]   Objective sense        : minimize        
[MOSEK]   Type                   : CONIC (conic optimization problem)
[MOSEK]   Constraints            : 255             
[MOSEK]   Affine conic cons.     : 38 (4646 rows)
[MOSEK]   Disjunctive cons.      : 0               
[MOSEK]   Cones                  : 0               
[MOSEK]   Scalar variables       : 211             
[MOSEK]   Matrix variables       : 0               
[MOSEK]   Integer variables      : 0               
[MOSEK] 
[MOSEK] Optimizer started.
[MOSEK] Presolve started.
[MOSEK] Linear dependency checker started.
[MOSEK] Linear dependency checker terminated.
[MOSEK] Eliminator started.
[MOSEK] Freed constraints in eliminator : 59
[MOSEK] Eliminator terminated.
[MOSEK] Eliminator - tries                  : 1                 time                   : 0.00            
[MOSEK] Lin. dep.  - tries                  : 1                 time                   : 0.00            
[MOSEK] Lin. dep.  - primal attempts        : 1                 successes              : 1               
[MOSEK] Lin. dep.  - dual attempts          : 0                 successes              : 0               
[MOSEK] Lin. dep.  - primal deps.           : 60                dual deps.             : 0               
[MOSEK] Presolve terminated. Time: 0.00    
[MOSEK] Optimizer  - threads                : 96              
[MOSEK] Optimizer  - solved problem         : the primal      
[MOSEK] Optimizer  - Constraints            : 4767            
[MOSEK] Optimizer  - Cones                  : 0               
[MOSEK] Optimizer  - Scalar variables       : 164               conic                  : 0               
[MOSEK] Optimizer  - Semi-definite variables: 38                scalarized             : 4646            
[MOSEK] Factor     - setup time             : 0.11            
[MOSEK] Factor     - dense det. time        : 0.02              GP order time          : 0.01            
[MOSEK] Factor     - nonzeros before factor : 3.10e+05          after factor           : 5.91e+05        
[MOSEK] Factor     - dense dim.             : 150               flops                  : 8.10e+07        
[MOSEK] Factor     - GP saved nzs           : 0                 GP saved flops         : 0.00e+00        
[MOSEK] ITE PFEAS    DFEAS    GFEAS    PRSTATUS   POBJ              DOBJ              MU       TIME  
[MOSEK] 0   1.0e+00  1.0e+00  1.0e+00  0.00e+00   0.000000000e+00   0.000000000e+00   1.0e+00  0.12  
[MOSEK] 1   2.3e-01  2.3e-01  5.3e-02  1.82e+00   0.000000000e+00   -5.278109306e-02  2.3e-01  0.13  
[MOSEK] 2   6.1e-02  6.1e-02  3.7e-03  2.44e+00   0.000000000e+00   -8.991001287e-03  6.1e-02  0.15  
[MOSEK] 3   1.4e-02  1.4e-02  1.8e-04  1.82e+00   0.000000000e+00   -1.631234549e-03  1.4e-02  0.16  
[MOSEK] 4   3.1e-03  7.8e-03  1.4e-05  1.67e+00   0.000000000e+00   -2.515231465e-04  3.2e-03  0.18  
[MOSEK] 5   6.1e-04  6.5e-03  1.0e-06  1.47e+00   0.000000000e+00   -3.785365309e-05  6.2e-04  0.19  
[MOSEK] 6   2.5e-04  9.8e-03  1.7e-07  1.51e+00   0.000000000e+00   -1.138295417e-05  2.2e-04  0.21  
[MOSEK] 7   4.2e-05  2.0e-03  1.2e-08  1.06e+00   0.000000000e+00   -1.883970337e-06  4.3e-05  0.22  
[MOSEK] 8   9.0e-06  3.9e-04  1.2e-09  9.88e-01   0.000000000e+00   -4.049282202e-07  8.9e-06  0.24  
[MOSEK] 9   1.7e-06  7.1e-05  1.0e-10  9.99e-01   0.000000000e+00   -7.659811029e-08  1.7e-06  0.25  
[MOSEK] 10  1.6e-07  6.1e-06  2.2e-12  9.50e-01   0.000000000e+00   -7.208488551e-09  1.1e-07  0.27  
[MOSEK] Optimizer terminated. Time: 0.27    
[MOSEK] 
[MOSEK] 
[MOSEK] Interior-point solution summary
[MOSEK]   Problem status  : PRIMAL_AND_DUAL_FEASIBLE
[MOSEK]   Solution status : OPTIMAL
[MOSEK]   Primal.  obj: 0.0000000000e+00    nrm: 1e+00    Viol.  con: 9e-09    var: 0e+00    acc: 3e-09  
[MOSEK]   Dual.    obj: -7.2084888091e-09   nrm: 1e+01    Viol.  con: 2e-09    var: 3e-07    acc: 7e-09  

  hi probe: t=1.152330 -> feas Optimal/Optimal (0.30s)
[MOSEK] Problem
[MOSEK]   Name                   : lasserre_full   
[MOSEK]   Objective sense        : minimize        
[MOSEK]   Type                   : CONIC (conic optimization problem)
[MOSEK]   Constraints            : 255             
[MOSEK]   Affine conic cons.     : 38 (4646 rows)
[MOSEK]   Disjunctive cons.      : 0               
[MOSEK]   Cones                  : 0               
[MOSEK]   Scalar variables       : 211             
[MOSEK]   Matrix variables       : 0               
[MOSEK]   Integer variables      : 0               
[MOSEK] 
[MOSEK] Optimizer started.
[MOSEK] Presolve started.
[MOSEK] Linear dependency checker started.
[MOSEK] Linear dependency checker terminated.
[MOSEK] Eliminator started.
[MOSEK] Freed constraints in eliminator : 59
[MOSEK] Eliminator terminated.
[MOSEK] Eliminator - tries                  : 1                 time                   : 0.00            
[MOSEK] Lin. dep.  - tries                  : 1                 time                   : 0.00            
[MOSEK] Lin. dep.  - primal attempts        : 1                 successes              : 1               
[MOSEK] Lin. dep.  - dual attempts          : 0                 successes              : 0               
[MOSEK] Lin. dep.  - primal deps.           : 60                dual deps.             : 0               
[MOSEK] Presolve terminated. Time: 0.00    
[MOSEK] Optimizer  - threads                : 96              
[MOSEK] Optimizer  - solved problem         : the primal      
[MOSEK] Optimizer  - Constraints            : 4767            
[MOSEK] Optimizer  - Cones                  : 0               
[MOSEK] Optimizer  - Scalar variables       : 164               conic                  : 0               
[MOSEK] Optimizer  - Semi-definite variables: 38                scalarized             : 4646            
[MOSEK] Factor     - setup time             : 0.11            
[MOSEK] Factor     - dense det. time        : 0.02              GP order time          : 0.01            
[MOSEK] Factor     - nonzeros before factor : 3.10e+05          after factor           : 5.91e+05        
[MOSEK] Factor     - dense dim.             : 150               flops                  : 8.10e+07        
[MOSEK] Factor     - GP saved nzs           : 0                 GP saved flops         : 0.00e+00        
[MOSEK] ITE PFEAS    DFEAS    GFEAS    PRSTATUS   POBJ              DOBJ              MU       TIME  
[MOSEK] 0   1.0e+00  1.0e+00  1.0e+00  0.00e+00   0.000000000e+00   0.000000000e+00   1.0e+00  0.12  
[MOSEK] 1   2.3e-01  2.3e-01  1.2e-01  8.75e-01   0.000000000e+00   1.984195033e-02   2.3e-01  0.13  
[MOSEK] 2   2.4e-02  2.4e-02  1.0e-01  -6.49e-01  0.000000000e+00   1.598110514e+01   2.4e-02  0.15  
[MOSEK] 3   1.1e-06  8.4e-05  2.9e-04  -9.00e-01  0.000000000e+00   7.540521890e+04   1.1e-06  0.16  
[MOSEK] 4   1.9e-14  5.8e-09  1.6e-08  -1.00e+00  0.000000000e+00   3.662592078e+12   1.9e-14  0.18  
[MOSEK] 5   3.7e-22  1.0e-13  2.8e-08  -1.00e+00  0.000000000e+00   2.366790426e-01   4.8e-23  0.19  
[MOSEK] Optimizer terminated. Time: 0.19    
[MOSEK] 
[MOSEK] 
[MOSEK] Interior-point solution summary
[MOSEK]   Problem status  : PRIMAL_INFEASIBLE
[MOSEK]   Solution status : PRIMAL_INFEASIBLE_CER
[MOSEK]   Dual.    obj: 2.3667904257e-01    nrm: 2e+02    Viol.  con: 6e-17    var: 1e-13    acc: 0e+00  
  [1/3] t=0.82616500  infeas Undefined/Certificate                    (0.19s)  [0.826165, 1.152330]
[MOSEK] Problem
[MOSEK]   Name                   : lasserre_full   
[MOSEK]   Objective sense        : minimize        
[MOSEK]   Type                   : CONIC (conic optimization problem)
[MOSEK]   Constraints            : 255             
[MOSEK]   Affine conic cons.     : 38 (4646 rows)
[MOSEK]   Disjunctive cons.      : 0               
[MOSEK]   Cones                  : 0               
[MOSEK]   Scalar variables       : 211             
[MOSEK]   Matrix variables       : 0               
[MOSEK]   Integer variables      : 0               
[MOSEK] 
[MOSEK] Optimizer started.
[MOSEK] Presolve started.
[MOSEK] Linear dependency checker started.
[MOSEK] Linear dependency checker terminated.
[MOSEK] Eliminator started.
[MOSEK] Freed constraints in eliminator : 59
[MOSEK] Eliminator terminated.
[MOSEK] Eliminator - tries                  : 1                 time                   : 0.00            
[MOSEK] Lin. dep.  - tries                  : 1                 time                   : 0.00            
[MOSEK] Lin. dep.  - primal attempts        : 1                 successes              : 1               
[MOSEK] Lin. dep.  - dual attempts          : 0                 successes              : 0               
[MOSEK] Lin. dep.  - primal deps.           : 60                dual deps.             : 0               
[MOSEK] Presolve terminated. Time: 0.00    
[MOSEK] Optimizer  - threads                : 96              
[MOSEK] Optimizer  - solved problem         : the primal      
[MOSEK] Optimizer  - Constraints            : 4767            
[MOSEK] Optimizer  - Cones                  : 0               
[MOSEK] Optimizer  - Scalar variables       : 164               conic                  : 0               
[MOSEK] Optimizer  - Semi-definite variables: 38                scalarized             : 4646            
[MOSEK] Factor     - setup time             : 0.11            
[MOSEK] Factor     - dense det. time        : 0.02              GP order time          : 0.01            
[MOSEK] Factor     - nonzeros before factor : 3.10e+05          after factor           : 5.91e+05        
[MOSEK] Factor     - dense dim.             : 150               flops                  : 8.10e+07        
[MOSEK] Factor     - GP saved nzs           : 0                 GP saved flops         : 0.00e+00        
[MOSEK] ITE PFEAS    DFEAS    GFEAS    PRSTATUS   POBJ              DOBJ              MU       TIME  
[MOSEK] 0   1.0e+00  1.0e+00  1.0e+00  0.00e+00   0.000000000e+00   0.000000000e+00   1.0e+00  0.12  
[MOSEK] 1   2.2e-01  2.2e-01  5.8e-02  1.73e+00   0.000000000e+00   -4.691027389e-02  2.2e-01  0.13  
[MOSEK] 2   1.1e-01  1.1e-01  3.2e-02  1.13e+00   0.000000000e+00   6.668569062e-03   1.1e-01  0.15  
[MOSEK] 3   6.9e-03  6.9e-03  4.9e-03  5.07e-02   0.000000000e+00   4.504857209e-01   6.9e-03  0.17  
[MOSEK] 4   1.2e-05  4.9e-04  2.4e-04  -9.78e-01  0.000000000e+00   4.123803056e+02   1.2e-05  0.18  
[MOSEK] 5   1.6e-12  5.5e-07  8.4e-08  -1.00e+00  0.000000000e+00   2.861289160e+09   1.6e-12  0.20  
[MOSEK] 6   1.1e-19  3.1e-13  2.6e-06  -1.00e+00  0.000000000e+00   7.304178975e+16   5.5e-20  0.21  
[MOSEK] 7   2.5e-31  4.4e-15  3.8e-09  -1.00e+00  0.000000000e+00   7.585441713e-02   1.3e-32  0.23  
[MOSEK] Optimizer terminated. Time: 0.23    
[MOSEK] 
[MOSEK] 
[MOSEK] Interior-point solution summary
[MOSEK]   Problem status  : PRIMAL_INFEASIBLE
[MOSEK]   Solution status : PRIMAL_INFEASIBLE_CER
[MOSEK]   Dual.    obj: 7.5854417134e-02    nrm: 1e+02    Viol.  con: 3e-17    var: 2e-13    acc: 0e+00  
  [2/3] t=0.98924750  infeas Undefined/Certificate                    (0.23s)  [0.989248, 1.152330]
[MOSEK] Problem
[MOSEK]   Name                   : lasserre_full   
[MOSEK]   Objective sense        : minimize        
[MOSEK]   Type                   : CONIC (conic optimization problem)
[MOSEK]   Constraints            : 255             
[MOSEK]   Affine conic cons.     : 38 (4646 rows)
[MOSEK]   Disjunctive cons.      : 0               
[MOSEK]   Cones                  : 0               
[MOSEK]   Scalar variables       : 211             
[MOSEK]   Matrix variables       : 0               
[MOSEK]   Integer variables      : 0               
[MOSEK] 
[MOSEK] Optimizer started.
[MOSEK] Presolve started.
[MOSEK] Linear dependency checker started.
[MOSEK] Linear dependency checker terminated.
[MOSEK] Eliminator started.
[MOSEK] Freed constraints in eliminator : 59
[MOSEK] Eliminator terminated.
[MOSEK] Eliminator - tries                  : 1                 time                   : 0.00            
[MOSEK] Lin. dep.  - tries                  : 1                 time                   : 0.00            
[MOSEK] Lin. dep.  - primal attempts        : 1                 successes              : 1               
[MOSEK] Lin. dep.  - dual attempts          : 0                 successes              : 0               
[MOSEK] Lin. dep.  - primal deps.           : 60                dual deps.             : 0               
[MOSEK] Presolve terminated. Time: 0.00    
[MOSEK] Optimizer  - threads                : 96              
[MOSEK] Optimizer  - solved problem         : the primal      
[MOSEK] Optimizer  - Constraints            : 4767            
[MOSEK] Optimizer  - Cones                  : 0               
[MOSEK] Optimizer  - Scalar variables       : 164               conic                  : 0               
[MOSEK] Optimizer  - Semi-definite variables: 38                scalarized             : 4646            
[MOSEK] Factor     - setup time             : 0.11            
[MOSEK] Factor     - dense det. time        : 0.02              GP order time          : 0.01            
[MOSEK] Factor     - nonzeros before factor : 3.10e+05          after factor           : 5.91e+05        
[MOSEK] Factor     - dense dim.             : 150               flops                  : 8.10e+07        
[MOSEK] Factor     - GP saved nzs           : 0                 GP saved flops         : 0.00e+00        
[MOSEK] ITE PFEAS    DFEAS    GFEAS    PRSTATUS   POBJ              DOBJ              MU       TIME  
[MOSEK] 0   1.0e+00  1.0e+00  1.0e+00  0.00e+00   0.000000000e+00   0.000000000e+00   1.0e+00  0.12  
[MOSEK] 1   2.3e-01  2.3e-01  5.8e-02  1.85e+00   0.000000000e+00   -4.158664763e-02  2.3e-01  0.13  
[MOSEK] 2   5.8e-02  5.8e-02  5.4e-03  2.21e+00   0.000000000e+00   -5.962115803e-03  5.8e-02  0.15  
[MOSEK] 3   1.5e-02  1.5e-02  6.4e-04  1.41e+00   0.000000000e+00   -1.470136880e-03  1.5e-02  0.17  
[MOSEK] 4   2.5e-03  9.1e-03  3.0e-04  -5.72e-02  0.000000000e+00   8.666547716e-03   2.5e-03  0.19  
[MOSEK] 5   1.7e-05  1.6e-04  1.9e-05  -8.43e-01  0.000000000e+00   1.236595989e+00   1.7e-05  0.20  
[MOSEK] 6   1.6e-10  7.8e-06  5.7e-08  -9.99e-01  0.000000000e+00   1.238269826e+05   1.6e-10  0.22  
[MOSEK] 7   1.3e-17  9.8e-11  1.3e-08  -1.00e+00  0.000000000e+00   1.301038203e+12   1.3e-17  0.23  
[MOSEK] 8   3.8e-24  2.5e-13  9.1e-05  -1.00e+00  0.000000000e+00   4.112914179e+20   3.1e-26  0.26  
[MOSEK] 9   1.4e-37  1.1e-14  1.5e-01  -1.00e+00  0.000000000e+00   3.122070322e+34   4.2e-40  0.27  
[MOSEK] 10  1.4e-37  1.1e-14  1.5e-01  -1.00e+00  0.000000000e+00   3.122070322e+34   4.2e-40  0.30  
[MOSEK] 11  1.4e-37  1.1e-14  1.5e-01  -1.00e+00  0.000000000e+00   3.122070322e+34   4.2e-40  0.32  
[MOSEK] Optimizer terminated. Time: 0.35    
[MOSEK] 
[MOSEK] 
[MOSEK] Interior-point solution summary
[MOSEK]   Problem status  : PRIMAL_INFEASIBLE
[MOSEK]   Solution status : PRIMAL_INFEASIBLE_CER
[MOSEK]   Dual.    obj: 6.1400987530e-03    nrm: 7e+02    Viol.  con: 1e-17    var: 5e-13    acc: 0e+00  
  [3/3] t=1.07078875  infeas Undefined/Certificate                    (0.35s)  [1.070789, 1.152330]

  lb=1.070789  gc=69.18%  build=0.08s  avg_solve=0.27s  total_solve=1.07s  n_solves=4
[calib] d=4: n_y=210 n_basis=35  build=0.08s  avg_solve=0.27s  (4 solves, wall=1.2s)

[calib] d=6 order=3 mode=z2_bd n_bisect=3

============================================================
MOSEK-tuned full Lasserre: d=6 L3 mode=z2_bd
============================================================
  d=6, order=3 (degree 6)
  windows=66, basis=84, loc_basis=28, moments=924
  Base PSD cones: 7 (1x84^2 + 6x28^2)
  ab_eiej_idx: (28, 28, 6, 6), 28224/28224 valid
  Precompute: 0.00s
  Build: n_y=924, n_basis=84, n_loc=28, n_consist=462, n_z2_eq=452, n_win_psd=66, build_time=0.91s
  Block-diag moment: 84 -> sym 44 + anti 40
  Tuning: {'solve_form': 'dual', 'basis': 'never', 'tol': 1e-06, 'presolve_lindep': 'on', 'order_method': 'forcegraphpar', 'num_threads': 96, 'max_iterations': 1600, 'scaling': 'free'}
[MOSEK] Problem
[MOSEK]   Name                   : lasserre_full   
[MOSEK]   Objective sense        : minimize        
[MOSEK]   Type                   : CONIC (conic optimization problem)
[MOSEK]   Constraints            : 981             
[MOSEK]   Affine conic cons.     : 80 (33478 rows)
[MOSEK]   Disjunctive cons.      : 0               
[MOSEK]   Cones                  : 0               
[MOSEK]   Scalar variables       : 925             
[MOSEK]   Matrix variables       : 0               
[MOSEK]   Integer variables      : 0               
[MOSEK] 
[MOSEK] Optimizer started.
[MOSEK] Presolve started.
[MOSEK] Linear dependency checker started.
[MOSEK] Linear dependency checker terminated.
[MOSEK] Eliminator started.
[MOSEK] Freed constraints in eliminator : 296
[MOSEK] Eliminator terminated.
[MOSEK] Eliminator started.
[MOSEK] Freed constraints in eliminator : 0
[MOSEK] Eliminator terminated.
[MOSEK] Eliminator - tries                  : 2                 time                   : 0.00            
[MOSEK] Lin. dep.  - tries                  : 1                 time                   : 0.01            
[MOSEK] Lin. dep.  - primal attempts        : 1                 successes              : 1               
[MOSEK] Lin. dep.  - dual attempts          : 0                 successes              : 0               
[MOSEK] Lin. dep.  - primal deps.           : 226               dual deps.             : 0               
[MOSEK] Presolve terminated. Time: 0.04    
[MOSEK] Optimizer  - threads                : 96              
[MOSEK] Optimizer  - solved problem         : the primal      
[MOSEK] Optimizer  - Constraints            : 33914           
[MOSEK] Optimizer  - Cones                  : 0               
[MOSEK] Optimizer  - Scalar variables       : 671               conic                  : 0               
[MOSEK] Optimizer  - Semi-definite variables: 80                scalarized             : 33478           
[MOSEK] Factor     - setup time             : 1.65            
[MOSEK] Factor     - dense det. time        : 0.45              GP order time          : 0.15            
[MOSEK] Factor     - nonzeros before factor : 7.56e+06          after factor           : 1.67e+07        
[MOSEK] Factor     - dense dim.             : 627               flops                  : 9.65e+09        
[MOSEK] Factor     - GP saved nzs           : 0                 GP saved flops         : 0.00e+00        
[MOSEK] ITE PFEAS    DFEAS    GFEAS    PRSTATUS   POBJ              DOBJ              MU       TIME  
[MOSEK] 0   1.0e+00  1.0e+00  1.0e+00  0.00e+00   0.000000000e+00   0.000000000e+00   1.0e+00  1.72  
[MOSEK] 1   2.8e-01  2.8e-01  3.7e-02  1.95e+00   0.000000000e+00   -7.939060097e-02  2.8e-01  1.92  
[MOSEK] 2   8.3e-02  8.3e-02  3.8e-03  2.53e+00   0.000000000e+00   -1.070284173e-02  8.3e-02  2.12  
[MOSEK] ETA: iter 2, mu=8.30e-02, per-iter=1.1s, ~13 iters remain, eta=0.2 min
[MOSEK] 3   2.0e-02  2.0e-02  2.6e-04  2.06e+00   0.000000000e+00   -1.522814542e-03  2.0e-02  2.32  
[MOSEK] ETA: iter 3, mu=2.00e-02, per-iter=0.8s, ~10 iters remain, eta=0.1 min
[MOSEK] 4   4.9e-03  8.5e-03  1.9e-05  1.77e+00   0.000000000e+00   -2.589577776e-04  4.9e-03  2.49  
[MOSEK] ETA: iter 4, mu=4.90e-03, per-iter=0.6s, ~9 iters remain, eta=0.1 min
[MOSEK] 5   1.7e-03  4.0e-03  3.1e-06  1.65e+00   0.000000000e+00   -6.620428075e-05  1.7e-03  2.66  
[MOSEK] ETA: iter 5, mu=1.70e-03, per-iter=0.5s, ~11 iters remain, eta=0.1 min
[MOSEK] 6   6.3e-04  1.3e-02  4.5e-07  1.66e+00   0.000000000e+00   -1.711465242e-05  6.0e-04  2.82  
[MOSEK] ETA: iter 6, mu=6.00e-04, per-iter=0.5s, ~11 iters remain, eta=0.1 min
[MOSEK] 7   4.4e-04  2.6e-02  1.4e-07  2.13e+00   0.000000000e+00   -7.288727673e-06  3.7e-04  2.98  
[MOSEK] ETA: iter 7, mu=3.70e-04, per-iter=0.4s, ~22 iters remain, eta=0.2 min
[MOSEK] 8   9.4e-05  4.0e-03  1.1e-08  7.19e-01   0.000000000e+00   -1.608059549e-06  7.8e-05  3.18  
[MOSEK] ETA: iter 8, mu=7.80e-05, per-iter=0.4s, ~6 iters remain, eta=0.0 min
[MOSEK] 9   1.9e-05  1.2e-03  1.0e-09  9.19e-01   0.000000000e+00   -3.143448636e-07  1.4e-05  3.37  
[MOSEK] ETA: iter 9, mu=1.40e-05, per-iter=0.4s, ~4 iters remain, eta=0.0 min
[MOSEK] 10  3.1e-06  2.1e-04  7.2e-11  1.17e+00   0.000000000e+00   -4.720823822e-08  2.3e-06  3.66  
[MOSEK] ETA: iter 10, mu=2.30e-06, per-iter=0.4s, ~3 iters remain, eta=0.0 min
[MOSEK] 11  2.8e-06  3.0e-04  1.5e-10  2.06e-01   0.000000000e+00   -1.358902506e-07  1.3e-06  3.80  
[MOSEK] ETA: iter 11, mu=1.30e-06, per-iter=0.3s, ~9 iters remain, eta=0.0 min
[MOSEK] 12  1.1e-06  1.0e-04  3.3e-11  1.11e+00   0.000000000e+00   -4.879552428e-08  5.1e-07  3.95  
[MOSEK] ETA: iter 12, mu=5.10e-07, per-iter=0.3s, ~4 iters remain, eta=0.0 min
[MOSEK] 13  4.6e-07  3.6e-05  6.9e-12  1.15e+00   0.000000000e+00   -1.750437018e-08  1.8e-07  4.09  
[MOSEK] ETA: iter 13, mu=1.80e-07, per-iter=0.3s, ~3 iters remain, eta=0.0 min
[MOSEK] Optimizer terminated. Time: 4.09    
[MOSEK] 
[MOSEK] 
[MOSEK] Interior-point solution summary
[MOSEK]   Problem status  : PRIMAL_AND_DUAL_FEASIBLE
[MOSEK]   Solution status : OPTIMAL
[MOSEK]   Primal.  obj: 0.0000000000e+00    nrm: 1e+00    Viol.  con: 2e-08    var: 0e+00    acc: 4e-09  
[MOSEK]   Dual.    obj: -1.7504370565e-08   nrm: 6e+01    Viol.  con: 3e-09    var: 1e-06    acc: 2e-08  

  hi probe: t=1.221100 -> feas Optimal/Optimal (4.10s)
[MOSEK] Problem
[MOSEK]   Name                   : lasserre_full   
[MOSEK]   Objective sense        : minimize        
[MOSEK]   Type                   : CONIC (conic optimization problem)
[MOSEK]   Constraints            : 981             
[MOSEK]   Affine conic cons.     : 80 (33478 rows)
[MOSEK]   Disjunctive cons.      : 0               
[MOSEK]   Cones                  : 0               
[MOSEK]   Scalar variables       : 925             
[MOSEK]   Matrix variables       : 0               
[MOSEK]   Integer variables      : 0               
[MOSEK] 
[MOSEK] Optimizer started.
[MOSEK] Presolve started.
[MOSEK] Linear dependency checker started.
[MOSEK] Linear dependency checker terminated.
[MOSEK] Eliminator started.
[MOSEK] Freed constraints in eliminator : 296
[MOSEK] Eliminator terminated.
[MOSEK] Eliminator started.
[MOSEK] Freed constraints in eliminator : 0
[MOSEK] Eliminator terminated.
[MOSEK] Eliminator - tries                  : 2                 time                   : 0.00            
[MOSEK] Lin. dep.  - tries                  : 1                 time                   : 0.01            
[MOSEK] Lin. dep.  - primal attempts        : 1                 successes              : 1               
[MOSEK] Lin. dep.  - dual attempts          : 0                 successes              : 0               
[MOSEK] Lin. dep.  - primal deps.           : 226               dual deps.             : 0               
[MOSEK] Presolve terminated. Time: 0.05    
[MOSEK] Optimizer  - threads                : 96              
[MOSEK] Optimizer  - solved problem         : the primal      
[MOSEK] Optimizer  - Constraints            : 33914           
[MOSEK] Optimizer  - Cones                  : 0               
[MOSEK] Optimizer  - Scalar variables       : 671               conic                  : 0               
[MOSEK] Optimizer  - Semi-definite variables: 80                scalarized             : 33478           
[MOSEK] Factor     - setup time             : 1.77            
[MOSEK] Factor     - dense det. time        : 0.45              GP order time          : 0.20            
[MOSEK] Factor     - nonzeros before factor : 7.56e+06          after factor           : 1.67e+07        
[MOSEK] Factor     - dense dim.             : 627               flops                  : 9.65e+09        
[MOSEK] Factor     - GP saved nzs           : 0                 GP saved flops         : 0.00e+00        
[MOSEK] ITE PFEAS    DFEAS    GFEAS    PRSTATUS   POBJ              DOBJ              MU       TIME  
[MOSEK] 0   1.0e+00  1.0e+00  1.0e+00  0.00e+00   0.000000000e+00   0.000000000e+00   1.0e+00  1.84  
[MOSEK] 1   4.2e-01  4.2e-01  2.0e-01  9.06e-01   0.000000000e+00   -1.455307264e-01  4.2e-01  2.00  
[MOSEK] 2   2.5e-02  2.5e-02  2.9e-02  2.11e-01   0.000000000e+00   1.096034859e+00   2.5e-02  2.25  
[MOSEK] ETA: iter 2, mu=2.50e-02, per-iter=1.1s, ~5 iters remain, eta=0.1 min
[MOSEK] 3   3.5e-05  1.6e-04  1.9e-03  -9.76e-01  0.000000000e+00   2.867486144e+03   3.5e-05  2.42  
[MOSEK] ETA: iter 3, mu=3.50e-05, per-iter=0.8s, ~1 iters remain, eta=0.0 min
[MOSEK] 4   9.3e-12  3.2e-08  9.6e-07  -1.00e+00  0.000000000e+00   1.040488560e+10   9.4e-12  2.65  
[MOSEK] ETA: iter 4, mu=9.40e-12, per-iter=0.7s, ~0 iters remain, eta=0.0 min
[MOSEK] 5   2.8e-21  1.1e-12  3.0e-04  -1.00e+00  0.000000000e+00   3.849154219e+19   2.2e-21  2.86  
[MOSEK] ETA: iter 5, mu=2.20e-21, per-iter=0.6s, ~0 iters remain, eta=0.0 min
[MOSEK] 6   5.9e-33  2.2e-15  3.4e-07  -1.00e+00  0.000000000e+00   1.778577185e-01   2.4e-33  3.00  
[MOSEK] ETA: iter 6, mu=2.40e-33, per-iter=0.5s, ~0 iters remain, eta=0.0 min
[MOSEK] Optimizer terminated. Time: 3.00    
[MOSEK] 
[MOSEK] 
[MOSEK] Interior-point solution summary
[MOSEK]   Problem status  : PRIMAL_INFEASIBLE
[MOSEK]   Solution status : PRIMAL_INFEASIBLE_CER
[MOSEK]   Dual.    obj: 1.7785771851e-01    nrm: 4e+03    Viol.  con: 6e-17    var: 5e-12    acc: 0e+00  
  [1/3] t=0.86055000  infeas Undefined/Certificate                    (3.01s)  [0.860550, 1.221100]
[MOSEK] Problem
[MOSEK]   Name                   : lasserre_full   
[MOSEK]   Objective sense        : minimize        
[MOSEK]   Type                   : CONIC (conic optimization problem)
[MOSEK]   Constraints            : 981             
[MOSEK]   Affine conic cons.     : 80 (33478 rows)
[MOSEK]   Disjunctive cons.      : 0               
[MOSEK]   Cones                  : 0               
[MOSEK]   Scalar variables       : 925             
[MOSEK]   Matrix variables       : 0               
[MOSEK]   Integer variables      : 0               
[MOSEK] 
[MOSEK] Optimizer started.
[MOSEK] Presolve started.
[MOSEK] Linear dependency checker started.
[MOSEK] Linear dependency checker terminated.
[MOSEK] Eliminator started.
[MOSEK] Freed constraints in eliminator : 296
[MOSEK] Eliminator terminated.
[MOSEK] Eliminator started.
[MOSEK] Freed constraints in eliminator : 0
[MOSEK] Eliminator terminated.
[MOSEK] Eliminator - tries                  : 2                 time                   : 0.00            
[MOSEK] Lin. dep.  - tries                  : 1                 time                   : 0.01            
[MOSEK] Lin. dep.  - primal attempts        : 1                 successes              : 1               
[MOSEK] Lin. dep.  - dual attempts          : 0                 successes              : 0               
[MOSEK] Lin. dep.  - primal deps.           : 226               dual deps.             : 0               
[MOSEK] Presolve terminated. Time: 0.04    
[MOSEK] Optimizer  - threads                : 96              
[MOSEK] Optimizer  - solved problem         : the primal      
[MOSEK] Optimizer  - Constraints            : 33914           
[MOSEK] Optimizer  - Cones                  : 0               
[MOSEK] Optimizer  - Scalar variables       : 671               conic                  : 0               
[MOSEK] Optimizer  - Semi-definite variables: 80                scalarized             : 33478           
[MOSEK] Factor     - setup time             : 1.66            
[MOSEK] Factor     - dense det. time        : 0.43              GP order time          : 0.15            
[MOSEK] Factor     - nonzeros before factor : 7.56e+06          after factor           : 1.67e+07        
[MOSEK] Factor     - dense dim.             : 627               flops                  : 9.65e+09        
[MOSEK] Factor     - GP saved nzs           : 0                 GP saved flops         : 0.00e+00        
[MOSEK] ITE PFEAS    DFEAS    GFEAS    PRSTATUS   POBJ              DOBJ              MU       TIME  
[MOSEK] 0   1.0e+00  1.0e+00  1.0e+00  0.00e+00   0.000000000e+00   0.000000000e+00   1.0e+00  1.72  
[MOSEK] 1   2.1e-01  2.1e-01  2.9e-02  2.03e+00   0.000000000e+00   -5.325482942e-02  2.1e-01  1.97  
[MOSEK] 2   5.6e-02  5.6e-02  5.6e-03  1.82e+00   0.000000000e+00   -5.988222052e-03  5.6e-02  2.18  
[MOSEK] ETA: iter 2, mu=5.60e-02, per-iter=1.1s, ~12 iters remain, eta=0.2 min
[MOSEK] 3   9.1e-03  9.1e-03  3.8e-03  -1.99e-01  0.000000000e+00   1.198538487e-01   9.1e-03  2.35  
[MOSEK] ETA: iter 3, mu=9.10e-03, per-iter=0.8s, ~8 iters remain, eta=0.1 min
[MOSEK] 4   7.6e-06  1.2e-04  5.6e-05  -7.42e-01  0.000000000e+00   5.503835959e+01   7.6e-06  2.59  
[MOSEK] ETA: iter 4, mu=7.60e-06, per-iter=0.6s, ~1 iters remain, eta=0.0 min
[MOSEK] 5   3.5e-12  2.3e-07  3.7e-08  -1.00e+00  0.000000000e+00   1.116756875e+08   3.5e-12  2.83  
[MOSEK] ETA: iter 5, mu=3.50e-12, per-iter=0.6s, ~0 iters remain, eta=0.0 min
[MOSEK] 6   1.9e-20  1.0e-12  1.8e-06  -1.00e+00  0.000000000e+00   5.372225802e+16   8.0e-21  3.05  
[MOSEK] ETA: iter 6, mu=8.00e-21, per-iter=0.5s, ~0 iters remain, eta=0.0 min
[MOSEK] 7   2.0e-30  8.9e-15  2.4e-09  -1.00e+00  0.000000000e+00   2.437183248e-02   2.2e-32  3.19  
[MOSEK] ETA: iter 7, mu=2.20e-32, per-iter=0.5s, ~0 iters remain, eta=0.0 min
[MOSEK] Optimizer terminated. Time: 3.19    
[MOSEK] 
[MOSEK] 
[MOSEK] Interior-point solution summary
[MOSEK]   Problem status  : PRIMAL_INFEASIBLE
[MOSEK]   Solution status : PRIMAL_INFEASIBLE_CER
[MOSEK]   Dual.    obj: 2.4371832484e-02    nrm: 4e+03    Viol.  con: 1e-17    var: 6e-12    acc: 0e+00  
  [2/3] t=1.04082500  infeas Undefined/Certificate                    (3.20s)  [1.040825, 1.221100]
[MOSEK] Problem
[MOSEK]   Name                   : lasserre_full   
[MOSEK]   Objective sense        : minimize        
[MOSEK]   Type                   : CONIC (conic optimization problem)
[MOSEK]   Constraints            : 981             
[MOSEK]   Affine conic cons.     : 80 (33478 rows)
[MOSEK]   Disjunctive cons.      : 0               
[MOSEK]   Cones                  : 0               
[MOSEK]   Scalar variables       : 925             
[MOSEK]   Matrix variables       : 0               
[MOSEK]   Integer variables      : 0               
[MOSEK] 
[MOSEK] Optimizer started.
[MOSEK] Presolve started.
[MOSEK] Linear dependency checker started.
[MOSEK] Linear dependency checker terminated.
[MOSEK] Eliminator started.
[MOSEK] Freed constraints in eliminator : 296
[MOSEK] Eliminator terminated.
[MOSEK] Eliminator started.
[MOSEK] Freed constraints in eliminator : 0
[MOSEK] Eliminator terminated.
[MOSEK] Eliminator - tries                  : 2                 time                   : 0.00            
[MOSEK] Lin. dep.  - tries                  : 1                 time                   : 0.01            
[MOSEK] Lin. dep.  - primal attempts        : 1                 successes              : 1               
[MOSEK] Lin. dep.  - dual attempts          : 0                 successes              : 0               
[MOSEK] Lin. dep.  - primal deps.           : 226               dual deps.             : 0               
[MOSEK] Presolve terminated. Time: 0.04    
[MOSEK] Optimizer  - threads                : 96              
[MOSEK] Optimizer  - solved problem         : the primal      
[MOSEK] Optimizer  - Constraints            : 33914           
[MOSEK] Optimizer  - Cones                  : 0               
[MOSEK] Optimizer  - Scalar variables       : 671               conic                  : 0               
[MOSEK] Optimizer  - Semi-definite variables: 80                scalarized             : 33478           
[MOSEK] Factor     - setup time             : 1.62            
[MOSEK] Factor     - dense det. time        : 0.43              GP order time          : 0.16            
[MOSEK] Factor     - nonzeros before factor : 7.56e+06          after factor           : 1.67e+07        
[MOSEK] Factor     - dense dim.             : 627               flops                  : 9.65e+09        
[MOSEK] Factor     - GP saved nzs           : 0                 GP saved flops         : 0.00e+00        
[MOSEK] ITE PFEAS    DFEAS    GFEAS    PRSTATUS   POBJ              DOBJ              MU       TIME  
[MOSEK] 0   1.0e+00  1.0e+00  1.0e+00  0.00e+00   0.000000000e+00   0.000000000e+00   1.0e+00  1.68  
[MOSEK] 1   2.5e-01  2.5e-01  3.2e-02  2.08e+00   0.000000000e+00   -6.379529013e-02  2.5e-01  1.91  
[MOSEK] 2   5.8e-02  5.8e-02  2.3e-03  2.30e+00   0.000000000e+00   -7.285025752e-03  5.8e-02  2.16  
[MOSEK] ETA: iter 2, mu=5.80e-02, per-iter=1.1s, ~11 iters remain, eta=0.2 min
[MOSEK] 3   1.1e-02  1.1e-02  1.4e-04  1.46e+00   0.000000000e+00   -1.190150366e-03  1.1e-02  2.39  
[MOSEK] ETA: iter 3, mu=1.10e-02, per-iter=0.8s, ~8 iters remain, eta=0.1 min
[MOSEK] 4   4.3e-03  4.3e-03  6.0e-05  6.17e-01   0.000000000e+00   -6.964884045e-04  4.3e-03  2.53  
[MOSEK] ETA: iter 4, mu=4.30e-03, per-iter=0.6s, ~14 iters remain, eta=0.1 min
[MOSEK] 5   6.7e-04  2.5e-03  2.8e-05  -2.51e-01  0.000000000e+00   2.216037388e-04   6.7e-04  2.69  
[MOSEK] ETA: iter 5, mu=6.70e-04, per-iter=0.5s, ~6 iters remain, eta=0.1 min
[MOSEK] 6   3.0e-07  4.5e-04  3.8e-07  -8.56e-01  0.000000000e+00   1.615454480e+00   3.0e-07  2.93  
[MOSEK] ETA: iter 6, mu=3.00e-07, per-iter=0.5s, ~0 iters remain, eta=0.0 min
[MOSEK] 7   4.0e-12  4.2e-07  1.3e-09  -1.00e+00  0.000000000e+00   9.661646271e+04   4.2e-12  3.18  
[MOSEK] ETA: iter 7, mu=4.20e-12, per-iter=0.5s, ~0 iters remain, eta=0.0 min
[MOSEK] 8   2.4e-19  8.7e-12  2.3e-08  -1.00e+00  0.000000000e+00   3.245795773e+12   1.1e-19  3.42  
[MOSEK] ETA: iter 8, mu=1.10e-19, per-iter=0.4s, ~0 iters remain, eta=0.0 min
[MOSEK] 9   2.4e-26  1.7e-13  1.5e-04  -1.00e+00  0.000000000e+00   5.011088724e+21   6.4e-29  3.76  
[MOSEK] ETA: iter 9, mu=6.40e-29, per-iter=0.4s, ~0 iters remain, eta=0.0 min
[MOSEK] 10  2.4e-26  1.7e-13  1.5e-04  -1.00e+00  0.000000000e+00   5.011088724e+21   6.4e-29  4.04  
[MOSEK] 11  2.4e-26  1.7e-13  1.5e-04  -1.00e+00  0.000000000e+00   5.011088724e+21   6.4e-29  4.30  
[MOSEK] Optimizer terminated. Time: 4.52    
[MOSEK] 
[MOSEK] 
[MOSEK] Interior-point solution summary
[MOSEK]   Problem status  : PRIMAL_INFEASIBLE
[MOSEK]   Solution status : PRIMAL_INFEASIBLE_CER
[MOSEK]   Dual.    obj: 7.1681860700e-04    nrm: 4e+03    Viol.  con: 3e-18    var: 6e-12    acc: 0e+00  
  [3/3] t=1.13096250  infeas Undefined/Certificate                    (4.53s)  [1.130963, 1.221100]

  lb=1.130963  gc=76.54%  build=0.91s  avg_solve=3.71s  total_solve=14.83s  n_solves=4
[calib] d=6: n_y=924 n_basis=84  build=0.91s  avg_solve=3.71s  (4 solves, wall=15.8s)

[calib] d=8 included by default (~3–5 min; pass --no-d8 to skip).

[calib] d=8 order=3 mode=z2_bd n_bisect=2

============================================================
MOSEK-tuned full Lasserre: d=8 L3 mode=z2_bd
============================================================
  d=8, order=3 (degree 6)
  windows=120, basis=165, loc_basis=45, moments=3003
  Base PSD cones: 9 (1x165^2 + 8x45^2)
  ab_eiej_idx: (45, 45, 8, 8), 129600/129600 valid
  Precompute: 0.01s
  Build: n_y=3003, n_basis=165, n_loc=45, n_consist=1287, n_z2_eq=1484, n_win_psd=120, build_time=6.70s
  Block-diag moment: 165 -> sym 85 + anti 80
  Tuning: {'solve_form': 'dual', 'basis': 'never', 'tol': 1e-06, 'presolve_lindep': 'on', 'order_method': 'forcegraphpar', 'num_threads': 96, 'max_iterations': 1600, 'scaling': 'free'}
[MOSEK] Problem
[MOSEK]   Name                   : lasserre_full   
[MOSEK]   Objective sense        : minimize        
[MOSEK]   Type                   : CONIC (conic optimization problem)
[MOSEK]   Constraints            : 2892            
[MOSEK]   Affine conic cons.     : 138 (147655 rows)
[MOSEK]   Disjunctive cons.      : 0               
[MOSEK]   Cones                  : 0               
[MOSEK]   Scalar variables       : 3004            
[MOSEK]   Matrix variables       : 0               
[MOSEK]   Integer variables      : 0               
[MOSEK] 
[MOSEK] Optimizer started.
[MOSEK] Presolve started.
[MOSEK] Linear dependency checker started.
[MOSEK] Linear dependency checker terminated.
[MOSEK] Eliminator started.
[MOSEK] Freed constraints in eliminator : 1372
[MOSEK] Eliminator terminated.
[MOSEK] Eliminator started.
[MOSEK] Freed constraints in eliminator : 0
[MOSEK] Eliminator terminated.
[MOSEK] Eliminator - tries                  : 2                 time                   : 0.00            
[MOSEK] Lin. dep.  - tries                  : 1                 time                   : 0.05            
[MOSEK] Lin. dep.  - primal attempts        : 1                 successes              : 1               
[MOSEK] Lin. dep.  - dual attempts          : 0                 successes              : 0               
[MOSEK] Lin. dep.  - primal deps.           : 636               dual deps.             : 0               
[MOSEK] Presolve terminated. Time: 0.34    
[MOSEK] Optimizer  - threads                : 96              
[MOSEK] Optimizer  - solved problem         : the primal      
[MOSEK] Optimizer  - Constraints            : 148518          
[MOSEK] Optimizer  - Cones                  : 0               
[MOSEK] Optimizer  - Scalar variables       : 1730              conic                  : 0               
[MOSEK] Optimizer  - Semi-definite variables: 138               scalarized             : 147655          
[MOSEK] Factor     - setup time             : 17.75           
[MOSEK] Factor     - dense det. time        : 5.52              GP order time          : 1.56            
[MOSEK] Factor     - nonzeros before factor : 8.69e+07          after factor           : 2.00e+08        
[MOSEK] Factor     - dense dim.             : 1630              flops                  : 3.17e+11        
[MOSEK] Factor     - GP saved nzs           : 0                 GP saved flops         : 0.00e+00        
[MOSEK] ITE PFEAS    DFEAS    GFEAS    PRSTATUS   POBJ              DOBJ              MU       TIME  
[MOSEK] 0   1.0e+00  1.0e+00  1.0e+00  0.00e+00   0.000000000e+00   0.000000000e+00   1.0e+00  18.24 
[MOSEK] 1   6.3e-01  6.3e-01  1.7e-01  2.06e+00   0.000000000e+00   -2.680774755e-01  6.3e-01  19.75 
[MOSEK] 2   2.1e-01  2.1e-01  1.7e-02  2.64e+00   0.000000000e+00   -3.206699477e-02  2.1e-01  21.50 
[MOSEK] ETA: iter 2, mu=2.10e-01, per-iter=10.8s, ~15 iters remain, eta=2.8 min
[MOSEK] 3   1.0e-01  1.0e-01  4.2e-03  2.15e+00   0.000000000e+00   -9.330221381e-03  1.0e-01  23.05 
[MOSEK] ETA: iter 3, mu=1.00e-01, per-iter=7.7s, ~22 iters remain, eta=2.8 min
[MOSEK] 4   7.4e-02  7.4e-02  2.4e-03  1.79e+00   0.000000000e+00   -5.884377148e-03  7.4e-02  24.59 
[MOSEK] ETA: iter 4, mu=7.40e-02, per-iter=6.2s, ~53 iters remain, eta=5.4 min
[MOSEK] 5   1.5e-02  2.2e-02  1.2e-04  1.76e+00   0.000000000e+00   -7.035785804e-04  1.5e-02  26.42 
[MOSEK] ETA: iter 5, mu=1.50e-02, per-iter=5.3s, ~9 iters remain, eta=0.8 min
[MOSEK] 6   2.7e-03  2.5e-02  3.5e-06  1.70e+00   0.000000000e+00   -8.441617641e-05  2.7e-03  28.30 
[MOSEK] ETA: iter 6, mu=2.70e-03, per-iter=4.7s, ~7 iters remain, eta=0.6 min
[MOSEK] 7   1.8e-03  3.3e-02  1.8e-06  1.83e+00   0.000000000e+00   -4.476356410e-05  1.8e-03  29.80 
[MOSEK] ETA: iter 7, mu=1.80e-03, per-iter=4.3s, ~30 iters remain, eta=2.1 min
[WATCH:solve] t=    30s  rss=   8453MB  cpu=  -1.0%  threads= 65  peak_rss=   8453MB
[MOSEK] 8   9.0e-04  6.1e-02  3.8e-07  1.87e+00   0.000000000e+00   -1.389351767e-05  8.3e-04  31.32 
[MOSEK] ETA: iter 8, mu=8.30e-04, per-iter=3.9s, ~15 iters remain, eta=1.0 min
[MOSEK] 9   1.7e-04  7.6e-03  3.1e-08  -2.47e-02  0.000000000e+00   -3.038604562e-06  1.8e-04  33.06 
[MOSEK] ETA: iter 9, mu=1.80e-04, per-iter=3.7s, ~6 iters remain, eta=0.4 min
[MOSEK] 10  4.0e-05  4.6e-03  3.4e-09  8.06e-01   0.000000000e+00   -7.063567723e-07  3.8e-05  34.87 
[MOSEK] ETA: iter 10, mu=3.80e-05, per-iter=3.5s, ~5 iters remain, eta=0.3 min
[MOSEK] 11  1.0e-05  9.4e-04  4.5e-10  1.37e+00   0.000000000e+00   -1.480362280e-07  9.3e-06  38.12 
[MOSEK] ETA: iter 11, mu=9.30e-06, per-iter=3.5s, ~5 iters remain, eta=0.3 min
[MOSEK] 12  4.0e-06  7.1e-04  6.4e-11  1.30e+00   0.000000000e+00   -4.281616754e-08  2.4e-06  39.62 
[MOSEK] ETA: iter 12, mu=2.40e-06, per-iter=3.3s, ~4 iters remain, eta=0.2 min
[MOSEK] 13  2.3e-07  3.7e-05  8.7e-13  9.80e-01   0.000000000e+00   -2.513901731e-09  1.4e-07  41.34 
[MOSEK] ETA: iter 13, mu=1.40e-07, per-iter=3.2s, ~1 iters remain, eta=0.0 min
[MOSEK] Optimizer terminated. Time: 41.40   
[MOSEK] 
[MOSEK] 
[MOSEK] Interior-point solution summary
[MOSEK]   Problem status  : PRIMAL_AND_DUAL_FEASIBLE
[MOSEK]   Solution status : OPTIMAL
[MOSEK]   Primal.  obj: 0.0000000000e+00    nrm: 1e+00    Viol.  con: 3e-09    var: 0e+00    acc: 2e-09  
[MOSEK]   Dual.    obj: -2.5139017992e-09   nrm: 5e+00    Viol.  con: 6e-10    var: 4e-07    acc: 3e-09  

  hi probe: t=1.254640 -> feas Optimal/Optimal (41.42s)
[MOSEK] Problem
[MOSEK]   Name                   : lasserre_full   
[MOSEK]   Objective sense        : minimize        
[MOSEK]   Type                   : CONIC (conic optimization problem)
[MOSEK]   Constraints            : 2892            
[MOSEK]   Affine conic cons.     : 138 (147655 rows)
[MOSEK]   Disjunctive cons.      : 0               
[MOSEK]   Cones                  : 0               
[MOSEK]   Scalar variables       : 3004            
[MOSEK]   Matrix variables       : 0               
[MOSEK]   Integer variables      : 0               
[MOSEK] 
[MOSEK] Optimizer started.
[MOSEK] Presolve started.
[MOSEK] Linear dependency checker started.
[MOSEK] Linear dependency checker terminated.
[MOSEK] Eliminator started.
[MOSEK] Freed constraints in eliminator : 1372
[MOSEK] Eliminator terminated.
[MOSEK] Eliminator started.
[MOSEK] Freed constraints in eliminator : 0
[MOSEK] Eliminator terminated.
[MOSEK] Eliminator - tries                  : 2                 time                   : 0.00            
[MOSEK] Lin. dep.  - tries                  : 1                 time                   : 0.05            
[MOSEK] Lin. dep.  - primal attempts        : 1                 successes              : 1               
[MOSEK] Lin. dep.  - dual attempts          : 0                 successes              : 0               
[MOSEK] Lin. dep.  - primal deps.           : 636               dual deps.             : 0               
[MOSEK] Presolve terminated. Time: 0.34    
[MOSEK] Optimizer  - threads                : 96              
[MOSEK] Optimizer  - solved problem         : the primal      
[MOSEK] Optimizer  - Constraints            : 148518          
[MOSEK] Optimizer  - Cones                  : 0               
[MOSEK] Optimizer  - Scalar variables       : 1730              conic                  : 0               
[MOSEK] Optimizer  - Semi-definite variables: 138               scalarized             : 147655          
[MOSEK] Factor     - setup time             : 16.76           
[MOSEK] Factor     - dense det. time        : 4.41              GP order time          : 1.59            
[MOSEK] Factor     - nonzeros before factor : 8.69e+07          after factor           : 2.00e+08        
[MOSEK] Factor     - dense dim.             : 1630              flops                  : 3.17e+11        
[MOSEK] Factor     - GP saved nzs           : 0                 GP saved flops         : 0.00e+00        
[MOSEK] ITE PFEAS    DFEAS    GFEAS    PRSTATUS   POBJ              DOBJ              MU       TIME  
[MOSEK] 0   1.0e+00  1.0e+00  1.0e+00  0.00e+00   0.000000000e+00   0.000000000e+00   1.0e+00  17.24 
[MOSEK] 1   5.6e-01  5.6e-01  2.9e-01  9.00e-01   0.000000000e+00   -2.036756321e-01  5.6e-01  18.83 
[MOSEK] 2   8.5e-02  8.5e-02  5.0e-02  6.13e-01   0.000000000e+00   1.919804348e-01   8.5e-02  20.67 
[MOSEK] ETA: iter 2, mu=8.50e-02, per-iter=10.3s, ~8 iters remain, eta=1.5 min
[MOSEK] 3   2.1e-03  2.1e-03  1.3e-02  -8.90e-01  0.000000000e+00   3.916799104e+01   2.1e-03  22.24 
[MOSEK] ETA: iter 3, mu=2.10e-03, per-iter=7.4s, ~3 iters remain, eta=0.4 min
[MOSEK] 4   2.5e-10  4.7e-06  2.7e-06  -9.92e-01  0.000000000e+00   1.199859937e+08   2.5e-10  24.15 
[MOSEK] ETA: iter 4, mu=2.50e-10, per-iter=6.0s, ~0 iters remain, eta=0.0 min
[MOSEK] 5   3.6e-18  2.7e-12  1.0e-06  -1.00e+00  0.000000000e+00   5.991130185e+15   3.6e-18  26.03 
[MOSEK] ETA: iter 5, mu=3.60e-18, per-iter=5.2s, ~0 iters remain, eta=0.0 min
[MOSEK] 6   1.5e-28  1.1e-13  2.8e-08  -1.00e+00  0.000000000e+00   1.816281166e-01   1.0e-29  27.47 
[MOSEK] ETA: iter 6, mu=1.00e-29, per-iter=4.6s, ~0 iters remain, eta=0.0 min
[MOSEK] Optimizer terminated. Time: 27.53   
[MOSEK] 
[MOSEK] 
[MOSEK] Interior-point solution summary
[MOSEK]   Problem status  : PRIMAL_INFEASIBLE
[MOSEK]   Solution status : PRIMAL_INFEASIBLE_CER
[MOSEK]   Dual.    obj: 1.8162811656e-01    nrm: 7e+02    Viol.  con: 6e-17    var: 1e-12    acc: 0e+00  
  [1/2] t=0.87732000  infeas Undefined/Certificate                    (27.55s)  [0.877320, 1.254640]
[MOSEK] Problem
[MOSEK]   Name                   : lasserre_full   
[MOSEK]   Objective sense        : minimize        
[MOSEK]   Type                   : CONIC (conic optimization problem)
[MOSEK]   Constraints            : 2892            
[MOSEK]   Affine conic cons.     : 138 (147655 rows)
[MOSEK]   Disjunctive cons.      : 0               
[MOSEK]   Cones                  : 0               
[MOSEK]   Scalar variables       : 3004            
[MOSEK]   Matrix variables       : 0               
[MOSEK]   Integer variables      : 0               
[MOSEK] 
[MOSEK] Optimizer started.
[MOSEK] Presolve started.
[MOSEK] Linear dependency checker started.
[MOSEK] Linear dependency checker terminated.
[MOSEK] Eliminator started.
[MOSEK] Freed constraints in eliminator : 1372
[MOSEK] Eliminator terminated.
[MOSEK] Eliminator started.
[MOSEK] Freed constraints in eliminator : 0
[MOSEK] Eliminator terminated.
[MOSEK] Eliminator - tries                  : 2                 time                   : 0.00            
[MOSEK] Lin. dep.  - tries                  : 1                 time                   : 0.05            
[MOSEK] Lin. dep.  - primal attempts        : 1                 successes              : 1               
[MOSEK] Lin. dep.  - dual attempts          : 0                 successes              : 0               
[MOSEK] Lin. dep.  - primal deps.           : 636               dual deps.             : 0               
[MOSEK] Presolve terminated. Time: 0.34    
[MOSEK] Optimizer  - threads                : 96              
[MOSEK] Optimizer  - solved problem         : the primal      
[MOSEK] Optimizer  - Constraints            : 148518          
[MOSEK] Optimizer  - Cones                  : 0               
[MOSEK] Optimizer  - Scalar variables       : 1730              conic                  : 0               
[MOSEK] Optimizer  - Semi-definite variables: 138               scalarized             : 147655          
[MOSEK] Factor     - setup time             : 16.52           
[MOSEK] Factor     - dense det. time        : 4.19              GP order time          : 1.56            
[MOSEK] Factor     - nonzeros before factor : 8.69e+07          after factor           : 2.00e+08        
[MOSEK] Factor     - dense dim.             : 1630              flops                  : 3.17e+11        
[MOSEK] Factor     - GP saved nzs           : 0                 GP saved flops         : 0.00e+00        
[MOSEK] ITE PFEAS    DFEAS    GFEAS    PRSTATUS   POBJ              DOBJ              MU       TIME  
[MOSEK] 0   1.0e+00  1.0e+00  1.0e+00  0.00e+00   0.000000000e+00   0.000000000e+00   1.0e+00  16.99 
[MOSEK] 1   6.0e-01  6.0e-01  9.3e-02  2.24e+00   0.000000000e+00   -2.672781930e-01  6.0e-01  18.46 
[MOSEK] 2   1.4e-01  1.4e-01  7.3e-03  2.45e+00   0.000000000e+00   -2.399924305e-02  1.4e-01  20.33 
[MOSEK] ETA: iter 2, mu=1.40e-01, per-iter=10.2s, ~11 iters remain, eta=1.9 min
[MOSEK] 3   3.6e-02  3.6e-02  1.7e-03  1.25e+00   0.000000000e+00   -6.050161881e-03  3.6e-02  22.11 
[MOSEK] ETA: iter 3, mu=3.60e-02, per-iter=7.4s, ~11 iters remain, eta=1.4 min
[MOSEK] 4   5.2e-03  7.8e-03  1.3e-03  -4.78e-01  0.000000000e+00   2.522886554e-02   5.2e-03  24.04 
[MOSEK] ETA: iter 4, mu=5.20e-03, per-iter=6.0s, ~7 iters remain, eta=0.7 min
[MOSEK] 5   5.4e-06  3.3e-04  2.8e-05  -8.85e-01  0.000000000e+00   2.601007676e+01   5.4e-06  25.98 
[MOSEK] ETA: iter 5, mu=5.40e-06, per-iter=5.2s, ~1 iters remain, eta=0.1 min
[MOSEK] 6   3.7e-12  2.9e-07  2.1e-08  -1.00e+00  0.000000000e+00   3.216919944e+07   3.7e-12  27.53 
[MOSEK] ETA: iter 6, mu=3.70e-12, per-iter=4.6s, ~0 iters remain, eta=0.0 min
[MOSEK] 7   2.8e-20  4.4e-12  1.5e-07  -1.00e+00  0.000000000e+00   5.088938977e+15   1.5e-20  29.56 
[MOSEK] ETA: iter 7, mu=1.50e-20, per-iter=4.2s, ~0 iters remain, eta=0.0 min
[WATCH:solve] t=    30s  rss=  12715MB  cpu=  -1.0%  threads= 65  peak_rss=  12715MB
[MOSEK] 8   2.8e-20  4.4e-12  1.5e-07  -1.00e+00  0.000000000e+00   5.088938977e+15   1.5e-20  31.57 
[MOSEK] 9   2.8e-20  4.4e-12  1.5e-07  -1.00e+00  0.000000000e+00   5.088938977e+15   1.5e-20  33.58 
[MOSEK] Optimizer terminated. Time: 35.46   
[MOSEK] 
[MOSEK] 
[MOSEK] Interior-point solution summary
[MOSEK]   Problem status  : PRIMAL_INFEASIBLE
[MOSEK]   Solution status : PRIMAL_INFEASIBLE_CER
[MOSEK]   Dual.    obj: 8.4639413766e-03    nrm: 1e+03    Viol.  con: 3e-17    var: 4e-12    acc: 0e+00  
  [2/2] t=1.06598000  infeas Undefined/Certificate                    (35.48s)  [1.065980, 1.254640]

  lb=1.065980  gc=32.24%  build=6.70s  avg_solve=34.82s  total_solve=104.46s  n_solves=3
[calib] d=8: n_y=3003 n_basis=165  build=6.70s  avg_solve=34.82s  (3 solves, wall=111.3s)

[calib] d=10 included by default (~30–90 min on 8-thread CPU; pass --no-d10 to skip).  This is the most predictive single data point for d=16 because it is the closest size to the target.

[calib] d=10 order=3 mode=z2_bd n_bisect=1

============================================================
MOSEK-tuned full Lasserre: d=10 L3 mode=z2_bd
============================================================
  d=10, order=3 (degree 6)
  windows=190, basis=286, loc_basis=66, moments=8008
  Base PSD cones: 11 (1x286^2 + 10x66^2)
  ab_eiej_idx: (66, 66, 10, 10), 435600/435600 valid
  Precompute: 0.05s
  Build: n_y=8008, n_basis=286, n_loc=66, n_consist=3003, n_z2_eq=3976, n_win_psd=190, build_time=34.88s
  Block-diag moment: 286 -> sym 146 + anti 140
  Tuning: {'solve_form': 'dual', 'basis': 'never', 'tol': 1e-06, 'presolve_lindep': 'on', 'order_method': 'forcegraphpar', 'num_threads': 96, 'max_iterations': 1600, 'scaling': 'free'}
[MOSEK] Problem
[MOSEK]   Name                   : lasserre_full   
[MOSEK]   Objective sense        : minimize        
[MOSEK]   Type                   : CONIC (conic optimization problem)
[MOSEK]   Constraints            : 7170            
[MOSEK]   Affine conic cons.     : 212 (484911 rows)
[MOSEK]   Disjunctive cons.      : 0               
[MOSEK]   Cones                  : 0               
[MOSEK]   Scalar variables       : 8009            
[MOSEK]   Matrix variables       : 0               
[MOSEK]   Integer variables      : 0               
[MOSEK] 
[MOSEK] Optimizer started.
[MOSEK] Presolve started.
[MOSEK] Linear dependency checker started.
[MOSEK] Linear dependency checker terminated.
[MOSEK] Eliminator started.
[MOSEK] Freed constraints in eliminator : 3086
[MOSEK] Eliminator terminated.
[MOSEK] Eliminator started.
[MOSEK] Freed constraints in eliminator : 0
[MOSEK] Eliminator terminated.
[MOSEK] Eliminator - tries                  : 2                 time                   : 0.00            
[MOSEK] Lin. dep.  - tries                  : 1                 time                   : 0.24            
[MOSEK] Lin. dep.  - primal attempts        : 1                 successes              : 1               
[MOSEK] Lin. dep.  - dual attempts          : 0                 successes              : 0               
[MOSEK] Lin. dep.  - primal deps.           : 1491              dual deps.             : 0               
[MOSEK] Presolve terminated. Time: 1.66    
[WATCH:solve] t=    30s  rss=  17646MB  cpu=  -1.0%  threads= 65  peak_rss=  17646MB
[WATCH:solve] t=    60s  rss=  31996MB  cpu=  -1.0%  threads= 65  peak_rss=  31996MB
[WATCH:solve] t=    90s  rss=  22636MB  cpu=  -1.0%  threads= 65  peak_rss=  31996MB
[WATCH:solve] t=   120s  rss=  17878MB  cpu=  -1.0%  threads= 65  peak_rss=  31996MB
[WATCH:solve] t=   150s  rss=  26477MB  cpu=  -1.0%  threads= 65  peak_rss=  31996MB
[MOSEK] Optimizer  - threads                : 96              
[MOSEK] Optimizer  - solved problem         : the primal      
[MOSEK] Optimizer  - Constraints            : 487445          
[MOSEK] Optimizer  - Cones                  : 0               
[MOSEK] Optimizer  - Scalar variables       : 5053              conic                  : 0               
[MOSEK] Optimizer  - Semi-definite variables: 212               scalarized             : 484911          
[MOSEK] Factor     - setup time             : 156.51          
[MOSEK] Factor     - dense det. time        : 33.64             GP order time          : 12.79           
[MOSEK] Factor     - nonzeros before factor : 6.30e+08          after factor           : 1.75e+09        
[MOSEK] Factor     - dense dim.             : 4921              flops                  : 7.78e+12        
[MOSEK] Factor     - GP saved nzs           : 0                 GP saved flops         : 0.00e+00        
[MOSEK] ITE PFEAS    DFEAS    GFEAS    PRSTATUS   POBJ              DOBJ              MU       TIME  
[MOSEK] 0   1.0e+00  1.0e+00  1.0e+00  0.00e+00   0.000000000e+00   0.000000000e+00   1.0e+00  158.77
[WATCH:solve] t=   180s  rss=  40289MB  cpu=  -1.0%  threads= 65  peak_rss=  40289MB
[MOSEK] 1   7.0e-01  7.0e-01  1.6e-01  2.06e+00   0.000000000e+00   -3.124700618e-01  7.0e-01  183.35
[MOSEK] 2   2.8e-01  2.8e-01  2.0e-02  2.78e+00   0.000000000e+00   -4.351369550e-02  2.8e-01  208.36
[MOSEK] ETA: iter 2, mu=2.80e-01, per-iter=104.2s, ~19 iters remain, eta=32.5 min
[WATCH:solve] t=   210s  rss=  41069MB  cpu=  -1.0%  threads= 65  peak_rss=  41069MB
[MOSEK] 3   2.1e-01  2.1e-01  1.3e-02  2.29e+00   0.000000000e+00   -2.637928863e-02  2.1e-01  232.32
[MOSEK] ETA: iter 3, mu=2.10e-01, per-iter=77.5s, ~59 iters remain, eta=75.7 min
[WATCH:solve] t=   240s  rss=  41823MB  cpu=  -1.0%  threads= 65  peak_rss=  41823MB
[MOSEK] 4   7.0e-02  7.0e-02  1.5e-03  2.29e+00   0.000000000e+00   -4.701988403e-03  7.0e-02  256.47
[MOSEK] ETA: iter 4, mu=7.00e-02, per-iter=64.1s, ~14 iters remain, eta=15.3 min
[WATCH:solve] t=   270s  rss=  42612MB  cpu=  -1.0%  threads= 65  peak_rss=  42612MB
[MOSEK] 5   4.2e-02  6.1e-02  6.4e-04  2.03e+00   0.000000000e+00   -2.124060791e-03  4.2e-02  280.13
[MOSEK] ETA: iter 5, mu=4.20e-02, per-iter=56.0s, ~30 iters remain, eta=27.9 min
[WATCH:solve] t=   300s  rss=  43200MB  cpu=  -1.0%  threads= 65  peak_rss=  43200MB
[MOSEK] 6   1.6e-02  8.2e-02  1.0e-04  1.79e+00   0.000000000e+00   -5.740427123e-04  1.6e-02  304.75
[MOSEK] ETA: iter 6, mu=1.60e-02, per-iter=50.8s, ~15 iters remain, eta=12.5 min
[MOSEK] 7   6.4e-03  1.3e-01  1.7e-05  1.76e+00   0.000000000e+00   -1.597911683e-04  6.4e-03  329.77
[MOSEK] ETA: iter 7, mu=6.40e-03, per-iter=47.1s, ~15 iters remain, eta=11.5 min
[WATCH:solve] t=   330s  rss=  43706MB  cpu=  -1.0%  threads= 65  peak_rss=  43706MB
[MOSEK] 8   3.3e-03  2.9e-01  4.0e-06  1.93e+00   0.000000000e+00   -5.169018949e-05  3.2e-03  354.18
[MOSEK] ETA: iter 8, mu=3.20e-03, per-iter=44.3s, ~18 iters remain, eta=13.5 min
[WATCH:solve] t=   360s  rss=  44378MB  cpu=  -1.0%  threads= 65  peak_rss=  44378MB
[MOSEK] 9   3.3e-03  6.7e-02  6.2e-06  -9.03e+00  0.000000000e+00   -8.628593964e-05  3.1e-03  377.97
[MOSEK] ETA: iter 9, mu=3.10e-03, per-iter=42.0s, ~398 iters remain, eta=278.8 min
[WATCH:solve] t=   390s  rss=  44614MB  cpu=  -1.0%  threads= 65  peak_rss=  44614MB
[MOSEK] 10  2.7e-03  1.8e-01  3.3e-06  2.22e+00   0.000000000e+00   -5.090991293e-05  2.5e-03  402.15
[MOSEK] ETA: iter 10, mu=2.50e-03, per-iter=40.2s, ~58 iters remain, eta=38.7 min
[WATCH:solve] t=   420s  rss=  44888MB  cpu=  -1.0%  threads= 65  peak_rss=  44888MB
[MOSEK] 11  2.7e-03  4.2e-01  2.2e-06  9.57e+00   0.000000000e+00   -3.581883737e-05  2.5e-03  426.61
[WATCH:solve] t=   450s  rss=  45398MB  cpu=  -1.0%  threads= 65  peak_rss=  45398MB
[MOSEK] 12  1.4e-03  9.9e-02  8.7e-07  2.90e-01   0.000000000e+00   -2.207289034e-05  1.3e-03  450.98
[MOSEK] ETA: iter 12, mu=1.30e-03, per-iter=37.6s, ~18 iters remain, eta=11.3 min
[MOSEK] 13  3.3e-04  3.4e-02  8.3e-08  5.02e-01   0.000000000e+00   -5.767446874e-06  3.1e-04  477.27
[MOSEK] ETA: iter 13, mu=3.10e-04, per-iter=36.7s, ~7 iters remain, eta=4.4 min
[WATCH:solve] t=   480s  rss=  45798MB  cpu=  -1.0%  threads= 65  peak_rss=  45798MB
[WATCH:solve] t=   510s  rss=  46353MB  cpu=  -1.0%  threads= 65  peak_rss=  46353MB
[MOSEK] 14  1.5e-04  1.5e-02  2.2e-08  1.75e+00   0.000000000e+00   -1.868503950e-06  1.3e-04  524.81
[MOSEK] ETA: iter 14, mu=1.30e-04, per-iter=37.5s, ~11 iters remain, eta=6.8 min
[WATCH:solve] t=   540s  rss=  46931MB  cpu=  -1.0%  threads= 65  peak_rss=  46931MB
[MOSEK] 15  4.5e-05  4.1e-03  3.1e-09  1.47e+00   0.000000000e+00   -4.512389314e-07  4.0e-05  550.72
[MOSEK] ETA: iter 15, mu=4.00e-05, per-iter=36.7s, ~7 iters remain, eta=4.3 min
[WATCH:solve] t=   570s  rss=  47331MB  cpu=  -1.0%  threads= 65  peak_rss=  47331MB
[MOSEK] 16  2.1e-05  2.8e-03  6.5e-10  1.51e+00   0.000000000e+00   -1.502988296e-07  1.5e-05  574.70
[MOSEK] ETA: iter 16, mu=1.50e-05, per-iter=35.9s, ~7 iters remain, eta=4.5 min
[MOSEK] 17  8.7e-06  1.2e-03  1.6e-10  9.18e-01   0.000000000e+00   -6.145542606e-08  5.9e-06  599.17
[MOSEK] ETA: iter 17, mu=5.90e-06, per-iter=35.2s, ~7 iters remain, eta=4.0 min
[WATCH:solve] t=   600s  rss=  47739MB  cpu=  -1.0%  threads= 65  peak_rss=  47739MB
[WATCH:solve] t=   630s  rss=  48029MB  cpu=  -1.0%  threads= 65  peak_rss=  48029MB
[MOSEK] 18  5.8e-06  7.8e-04  8.5e-11  1.13e+00   0.000000000e+00   -4.004538815e-08  4.0e-06  646.45
[MOSEK] ETA: iter 18, mu=4.00e-06, per-iter=35.9s, ~15 iters remain, eta=9.2 min
[WATCH:solve] t=   660s  rss=  48459MB  cpu=  -1.0%  threads= 65  peak_rss=  48459MB
[MOSEK] 19  6.5e-07  8.8e-05  2.8e-12  1.10e+00   0.000000000e+00   -4.192341835e-09  4.3e-07  672.33
[MOSEK] ETA: iter 19, mu=4.30e-07, per-iter=35.4s, ~2 iters remain, eta=1.0 min
[MOSEK] Optimizer terminated. Time: 672.59  
[MOSEK] 
[MOSEK] 
[MOSEK] Interior-point solution summary
[MOSEK]   Problem status  : PRIMAL_AND_DUAL_FEASIBLE
[MOSEK]   Solution status : OPTIMAL
[MOSEK]   Primal.  obj: 0.0000000000e+00    nrm: 1e+00    Viol.  con: 5e-09    var: 0e+00    acc: 1e-08  
[MOSEK]   Dual.    obj: -4.1923419326e-09   nrm: 2e+02    Viol.  con: 1e-09    var: 6e-07    acc: 4e-09  

  hi probe: t=1.291370 -> feas Optimal/Optimal (672.71s)
[MOSEK] Problem
[MOSEK]   Name                   : lasserre_full   
[MOSEK]   Objective sense        : minimize        
[MOSEK]   Type                   : CONIC (conic optimization problem)
[MOSEK]   Constraints            : 7170            
[MOSEK]   Affine conic cons.     : 212 (484911 rows)
[MOSEK]   Disjunctive cons.      : 0               
[MOSEK]   Cones                  : 0               
[MOSEK]   Scalar variables       : 8009            
[MOSEK]   Matrix variables       : 0               
[MOSEK]   Integer variables      : 0               
[MOSEK] 
[MOSEK] Optimizer started.
[MOSEK] Presolve started.
[MOSEK] Linear dependency checker started.
[MOSEK] Linear dependency checker terminated.
[MOSEK] Eliminator started.
[MOSEK] Freed constraints in eliminator : 3086
[MOSEK] Eliminator terminated.
[MOSEK] Eliminator started.
[MOSEK] Freed constraints in eliminator : 0
[MOSEK] Eliminator terminated.
[MOSEK] Eliminator - tries                  : 2                 time                   : 0.00            
[MOSEK] Lin. dep.  - tries                  : 1                 time                   : 0.28            
[MOSEK] Lin. dep.  - primal attempts        : 1                 successes              : 1               
[MOSEK] Lin. dep.  - dual attempts          : 0                 successes              : 0               
[MOSEK] Lin. dep.  - primal deps.           : 1491              dual deps.             : 0               
[MOSEK] Presolve terminated. Time: 1.71    
[WATCH:solve] t=    30s  rss=  35597MB  cpu=  -1.0%  threads= 65  peak_rss=  48459MB
[WATCH:solve] t=    60s  rss=  69135MB  cpu=  -1.0%  threads= 65  peak_rss=  69135MB
[WATCH:solve] t=    90s  rss=  41176MB  cpu=  -1.0%  threads= 65  peak_rss=  69135MB
[WATCH:solve] t=   120s  rss=  36417MB  cpu=  -1.0%  threads= 65  peak_rss=  69135MB
[MOSEK] Optimizer  - threads                : 96              
[MOSEK] Optimizer  - solved problem         : the primal      
[MOSEK] Optimizer  - Constraints            : 487445          
[MOSEK] Optimizer  - Cones                  : 0               
[MOSEK] Optimizer  - Scalar variables       : 5053              conic                  : 0               
[MOSEK] Optimizer  - Semi-definite variables: 212               scalarized             : 484911          
[MOSEK] Factor     - setup time             : 141.78          
[MOSEK] Factor     - dense det. time        : 31.15             GP order time          : 12.78           
[MOSEK] Factor     - nonzeros before factor : 6.30e+08          after factor           : 1.75e+09        
[MOSEK] Factor     - dense dim.             : 4921              flops                  : 7.78e+12        
[MOSEK] Factor     - GP saved nzs           : 0                 GP saved flops         : 0.00e+00        
[MOSEK] ITE PFEAS    DFEAS    GFEAS    PRSTATUS   POBJ              DOBJ              MU       TIME  
[MOSEK] 0   1.0e+00  1.0e+00  1.0e+00  0.00e+00   0.000000000e+00   0.000000000e+00   1.0e+00  144.09
[WATCH:solve] t=   150s  rss=  54082MB  cpu=  -1.0%  threads= 65  peak_rss=  69135MB
[MOSEK] 1   6.6e-01  6.6e-01  3.2e-01  1.04e+00   0.000000000e+00   -2.526252319e-01  6.6e-01  168.91
[WATCH:solve] t=   180s  rss=  54082MB  cpu=  -1.0%  threads= 65  peak_rss=  69135MB
[MOSEK] 2   1.2e-01  1.2e-01  5.2e-02  9.42e-01   0.000000000e+00   4.530823634e-02   1.2e-01  194.50
[MOSEK] ETA: iter 2, mu=1.20e-01, per-iter=97.3s, ~10 iters remain, eta=15.5 min
[WATCH:solve] t=   210s  rss=  54090MB  cpu=  -1.0%  threads= 65  peak_rss=  69135MB
[MOSEK] 3   7.8e-03  7.8e-03  2.3e-02  -8.31e-01  0.000000000e+00   8.419300873e+00   7.8e-03  218.36
[MOSEK] ETA: iter 3, mu=7.80e-03, per-iter=72.8s, ~5 iters remain, eta=6.0 min
[WATCH:solve] t=   240s  rss=  54090MB  cpu=  -1.0%  threads= 65  peak_rss=  69135MB
[MOSEK] 4   3.5e-07  1.5e-04  1.4e-04  -9.65e-01  0.000000000e+00   1.568574485e+05   3.5e-07  244.15
[MOSEK] ETA: iter 4, mu=3.50e-07, per-iter=61.0s, ~0 iters remain, eta=0.4 min
[WATCH:solve] t=   270s  rss=  54090MB  cpu=  -1.0%  threads= 65  peak_rss=  69135MB
[MOSEK] 5   1.1e-14  2.1e-09  2.1e-08  -1.00e+00  0.000000000e+00   2.803537433e+12   1.2e-14  270.05
[MOSEK] ETA: iter 5, mu=1.20e-14, per-iter=54.0s, ~0 iters remain, eta=0.0 min
[MOSEK] 6   1.1e-14  2.1e-09  2.1e-08  -1.00e+00  0.000000000e+00   2.803622993e+12   1.2e-14  298.17
[WATCH:solve] t=   300s  rss=  54102MB  cpu=  -1.0%  threads= 65  peak_rss=  69135MB
[MOSEK] 7   4.4e-23  4.2e-12  3.8e-04  -1.00e+00  0.000000000e+00   1.518610725e+21   2.2e-23  323.38
[MOSEK] ETA: iter 7, mu=2.20e-23, per-iter=46.2s, ~0 iters remain, eta=0.0 min
[WATCH:solve] t=   330s  rss=  54104MB  cpu=  -1.0%  threads= 65  peak_rss=  69135MB
[MOSEK] 8   6.9e-34  6.2e-15  1.1e-06  -1.00e+00  0.000000000e+00   1.568446881e-01   9.3e-35  346.79
[MOSEK] ETA: iter 8, mu=9.30e-35, per-iter=43.4s, ~0 iters remain, eta=0.0 min
[MOSEK] Optimizer terminated. Time: 347.06  
[MOSEK] 
[MOSEK] 
[MOSEK] Interior-point solution summary
[MOSEK]   Problem status  : PRIMAL_INFEASIBLE
[MOSEK]   Solution status : PRIMAL_INFEASIBLE_CER
[MOSEK]   Dual.    obj: 1.5684468805e-01    nrm: 3e+04    Viol.  con: 3e-17    var: 8e-11    acc: 0e+00  
  [1/1] t=0.89568500  infeas Undefined/Certificate                    (347.13s)  [0.895685, 1.291370]

  lb=0.895685  gc=-43.22%  build=34.89s  avg_solve=509.92s  total_solve=1019.83s  n_solves=2
[calib] d=10: n_y=8008 n_basis=286  build=34.89s  avg_solve=509.92s  (2 solves, wall=1054.9s)

[bench] calibration wall time: 19.7 min

========================================================================
  PROJECTION: d=16 L3 MOSEK wall time  (no d=16 build used)
========================================================================

-- d=16 problem size (closed-form) --
  n_y     = C(22,6) = 74613
  n_basis = C(19,3) = 969
  n_loc   = C(18,2) = 153

-- Calibration points (this machine) --
  d=4   n_y=210    n_basis=35    build=   0.08s  avg_solve=    0.27s  (4 solves)
  d=6   n_y=924    n_basis=84    build=   0.91s  avg_solve=    3.71s  (4 solves)
  d=8   n_y=3003   n_basis=165   build=   6.70s  avg_solve=   34.82s  (3 solves)
  d=10  n_y=8008   n_basis=286   build=  34.89s  avg_solve=  509.92s  (2 solves)

-- Power-law fits (this machine, 4 points) --
  BUILD: t ~ n_basis^2.88  (a=2.74e-06, r²=1.000)
  BUILD: t ~ n_y^1.67  (a=1.08e-05, r²=1.000)
  SOLVE: t ~ n_basis^3.53  (a=7.59e-07, r²=0.988)
  SOLVE: t ~ n_y^2.04  (a=4.02e-06, r²=0.990)

-- Historical reference exponents (d=6,8,10) --
  BUILD: n_basis^2.96, n_y^1.68
  SOLVE: n_basis^4.26, n_y^2.42

-- Projected d=16 BUILD time --
  this_basis  : 18.8 min  (1129 s)
  this_ny     : 23.6 min  (1413 s)
  hist_basis  : 22.0 min  (1318 s)
  hist_ny     : 24.5 min  (1473 s)

-- Projected d=16 PER-SOLVE time --
  this_basis  : 7.24 h  (26065 s)
  this_ny     : 9.61 h  (34587 s)
  hist_basis  : 1.50 d  (129992 s)
  hist_ny     : 1.78 d  (153846 s)

========================================================================
  TOTAL WALL-TIME ESTIMATE
========================================================================
  build          : 18.8 min – 24.5 min  (med 23.6 min)
  per-solve      : 7.24 h – 1.78 d  (med 1.50 d)
  n_solves       : 8 – 12
  TOTAL (lo/hi)  : 2.43 d – 21.38 d
  TOTAL (median) : 15.06 d
========================================================================

-- Confidence --
  build exponent drift  : |p_this - p_hist| = 0.07 (on n_basis)
  solve exponent drift  : |p_this - p_hist| = 0.73 (on n_basis)
  ⚠  solve exponent diverges from history (0.73)

[bench] wrote report → data/d16_l3_estimate.json
===JOB_EXIT_CODE=0===
=== END 2026-04-18T21:02:52Z ===
