Creating 2x NVIDIA H100 80GB HBM3 pod for d=16 L3 run...
raw_response: {'data': {'podFindAndDeployOnDemand': {'id': 'x19oa5dj2wbuu7', 'imageName': 'runpod/pytorch:2.2.0-py3.10-cuda12.1.1-devel-ubuntu22.04', 'env': ['PUBLIC_KEY=ssh-ed25519 AAAAC3NzaC1lZDI1NTE5AAAAIFyC0KsTOJjBxezK8HjMGyUFRR0U2BGQVLmbEwxHaVKt andrei.piterbarg@yahoo.com'], 'machineId': 'w9kqjvy1scpp', 'machine': {'podHostId': 'x19oa5dj2wbuu7-64412193'}}}}
  Pod ID: x19oa5dj2wbuu7
  SSH ready: root@103.207.149.90 -p 13099
CGROUP_MEM=502999998464
NPROC=224
               total        used        free      shared  buff/cache   available
Mem:            2015          25        1479           0         510        1980
Swap:              0           0           0


OK: container RAM = 503 GB (>= 450 GB threshold).
Installing MOSEK + deps...
  pip: [notice] A new release of pip is available: 24.0 -> 26.0.1
[notice] To update, run: python -m pip install --upgrade pip
  license: ok
  mosek: (11, 1, 11)
Syncing code...
  tests/lasserre_mosek_tuned.py -> ok
  tests/lasserre_fusion.py -> ok
  tests/lasserre_scalable.py -> ok
  lasserre/__init__.py -> ok
  lasserre/core.py -> ok
  lasserre/precompute.py -> ok
  lasserre/cliques.py -> ok
  lasserre/z2_symmetry.py -> ok
  lasserre/z2_blockdiag.py -> ok
  lasserre/z2_elim.py -> ok
  LAUNCHED
  log:   /workspace/sidon-autocorrelation/data/mosek_d16_l3.log
  done:  /workspace/sidon-autocorrelation/data/mosek_d16_done
  json:  /workspace/sidon-autocorrelation/data/mosek_d16_l3_z2full.json
  proof: /workspace/sidon-autocorrelation/data/mosek_d16_proof
