Existing d=16 pod state: xmii7tvk4ba0w9
  pod alive; reusing.
CGROUP_MEM=1005999996928
NPROC=224
               total        used        free      shared  buff/cache   available
Mem:            2015          23        1516           0         475        1982
Swap:              0           0           0


OK: container RAM = 1006 GB (> 500 GB threshold).
Installing MOSEK + deps...
  pip: [notice] A new release of pip is available: 24.0 -> 26.0.1
[notice] To update, run: python -m pip install --upgrade pip
  license: ok
  mosek: (11, 1, 11)
Syncing code...
  tests/lasserre_mosek_tuned.py -> ok
  tests/lasserre_fusion.py -> ok
  tests/lasserre_scalable.py -> ok
  lasserre/__init__.py -> ok
  lasserre/core.py -> ok
  lasserre/precompute.py -> ok
  lasserre/cliques.py -> ok
  lasserre/z2_symmetry.py -> ok
  lasserre/z2_blockdiag.py -> ok
  lasserre/z2_elim.py -> ok
  LAUNCHED
  log:   /workspace/sidon-autocorrelation/data/mosek_d16_l3.log
  done:  /workspace/sidon-autocorrelation/data/mosek_d16_done
  json:  /workspace/sidon-autocorrelation/data/mosek_d16_l3_z2full.json
  proof: /workspace/sidon-autocorrelation/data/mosek_d16_proof
