========================================================================
  d=16 L3 MOSEK wall-time estimator  (NO d=16 build)
  started: 2026-04-18T22:01:33
  host   : a172e91a94e0  (x86_64, Linux)
  cpu    : 128 threads visible
  mode   : z2_bd   tol=1e-06   order=forceGraphpar
========================================================================

[calib] d=4 order=3 mode=z2_bd n_bisect=3

============================================================
MOSEK-tuned full Lasserre: d=4 L3 mode=z2_bd
============================================================
  d=4, order=3 (degree 6)
  windows=28, basis=35, loc_basis=15, moments=210
  Base PSD cones: 5 (1x35^2 + 4x15^2)
  ab_eiej_idx: (15, 15, 4, 4), 3600/3600 valid
  Precompute: 0.00s
  Build: n_y=210, n_basis=35, n_loc=15, n_consist=126, n_z2_eq=100, n_win_psd=28, build_time=0.10s
  Block-diag moment: 35 -> sym 19 + anti 16
  Tuning: {'solve_form': 'dual', 'basis': 'never', 'tol': 1e-06, 'presolve_lindep': 'on', 'order_method': 'forcegraphpar', 'num_threads': 64, 'max_iterations': 1600, 'scaling': 'free'}
[MOSEK] Problem
[MOSEK]   Name                   : lasserre_full   
[MOSEK]   Objective sense        : minimize        
[MOSEK]   Type                   : CONIC (conic optimization problem)
[MOSEK]   Constraints            : 255             
[MOSEK]   Affine conic cons.     : 38 (4646 rows)
[MOSEK]   Disjunctive cons.      : 0               
[MOSEK]   Cones                  : 0               
[MOSEK]   Scalar variables       : 211             
[MOSEK]   Matrix variables       : 0               
[MOSEK]   Integer variables      : 0               
[MOSEK] 
[MOSEK] Optimizer started.
[MOSEK] Presolve started.
[MOSEK] Linear dependency checker started.
[MOSEK] Linear dependency checker terminated.
[MOSEK] Eliminator started.
[MOSEK] Freed constraints in eliminator : 59
[MOSEK] Eliminator terminated.
[MOSEK] Eliminator - tries                  : 1                 time                   : 0.00            
[MOSEK] Lin. dep.  - tries                  : 1                 time                   : 0.00            
[MOSEK] Lin. dep.  - primal attempts        : 1                 successes              : 1               
[MOSEK] Lin. dep.  - dual attempts          : 0                 successes              : 0               
[MOSEK] Lin. dep.  - primal deps.           : 60                dual deps.             : 0               
[MOSEK] Presolve terminated. Time: 0.01    
[MOSEK] Optimizer  - threads                : 64              
[MOSEK] Optimizer  - solved problem         : the primal      
[MOSEK] Optimizer  - Constraints            : 4767            
[MOSEK] Optimizer  - Cones                  : 0               
[MOSEK] Optimizer  - Scalar variables       : 164               conic                  : 0               
[MOSEK] Optimizer  - Semi-definite variables: 38                scalarized             : 4646            
[MOSEK] Factor     - setup time             : 0.15            
[MOSEK] Factor     - dense det. time        : 0.03              GP order time          : 0.01            
[MOSEK] Factor     - nonzeros before factor : 3.10e+05          after factor           : 5.91e+05        
[MOSEK] Factor     - dense dim.             : 150               flops                  : 8.10e+07        
[MOSEK] Factor     - GP saved nzs           : 0                 GP saved flops         : 0.00e+00        
[MOSEK] ITE PFEAS    DFEAS    GFEAS    PRSTATUS   POBJ              DOBJ              MU       TIME  
[MOSEK] 0   1.0e+00  1.0e+00  1.0e+00  0.00e+00   0.000000000e+00   0.000000000e+00   1.0e+00  0.16  
[MOSEK] 1   2.3e-01  2.3e-01  5.3e-02  1.82e+00   0.000000000e+00   -5.278109306e-02  2.3e-01  0.17  
[MOSEK] 2   6.1e-02  6.1e-02  3.7e-03  2.44e+00   0.000000000e+00   -8.991001287e-03  6.1e-02  0.19  
[MOSEK] 3   1.4e-02  1.4e-02  1.8e-04  1.82e+00   0.000000000e+00   -1.631234549e-03  1.4e-02  0.20  
[MOSEK] 4   3.1e-03  7.8e-03  1.4e-05  1.67e+00   0.000000000e+00   -2.515231465e-04  3.2e-03  0.22  
[MOSEK] 5   6.1e-04  6.5e-03  1.0e-06  1.47e+00   0.000000000e+00   -3.785365309e-05  6.2e-04  0.23  
[MOSEK] 6   2.5e-04  9.8e-03  1.7e-07  1.51e+00   0.000000000e+00   -1.138295417e-05  2.2e-04  0.24  
[MOSEK] 7   4.2e-05  2.0e-03  1.2e-08  1.06e+00   0.000000000e+00   -1.883970337e-06  4.3e-05  0.26  
[MOSEK] 8   9.0e-06  3.9e-04  1.2e-09  9.88e-01   0.000000000e+00   -4.049282202e-07  8.9e-06  0.27  
[MOSEK] 9   1.7e-06  7.1e-05  1.0e-10  9.99e-01   0.000000000e+00   -7.659811029e-08  1.7e-06  0.28  
[MOSEK] 10  1.6e-07  6.1e-06  2.2e-12  9.50e-01   0.000000000e+00   -7.208488551e-09  1.1e-07  0.30  
[MOSEK] Optimizer terminated. Time: 0.30    
[MOSEK] 
[MOSEK] 
[MOSEK] Interior-point solution summary
[MOSEK]   Problem status  : PRIMAL_AND_DUAL_FEASIBLE
[MOSEK]   Solution status : OPTIMAL
[MOSEK]   Primal.  obj: 0.0000000000e+00    nrm: 1e+00    Viol.  con: 9e-09    var: 0e+00    acc: 3e-09  
[MOSEK]   Dual.    obj: -7.2084888091e-09   nrm: 1e+01    Viol.  con: 2e-09    var: 3e-07    acc: 7e-09  

  hi probe: t=1.152330 -> feas Optimal/Optimal (0.33s)
[MOSEK] Problem
[MOSEK]   Name                   : lasserre_full   
[MOSEK]   Objective sense        : minimize        
[MOSEK]   Type                   : CONIC (conic optimization problem)
[MOSEK]   Constraints            : 255             
[MOSEK]   Affine conic cons.     : 38 (4646 rows)
[MOSEK]   Disjunctive cons.      : 0               
[MOSEK]   Cones                  : 0               
[MOSEK]   Scalar variables       : 211             
[MOSEK]   Matrix variables       : 0               
[MOSEK]   Integer variables      : 0               
[MOSEK] 
[MOSEK] Optimizer started.
[MOSEK] Presolve started.
[MOSEK] Linear dependency checker started.
[MOSEK] Linear dependency checker terminated.
[MOSEK] Eliminator started.
[MOSEK] Freed constraints in eliminator : 59
[MOSEK] Eliminator terminated.
[MOSEK] Eliminator - tries                  : 1                 time                   : 0.00            
[MOSEK] Lin. dep.  - tries                  : 1                 time                   : 0.00            
[MOSEK] Lin. dep.  - primal attempts        : 1                 successes              : 1               
[MOSEK] Lin. dep.  - dual attempts          : 0                 successes              : 0               
[MOSEK] Lin. dep.  - primal deps.           : 60                dual deps.             : 0               
[MOSEK] Presolve terminated. Time: 0.00    
[MOSEK] Optimizer  - threads                : 64              
[MOSEK] Optimizer  - solved problem         : the primal      
[MOSEK] Optimizer  - Constraints            : 4767            
[MOSEK] Optimizer  - Cones                  : 0               
[MOSEK] Optimizer  - Scalar variables       : 164               conic                  : 0               
[MOSEK] Optimizer  - Semi-definite variables: 38                scalarized             : 4646            
[MOSEK] Factor     - setup time             : 0.15            
[MOSEK] Factor     - dense det. time        : 0.03              GP order time          : 0.01            
[MOSEK] Factor     - nonzeros before factor : 3.10e+05          after factor           : 5.91e+05        
[MOSEK] Factor     - dense dim.             : 150               flops                  : 8.10e+07        
[MOSEK] Factor     - GP saved nzs           : 0                 GP saved flops         : 0.00e+00        
[MOSEK] ITE PFEAS    DFEAS    GFEAS    PRSTATUS   POBJ              DOBJ              MU       TIME  
[MOSEK] 0   1.0e+00  1.0e+00  1.0e+00  0.00e+00   0.000000000e+00   0.000000000e+00   1.0e+00  0.16  
[MOSEK] 1   2.3e-01  2.3e-01  1.2e-01  8.75e-01   0.000000000e+00   1.984195033e-02   2.3e-01  0.17  
[MOSEK] 2   2.4e-02  2.4e-02  1.0e-01  -6.49e-01  0.000000000e+00   1.598110514e+01   2.4e-02  0.19  
[MOSEK] 3   1.1e-06  8.4e-05  2.9e-04  -9.00e-01  0.000000000e+00   7.540521890e+04   1.1e-06  0.20  
[MOSEK] 4   1.9e-14  5.8e-09  1.6e-08  -1.00e+00  0.000000000e+00   3.662592078e+12   1.9e-14  0.22  
[MOSEK] 5   3.7e-22  1.0e-13  2.8e-08  -1.00e+00  0.000000000e+00   2.366790426e-01   4.8e-23  0.23  
[MOSEK] Optimizer terminated. Time: 0.23    
[MOSEK] 
[MOSEK] 
[MOSEK] Interior-point solution summary
[MOSEK]   Problem status  : PRIMAL_INFEASIBLE
[MOSEK]   Solution status : PRIMAL_INFEASIBLE_CER
[MOSEK]   Dual.    obj: 2.3667904257e-01    nrm: 2e+02    Viol.  con: 6e-17    var: 1e-13    acc: 0e+00  
  [1/3] t=0.82616500  infeas Undefined/Certificate                    (0.23s)  [0.826165, 1.152330]
[MOSEK] Problem
[MOSEK]   Name                   : lasserre_full   
[MOSEK]   Objective sense        : minimize        
[MOSEK]   Type                   : CONIC (conic optimization problem)
[MOSEK]   Constraints            : 255             
[MOSEK]   Affine conic cons.     : 38 (4646 rows)
[MOSEK]   Disjunctive cons.      : 0               
[MOSEK]   Cones                  : 0               
[MOSEK]   Scalar variables       : 211             
[MOSEK]   Matrix variables       : 0               
[MOSEK]   Integer variables      : 0               
[MOSEK] 
[MOSEK] Optimizer started.
[MOSEK] Presolve started.
[MOSEK] Linear dependency checker started.
[MOSEK] Linear dependency checker terminated.
[MOSEK] Eliminator started.
[MOSEK] Freed constraints in eliminator : 59
[MOSEK] Eliminator terminated.
[MOSEK] Eliminator - tries                  : 1                 time                   : 0.00            
[MOSEK] Lin. dep.  - tries                  : 1                 time                   : 0.00            
[MOSEK] Lin. dep.  - primal attempts        : 1                 successes              : 1               
[MOSEK] Lin. dep.  - dual attempts          : 0                 successes              : 0               
[MOSEK] Lin. dep.  - primal deps.           : 60                dual deps.             : 0               
[MOSEK] Presolve terminated. Time: 0.00    
[MOSEK] Optimizer  - threads                : 64              
[MOSEK] Optimizer  - solved problem         : the primal      
[MOSEK] Optimizer  - Constraints            : 4767            
[MOSEK] Optimizer  - Cones                  : 0               
[MOSEK] Optimizer  - Scalar variables       : 164               conic                  : 0               
[MOSEK] Optimizer  - Semi-definite variables: 38                scalarized             : 4646            
[MOSEK] Factor     - setup time             : 0.15            
[MOSEK] Factor     - dense det. time        : 0.03              GP order time          : 0.01            
[MOSEK] Factor     - nonzeros before factor : 3.10e+05          after factor           : 5.91e+05        
[MOSEK] Factor     - dense dim.             : 150               flops                  : 8.10e+07        
[MOSEK] Factor     - GP saved nzs           : 0                 GP saved flops         : 0.00e+00        
[MOSEK] ITE PFEAS    DFEAS    GFEAS    PRSTATUS   POBJ              DOBJ              MU       TIME  
[MOSEK] 0   1.0e+00  1.0e+00  1.0e+00  0.00e+00   0.000000000e+00   0.000000000e+00   1.0e+00  0.16  
[MOSEK] 1   2.2e-01  2.2e-01  5.8e-02  1.73e+00   0.000000000e+00   -4.691027389e-02  2.2e-01  0.17  
[MOSEK] 2   1.1e-01  1.1e-01  3.2e-02  1.13e+00   0.000000000e+00   6.668569062e-03   1.1e-01  0.19  
[MOSEK] 3   6.9e-03  6.9e-03  4.9e-03  5.07e-02   0.000000000e+00   4.504857209e-01   6.9e-03  0.20  
[MOSEK] 4   1.2e-05  4.9e-04  2.4e-04  -9.78e-01  0.000000000e+00   4.123803056e+02   1.2e-05  0.22  
[MOSEK] 5   1.6e-12  5.5e-07  8.4e-08  -1.00e+00  0.000000000e+00   2.861289160e+09   1.6e-12  0.23  
[MOSEK] 6   1.1e-19  3.1e-13  2.6e-06  -1.00e+00  0.000000000e+00   7.304178975e+16   5.5e-20  0.25  
[MOSEK] 7   2.5e-31  4.4e-15  3.8e-09  -1.00e+00  0.000000000e+00   7.585441713e-02   1.3e-32  0.26  
[MOSEK] Optimizer terminated. Time: 0.26    
[MOSEK] 
[MOSEK] 
[MOSEK] Interior-point solution summary
[MOSEK]   Problem status  : PRIMAL_INFEASIBLE
[MOSEK]   Solution status : PRIMAL_INFEASIBLE_CER
[MOSEK]   Dual.    obj: 7.5854417134e-02    nrm: 1e+02    Viol.  con: 3e-17    var: 2e-13    acc: 0e+00  
  [2/3] t=0.98924750  infeas Undefined/Certificate                    (0.26s)  [0.989248, 1.152330]
[MOSEK] Problem
[MOSEK]   Name                   : lasserre_full   
[MOSEK]   Objective sense        : minimize        
[MOSEK]   Type                   : CONIC (conic optimization problem)
[MOSEK]   Constraints            : 255             
[MOSEK]   Affine conic cons.     : 38 (4646 rows)
[MOSEK]   Disjunctive cons.      : 0               
[MOSEK]   Cones                  : 0               
[MOSEK]   Scalar variables       : 211             
[MOSEK]   Matrix variables       : 0               
[MOSEK]   Integer variables      : 0               
[MOSEK] 
[MOSEK] Optimizer started.
[MOSEK] Presolve started.
[MOSEK] Linear dependency checker started.
[MOSEK] Linear dependency checker terminated.
[MOSEK] Eliminator started.
[MOSEK] Freed constraints in eliminator : 59
[MOSEK] Eliminator terminated.
[MOSEK] Eliminator - tries                  : 1                 time                   : 0.00            
[MOSEK] Lin. dep.  - tries                  : 1                 time                   : 0.00            
[MOSEK] Lin. dep.  - primal attempts        : 1                 successes              : 1               
[MOSEK] Lin. dep.  - dual attempts          : 0                 successes              : 0               
[MOSEK] Lin. dep.  - primal deps.           : 60                dual deps.             : 0               
[MOSEK] Presolve terminated. Time: 0.00    
[MOSEK] Optimizer  - threads                : 64              
[MOSEK] Optimizer  - solved problem         : the primal      
[MOSEK] Optimizer  - Constraints            : 4767            
[MOSEK] Optimizer  - Cones                  : 0               
[MOSEK] Optimizer  - Scalar variables       : 164               conic                  : 0               
[MOSEK] Optimizer  - Semi-definite variables: 38                scalarized             : 4646            
[MOSEK] Factor     - setup time             : 0.15            
[MOSEK] Factor     - dense det. time        : 0.03              GP order time          : 0.01            
[MOSEK] Factor     - nonzeros before factor : 3.10e+05          after factor           : 5.91e+05        
[MOSEK] Factor     - dense dim.             : 150               flops                  : 8.10e+07        
[MOSEK] Factor     - GP saved nzs           : 0                 GP saved flops         : 0.00e+00        
[MOSEK] ITE PFEAS    DFEAS    GFEAS    PRSTATUS   POBJ              DOBJ              MU       TIME  
[MOSEK] 0   1.0e+00  1.0e+00  1.0e+00  0.00e+00   0.000000000e+00   0.000000000e+00   1.0e+00  0.16  
[MOSEK] 1   2.3e-01  2.3e-01  5.8e-02  1.85e+00   0.000000000e+00   -4.158664763e-02  2.3e-01  0.17  
[MOSEK] 2   5.8e-02  5.8e-02  5.4e-03  2.21e+00   0.000000000e+00   -5.962115803e-03  5.8e-02  0.19  
[MOSEK] 3   1.5e-02  1.5e-02  6.4e-04  1.41e+00   0.000000000e+00   -1.470136880e-03  1.5e-02  0.20  
[MOSEK] 4   2.5e-03  9.1e-03  3.0e-04  -5.72e-02  0.000000000e+00   8.666547716e-03   2.5e-03  0.22  
[MOSEK] 5   1.7e-05  1.6e-04  1.9e-05  -8.43e-01  0.000000000e+00   1.236595989e+00   1.7e-05  0.23  
[MOSEK] 6   1.6e-10  7.8e-06  5.7e-08  -9.99e-01  0.000000000e+00   1.238269826e+05   1.6e-10  0.25  
[MOSEK] 7   1.3e-17  9.8e-11  1.3e-08  -1.00e+00  0.000000000e+00   1.301038203e+12   1.3e-17  0.26  
[MOSEK] 8   3.8e-24  2.5e-13  9.1e-05  -1.00e+00  0.000000000e+00   4.112914179e+20   3.1e-26  0.29  
[MOSEK] 9   1.4e-37  1.1e-14  1.5e-01  -1.00e+00  0.000000000e+00   3.122070322e+34   4.2e-40  0.30  
[MOSEK] 10  1.4e-37  1.1e-14  1.5e-01  -1.00e+00  0.000000000e+00   3.122070322e+34   4.2e-40  0.33  
[MOSEK] 11  1.4e-37  1.1e-14  1.5e-01  -1.00e+00  0.000000000e+00   3.122070322e+34   4.2e-40  0.36  
[MOSEK] Optimizer terminated. Time: 0.39    
[MOSEK] 
[MOSEK] 
[MOSEK] Interior-point solution summary
[MOSEK]   Problem status  : PRIMAL_INFEASIBLE
[MOSEK]   Solution status : PRIMAL_INFEASIBLE_CER
[MOSEK]   Dual.    obj: 6.1400987530e-03    nrm: 7e+02    Viol.  con: 1e-17    var: 5e-13    acc: 0e+00  
  [3/3] t=1.07078875  infeas Undefined/Certificate                    (0.39s)  [1.070789, 1.152330]

  lb=1.070789  gc=69.18%  build=0.10s  avg_solve=0.30s  total_solve=1.21s  n_solves=4
[calib] d=4: n_y=210 n_basis=35  build=0.10s  avg_solve=0.30s  (4 solves, wall=1.3s)

[calib] d=6 order=3 mode=z2_bd n_bisect=3

============================================================
MOSEK-tuned full Lasserre: d=6 L3 mode=z2_bd
============================================================
  d=6, order=3 (degree 6)
  windows=66, basis=84, loc_basis=28, moments=924
  Base PSD cones: 7 (1x84^2 + 6x28^2)
  ab_eiej_idx: (28, 28, 6, 6), 28224/28224 valid
  Precompute: 0.01s
  Build: n_y=924, n_basis=84, n_loc=28, n_consist=462, n_z2_eq=452, n_win_psd=66, build_time=1.12s
  Block-diag moment: 84 -> sym 44 + anti 40
  Tuning: {'solve_form': 'dual', 'basis': 'never', 'tol': 1e-06, 'presolve_lindep': 'on', 'order_method': 'forcegraphpar', 'num_threads': 64, 'max_iterations': 1600, 'scaling': 'free'}
[MOSEK] Problem
[MOSEK]   Name                   : lasserre_full   
[MOSEK]   Objective sense        : minimize        
[MOSEK]   Type                   : CONIC (conic optimization problem)
[MOSEK]   Constraints            : 981             
[MOSEK]   Affine conic cons.     : 80 (33478 rows)
[MOSEK]   Disjunctive cons.      : 0               
[MOSEK]   Cones                  : 0               
[MOSEK]   Scalar variables       : 925             
[MOSEK]   Matrix variables       : 0               
[MOSEK]   Integer variables      : 0               
[MOSEK] 
[MOSEK] Optimizer started.
[MOSEK] Presolve started.
[MOSEK] Linear dependency checker started.
[MOSEK] Linear dependency checker terminated.
[MOSEK] Eliminator started.
[MOSEK] Freed constraints in eliminator : 296
[MOSEK] Eliminator terminated.
[MOSEK] Eliminator started.
[MOSEK] Freed constraints in eliminator : 0
[MOSEK] Eliminator terminated.
[MOSEK] Eliminator - tries                  : 2                 time                   : 0.00            
[MOSEK] Lin. dep.  - tries                  : 1                 time                   : 0.02            
[MOSEK] Lin. dep.  - primal attempts        : 1                 successes              : 1               
[MOSEK] Lin. dep.  - dual attempts          : 0                 successes              : 0               
[MOSEK] Lin. dep.  - primal deps.           : 226               dual deps.             : 0               
[MOSEK] Presolve terminated. Time: 0.06    
[MOSEK] Optimizer  - threads                : 64              
[MOSEK] Optimizer  - solved problem         : the primal      
[MOSEK] Optimizer  - Constraints            : 33914           
[MOSEK] Optimizer  - Cones                  : 0               
[MOSEK] Optimizer  - Scalar variables       : 671               conic                  : 0               
[MOSEK] Optimizer  - Semi-definite variables: 80                scalarized             : 33478           
[MOSEK] Factor     - setup time             : 2.21            
[MOSEK] Factor     - dense det. time        : 0.64              GP order time          : 0.20            
[MOSEK] Factor     - nonzeros before factor : 7.56e+06          after factor           : 1.67e+07        
[MOSEK] Factor     - dense dim.             : 627               flops                  : 9.65e+09        
[MOSEK] Factor     - GP saved nzs           : 0                 GP saved flops         : 0.00e+00        
[MOSEK] ITE PFEAS    DFEAS    GFEAS    PRSTATUS   POBJ              DOBJ              MU       TIME  
[MOSEK] 0   1.0e+00  1.0e+00  1.0e+00  0.00e+00   0.000000000e+00   0.000000000e+00   1.0e+00  2.29  
[MOSEK] 1   2.8e-01  2.8e-01  3.7e-02  1.95e+00   0.000000000e+00   -7.939060097e-02  2.8e-01  2.53  
[MOSEK] 2   8.3e-02  8.3e-02  3.8e-03  2.53e+00   0.000000000e+00   -1.070284173e-02  8.3e-02  2.76  
[MOSEK] ETA: iter 2, mu=8.30e-02, per-iter=1.4s, ~13 iters remain, eta=0.3 min
[MOSEK] 3   2.0e-02  2.0e-02  2.6e-04  2.06e+00   0.000000000e+00   -1.522814542e-03  2.0e-02  3.00  
[MOSEK] ETA: iter 3, mu=2.00e-02, per-iter=1.0s, ~10 iters remain, eta=0.2 min
[MOSEK] 4   4.9e-03  8.5e-03  1.9e-05  1.77e+00   0.000000000e+00   -2.589577776e-04  4.9e-03  3.26  
[MOSEK] ETA: iter 4, mu=4.90e-03, per-iter=0.8s, ~9 iters remain, eta=0.1 min
[MOSEK] 5   1.7e-03  4.0e-03  3.1e-06  1.65e+00   0.000000000e+00   -6.620428075e-05  1.7e-03  3.48  
[MOSEK] ETA: iter 5, mu=1.70e-03, per-iter=0.7s, ~11 iters remain, eta=0.1 min
[MOSEK] 6   6.3e-04  1.3e-02  4.5e-07  1.66e+00   0.000000000e+00   -1.711465242e-05  6.0e-04  3.70  
[MOSEK] ETA: iter 6, mu=6.00e-04, per-iter=0.6s, ~11 iters remain, eta=0.1 min
[MOSEK] 7   4.4e-04  2.6e-02  1.4e-07  2.13e+00   0.000000000e+00   -7.288727673e-06  3.7e-04  3.89  
[MOSEK] ETA: iter 7, mu=3.70e-04, per-iter=0.6s, ~22 iters remain, eta=0.2 min
[MOSEK] 8   9.4e-05  4.0e-03  1.1e-08  7.19e-01   0.000000000e+00   -1.608059549e-06  7.8e-05  4.22  
[MOSEK] ETA: iter 8, mu=7.80e-05, per-iter=0.5s, ~6 iters remain, eta=0.1 min
[MOSEK] 9   1.9e-05  1.2e-03  1.0e-09  9.19e-01   0.000000000e+00   -3.143448636e-07  1.4e-05  4.56  
[MOSEK] ETA: iter 9, mu=1.40e-05, per-iter=0.5s, ~4 iters remain, eta=0.0 min
[MOSEK] 10  3.1e-06  2.1e-04  7.2e-11  1.17e+00   0.000000000e+00   -4.720823822e-08  2.3e-06  5.00  
[MOSEK] ETA: iter 10, mu=2.30e-06, per-iter=0.5s, ~3 iters remain, eta=0.0 min
[MOSEK] 11  2.8e-06  3.0e-04  1.5e-10  2.06e-01   0.000000000e+00   -1.358902506e-07  1.3e-06  5.21  
[MOSEK] ETA: iter 11, mu=1.30e-06, per-iter=0.5s, ~9 iters remain, eta=0.1 min
[MOSEK] 12  1.1e-06  1.0e-04  3.3e-11  1.11e+00   0.000000000e+00   -4.879552428e-08  5.1e-07  5.41  
[MOSEK] ETA: iter 12, mu=5.10e-07, per-iter=0.5s, ~4 iters remain, eta=0.0 min
[MOSEK] 13  4.6e-07  3.6e-05  6.9e-12  1.15e+00   0.000000000e+00   -1.750437018e-08  1.8e-07  5.62  
[MOSEK] ETA: iter 13, mu=1.80e-07, per-iter=0.4s, ~3 iters remain, eta=0.0 min
[MOSEK] Optimizer terminated. Time: 5.62    
[MOSEK] 
[MOSEK] 
[MOSEK] Interior-point solution summary
[MOSEK]   Problem status  : PRIMAL_AND_DUAL_FEASIBLE
[MOSEK]   Solution status : OPTIMAL
[MOSEK]   Primal.  obj: 0.0000000000e+00    nrm: 1e+00    Viol.  con: 2e-08    var: 0e+00    acc: 4e-09  
[MOSEK]   Dual.    obj: -1.7504370565e-08   nrm: 6e+01    Viol.  con: 3e-09    var: 1e-06    acc: 2e-08  

  hi probe: t=1.221100 -> feas Optimal/Optimal (5.63s)
[MOSEK] Problem
[MOSEK]   Name                   : lasserre_full   
[MOSEK]   Objective sense        : minimize        
[MOSEK]   Type                   : CONIC (conic optimization problem)
[MOSEK]   Constraints            : 981             
[MOSEK]   Affine conic cons.     : 80 (33478 rows)
[MOSEK]   Disjunctive cons.      : 0               
[MOSEK]   Cones                  : 0               
[MOSEK]   Scalar variables       : 925             
[MOSEK]   Matrix variables       : 0               
[MOSEK]   Integer variables      : 0               
[MOSEK] 
[MOSEK] Optimizer started.
[MOSEK] Presolve started.
[MOSEK] Linear dependency checker started.
[MOSEK] Linear dependency checker terminated.
[MOSEK] Eliminator started.
[MOSEK] Freed constraints in eliminator : 296
[MOSEK] Eliminator terminated.
[MOSEK] Eliminator started.
[MOSEK] Freed constraints in eliminator : 0
[MOSEK] Eliminator terminated.
[MOSEK] Eliminator - tries                  : 2                 time                   : 0.00            
[MOSEK] Lin. dep.  - tries                  : 1                 time                   : 0.01            
[MOSEK] Lin. dep.  - primal attempts        : 1                 successes              : 1               
[MOSEK] Lin. dep.  - dual attempts          : 0                 successes              : 0               
[MOSEK] Lin. dep.  - primal deps.           : 226               dual deps.             : 0               
[MOSEK] Presolve terminated. Time: 0.05    
[MOSEK] Optimizer  - threads                : 64              
[MOSEK] Optimizer  - solved problem         : the primal      
[MOSEK] Optimizer  - Constraints            : 33914           
[MOSEK] Optimizer  - Cones                  : 0               
[MOSEK] Optimizer  - Scalar variables       : 671               conic                  : 0               
[MOSEK] Optimizer  - Semi-definite variables: 80                scalarized             : 33478           
[MOSEK] Factor     - setup time             : 2.23            
[MOSEK] Factor     - dense det. time        : 0.65              GP order time          : 0.19            
[MOSEK] Factor     - nonzeros before factor : 7.56e+06          after factor           : 1.67e+07        
[MOSEK] Factor     - dense dim.             : 627               flops                  : 9.65e+09        
[MOSEK] Factor     - GP saved nzs           : 0                 GP saved flops         : 0.00e+00        
[MOSEK] ITE PFEAS    DFEAS    GFEAS    PRSTATUS   POBJ              DOBJ              MU       TIME  
[MOSEK] 0   1.0e+00  1.0e+00  1.0e+00  0.00e+00   0.000000000e+00   0.000000000e+00   1.0e+00  2.30  
[MOSEK] 1   4.2e-01  4.2e-01  2.0e-01  9.06e-01   0.000000000e+00   -1.455307264e-01  4.2e-01  2.49  
[MOSEK] 2   2.5e-02  2.5e-02  2.9e-02  2.11e-01   0.000000000e+00   1.096034859e+00   2.5e-02  2.82  
[MOSEK] ETA: iter 2, mu=2.50e-02, per-iter=1.4s, ~5 iters remain, eta=0.1 min
[MOSEK] 3   3.5e-05  1.6e-04  1.9e-03  -9.76e-01  0.000000000e+00   2.867486144e+03   3.5e-05  3.01  
[MOSEK] ETA: iter 3, mu=3.50e-05, per-iter=1.0s, ~1 iters remain, eta=0.0 min
[MOSEK] 4   9.3e-12  3.2e-08  9.6e-07  -1.00e+00  0.000000000e+00   1.040488560e+10   9.4e-12  3.34  
[MOSEK] ETA: iter 4, mu=9.40e-12, per-iter=0.8s, ~0 iters remain, eta=0.0 min
[MOSEK] 5   2.8e-21  1.1e-12  3.0e-04  -1.00e+00  0.000000000e+00   3.849154219e+19   2.2e-21  3.67  
[MOSEK] ETA: iter 5, mu=2.20e-21, per-iter=0.7s, ~0 iters remain, eta=0.0 min
[MOSEK] 6   5.9e-33  2.2e-15  3.4e-07  -1.00e+00  0.000000000e+00   1.778577185e-01   2.4e-33  3.84  
[MOSEK] ETA: iter 6, mu=2.40e-33, per-iter=0.6s, ~0 iters remain, eta=0.0 min
[MOSEK] Optimizer terminated. Time: 3.85    
[MOSEK] 
[MOSEK] 
[MOSEK] Interior-point solution summary
[MOSEK]   Problem status  : PRIMAL_INFEASIBLE
[MOSEK]   Solution status : PRIMAL_INFEASIBLE_CER
[MOSEK]   Dual.    obj: 1.7785771851e-01    nrm: 4e+03    Viol.  con: 6e-17    var: 5e-12    acc: 0e+00  
  [1/3] t=0.86055000  infeas Undefined/Certificate                    (3.85s)  [0.860550, 1.221100]
[MOSEK] Problem
[MOSEK]   Name                   : lasserre_full   
[MOSEK]   Objective sense        : minimize        
[MOSEK]   Type                   : CONIC (conic optimization problem)
[MOSEK]   Constraints            : 981             
[MOSEK]   Affine conic cons.     : 80 (33478 rows)
[MOSEK]   Disjunctive cons.      : 0               
[MOSEK]   Cones                  : 0               
[MOSEK]   Scalar variables       : 925             
[MOSEK]   Matrix variables       : 0               
[MOSEK]   Integer variables      : 0               
[MOSEK] 
[MOSEK] Optimizer started.
[MOSEK] Presolve started.
[MOSEK] Linear dependency checker started.
[MOSEK] Linear dependency checker terminated.
[MOSEK] Eliminator started.
[MOSEK] Freed constraints in eliminator : 296
[MOSEK] Eliminator terminated.
[MOSEK] Eliminator started.
[MOSEK] Freed constraints in eliminator : 0
[MOSEK] Eliminator terminated.
[MOSEK] Eliminator - tries                  : 2                 time                   : 0.00            
[MOSEK] Lin. dep.  - tries                  : 1                 time                   : 0.01            
[MOSEK] Lin. dep.  - primal attempts        : 1                 successes              : 1               
[MOSEK] Lin. dep.  - dual attempts          : 0                 successes              : 0               
[MOSEK] Lin. dep.  - primal deps.           : 226               dual deps.             : 0               
[MOSEK] Presolve terminated. Time: 0.05    
[MOSEK] Optimizer  - threads                : 64              
[MOSEK] Optimizer  - solved problem         : the primal      
[MOSEK] Optimizer  - Constraints            : 33914           
[MOSEK] Optimizer  - Cones                  : 0               
[MOSEK] Optimizer  - Scalar variables       : 671               conic                  : 0               
[MOSEK] Optimizer  - Semi-definite variables: 80                scalarized             : 33478           
[MOSEK] Factor     - setup time             : 2.17            
[MOSEK] Factor     - dense det. time        : 0.61              GP order time          : 0.19            
[MOSEK] Factor     - nonzeros before factor : 7.56e+06          after factor           : 1.67e+07        
[MOSEK] Factor     - dense dim.             : 627               flops                  : 9.65e+09        
[MOSEK] Factor     - GP saved nzs           : 0                 GP saved flops         : 0.00e+00        
[MOSEK] ITE PFEAS    DFEAS    GFEAS    PRSTATUS   POBJ              DOBJ              MU       TIME  
[MOSEK] 0   1.0e+00  1.0e+00  1.0e+00  0.00e+00   0.000000000e+00   0.000000000e+00   1.0e+00  2.24  
[MOSEK] 1   2.1e-01  2.1e-01  2.9e-02  2.03e+00   0.000000000e+00   -5.325482942e-02  2.1e-01  2.53  
[MOSEK] 2   5.6e-02  5.6e-02  5.6e-03  1.82e+00   0.000000000e+00   -5.988222052e-03  5.6e-02  2.79  
[MOSEK] ETA: iter 2, mu=5.60e-02, per-iter=1.4s, ~12 iters remain, eta=0.3 min
[MOSEK] 3   9.1e-03  9.1e-03  3.8e-03  -1.99e-01  0.000000000e+00   1.198538487e-01   9.1e-03  3.00  
[MOSEK] ETA: iter 3, mu=9.10e-03, per-iter=1.0s, ~8 iters remain, eta=0.1 min
[MOSEK] 4   7.6e-06  1.2e-04  5.6e-05  -7.42e-01  0.000000000e+00   5.503835959e+01   7.6e-06  3.32  
[MOSEK] ETA: iter 4, mu=7.60e-06, per-iter=0.8s, ~1 iters remain, eta=0.0 min
[MOSEK] 5   3.5e-12  2.3e-07  3.7e-08  -1.00e+00  0.000000000e+00   1.116756875e+08   3.5e-12  3.64  
[MOSEK] ETA: iter 5, mu=3.50e-12, per-iter=0.7s, ~0 iters remain, eta=0.0 min
[MOSEK] 6   1.9e-20  1.0e-12  1.8e-06  -1.00e+00  0.000000000e+00   5.372225802e+16   8.0e-21  3.97  
[MOSEK] ETA: iter 6, mu=8.00e-21, per-iter=0.7s, ~0 iters remain, eta=0.0 min
[MOSEK] 7   2.0e-30  8.9e-15  2.4e-09  -1.00e+00  0.000000000e+00   2.437183248e-02   2.2e-32  4.14  
[MOSEK] ETA: iter 7, mu=2.20e-32, per-iter=0.6s, ~0 iters remain, eta=0.0 min
[MOSEK] Optimizer terminated. Time: 4.15    
[MOSEK] 
[MOSEK] 
[MOSEK] Interior-point solution summary
[MOSEK]   Problem status  : PRIMAL_INFEASIBLE
[MOSEK]   Solution status : PRIMAL_INFEASIBLE_CER
[MOSEK]   Dual.    obj: 2.4371832484e-02    nrm: 4e+03    Viol.  con: 1e-17    var: 6e-12    acc: 0e+00  
  [2/3] t=1.04082500  infeas Undefined/Certificate                    (4.15s)  [1.040825, 1.221100]
[MOSEK] Problem
[MOSEK]   Name                   : lasserre_full   
[MOSEK]   Objective sense        : minimize        
[MOSEK]   Type                   : CONIC (conic optimization problem)
[MOSEK]   Constraints            : 981             
[MOSEK]   Affine conic cons.     : 80 (33478 rows)
[MOSEK]   Disjunctive cons.      : 0               
[MOSEK]   Cones                  : 0               
[MOSEK]   Scalar variables       : 925             
[MOSEK]   Matrix variables       : 0               
[MOSEK]   Integer variables      : 0               
[MOSEK] 
[MOSEK] Optimizer started.
[MOSEK] Presolve started.
[MOSEK] Linear dependency checker started.
[MOSEK] Linear dependency checker terminated.
[MOSEK] Eliminator started.
[MOSEK] Freed constraints in eliminator : 296
[MOSEK] Eliminator terminated.
[MOSEK] Eliminator started.
[MOSEK] Freed constraints in eliminator : 0
[MOSEK] Eliminator terminated.
[MOSEK] Eliminator - tries                  : 2                 time                   : 0.00            
[MOSEK] Lin. dep.  - tries                  : 1                 time                   : 0.01            
[MOSEK] Lin. dep.  - primal attempts        : 1                 successes              : 1               
[MOSEK] Lin. dep.  - dual attempts          : 0                 successes              : 0               
[MOSEK] Lin. dep.  - primal deps.           : 226               dual deps.             : 0               
[MOSEK] Presolve terminated. Time: 0.05    
[MOSEK] Optimizer  - threads                : 64              
[MOSEK] Optimizer  - solved problem         : the primal      
[MOSEK] Optimizer  - Constraints            : 33914           
[MOSEK] Optimizer  - Cones                  : 0               
[MOSEK] Optimizer  - Scalar variables       : 671               conic                  : 0               
[MOSEK] Optimizer  - Semi-definite variables: 80                scalarized             : 33478           
[MOSEK] Factor     - setup time             : 2.15            
[MOSEK] Factor     - dense det. time        : 0.61              GP order time          : 0.19            
[MOSEK] Factor     - nonzeros before factor : 7.56e+06          after factor           : 1.67e+07        
[MOSEK] Factor     - dense dim.             : 627               flops                  : 9.65e+09        
[MOSEK] Factor     - GP saved nzs           : 0                 GP saved flops         : 0.00e+00        
[MOSEK] ITE PFEAS    DFEAS    GFEAS    PRSTATUS   POBJ              DOBJ              MU       TIME  
[MOSEK] 0   1.0e+00  1.0e+00  1.0e+00  0.00e+00   0.000000000e+00   0.000000000e+00   1.0e+00  2.23  
[MOSEK] 1   2.5e-01  2.5e-01  3.2e-02  2.08e+00   0.000000000e+00   -6.379529013e-02  2.5e-01  2.50  
[MOSEK] 2   5.8e-02  5.8e-02  2.3e-03  2.30e+00   0.000000000e+00   -7.285025752e-03  5.8e-02  2.82  
[MOSEK] ETA: iter 2, mu=5.80e-02, per-iter=1.4s, ~11 iters remain, eta=0.3 min
[MOSEK] 3   1.1e-02  1.1e-02  1.4e-04  1.46e+00   0.000000000e+00   -1.190150366e-03  1.1e-02  3.14  
[MOSEK] ETA: iter 3, mu=1.10e-02, per-iter=1.0s, ~8 iters remain, eta=0.1 min
[MOSEK] 4   4.3e-03  4.3e-03  6.0e-05  6.17e-01   0.000000000e+00   -6.964884045e-04  4.3e-03  3.33  
[MOSEK] ETA: iter 4, mu=4.30e-03, per-iter=0.8s, ~14 iters remain, eta=0.2 min
[MOSEK] 5   6.7e-04  2.5e-03  2.8e-05  -2.51e-01  0.000000000e+00   2.216037388e-04   6.7e-04  3.52  
[MOSEK] ETA: iter 5, mu=6.70e-04, per-iter=0.7s, ~6 iters remain, eta=0.1 min
[MOSEK] 6   3.0e-07  4.5e-04  3.8e-07  -8.56e-01  0.000000000e+00   1.615454480e+00   3.0e-07  3.81  
[MOSEK] ETA: iter 6, mu=3.00e-07, per-iter=0.6s, ~0 iters remain, eta=0.0 min
[MOSEK] 7   4.0e-12  4.2e-07  1.3e-09  -1.00e+00  0.000000000e+00   9.661646271e+04   4.2e-12  4.12  
[MOSEK] ETA: iter 7, mu=4.20e-12, per-iter=0.6s, ~0 iters remain, eta=0.0 min
[MOSEK] 8   2.4e-19  8.7e-12  2.3e-08  -1.00e+00  0.000000000e+00   3.245795773e+12   1.1e-19  4.44  
[MOSEK] ETA: iter 8, mu=1.10e-19, per-iter=0.6s, ~0 iters remain, eta=0.0 min
[MOSEK] 9   2.4e-26  1.7e-13  1.5e-04  -1.00e+00  0.000000000e+00   5.011088724e+21   6.4e-29  4.86  
[MOSEK] ETA: iter 9, mu=6.40e-29, per-iter=0.5s, ~0 iters remain, eta=0.0 min
[MOSEK] 10  2.4e-26  1.7e-13  1.5e-04  -1.00e+00  0.000000000e+00   5.011088724e+21   6.4e-29  5.18  
[MOSEK] 11  2.4e-26  1.7e-13  1.5e-04  -1.00e+00  0.000000000e+00   5.011088724e+21   6.4e-29  5.51  
[MOSEK] Optimizer terminated. Time: 5.81    
[MOSEK] 
[MOSEK] 
[MOSEK] Interior-point solution summary
[MOSEK]   Problem status  : PRIMAL_INFEASIBLE
[MOSEK]   Solution status : PRIMAL_INFEASIBLE_CER
[MOSEK]   Dual.    obj: 7.1681860700e-04    nrm: 4e+03    Viol.  con: 3e-18    var: 6e-12    acc: 0e+00  
  [3/3] t=1.13096250  infeas Undefined/Certificate                    (5.81s)  [1.130963, 1.221100]

  lb=1.130963  gc=76.54%  build=1.12s  avg_solve=4.86s  total_solve=19.45s  n_solves=4
[calib] d=6: n_y=924 n_basis=84  build=1.12s  avg_solve=4.86s  (4 solves, wall=20.6s)

[calib] d=8 included by default (~3–5 min; pass --no-d8 to skip).

[calib] d=8 order=3 mode=z2_bd n_bisect=2

============================================================
MOSEK-tuned full Lasserre: d=8 L3 mode=z2_bd
============================================================
  d=8, order=3 (degree 6)
  windows=120, basis=165, loc_basis=45, moments=3003
  Base PSD cones: 9 (1x165^2 + 8x45^2)
  ab_eiej_idx: (45, 45, 8, 8), 129600/129600 valid
  Precompute: 0.02s
  Build: n_y=3003, n_basis=165, n_loc=45, n_consist=1287, n_z2_eq=1484, n_win_psd=120, build_time=8.26s
  Block-diag moment: 165 -> sym 85 + anti 80
  Tuning: {'solve_form': 'dual', 'basis': 'never', 'tol': 1e-06, 'presolve_lindep': 'on', 'order_method': 'forcegraphpar', 'num_threads': 64, 'max_iterations': 1600, 'scaling': 'free'}
[MOSEK] Problem
[MOSEK]   Name                   : lasserre_full   
[MOSEK]   Objective sense        : minimize        
[MOSEK]   Type                   : CONIC (conic optimization problem)
[MOSEK]   Constraints            : 2892            
[MOSEK]   Affine conic cons.     : 138 (147655 rows)
[MOSEK]   Disjunctive cons.      : 0               
[MOSEK]   Cones                  : 0               
[MOSEK]   Scalar variables       : 3004            
[MOSEK]   Matrix variables       : 0               
[MOSEK]   Integer variables      : 0               
[MOSEK] 
[MOSEK] Optimizer started.
[MOSEK] Presolve started.
[MOSEK] Linear dependency checker started.
[MOSEK] Linear dependency checker terminated.
[MOSEK] Eliminator started.
[MOSEK] Freed constraints in eliminator : 1372
[MOSEK] Eliminator terminated.
[MOSEK] Eliminator started.
[MOSEK] Freed constraints in eliminator : 0
[MOSEK] Eliminator terminated.
[MOSEK] Eliminator - tries                  : 2                 time                   : 0.00            
[MOSEK] Lin. dep.  - tries                  : 1                 time                   : 0.07            
[MOSEK] Lin. dep.  - primal attempts        : 1                 successes              : 1               
[MOSEK] Lin. dep.  - dual attempts          : 0                 successes              : 0               
[MOSEK] Lin. dep.  - primal deps.           : 636               dual deps.             : 0               
[MOSEK] Presolve terminated. Time: 0.42    
[MOSEK] Optimizer  - threads                : 64              
[MOSEK] Optimizer  - solved problem         : the primal      
[MOSEK] Optimizer  - Constraints            : 148518          
[MOSEK] Optimizer  - Cones                  : 0               
[MOSEK] Optimizer  - Scalar variables       : 1730              conic                  : 0               
[MOSEK] Optimizer  - Semi-definite variables: 138               scalarized             : 147655          
[MOSEK] Factor     - setup time             : 22.49           
[MOSEK] Factor     - dense det. time        : 7.23              GP order time          : 1.97            
[MOSEK] Factor     - nonzeros before factor : 8.69e+07          after factor           : 2.00e+08        
[MOSEK] Factor     - dense dim.             : 1630              flops                  : 3.17e+11        
[MOSEK] Factor     - GP saved nzs           : 0                 GP saved flops         : 0.00e+00        
[MOSEK] ITE PFEAS    DFEAS    GFEAS    PRSTATUS   POBJ              DOBJ              MU       TIME  
[MOSEK] 0   1.0e+00  1.0e+00  1.0e+00  0.00e+00   0.000000000e+00   0.000000000e+00   1.0e+00  23.07 
[MOSEK] 1   6.3e-01  6.3e-01  1.7e-01  2.06e+00   0.000000000e+00   -2.680774755e-01  6.3e-01  25.13 
[MOSEK] 2   2.1e-01  2.1e-01  1.7e-02  2.64e+00   0.000000000e+00   -3.206645746e-02  2.1e-01  27.70 
[MOSEK] ETA: iter 2, mu=2.10e-01, per-iter=13.9s, ~15 iters remain, eta=3.5 min
[MOSEK] 3   1.0e-01  1.0e-01  4.2e-03  2.15e+00   0.000000000e+00   -9.330730305e-03  1.0e-01  29.84 
[MOSEK] ETA: iter 3, mu=1.00e-01, per-iter=9.9s, ~22 iters remain, eta=3.6 min
[WATCH:solve] t=    30s  rss=   8277MB  cpu= 528.4%  threads= 34  peak_rss=   8277MB
[MOSEK] 4   7.4e-02  7.4e-02  2.4e-03  1.79e+00   0.000000000e+00   -5.884826663e-03  7.4e-02  31.87 
[MOSEK] ETA: iter 4, mu=7.40e-02, per-iter=8.0s, ~53 iters remain, eta=7.0 min
[MOSEK] 5   1.5e-02  2.5e-02  1.2e-04  1.76e+00   0.000000000e+00   -7.034519479e-04  1.5e-02  34.74 
[MOSEK] ETA: iter 5, mu=1.50e-02, per-iter=7.0s, ~9 iters remain, eta=1.0 min
[MOSEK] 6   2.7e-03  2.2e-02  3.5e-06  1.70e+00   0.000000000e+00   -8.465969647e-05  2.7e-03  37.67 
[MOSEK] ETA: iter 6, mu=2.70e-03, per-iter=6.3s, ~7 iters remain, eta=0.8 min
[MOSEK] 7   1.8e-03  2.9e-02  1.7e-06  1.86e+00   0.000000000e+00   -4.447108389e-05  1.8e-03  39.71 
[MOSEK] ETA: iter 7, mu=1.80e-03, per-iter=5.7s, ~30 iters remain, eta=2.8 min
[MOSEK] 8   9.0e-04  6.3e-02  3.4e-07  1.85e+00   0.000000000e+00   -1.290008376e-05  8.0e-04  41.90 
[MOSEK] ETA: iter 8, mu=8.00e-04, per-iter=5.2s, ~14 iters remain, eta=1.2 min
[MOSEK] 9   1.7e-04  1.2e-02  2.7e-08  1.07e-01   0.000000000e+00   -2.718303437e-06  1.6e-04  44.90 
[MOSEK] ETA: iter 9, mu=1.60e-04, per-iter=5.0s, ~6 iters remain, eta=0.5 min
[MOSEK] 10  4.0e-05  3.8e-03  3.1e-09  8.49e-01   0.000000000e+00   -6.374912404e-07  3.6e-05  47.91 
[MOSEK] ETA: iter 10, mu=3.60e-05, per-iter=4.8s, ~5 iters remain, eta=0.4 min
[MOSEK] 11  9.9e-06  6.7e-04  3.9e-10  1.37e+00   0.000000000e+00   -1.308939788e-07  8.6e-06  52.60 
[MOSEK] ETA: iter 11, mu=8.60e-06, per-iter=4.8s, ~5 iters remain, eta=0.4 min
[MOSEK] 12  5.9e-06  1.3e-03  8.7e-11  1.41e+00   0.000000000e+00   -5.087734327e-08  3.1e-06  54.78 
[MOSEK] ETA: iter 12, mu=3.10e-06, per-iter=4.6s, ~6 iters remain, eta=0.4 min
[MOSEK] 13  5.2e-07  1.1e-04  2.2e-12  9.71e-01   0.000000000e+00   -4.495243385e-09  2.7e-07  57.16 
[MOSEK] ETA: iter 13, mu=2.70e-07, per-iter=4.4s, ~1 iters remain, eta=0.1 min
[MOSEK] Optimizer terminated. Time: 57.22   
[MOSEK] 
[MOSEK] 
[MOSEK] Interior-point solution summary
[MOSEK]   Problem status  : PRIMAL_AND_DUAL_FEASIBLE
[MOSEK]   Solution status : OPTIMAL
[MOSEK]   Primal.  obj: 0.0000000000e+00    nrm: 1e+00    Viol.  con: 6e-09    var: 0e+00    acc: 4e-09  
[MOSEK]   Dual.    obj: -4.4952433042e-09   nrm: 4e+00    Viol.  con: 1e-09    var: 1e-06    acc: 5e-09  

  hi probe: t=1.254640 -> feas Optimal/Optimal (57.25s)
[MOSEK] Problem
[MOSEK]   Name                   : lasserre_full   
[MOSEK]   Objective sense        : minimize        
[MOSEK]   Type                   : CONIC (conic optimization problem)
[MOSEK]   Constraints            : 2892            
[MOSEK]   Affine conic cons.     : 138 (147655 rows)
[MOSEK]   Disjunctive cons.      : 0               
[MOSEK]   Cones                  : 0               
[MOSEK]   Scalar variables       : 3004            
[MOSEK]   Matrix variables       : 0               
[MOSEK]   Integer variables      : 0               
[MOSEK] 
[MOSEK] Optimizer started.
[MOSEK] Presolve started.
[MOSEK] Linear dependency checker started.
[MOSEK] Linear dependency checker terminated.
[MOSEK] Eliminator started.
[MOSEK] Freed constraints in eliminator : 1372
[MOSEK] Eliminator terminated.
[MOSEK] Eliminator started.
[MOSEK] Freed constraints in eliminator : 0
[MOSEK] Eliminator terminated.
[MOSEK] Eliminator - tries                  : 2                 time                   : 0.00            
[MOSEK] Lin. dep.  - tries                  : 1                 time                   : 0.07            
[MOSEK] Lin. dep.  - primal attempts        : 1                 successes              : 1               
[MOSEK] Lin. dep.  - dual attempts          : 0                 successes              : 0               
[MOSEK] Lin. dep.  - primal deps.           : 636               dual deps.             : 0               
[MOSEK] Presolve terminated. Time: 0.41    
[MOSEK] Optimizer  - threads                : 64              
[MOSEK] Optimizer  - solved problem         : the primal      
[MOSEK] Optimizer  - Constraints            : 148518          
[MOSEK] Optimizer  - Cones                  : 0               
[MOSEK] Optimizer  - Scalar variables       : 1730              conic                  : 0               
[MOSEK] Optimizer  - Semi-definite variables: 138               scalarized             : 147655          
[MOSEK] Factor     - setup time             : 21.69           
[MOSEK] Factor     - dense det. time        : 6.29              GP order time          : 1.97            
[MOSEK] Factor     - nonzeros before factor : 8.69e+07          after factor           : 2.00e+08        
[MOSEK] Factor     - dense dim.             : 1630              flops                  : 3.17e+11        
[MOSEK] Factor     - GP saved nzs           : 0                 GP saved flops         : 0.00e+00        
[MOSEK] ITE PFEAS    DFEAS    GFEAS    PRSTATUS   POBJ              DOBJ              MU       TIME  
[MOSEK] 0   1.0e+00  1.0e+00  1.0e+00  0.00e+00   0.000000000e+00   0.000000000e+00   1.0e+00  22.26 
[MOSEK] 1   5.6e-01  5.6e-01  2.9e-01  9.00e-01   0.000000000e+00   -2.036756321e-01  5.6e-01  24.28 
[MOSEK] 2   8.5e-02  8.5e-02  5.0e-02  6.13e-01   0.000000000e+00   1.919814437e-01   8.5e-02  27.25 
[MOSEK] ETA: iter 2, mu=8.50e-02, per-iter=13.6s, ~8 iters remain, eta=1.9 min
[MOSEK] 3   2.1e-03  2.1e-03  1.3e-02  -8.90e-01  0.000000000e+00   3.916876933e+01   2.1e-03  29.33 
[MOSEK] ETA: iter 3, mu=2.10e-03, per-iter=9.8s, ~3 iters remain, eta=0.5 min
[WATCH:solve] t=    30s  rss=  12415MB  cpu=1270.3%  threads= 34  peak_rss=  12415MB
[MOSEK] 4   2.5e-10  6.7e-06  2.7e-06  -9.92e-01  0.000000000e+00   1.199096365e+08   2.5e-10  32.33 
[MOSEK] ETA: iter 4, mu=2.50e-10, per-iter=8.1s, ~0 iters remain, eta=0.0 min
[MOSEK] 5   4.4e-18  4.4e-12  1.7e-05  -1.00e+00  0.000000000e+00   4.534680940e+15   4.3e-18  35.35 
[MOSEK] ETA: iter 5, mu=4.30e-18, per-iter=7.1s, ~0 iters remain, eta=0.0 min
[MOSEK] 6   1.5e-28  7.0e-14  9.3e-08  -1.00e+00  0.000000000e+00   1.816275071e-01   1.3e-29  37.17 
[MOSEK] ETA: iter 6, mu=1.30e-29, per-iter=6.2s, ~0 iters remain, eta=0.0 min
[MOSEK] Optimizer terminated. Time: 37.23   
[MOSEK] 
[MOSEK] 
[MOSEK] Interior-point solution summary
[MOSEK]   Problem status  : PRIMAL_INFEASIBLE
[MOSEK]   Solution status : PRIMAL_INFEASIBLE_CER
[MOSEK]   Dual.    obj: 1.8162750713e-01    nrm: 7e+02    Viol.  con: 6e-17    var: 2e-12    acc: 0e+00  
  [1/2] t=0.87732000  infeas Undefined/Certificate                    (37.26s)  [0.877320, 1.254640]
[MOSEK] Problem
[MOSEK]   Name                   : lasserre_full   
[MOSEK]   Objective sense        : minimize        
[MOSEK]   Type                   : CONIC (conic optimization problem)
[MOSEK]   Constraints            : 2892            
[MOSEK]   Affine conic cons.     : 138 (147655 rows)
[MOSEK]   Disjunctive cons.      : 0               
[MOSEK]   Cones                  : 0               
[MOSEK]   Scalar variables       : 3004            
[MOSEK]   Matrix variables       : 0               
[MOSEK]   Integer variables      : 0               
[MOSEK] 
[MOSEK] Optimizer started.
[MOSEK] Presolve started.
[MOSEK] Linear dependency checker started.
[MOSEK] Linear dependency checker terminated.
[MOSEK] Eliminator started.
[MOSEK] Freed constraints in eliminator : 1372
[MOSEK] Eliminator terminated.
[MOSEK] Eliminator started.
[MOSEK] Freed constraints in eliminator : 0
[MOSEK] Eliminator terminated.
[MOSEK] Eliminator - tries                  : 2                 time                   : 0.00            
[MOSEK] Lin. dep.  - tries                  : 1                 time                   : 0.07            
[MOSEK] Lin. dep.  - primal attempts        : 1                 successes              : 1               
[MOSEK] Lin. dep.  - dual attempts          : 0                 successes              : 0               
[MOSEK] Lin. dep.  - primal deps.           : 636               dual deps.             : 0               
[MOSEK] Presolve terminated. Time: 0.42    
[MOSEK] Optimizer  - threads                : 64              
[MOSEK] Optimizer  - solved problem         : the primal      
[MOSEK] Optimizer  - Constraints            : 148518          
[MOSEK] Optimizer  - Cones                  : 0               
[MOSEK] Optimizer  - Scalar variables       : 1730              conic                  : 0               
[MOSEK] Optimizer  - Semi-definite variables: 138               scalarized             : 147655          
[MOSEK] Factor     - setup time             : 21.23           
[MOSEK] Factor     - dense det. time        : 5.99              GP order time          : 1.97            
[MOSEK] Factor     - nonzeros before factor : 8.69e+07          after factor           : 2.00e+08        
[MOSEK] Factor     - dense dim.             : 1630              flops                  : 3.17e+11        
[MOSEK] Factor     - GP saved nzs           : 0                 GP saved flops         : 0.00e+00        
[MOSEK] ITE PFEAS    DFEAS    GFEAS    PRSTATUS   POBJ              DOBJ              MU       TIME  
[MOSEK] 0   1.0e+00  1.0e+00  1.0e+00  0.00e+00   0.000000000e+00   0.000000000e+00   1.0e+00  21.81 
[MOSEK] 1   6.0e-01  6.0e-01  9.3e-02  2.24e+00   0.000000000e+00   -2.672781930e-01  6.0e-01  23.79 
[MOSEK] 2   1.4e-01  1.4e-01  7.3e-03  2.45e+00   0.000000000e+00   -2.399923295e-02  1.4e-01  26.68 
[MOSEK] ETA: iter 2, mu=1.40e-01, per-iter=13.3s, ~11 iters remain, eta=2.5 min
[MOSEK] 3   3.6e-02  3.6e-02  1.7e-03  1.25e+00   0.000000000e+00   -6.050118701e-03  3.6e-02  29.57 
[MOSEK] ETA: iter 3, mu=3.60e-02, per-iter=9.9s, ~11 iters remain, eta=1.8 min
[WATCH:solve] t=    30s  rss=  13093MB  cpu= 887.3%  threads= 34  peak_rss=  13093MB
[MOSEK] 4   5.2e-03  7.7e-03  1.3e-03  -4.78e-01  0.000000000e+00   2.521896414e-02   5.2e-03  32.58 
[MOSEK] ETA: iter 4, mu=5.20e-03, per-iter=8.1s, ~7 iters remain, eta=0.9 min
[MOSEK] 5   5.4e-06  3.9e-04  2.7e-05  -8.85e-01  0.000000000e+00   2.612292937e+01   5.4e-06  35.52 
[MOSEK] ETA: iter 5, mu=5.40e-06, per-iter=7.1s, ~1 iters remain, eta=0.1 min
[MOSEK] 6   3.8e-12  2.3e-07  2.1e-08  -1.00e+00  0.000000000e+00   3.110691697e+07   3.8e-12  37.64 
[MOSEK] ETA: iter 6, mu=3.80e-12, per-iter=6.3s, ~0 iters remain, eta=0.0 min
[MOSEK] 7   2.5e-20  3.0e-12  1.3e-06  -1.00e+00  0.000000000e+00   7.114891202e+15   1.1e-20  40.71 
[MOSEK] ETA: iter 7, mu=1.10e-20, per-iter=5.8s, ~0 iters remain, eta=0.0 min
[MOSEK] 8   2.5e-20  3.0e-12  1.3e-06  -1.00e+00  0.000000000e+00   7.114891202e+15   1.1e-20  43.81 
[MOSEK] 9   2.5e-20  3.0e-12  1.3e-06  -1.00e+00  0.000000000e+00   7.114891202e+15   1.1e-20  46.71 
[MOSEK] Optimizer terminated. Time: 49.47   
[MOSEK] 
[MOSEK] 
[MOSEK] Interior-point solution summary
[MOSEK]   Problem status  : PRIMAL_INFEASIBLE
[MOSEK]   Solution status : PRIMAL_INFEASIBLE_CER
[MOSEK]   Dual.    obj: 8.4638570414e-03    nrm: 1e+03    Viol.  con: 2e-17    var: 3e-12    acc: 0e+00  
  [2/2] t=1.06598000  infeas Undefined/Certificate                    (49.49s)  [1.065980, 1.254640]

  lb=1.065980  gc=32.24%  build=8.27s  avg_solve=48.00s  total_solve=144.00s  n_solves=3
[calib] d=8: n_y=3003 n_basis=165  build=8.27s  avg_solve=48.00s  (3 solves, wall=152.5s)

[bench] calibration wall time: 2.9 min

========================================================================
  PROJECTION: d=16 L3 MOSEK wall time  (no d=16 build used)
========================================================================

-- d=16 problem size (closed-form) --
  n_y     = C(22,6) = 74613
  n_basis = C(19,3) = 969
  n_loc   = C(18,2) = 153

-- Calibration points (this machine) --
  d=4   n_y=210    n_basis=35    build=   0.10s  avg_solve=    0.30s  (4 solves)
  d=6   n_y=924    n_basis=84    build=   1.12s  avg_solve=    4.86s  (4 solves)
  d=8   n_y=3003   n_basis=165   build=   8.27s  avg_solve=   48.00s  (3 solves)

-- Power-law fits (this machine, 3 points) --
  BUILD: t ~ n_basis^2.83  (a=4.24e-06, r²=0.999)
  BUILD: t ~ n_y^1.65  (a=1.47e-05, r²=1.000)
  SOLVE: t ~ n_basis^3.26  (a=2.73e-06, r²=1.000)
  SOLVE: t ~ n_y^1.90  (a=1.15e-05, r²=1.000)

-- Historical reference exponents (d=6,8,10) --
  BUILD: n_basis^2.96, n_y^1.68
  SOLVE: n_basis^4.26, n_y^2.42

-- Projected d=16 BUILD time --
  this_basis  : 20.0 min  (1199 s)
  this_ny     : 27.2 min  (1630 s)
  hist_basis  : 27.4 min  (1644 s)
  hist_ny     : 30.4 min  (1823 s)

-- Projected d=16 PER-SOLVE time --
  this_basis  : 4.15 h  (14945 s)
  this_ny     : 5.91 h  (21268 s)
  hist_basis  : 2.14 d  (184860 s)
  hist_ny     : 2.51 d  (216672 s)

========================================================================
  TOTAL WALL-TIME ESTIMATE
========================================================================
  build          : 20.0 min – 30.4 min  (med 27.4 min)
  per-solve      : 4.15 h – 2.51 d  (med 2.14 d)
  n_solves       : 8 – 12
  TOTAL (lo/hi)  : 1.40 d – 30.11 d
  TOTAL (median) : 21.41 d
========================================================================

-- Confidence --
  build exponent drift  : |p_this - p_hist| = 0.13 (on n_basis)
  solve exponent drift  : |p_this - p_hist| = 1.00 (on n_basis)
  ⚠  solve exponent diverges from history (1.00)

[bench] wrote report → data/d16_l3_estimate_reverted.json
