========================================================================
  d=16 L3 MOSEK wall-time estimator  (NO d=16 build)
  started: 2026-04-18T21:22:27
  host   : df974e3bdcb9  (x86_64, Linux)
  cpu    : 192 threads visible
  mode   : z2_bd   tol=1e-06   order=forceGraphpar
========================================================================

[calib] d=4 order=3 mode=z2_bd n_bisect=3

============================================================
MOSEK-tuned full Lasserre: d=4 L3 mode=z2_bd
============================================================
  d=4, order=3 (degree 6)
  windows=28, basis=35, loc_basis=15, moments=210
  Base PSD cones: 5 (1x35^2 + 4x15^2)
  ab_eiej_idx: (15, 15, 4, 4), 3600/3600 valid
  Precompute: 0.00s
  Build: n_y=210, n_basis=35, n_loc=15, n_consist=126, n_z2_eq=100, n_win_psd=28, build_time=0.05s
  Block-diag moment: 35 -> sym 19 + anti 16
  Tuning: {'solve_form': 'dual', 'basis': 'never', 'tol': 1e-06, 'presolve_lindep': 'on', 'eliminator_max_tries': 0, 'order_method': 'forcegraphpar', 'num_threads': 96, 'max_iterations': 1600, 'scaling': 'aggressive'}
[MOSEK] Problem
[MOSEK]   Name                   : lasserre_full   
[MOSEK]   Objective sense        : minimize        
[MOSEK]   Type                   : CONIC (conic optimization problem)
[MOSEK]   Constraints            : 255             
[MOSEK]   Affine conic cons.     : 38 (4646 rows)
[MOSEK]   Disjunctive cons.      : 0               
[MOSEK]   Cones                  : 0               
[MOSEK]   Scalar variables       : 211             
[MOSEK]   Matrix variables       : 0               
[MOSEK]   Integer variables      : 0               
[MOSEK] 
[MOSEK] Optimizer started.
[MOSEK] Presolve started.
[MOSEK] Linear dependency checker started.
[MOSEK] Linear dependency checker terminated.
[MOSEK] Eliminator - tries                  : 0                 time                   : 0.00            
[MOSEK] Lin. dep.  - tries                  : 1                 time                   : 0.00            
[MOSEK] Lin. dep.  - primal attempts        : 1                 successes              : 1               
[MOSEK] Lin. dep.  - dual attempts          : 0                 successes              : 0               
[MOSEK] Lin. dep.  - primal deps.           : 60                dual deps.             : 0               
[MOSEK] Presolve terminated. Time: 0.00    
[MOSEK] Optimizer  - threads                : 96              
[MOSEK] Optimizer  - solved problem         : the primal      
[MOSEK] Optimizer  - Constraints            : 4836            
[MOSEK] Optimizer  - Cones                  : 0               
[MOSEK] Optimizer  - Scalar variables       : 233               conic                  : 0               
[MOSEK] Optimizer  - Semi-definite variables: 38                scalarized             : 4646            
[MOSEK] Factor     - setup time             : 0.13            
[MOSEK] Factor     - dense det. time        : 0.02              GP order time          : 0.01            
[MOSEK] Factor     - nonzeros before factor : 3.11e+05          after factor           : 6.84e+05        
[MOSEK] Factor     - dense dim.             : 209               flops                  : 1.12e+08        
[MOSEK] Factor     - GP saved nzs           : 0                 GP saved flops         : 0.00e+00        
[MOSEK] ITE PFEAS    DFEAS    GFEAS    PRSTATUS   POBJ              DOBJ              MU       TIME  
[MOSEK] 0   9.2e+00  1.0e+00  1.0e+00  0.00e+00   0.000000000e+00   0.000000000e+00   1.0e+00  0.13  
[MOSEK] 1   5.3e+00  5.7e-01  6.1e-01  -7.19e-01  0.000000000e+00   3.181737118e-01   5.7e-01  0.15  
[MOSEK] 2   1.6e+00  1.7e-01  1.2e-01  -5.66e-02  0.000000000e+00   1.627481751e-01   1.7e-01  0.16  
[MOSEK] 3   3.7e-01  4.0e-02  1.1e-02  7.99e-01   0.000000000e+00   3.824539368e-03   4.0e-02  0.18  
[MOSEK] 4   7.3e-02  7.9e-03  9.4e-04  1.23e+00   0.000000000e+00   1.829154288e-03   7.9e-03  0.20  
[MOSEK] 5   1.4e-02  1.6e-03  7.4e-05  1.23e+00   0.000000000e+00   1.425497804e-04   1.6e-03  0.22  
[MOSEK] 6   3.4e-03  2.6e-03  7.6e-06  1.23e+00   0.000000000e+00   -2.064607971e-06  3.7e-04  0.24  
[MOSEK] 7   2.2e-04  2.3e-03  1.1e-07  1.20e+00   0.000000000e+00   -3.360100294e-06  2.7e-05  0.25  
[MOSEK] 8   2.4e-05  2.2e-04  3.5e-09  1.06e+00   0.000000000e+00   -7.616606011e-07  2.8e-06  0.27  
[MOSEK] 9   1.1e-05  1.0e-04  1.2e-09  1.03e+00   0.000000000e+00   -2.724820664e-07  1.3e-06  0.30  
[MOSEK] 10  3.2e-06  5.7e-05  5.7e-10  1.28e+00   0.000000000e+00   1.844402407e-06   4.9e-07  0.31  
[MOSEK] 11  8.6e-07  1.6e-05  8.0e-11  1.01e+00   0.000000000e+00   4.976601887e-07   1.3e-07  0.33  
[MOSEK] 12  1.4e-07  2.4e-06  5.6e-12  1.00e+00   0.000000000e+00   8.776148230e-08   2.0e-08  0.35  
[MOSEK] 13  6.0e-08  5.5e-07  5.6e-13  1.07e+00   0.000000000e+00   1.536999623e-08   4.4e-09  0.37  
[MOSEK] Optimizer terminated. Time: 0.37    
[MOSEK] 
[MOSEK] 
[MOSEK] Interior-point solution summary
[MOSEK]   Problem status  : PRIMAL_AND_DUAL_FEASIBLE
[MOSEK]   Solution status : OPTIMAL
[MOSEK]   Primal.  obj: 0.0000000000e+00    nrm: 6e+00    Viol.  con: 6e-07    var: 0e+00    acc: 1e-08  
[MOSEK]   Dual.    obj: 1.5369962805e-08    nrm: 3e+02    Viol.  con: 1e-08    var: 1e-06    acc: 8e-09  

  hi probe: t=1.152330 -> feas Optimal/Optimal (0.40s)
[MOSEK] Problem
[MOSEK]   Name                   : lasserre_full   
[MOSEK]   Objective sense        : minimize        
[MOSEK]   Type                   : CONIC (conic optimization problem)
[MOSEK]   Constraints            : 255             
[MOSEK]   Affine conic cons.     : 38 (4646 rows)
[MOSEK]   Disjunctive cons.      : 0               
[MOSEK]   Cones                  : 0               
[MOSEK]   Scalar variables       : 211             
[MOSEK]   Matrix variables       : 0               
[MOSEK]   Integer variables      : 0               
[MOSEK] 
[MOSEK] Optimizer started.
[MOSEK] Presolve started.
[MOSEK] Linear dependency checker started.
[MOSEK] Linear dependency checker terminated.
[MOSEK] Eliminator - tries                  : 0                 time                   : 0.00            
[MOSEK] Lin. dep.  - tries                  : 1                 time                   : 0.00            
[MOSEK] Lin. dep.  - primal attempts        : 1                 successes              : 1               
[MOSEK] Lin. dep.  - dual attempts          : 0                 successes              : 0               
[MOSEK] Lin. dep.  - primal deps.           : 60                dual deps.             : 0               
[MOSEK] Presolve terminated. Time: 0.00    
[MOSEK] Optimizer  - threads                : 96              
[MOSEK] Optimizer  - solved problem         : the primal      
[MOSEK] Optimizer  - Constraints            : 4836            
[MOSEK] Optimizer  - Cones                  : 0               
[MOSEK] Optimizer  - Scalar variables       : 233               conic                  : 0               
[MOSEK] Optimizer  - Semi-definite variables: 38                scalarized             : 4646            
[MOSEK] Factor     - setup time             : 0.13            
[MOSEK] Factor     - dense det. time        : 0.02              GP order time          : 0.01            
[MOSEK] Factor     - nonzeros before factor : 3.11e+05          after factor           : 6.84e+05        
[MOSEK] Factor     - dense dim.             : 209               flops                  : 1.12e+08        
[MOSEK] Factor     - GP saved nzs           : 0                 GP saved flops         : 0.00e+00        
[MOSEK] ITE PFEAS    DFEAS    GFEAS    PRSTATUS   POBJ              DOBJ              MU       TIME  
[MOSEK] 0   6.6e+00  1.0e+00  1.0e+00  0.00e+00   0.000000000e+00   0.000000000e+00   1.0e+00  0.13  
[MOSEK] 1   2.4e+00  3.6e-01  5.2e-01  -8.10e-01  0.000000000e+00   1.163645481e+00   3.6e-01  0.14  
[MOSEK] 2   4.2e-01  6.3e-02  2.3e-01  -9.25e-01  0.000000000e+00   1.182011513e+01   6.3e-02  0.16  
[MOSEK] 3   5.4e-03  2.4e-03  2.6e-02  -9.84e-01  0.000000000e+00   9.656948994e+02   8.2e-04  0.18  
[MOSEK] 4   3.5e-08  1.4e-05  6.5e-05  -1.00e+00  0.000000000e+00   1.524862002e+08   5.2e-09  0.20  
[MOSEK] 5   9.9e-16  5.3e-11  4.5e-05  -1.00e+00  0.000000000e+00   4.533536555e+15   1.6e-16  0.22  
[MOSEK] 6   4.6e-26  1.7e-14  8.4e-07  -1.00e+00  0.000000000e+00   8.413420314e-01   1.1e-26  0.24  
[MOSEK] Optimizer terminated. Time: 0.24    
[MOSEK] 
[MOSEK] 
[MOSEK] Interior-point solution summary
[MOSEK]   Problem status  : PRIMAL_INFEASIBLE
[MOSEK]   Solution status : PRIMAL_INFEASIBLE_CER
[MOSEK]   Dual.    obj: 8.4134203141e-01    nrm: 7e+02    Viol.  con: 2e-15    var: 2e-14    acc: 0e+00  
  [1/3] t=0.82616500  infeas Undefined/Certificate                    (0.24s)  [0.826165, 1.152330]
[MOSEK] Problem
[MOSEK]   Name                   : lasserre_full   
[MOSEK]   Objective sense        : minimize        
[MOSEK]   Type                   : CONIC (conic optimization problem)
[MOSEK]   Constraints            : 255             
[MOSEK]   Affine conic cons.     : 38 (4646 rows)
[MOSEK]   Disjunctive cons.      : 0               
[MOSEK]   Cones                  : 0               
[MOSEK]   Scalar variables       : 211             
[MOSEK]   Matrix variables       : 0               
[MOSEK]   Integer variables      : 0               
[MOSEK] 
[MOSEK] Optimizer started.
[MOSEK] Presolve started.
[MOSEK] Linear dependency checker started.
[MOSEK] Linear dependency checker terminated.
[MOSEK] Eliminator - tries                  : 0                 time                   : 0.00            
[MOSEK] Lin. dep.  - tries                  : 1                 time                   : 0.00            
[MOSEK] Lin. dep.  - primal attempts        : 1                 successes              : 1               
[MOSEK] Lin. dep.  - dual attempts          : 0                 successes              : 0               
[MOSEK] Lin. dep.  - primal deps.           : 60                dual deps.             : 0               
[MOSEK] Presolve terminated. Time: 0.00    
[MOSEK] Optimizer  - threads                : 96              
[MOSEK] Optimizer  - solved problem         : the primal      
[MOSEK] Optimizer  - Constraints            : 4836            
[MOSEK] Optimizer  - Cones                  : 0               
[MOSEK] Optimizer  - Scalar variables       : 233               conic                  : 0               
[MOSEK] Optimizer  - Semi-definite variables: 38                scalarized             : 4646            
[MOSEK] Factor     - setup time             : 0.13            
[MOSEK] Factor     - dense det. time        : 0.02              GP order time          : 0.01            
[MOSEK] Factor     - nonzeros before factor : 3.11e+05          after factor           : 6.84e+05        
[MOSEK] Factor     - dense dim.             : 209               flops                  : 1.12e+08        
[MOSEK] Factor     - GP saved nzs           : 0                 GP saved flops         : 0.00e+00        
[MOSEK] ITE PFEAS    DFEAS    GFEAS    PRSTATUS   POBJ              DOBJ              MU       TIME  
[MOSEK] 0   7.9e+00  1.0e+00  1.0e+00  0.00e+00   0.000000000e+00   0.000000000e+00   1.0e+00  0.13  
[MOSEK] 1   4.6e+00  5.8e-01  6.3e-01  -7.37e-01  0.000000000e+00   3.526342208e-01   5.8e-01  0.15  
[MOSEK] 2   1.6e+00  2.1e-01  2.8e-01  -3.92e-01  0.000000000e+00   1.197945036e+00   2.1e-01  0.17  
[MOSEK] 3   5.4e-01  6.9e-02  1.8e-01  -6.81e-01  0.000000000e+00   6.063819205e+00   6.9e-02  0.19  
[MOSEK] 4   4.5e-03  1.0e-03  1.5e-02  -9.08e-01  0.000000000e+00   6.927613738e+02   5.7e-04  0.21  
[MOSEK] 5   1.2e-08  1.6e-05  2.4e-05  -9.99e-01  0.000000000e+00   2.659969345e+08   1.5e-09  0.23  
[MOSEK] 6   1.7e-16  3.4e-11  2.8e-05  -1.00e+00  0.000000000e+00   2.089140484e+16   2.1e-17  0.25  
[MOSEK] 7   8.9e-27  9.8e-15  4.0e-07  -1.00e+00  0.000000000e+00   5.493976187e-01   1.5e-27  0.26  
[MOSEK] Optimizer terminated. Time: 0.26    
[MOSEK] 
[MOSEK] 
[MOSEK] Interior-point solution summary
[MOSEK]   Problem status  : PRIMAL_INFEASIBLE
[MOSEK]   Solution status : PRIMAL_INFEASIBLE_CER
[MOSEK]   Dual.    obj: 5.4939761872e-01    nrm: 4e+02    Viol.  con: 2e-15    var: 2e-14    acc: 0e+00  
  [2/3] t=0.98924750  infeas Undefined/Certificate                    (0.27s)  [0.989248, 1.152330]
[MOSEK] Problem
[MOSEK]   Name                   : lasserre_full   
[MOSEK]   Objective sense        : minimize        
[MOSEK]   Type                   : CONIC (conic optimization problem)
[MOSEK]   Constraints            : 255             
[MOSEK]   Affine conic cons.     : 38 (4646 rows)
[MOSEK]   Disjunctive cons.      : 0               
[MOSEK]   Cones                  : 0               
[MOSEK]   Scalar variables       : 211             
[MOSEK]   Matrix variables       : 0               
[MOSEK]   Integer variables      : 0               
[MOSEK] 
[MOSEK] Optimizer started.
[MOSEK] Presolve started.
[MOSEK] Linear dependency checker started.
[MOSEK] Linear dependency checker terminated.
[MOSEK] Eliminator - tries                  : 0                 time                   : 0.00            
[MOSEK] Lin. dep.  - tries                  : 1                 time                   : 0.00            
[MOSEK] Lin. dep.  - primal attempts        : 1                 successes              : 1               
[MOSEK] Lin. dep.  - dual attempts          : 0                 successes              : 0               
[MOSEK] Lin. dep.  - primal deps.           : 60                dual deps.             : 0               
[MOSEK] Presolve terminated. Time: 0.00    
[MOSEK] Optimizer  - threads                : 96              
[MOSEK] Optimizer  - solved problem         : the primal      
[MOSEK] Optimizer  - Constraints            : 4836            
[MOSEK] Optimizer  - Cones                  : 0               
[MOSEK] Optimizer  - Scalar variables       : 233               conic                  : 0               
[MOSEK] Optimizer  - Semi-definite variables: 38                scalarized             : 4646            
[MOSEK] Factor     - setup time             : 0.13            
[MOSEK] Factor     - dense det. time        : 0.02              GP order time          : 0.01            
[MOSEK] Factor     - nonzeros before factor : 3.11e+05          after factor           : 6.84e+05        
[MOSEK] Factor     - dense dim.             : 209               flops                  : 1.12e+08        
[MOSEK] Factor     - GP saved nzs           : 0                 GP saved flops         : 0.00e+00        
[MOSEK] ITE PFEAS    DFEAS    GFEAS    PRSTATUS   POBJ              DOBJ              MU       TIME  
[MOSEK] 0   8.6e+00  1.0e+00  1.0e+00  0.00e+00   0.000000000e+00   0.000000000e+00   1.0e+00  0.13  
[MOSEK] 1   5.1e+00  6.0e-01  6.3e-01  -7.21e-01  0.000000000e+00   2.946541550e-01   6.0e-01  0.15  
[MOSEK] 2   1.8e+00  2.1e-01  2.0e-01  -1.90e-01  0.000000000e+00   4.312244644e-01   2.1e-01  0.17  
[MOSEK] 3   7.5e-01  8.8e-02  5.9e-02  3.70e-01   0.000000000e+00   2.336672434e-01   8.8e-02  0.18  
[MOSEK] 4   4.0e-01  4.6e-02  3.7e-02  3.52e-01   0.000000000e+00   4.224951299e-01   4.6e-02  0.20  
[MOSEK] 5   5.5e-02  6.4e-03  1.6e-02  -4.08e-01  0.000000000e+00   5.744253010e+00   6.4e-03  0.22  
[MOSEK] 6   1.6e-05  3.3e-04  2.1e-04  -8.96e-01  0.000000000e+00   1.135042809e+04   1.9e-06  0.24  
[MOSEK] 7   1.9e-11  1.2e-07  2.2e-07  -1.00e+00  0.000000000e+00   8.913340824e+09   2.3e-12  0.26  
[MOSEK] 8   2.5e-19  7.1e-13  6.0e-05  -1.00e+00  0.000000000e+00   6.726004392e+17   3.0e-20  0.28  
[MOSEK] 9   8.2e-30  2.8e-14  4.6e-08  -1.00e+00  0.000000000e+00   1.233674327e-01   9.8e-32  0.29  
[MOSEK] Optimizer terminated. Time: 0.29    
[MOSEK] 
[MOSEK] 
[MOSEK] Interior-point solution summary
[MOSEK]   Problem status  : PRIMAL_INFEASIBLE
[MOSEK]   Solution status : PRIMAL_INFEASIBLE_CER
[MOSEK]   Dual.    obj: 1.2336743273e-01    nrm: 7e+02    Viol.  con: 9e-16    var: 5e-14    acc: 0e+00  
  [3/3] t=1.07078875  infeas Undefined/Certificate                    (0.29s)  [1.070789, 1.152330]

  lb=1.070789  gc=69.18%  build=0.05s  avg_solve=0.30s  total_solve=1.20s  n_solves=4
[calib] d=4: n_y=210 n_basis=35  build=0.05s  avg_solve=0.30s  (4 solves, wall=1.3s)

[calib] d=6 order=3 mode=z2_bd n_bisect=3

============================================================
MOSEK-tuned full Lasserre: d=6 L3 mode=z2_bd
============================================================
  d=6, order=3 (degree 6)
  windows=66, basis=84, loc_basis=28, moments=924
  Base PSD cones: 7 (1x84^2 + 6x28^2)
  ab_eiej_idx: (28, 28, 6, 6), 28224/28224 valid
  Precompute: 0.00s
  Build: n_y=924, n_basis=84, n_loc=28, n_consist=462, n_z2_eq=452, n_win_psd=66, build_time=0.37s
  Block-diag moment: 84 -> sym 44 + anti 40
  Tuning: {'solve_form': 'dual', 'basis': 'never', 'tol': 1e-06, 'presolve_lindep': 'on', 'eliminator_max_tries': 0, 'order_method': 'forcegraphpar', 'num_threads': 96, 'max_iterations': 1600, 'scaling': 'aggressive'}
[MOSEK] Problem
[MOSEK]   Name                   : lasserre_full   
[MOSEK]   Objective sense        : minimize        
[MOSEK]   Type                   : CONIC (conic optimization problem)
[MOSEK]   Constraints            : 981             
[MOSEK]   Affine conic cons.     : 80 (33478 rows)
[MOSEK]   Disjunctive cons.      : 0               
[MOSEK]   Cones                  : 0               
[MOSEK]   Scalar variables       : 925             
[MOSEK]   Matrix variables       : 0               
[MOSEK]   Integer variables      : 0               
[MOSEK] 
[MOSEK] Optimizer started.
[MOSEK] Presolve started.
[MOSEK] Linear dependency checker started.
[MOSEK] Linear dependency checker terminated.
[MOSEK] Eliminator - tries                  : 0                 time                   : 0.00            
[MOSEK] Lin. dep.  - tries                  : 1                 time                   : 0.01            
[MOSEK] Lin. dep.  - primal attempts        : 1                 successes              : 1               
[MOSEK] Lin. dep.  - dual attempts          : 0                 successes              : 0               
[MOSEK] Lin. dep.  - primal deps.           : 226               dual deps.             : 0               
[MOSEK] Presolve terminated. Time: 0.02    
[MOSEK] Optimizer  - threads                : 96              
[MOSEK] Optimizer  - solved problem         : the primal      
[MOSEK] Optimizer  - Constraints            : 34228           
[MOSEK] Optimizer  - Cones                  : 0               
[MOSEK] Optimizer  - Scalar variables       : 985               conic                  : 0               
[MOSEK] Optimizer  - Semi-definite variables: 80                scalarized             : 33478           
[MOSEK] Factor     - setup time             : 1.99            
[MOSEK] Factor     - dense det. time        : 0.44              GP order time          : 0.17            
[MOSEK] Factor     - nonzeros before factor : 7.57e+06          after factor           : 2.00e+07        
[MOSEK] Factor     - dense dim.             : 923               flops                  : 1.46e+10        
[MOSEK] Factor     - GP saved nzs           : 0                 GP saved flops         : 0.00e+00        
[MOSEK] ITE PFEAS    DFEAS    GFEAS    PRSTATUS   POBJ              DOBJ              MU       TIME  
[MOSEK] 0   9.8e+00  1.0e+00  1.0e+00  0.00e+00   0.000000000e+00   0.000000000e+00   1.0e+00  2.03  
[MOSEK] 1   6.1e+00  6.2e-01  5.3e-01  -4.57e-01  0.000000000e+00   2.801881521e-02   6.2e-01  2.23  
[MOSEK] 2   1.7e+00  1.8e-01  4.2e-02  6.08e-01   0.000000000e+00   -6.719998633e-02  1.8e-01  2.47  
[MOSEK] ETA: iter 2, mu=1.80e-01, per-iter=1.2s, ~14 iters remain, eta=0.3 min
[MOSEK] 3   3.3e-01  3.3e-02  3.1e-03  1.70e+00   0.000000000e+00   -6.875143687e-03  3.3e-02  2.71  
[MOSEK] ETA: iter 3, mu=3.30e-02, per-iter=0.9s, ~9 iters remain, eta=0.1 min
[MOSEK] 4   2.4e-01  2.5e-02  1.9e-03  1.38e+00   0.000000000e+00   -4.802111265e-03  2.5e-02  2.92  
[MOSEK] ETA: iter 4, mu=2.50e-02, per-iter=0.7s, ~53 iters remain, eta=0.6 min
[MOSEK] 5   6.2e-02  1.1e-02  1.9e-04  1.37e+00   0.000000000e+00   -1.358581977e-03  6.3e-03  3.10  
[MOSEK] ETA: iter 5, mu=6.30e-03, per-iter=0.6s, ~10 iters remain, eta=0.1 min
[MOSEK] 6   1.7e-02  1.4e-02  2.1e-05  1.34e+00   0.000000000e+00   -3.777443725e-04  1.7e-03  3.31  
[MOSEK] ETA: iter 6, mu=1.70e-03, per-iter=0.6s, ~9 iters remain, eta=0.1 min
[MOSEK] 7   7.0e-03  2.0e-02  4.1e-06  1.38e+00   0.000000000e+00   -1.346251241e-04  6.1e-04  3.49  
[MOSEK] ETA: iter 7, mu=6.10e-04, per-iter=0.5s, ~11 iters remain, eta=0.1 min
[MOSEK] 8   2.3e-04  6.4e-04  1.7e-08  1.15e+00   0.000000000e+00   -4.502733071e-06  1.9e-05  3.87  
[MOSEK] ETA: iter 8, mu=1.90e-05, per-iter=0.5s, ~2 iters remain, eta=0.0 min
[MOSEK] 9   8.2e-05  1.9e-04  4.4e-09  9.48e-01   0.000000000e+00   -1.756303765e-06  7.6e-06  4.05  
[MOSEK] ETA: iter 9, mu=7.60e-06, per-iter=0.5s, ~7 iters remain, eta=0.1 min
[MOSEK] 10  5.1e-05  1.2e-04  2.2e-09  1.00e+00   0.000000000e+00   -1.063911465e-06  4.7e-06  4.23  
[MOSEK] ETA: iter 10, mu=4.70e-06, per-iter=0.4s, ~13 iters remain, eta=0.1 min
[MOSEK] 11  2.5e-05  5.8e-05  8.4e-10  1.00e+00   0.000000000e+00   -5.240602176e-07  2.3e-06  4.54  
[MOSEK] ETA: iter 11, mu=2.30e-06, per-iter=0.4s, ~8 iters remain, eta=0.1 min
[MOSEK] 12  3.5e-06  8.0e-06  4.8e-11  1.02e+00   0.000000000e+00   -6.836156719e-08  3.2e-07  4.79  
[MOSEK] ETA: iter 12, mu=3.20e-07, per-iter=0.4s, ~2 iters remain, eta=0.0 min
[MOSEK] Optimizer terminated. Time: 4.79    
[MOSEK] 
[MOSEK] 
[MOSEK] Interior-point solution summary
[MOSEK]   Problem status  : PRIMAL_AND_DUAL_FEASIBLE
[MOSEK]   Solution status : OPTIMAL
[MOSEK]   Primal.  obj: 0.0000000000e+00    nrm: 3e+00    Viol.  con: 9e-07    var: 0e+00    acc: 1e-07  
[MOSEK]   Dual.    obj: -6.8361573131e-08   nrm: 4e+02    Viol.  con: 1e-06    var: 2e-06    acc: 8e-08  

  hi probe: t=1.221100 -> feas Optimal/Optimal (4.80s)
[MOSEK] Problem
[MOSEK]   Name                   : lasserre_full   
[MOSEK]   Objective sense        : minimize        
[MOSEK]   Type                   : CONIC (conic optimization problem)
[MOSEK]   Constraints            : 981             
[MOSEK]   Affine conic cons.     : 80 (33478 rows)
[MOSEK]   Disjunctive cons.      : 0               
[MOSEK]   Cones                  : 0               
[MOSEK]   Scalar variables       : 925             
[MOSEK]   Matrix variables       : 0               
[MOSEK]   Integer variables      : 0               
[MOSEK] 
[MOSEK] Optimizer started.
[MOSEK] Presolve started.
[MOSEK] Linear dependency checker started.
[MOSEK] Linear dependency checker terminated.
[MOSEK] Eliminator - tries                  : 0                 time                   : 0.00            
[MOSEK] Lin. dep.  - tries                  : 1                 time                   : 0.01            
[MOSEK] Lin. dep.  - primal attempts        : 1                 successes              : 1               
[MOSEK] Lin. dep.  - dual attempts          : 0                 successes              : 0               
[MOSEK] Lin. dep.  - primal deps.           : 226               dual deps.             : 0               
[MOSEK] Presolve terminated. Time: 0.02    
[MOSEK] Optimizer  - threads                : 96              
[MOSEK] Optimizer  - solved problem         : the primal      
[MOSEK] Optimizer  - Constraints            : 34228           
[MOSEK] Optimizer  - Cones                  : 0               
[MOSEK] Optimizer  - Scalar variables       : 985               conic                  : 0               
[MOSEK] Optimizer  - Semi-definite variables: 80                scalarized             : 33478           
[MOSEK] Factor     - setup time             : 2.01            
[MOSEK] Factor     - dense det. time        : 0.45              GP order time          : 0.17            
[MOSEK] Factor     - nonzeros before factor : 7.57e+06          after factor           : 2.00e+07        
[MOSEK] Factor     - dense dim.             : 923               flops                  : 1.46e+10        
[MOSEK] Factor     - GP saved nzs           : 0                 GP saved flops         : 0.00e+00        
[MOSEK] ITE PFEAS    DFEAS    GFEAS    PRSTATUS   POBJ              DOBJ              MU       TIME  
[MOSEK] 0   6.9e+00  1.0e+00  1.0e+00  0.00e+00   0.000000000e+00   0.000000000e+00   1.0e+00  2.05  
[MOSEK] 1   1.6e+00  2.4e-01  4.0e-01  -7.72e-01  0.000000000e+00   2.024561802e+00   2.4e-01  2.31  
[MOSEK] 2   6.0e-02  8.7e-03  8.4e-02  -9.58e-01  0.000000000e+00   9.254610114e+01   8.7e-03  2.54  
[MOSEK] ETA: iter 2, mu=8.70e-03, per-iter=1.3s, ~4 iters remain, eta=0.1 min
[MOSEK] 3   1.9e-05  2.4e-04  1.5e-03  -9.99e-01  0.000000000e+00   2.888406315e+05   2.7e-06  2.80  
[MOSEK] ETA: iter 3, mu=2.70e-06, per-iter=0.9s, ~1 iters remain, eta=0.0 min
[MOSEK] 4   1.1e-12  4.1e-08  5.5e-07  -1.00e+00  0.000000000e+00   4.542229819e+12   1.7e-13  3.06  
[MOSEK] ETA: iter 4, mu=1.70e-13, per-iter=0.8s, ~0 iters remain, eta=0.0 min
[MOSEK] 5   1.1e-21  7.0e-13  3.4e-07  -1.00e+00  0.000000000e+00   8.176010344e-01   3.3e-22  3.34  
[MOSEK] ETA: iter 5, mu=3.30e-22, per-iter=0.7s, ~0 iters remain, eta=0.0 min
[MOSEK] Optimizer terminated. Time: 3.35    
[MOSEK] 
[MOSEK] 
[MOSEK] Interior-point solution summary
[MOSEK]   Problem status  : PRIMAL_INFEASIBLE
[MOSEK]   Solution status : PRIMAL_INFEASIBLE_CER
[MOSEK]   Dual.    obj: 8.1760103443e-01    nrm: 5e+03    Viol.  con: 7e-15    var: 7e-13    acc: 0e+00  
  [1/3] t=0.86055000  infeas Undefined/Certificate                    (3.35s)  [0.860550, 1.221100]
[MOSEK] Problem
[MOSEK]   Name                   : lasserre_full   
[MOSEK]   Objective sense        : minimize        
[MOSEK]   Type                   : CONIC (conic optimization problem)
[MOSEK]   Constraints            : 981             
[MOSEK]   Affine conic cons.     : 80 (33478 rows)
[MOSEK]   Disjunctive cons.      : 0               
[MOSEK]   Cones                  : 0               
[MOSEK]   Scalar variables       : 925             
[MOSEK]   Matrix variables       : 0               
[MOSEK]   Integer variables      : 0               
[MOSEK] 
[MOSEK] Optimizer started.
[MOSEK] Presolve started.
[MOSEK] Linear dependency checker started.
[MOSEK] Linear dependency checker terminated.
[MOSEK] Eliminator - tries                  : 0                 time                   : 0.00            
[MOSEK] Lin. dep.  - tries                  : 1                 time                   : 0.01            
[MOSEK] Lin. dep.  - primal attempts        : 1                 successes              : 1               
[MOSEK] Lin. dep.  - dual attempts          : 0                 successes              : 0               
[MOSEK] Lin. dep.  - primal deps.           : 226               dual deps.             : 0               
[MOSEK] Presolve terminated. Time: 0.02    
[MOSEK] Optimizer  - threads                : 96              
[MOSEK] Optimizer  - solved problem         : the primal      
[MOSEK] Optimizer  - Constraints            : 34228           
[MOSEK] Optimizer  - Cones                  : 0               
[MOSEK] Optimizer  - Scalar variables       : 985               conic                  : 0               
[MOSEK] Optimizer  - Semi-definite variables: 80                scalarized             : 33478           
[MOSEK] Factor     - setup time             : 1.99            
[MOSEK] Factor     - dense det. time        : 0.45              GP order time          : 0.17            
[MOSEK] Factor     - nonzeros before factor : 7.57e+06          after factor           : 2.00e+07        
[MOSEK] Factor     - dense dim.             : 923               flops                  : 1.46e+10        
[MOSEK] Factor     - GP saved nzs           : 0                 GP saved flops         : 0.00e+00        
[MOSEK] ITE PFEAS    DFEAS    GFEAS    PRSTATUS   POBJ              DOBJ              MU       TIME  
[MOSEK] 0   8.3e+00  1.0e+00  1.0e+00  0.00e+00   0.000000000e+00   0.000000000e+00   1.0e+00  2.03  
[MOSEK] 1   5.1e+00  6.1e-01  5.5e-01  -4.96e-01  0.000000000e+00   7.368944105e-02   6.1e-01  2.22  
[MOSEK] 2   1.6e+00  1.9e-01  1.7e-01  2.07e-01   0.000000000e+00   4.239601548e-01   1.9e-01  2.47  
[MOSEK] ETA: iter 2, mu=1.90e-01, per-iter=1.2s, ~14 iters remain, eta=0.3 min
[MOSEK] 3   2.2e-01  2.6e-02  7.2e-02  -6.37e-01  0.000000000e+00   7.065106895e+00   2.6e-02  2.64  
[MOSEK] ETA: iter 3, mu=2.60e-02, per-iter=0.9s, ~7 iters remain, eta=0.1 min
[MOSEK] 4   2.1e-04  7.1e-04  2.1e-03  -9.42e-01  0.000000000e+00   6.686097366e+03   2.6e-05  2.88  
[MOSEK] ETA: iter 4, mu=2.60e-05, per-iter=0.7s, ~1 iters remain, eta=0.0 min
[MOSEK] 5   8.2e-11  6.5e-07  1.2e-06  -1.00e+00  0.000000000e+00   1.649995554e+10   1.0e-11  3.13  
[MOSEK] ETA: iter 5, mu=1.00e-11, per-iter=0.6s, ~0 iters remain, eta=0.0 min
[MOSEK] 6   1.9e-18  2.8e-12  2.7e-05  -1.00e+00  0.000000000e+00   7.039246339e+17   2.3e-19  3.37  
[MOSEK] ETA: iter 6, mu=2.30e-19, per-iter=0.6s, ~0 iters remain, eta=0.0 min
[MOSEK] 7   6.6e-30  1.4e-14  7.0e-07  -1.00e+00  0.000000000e+00   3.327836814e-01   1.0e-30  3.52  
[MOSEK] ETA: iter 7, mu=1.00e-30, per-iter=0.5s, ~0 iters remain, eta=0.0 min
[MOSEK] Optimizer terminated. Time: 3.53    
[MOSEK] 
[MOSEK] 
[MOSEK] Interior-point solution summary
[MOSEK]   Problem status  : PRIMAL_INFEASIBLE
[MOSEK]   Solution status : PRIMAL_INFEASIBLE_CER
[MOSEK]   Dual.    obj: 3.3278368141e-01    nrm: 2e+04    Viol.  con: 4e-15    var: 1e-13    acc: 0e+00  
  [2/3] t=1.04082500  infeas Undefined/Certificate                    (3.53s)  [1.040825, 1.221100]
[MOSEK] Problem
[MOSEK]   Name                   : lasserre_full   
[MOSEK]   Objective sense        : minimize        
[MOSEK]   Type                   : CONIC (conic optimization problem)
[MOSEK]   Constraints            : 981             
[MOSEK]   Affine conic cons.     : 80 (33478 rows)
[MOSEK]   Disjunctive cons.      : 0               
[MOSEK]   Cones                  : 0               
[MOSEK]   Scalar variables       : 925             
[MOSEK]   Matrix variables       : 0               
[MOSEK]   Integer variables      : 0               
[MOSEK] 
[MOSEK] Optimizer started.
[MOSEK] Presolve started.
[MOSEK] Linear dependency checker started.
[MOSEK] Linear dependency checker terminated.
[MOSEK] Eliminator - tries                  : 0                 time                   : 0.00            
[MOSEK] Lin. dep.  - tries                  : 1                 time                   : 0.01            
[MOSEK] Lin. dep.  - primal attempts        : 1                 successes              : 1               
[MOSEK] Lin. dep.  - dual attempts          : 0                 successes              : 0               
[MOSEK] Lin. dep.  - primal deps.           : 226               dual deps.             : 0               
[MOSEK] Presolve terminated. Time: 0.02    
[MOSEK] Optimizer  - threads                : 96              
[MOSEK] Optimizer  - solved problem         : the primal      
[MOSEK] Optimizer  - Constraints            : 34228           
[MOSEK] Optimizer  - Cones                  : 0               
[MOSEK] Optimizer  - Scalar variables       : 985               conic                  : 0               
[MOSEK] Optimizer  - Semi-definite variables: 80                scalarized             : 33478           
[MOSEK] Factor     - setup time             : 1.95            
[MOSEK] Factor     - dense det. time        : 0.43              GP order time          : 0.17            
[MOSEK] Factor     - nonzeros before factor : 7.57e+06          after factor           : 2.00e+07        
[MOSEK] Factor     - dense dim.             : 923               flops                  : 1.46e+10        
[MOSEK] Factor     - GP saved nzs           : 0                 GP saved flops         : 0.00e+00        
[MOSEK] ITE PFEAS    DFEAS    GFEAS    PRSTATUS   POBJ              DOBJ              MU       TIME  
[MOSEK] 0   9.0e+00  1.0e+00  1.0e+00  0.00e+00   0.000000000e+00   0.000000000e+00   1.0e+00  1.99  
[MOSEK] 1   5.7e+00  6.3e-01  5.4e-01  -4.48e-01  0.000000000e+00   1.891305016e-02   6.3e-01  2.22  
[MOSEK] 2   1.5e+00  1.6e-01  4.9e-02  5.68e-01   0.000000000e+00   -6.935849361e-02  1.6e-01  2.45  
[MOSEK] ETA: iter 2, mu=1.60e-01, per-iter=1.2s, ~12 iters remain, eta=0.2 min
[MOSEK] 3   4.9e-01  5.4e-02  1.2e-02  1.15e+00   0.000000000e+00   -9.564956571e-03  5.4e-02  2.69  
[MOSEK] ETA: iter 3, mu=5.40e-02, per-iter=0.9s, ~14 iters remain, eta=0.2 min
[MOSEK] 4   1.2e-01  2.1e-02  9.9e-03  -3.45e-01  0.000000000e+00   4.108898967e-01   1.3e-02  2.87  
[MOSEK] ETA: iter 4, mu=1.30e-02, per-iter=0.7s, ~10 iters remain, eta=0.1 min
[MOSEK] 5   1.4e-04  3.0e-03  2.6e-04  -7.09e-01  0.000000000e+00   2.831239829e+02   1.6e-05  3.12  
[MOSEK] ETA: iter 5, mu=1.60e-05, per-iter=0.6s, ~1 iters remain, eta=0.0 min
[MOSEK] 6   3.3e-10  1.7e-06  3.9e-07  -9.99e-01  0.000000000e+00   1.105284954e+08   3.8e-11  3.36  
[MOSEK] ETA: iter 6, mu=3.80e-11, per-iter=0.6s, ~0 iters remain, eta=0.0 min
[MOSEK] 7   9.2e-18  4.7e-12  3.5e-06  -1.00e+00  0.000000000e+00   3.925469798e+15   1.0e-18  3.61  
[MOSEK] ETA: iter 7, mu=1.00e-18, per-iter=0.5s, ~0 iters remain, eta=0.0 min
[MOSEK] 8   1.0e-26  3.6e-14  3.0e-06  -1.00e+00  0.000000000e+00   3.863364904e-02   1.0e-28  3.76  
[MOSEK] ETA: iter 8, mu=1.00e-28, per-iter=0.5s, ~0 iters remain, eta=0.0 min
[MOSEK] Optimizer terminated. Time: 3.76    
[MOSEK] 
[MOSEK] 
[MOSEK] Interior-point solution summary
[MOSEK]   Problem status  : PRIMAL_INFEASIBLE
[MOSEK]   Solution status : PRIMAL_INFEASIBLE_CER
[MOSEK]   Dual.    obj: 3.8633649041e-02    nrm: 3e+04    Viol.  con: 9e-16    var: 9e-14    acc: 0e+00  
  [3/3] t=1.13096250  infeas Undefined/Certificate                    (3.77s)  [1.130963, 1.221100]

  lb=1.130963  gc=76.54%  build=0.37s  avg_solve=3.86s  total_solve=15.45s  n_solves=4
[calib] d=6: n_y=924 n_basis=84  build=0.37s  avg_solve=3.86s  (4 solves, wall=15.9s)

[calib] d=8 included by default (~3–5 min; pass --no-d8 to skip).

[calib] d=8 order=3 mode=z2_bd n_bisect=2

============================================================
MOSEK-tuned full Lasserre: d=8 L3 mode=z2_bd
============================================================
  d=8, order=3 (degree 6)
  windows=120, basis=165, loc_basis=45, moments=3003
  Base PSD cones: 9 (1x165^2 + 8x45^2)
  ab_eiej_idx: (45, 45, 8, 8), 129600/129600 valid
  Precompute: 0.02s
  Build: n_y=3003, n_basis=165, n_loc=45, n_consist=1287, n_z2_eq=1484, n_win_psd=120, build_time=2.31s
  Block-diag moment: 165 -> sym 85 + anti 80
  Tuning: {'solve_form': 'dual', 'basis': 'never', 'tol': 1e-06, 'presolve_lindep': 'on', 'eliminator_max_tries': 0, 'order_method': 'forcegraphpar', 'num_threads': 96, 'max_iterations': 1600, 'scaling': 'aggressive'}
[MOSEK] Problem
[MOSEK]   Name                   : lasserre_full   
[MOSEK]   Objective sense        : minimize        
[MOSEK]   Type                   : CONIC (conic optimization problem)
[MOSEK]   Constraints            : 2892            
[MOSEK]   Affine conic cons.     : 138 (147655 rows)
[MOSEK]   Disjunctive cons.      : 0               
[MOSEK]   Cones                  : 0               
[MOSEK]   Scalar variables       : 3004            
[MOSEK]   Matrix variables       : 0               
[MOSEK]   Integer variables      : 0               
[MOSEK] 
[MOSEK] Optimizer started.
[MOSEK] Presolve started.
[MOSEK] Linear dependency checker started.
[MOSEK] Linear dependency checker terminated.
[MOSEK] Eliminator - tries                  : 0                 time                   : 0.00            
[MOSEK] Lin. dep.  - tries                  : 1                 time                   : 0.05            
[MOSEK] Lin. dep.  - primal attempts        : 1                 successes              : 1               
[MOSEK] Lin. dep.  - dual attempts          : 0                 successes              : 0               
[MOSEK] Lin. dep.  - primal deps.           : 636               dual deps.             : 0               
[MOSEK] Presolve terminated. Time: 0.11    
[MOSEK] Optimizer  - threads                : 96              
[MOSEK] Optimizer  - solved problem         : the primal      
[MOSEK] Optimizer  - Constraints            : 149906          
[MOSEK] Optimizer  - Cones                  : 0               
[MOSEK] Optimizer  - Scalar variables       : 3118              conic                  : 0               
[MOSEK] Optimizer  - Semi-definite variables: 138               scalarized             : 147655          
[MOSEK] Factor     - setup time             : 21.08           
[MOSEK] Factor     - dense det. time        : 6.22              GP order time          : 1.95            
[MOSEK] Factor     - nonzeros before factor : 8.70e+07          after factor           : 2.70e+08        
[MOSEK] Factor     - dense dim.             : 3002              flops                  : 6.24e+11        
[MOSEK] Factor     - GP saved nzs           : 0                 GP saved flops         : 0.00e+00        
[MOSEK] ITE PFEAS    DFEAS    GFEAS    PRSTATUS   POBJ              DOBJ              MU       TIME  
[MOSEK] 0   1.0e+01  1.0e+00  1.0e+00  0.00e+00   0.000000000e+00   0.000000000e+00   1.0e+00  21.33 
[MOSEK] 1   7.0e+00  7.0e-01  5.5e-01  -2.58e-01  0.000000000e+00   -9.031827707e-02  7.0e-01  25.28 
[MOSEK] 2   4.8e+00  4.8e-01  2.2e-01  7.25e-01   0.000000000e+00   -1.819715569e-01  4.8e-01  29.19 
[MOSEK] ETA: iter 2, mu=4.80e-01, per-iter=14.6s, ~47 iters remain, eta=11.4 min
[WATCH:solve] t=    30s  rss=   9471MB  cpu=  -1.0%  threads= 34  peak_rss=   9471MB
[MOSEK] 3   1.6e+00  1.5e-01  2.0e-02  1.67e+00   0.000000000e+00   -4.251346771e-02  1.5e-01  33.37 
[MOSEK] ETA: iter 3, mu=1.50e-01, per-iter=11.1s, ~14 iters remain, eta=2.6 min
[MOSEK] 4   5.8e-01  6.8e-02  3.8e-03  2.28e+00   0.000000000e+00   -8.197781739e-03  5.8e-02  37.31 
[MOSEK] ETA: iter 4, mu=5.80e-02, per-iter=9.3s, ~16 iters remain, eta=2.5 min
[MOSEK] 5   1.8e-01  7.9e-02  4.9e-04  1.72e+00   0.000000000e+00   -1.947044119e-03  1.8e-02  41.43 
[MOSEK] ETA: iter 5, mu=1.80e-02, per-iter=8.3s, ~12 iters remain, eta=1.7 min
[MOSEK] 6   6.6e-02  5.3e-02  9.0e-05  1.45e+00   0.000000000e+00   -6.525596571e-04  6.5e-03  45.48 
[MOSEK] ETA: iter 6, mu=6.50e-03, per-iter=7.6s, ~13 iters remain, eta=1.7 min
[MOSEK] 7   1.9e-02  8.7e-02  1.0e-05  1.38e+00   0.000000000e+00   -1.616418889e-04  1.6e-03  49.47 
[MOSEK] ETA: iter 7, mu=1.60e-03, per-iter=7.1s, ~9 iters remain, eta=1.0 min
[MOSEK] 8   4.0e-03  3.3e-02  8.2e-07  9.08e-01   0.000000000e+00   -3.320240068e-05  2.9e-04  53.51 
[MOSEK] ETA: iter 8, mu=2.90e-04, per-iter=6.7s, ~6 iters remain, eta=0.7 min
[WATCH:solve] t=    60s  rss=   9924MB  cpu=  -1.0%  threads= 34  peak_rss=   9924MB
[MOSEK] 9   3.9e-04  3.2e-03  2.4e-08  1.09e+00   0.000000000e+00   -3.109824299e-06  2.7e-05  61.64 
[MOSEK] ETA: iter 9, mu=2.70e-05, per-iter=6.8s, ~3 iters remain, eta=0.4 min
[MOSEK] 10  9.7e-05  8.5e-04  2.3e-09  9.71e-01   0.000000000e+00   -7.840100345e-07  6.0e-06  66.06 
[MOSEK] ETA: iter 10, mu=6.00e-06, per-iter=6.6s, ~4 iters remain, eta=0.5 min
[MOSEK] 11  2.6e-05  2.2e-04  2.8e-10  1.01e+00   0.000000000e+00   -2.066432225e-07  1.6e-06  74.15 
[MOSEK] ETA: iter 11, mu=1.60e-06, per-iter=6.7s, ~4 iters remain, eta=0.4 min
[MOSEK] 12  4.1e-06  3.6e-05  1.6e-11  1.02e+00   0.000000000e+00   -3.211411499e-08  2.4e-07  78.48 
[MOSEK] ETA: iter 12, mu=2.40e-07, per-iter=6.5s, ~2 iters remain, eta=0.2 min
[MOSEK] 13  2.6e-06  2.3e-05  7.9e-12  1.07e+00   0.000000000e+00   -2.007117293e-08  1.5e-07  85.82 
[MOSEK] ETA: iter 13, mu=1.50e-07, per-iter=6.6s, ~6 iters remain, eta=0.6 min
[MOSEK] Optimizer terminated. Time: 85.87   
[MOSEK] 
[MOSEK] 
[MOSEK] Interior-point solution summary
[MOSEK]   Problem status  : PRIMAL_AND_DUAL_FEASIBLE
[MOSEK]   Solution status : OPTIMAL
[MOSEK]   Primal.  obj: 0.0000000000e+00    nrm: 1e+00    Viol.  con: 8e-08    var: 0e+00    acc: 2e-08  
[MOSEK]   Dual.    obj: -2.0071170600e-08   nrm: 2e+01    Viol.  con: 3e-07    var: 2e-06    acc: 2e-08  

  hi probe: t=1.254640 -> feas Optimal/Optimal (85.89s)
[MOSEK] Problem
[MOSEK]   Name                   : lasserre_full   
[MOSEK]   Objective sense        : minimize        
[MOSEK]   Type                   : CONIC (conic optimization problem)
[MOSEK]   Constraints            : 2892            
[MOSEK]   Affine conic cons.     : 138 (147655 rows)
[MOSEK]   Disjunctive cons.      : 0               
[MOSEK]   Cones                  : 0               
[MOSEK]   Scalar variables       : 3004            
[MOSEK]   Matrix variables       : 0               
[MOSEK]   Integer variables      : 0               
[MOSEK] 
[MOSEK] Optimizer started.
[MOSEK] Presolve started.
[MOSEK] Linear dependency checker started.
[MOSEK] Linear dependency checker terminated.
[MOSEK] Eliminator - tries                  : 0                 time                   : 0.00            
[MOSEK] Lin. dep.  - tries                  : 1                 time                   : 0.05            
[MOSEK] Lin. dep.  - primal attempts        : 1                 successes              : 1               
[MOSEK] Lin. dep.  - dual attempts          : 0                 successes              : 0               
[MOSEK] Lin. dep.  - primal deps.           : 636               dual deps.             : 0               
[MOSEK] Presolve terminated. Time: 0.11    
[MOSEK] Optimizer  - threads                : 96              
[MOSEK] Optimizer  - solved problem         : the primal      
[MOSEK] Optimizer  - Constraints            : 149906          
[MOSEK] Optimizer  - Cones                  : 0               
[MOSEK] Optimizer  - Scalar variables       : 3118              conic                  : 0               
[MOSEK] Optimizer  - Semi-definite variables: 138               scalarized             : 147655          
[MOSEK] Factor     - setup time             : 20.06           
[MOSEK] Factor     - dense det. time        : 5.13              GP order time          : 1.94            
[MOSEK] Factor     - nonzeros before factor : 8.70e+07          after factor           : 2.70e+08        
[MOSEK] Factor     - dense dim.             : 3002              flops                  : 6.24e+11        
[MOSEK] Factor     - GP saved nzs           : 0                 GP saved flops         : 0.00e+00        
[MOSEK] ITE PFEAS    DFEAS    GFEAS    PRSTATUS   POBJ              DOBJ              MU       TIME  
[MOSEK] 0   7.0e+00  1.0e+00  1.0e+00  0.00e+00   0.000000000e+00   0.000000000e+00   1.0e+00  20.31 
[MOSEK] 1   1.7e+00  2.5e-01  4.0e-01  -8.70e-01  0.000000000e+00   1.871865883e+00   2.5e-01  24.58 
[MOSEK] 2   7.0e-02  9.9e-03  9.1e-02  -9.54e-01  0.000000000e+00   8.350137316e+01   9.9e-03  28.41 
[MOSEK] ETA: iter 2, mu=9.90e-03, per-iter=14.2s, ~4 iters remain, eta=1.0 min
[WATCH:solve] t=    30s  rss=  12821MB  cpu=  -1.0%  threads= 34  peak_rss=  12821MB
[MOSEK] 3   6.3e-07  1.5e-04  2.7e-04  -9.99e-01  0.000000000e+00   9.182364183e+06   9.0e-08  32.65 
[MOSEK] ETA: iter 3, mu=9.00e-08, per-iter=10.9s, ~0 iters remain, eta=0.0 min
[MOSEK] 4   1.1e-14  1.1e-09  1.6e-06  -1.00e+00  0.000000000e+00   3.171066773e+14   1.7e-15  36.89 
[MOSEK] ETA: iter 4, mu=1.70e-15, per-iter=9.2s, ~0 iters remain, eta=0.0 min
[MOSEK] 5   1.4e-24  2.9e-13  3.5e-03  -1.00e+00  0.000000000e+00   2.439281451e+24   2.1e-25  41.53 
[MOSEK] ETA: iter 5, mu=2.10e-25, per-iter=8.3s, ~0 iters remain, eta=0.0 min
[MOSEK] Optimizer terminated. Time: 41.57   
[MOSEK] 
[MOSEK] 
[MOSEK] Interior-point solution summary
[MOSEK]   Problem status  : PRIMAL_INFEASIBLE
[MOSEK]   Solution status : PRIMAL_INFEASIBLE_CER
[MOSEK]   Dual.    obj: 8.4010526105e-01    nrm: 7e+03    Viol.  con: 7e-15    var: 3e-13    acc: 0e+00  
  [1/2] t=0.87732000  infeas Undefined/Certificate                    (41.59s)  [0.877320, 1.254640]
[MOSEK] Problem
[MOSEK]   Name                   : lasserre_full   
[MOSEK]   Objective sense        : minimize        
[MOSEK]   Type                   : CONIC (conic optimization problem)
[MOSEK]   Constraints            : 2892            
[MOSEK]   Affine conic cons.     : 138 (147655 rows)
[MOSEK]   Disjunctive cons.      : 0               
[MOSEK]   Cones                  : 0               
[MOSEK]   Scalar variables       : 3004            
[MOSEK]   Matrix variables       : 0               
[MOSEK]   Integer variables      : 0               
[MOSEK] 
[MOSEK] Optimizer started.
[MOSEK] Presolve started.
[MOSEK] Linear dependency checker started.
[MOSEK] Linear dependency checker terminated.
[MOSEK] Eliminator - tries                  : 0                 time                   : 0.00            
[MOSEK] Lin. dep.  - tries                  : 1                 time                   : 0.05            
[MOSEK] Lin. dep.  - primal attempts        : 1                 successes              : 1               
[MOSEK] Lin. dep.  - dual attempts          : 0                 successes              : 0               
[MOSEK] Lin. dep.  - primal deps.           : 636               dual deps.             : 0               
[MOSEK] Presolve terminated. Time: 0.11    
[MOSEK] Optimizer  - threads                : 96              
[MOSEK] Optimizer  - solved problem         : the primal      
[MOSEK] Optimizer  - Constraints            : 149906          
[MOSEK] Optimizer  - Cones                  : 0               
[MOSEK] Optimizer  - Scalar variables       : 3118              conic                  : 0               
[MOSEK] Optimizer  - Semi-definite variables: 138               scalarized             : 147655          
[MOSEK] Factor     - setup time             : 19.90           
[MOSEK] Factor     - dense det. time        : 5.00              GP order time          : 1.95            
[MOSEK] Factor     - nonzeros before factor : 8.70e+07          after factor           : 2.70e+08        
[MOSEK] Factor     - dense dim.             : 3002              flops                  : 6.24e+11        
[MOSEK] Factor     - GP saved nzs           : 0                 GP saved flops         : 0.00e+00        
[MOSEK] ITE PFEAS    DFEAS    GFEAS    PRSTATUS   POBJ              DOBJ              MU       TIME  
[MOSEK] 0   8.5e+00  1.0e+00  1.0e+00  0.00e+00   0.000000000e+00   0.000000000e+00   1.0e+00  20.14 
[MOSEK] 1   5.7e+00  6.7e-01  5.3e-01  -3.39e-01  0.000000000e+00   -6.305849034e-02  6.7e-01  23.89 
[MOSEK] 2   1.8e+00  2.1e-01  1.4e-01  5.28e-01   0.000000000e+00   1.686385741e-01   2.1e-01  28.15 
[MOSEK] ETA: iter 2, mu=2.10e-01, per-iter=14.1s, ~15 iters remain, eta=3.4 min
[WATCH:solve] t=    30s  rss=  14156MB  cpu=  -1.0%  threads= 34  peak_rss=  14156MB
[MOSEK] 3   3.5e-01  4.1e-02  8.7e-02  -4.94e-01  0.000000000e+00   3.865575049e+00   4.1e-02  32.03 
[MOSEK] ETA: iter 3, mu=4.10e-02, per-iter=10.7s, ~9 iters remain, eta=1.7 min
[MOSEK] 4   1.1e-04  7.8e-04  1.1e-03  -8.79e-01  0.000000000e+00   6.859558909e+03   1.3e-05  36.36 
[MOSEK] ETA: iter 4, mu=1.30e-05, per-iter=9.1s, ~1 iters remain, eta=0.1 min
[MOSEK] 5   3.4e-11  8.8e-07  5.3e-07  -1.00e+00  0.000000000e+00   1.765592607e+10   4.1e-12  40.72 
[MOSEK] ETA: iter 5, mu=4.10e-12, per-iter=8.1s, ~0 iters remain, eta=0.0 min
[MOSEK] 6   5.8e-19  3.5e-12  2.8e-04  -1.00e+00  0.000000000e+00   1.045055197e+18   7.1e-20  44.94 
[MOSEK] ETA: iter 6, mu=7.10e-20, per-iter=7.5s, ~0 iters remain, eta=0.0 min
[MOSEK] 7   1.6e-29  1.6e-14  3.6e-06  -1.00e+00  0.000000000e+00   2.749599882e-01   5.9e-31  48.65 
[MOSEK] ETA: iter 7, mu=5.90e-31, per-iter=7.0s, ~0 iters remain, eta=0.0 min
[MOSEK] Optimizer terminated. Time: 48.70   
[MOSEK] 
[MOSEK] 
[MOSEK] Interior-point solution summary
[MOSEK]   Problem status  : PRIMAL_INFEASIBLE
[MOSEK]   Solution status : PRIMAL_INFEASIBLE_CER
[MOSEK]   Dual.    obj: 2.7495998818e-01    nrm: 9e+03    Viol.  con: 2e-15    var: 3e-13    acc: 0e+00  
  [2/2] t=1.06598000  infeas Undefined/Certificate                    (48.71s)  [1.065980, 1.254640]

  lb=1.065980  gc=32.24%  build=2.31s  avg_solve=58.73s  total_solve=176.18s  n_solves=3
[calib] d=8: n_y=3003 n_basis=165  build=2.31s  avg_solve=58.73s  (3 solves, wall=178.6s)

[calib] d=10 included by default (~30–90 min on 8-thread CPU; pass --no-d10 to skip).  This is the most predictive single data point for d=16 because it is the closest size to the target.

[calib] d=10 order=3 mode=z2_bd n_bisect=1

============================================================
MOSEK-tuned full Lasserre: d=10 L3 mode=z2_bd
============================================================
  d=10, order=3 (degree 6)
  windows=190, basis=286, loc_basis=66, moments=8008
  Base PSD cones: 11 (1x286^2 + 10x66^2)
  ab_eiej_idx: (66, 66, 10, 10), 435600/435600 valid
  Precompute: 0.04s
  Build: n_y=8008, n_basis=286, n_loc=66, n_consist=3003, n_z2_eq=3976, n_win_psd=190, build_time=10.98s
  Block-diag moment: 286 -> sym 146 + anti 140
  Tuning: {'solve_form': 'dual', 'basis': 'never', 'tol': 1e-06, 'presolve_lindep': 'on', 'eliminator_max_tries': 0, 'order_method': 'forcegraphpar', 'num_threads': 96, 'max_iterations': 1600, 'scaling': 'aggressive'}
[MOSEK] Problem
[MOSEK]   Name                   : lasserre_full   
[MOSEK]   Objective sense        : minimize        
[MOSEK]   Type                   : CONIC (conic optimization problem)
[MOSEK]   Constraints            : 7170            
[MOSEK]   Affine conic cons.     : 212 (484911 rows)
[MOSEK]   Disjunctive cons.      : 0               
[MOSEK]   Cones                  : 0               
[MOSEK]   Scalar variables       : 8009            
[MOSEK]   Matrix variables       : 0               
[MOSEK]   Integer variables      : 0               
[MOSEK] 
[MOSEK] Optimizer started.
[MOSEK] Presolve started.
[MOSEK] Linear dependency checker started.
[MOSEK] Linear dependency checker terminated.
[MOSEK] Eliminator - tries                  : 0                 time                   : 0.00            
[MOSEK] Lin. dep.  - tries                  : 1                 time                   : 0.25            
[MOSEK] Lin. dep.  - primal attempts        : 1                 successes              : 1               
[MOSEK] Lin. dep.  - dual attempts          : 0                 successes              : 0               
[MOSEK] Lin. dep.  - primal deps.           : 1491              dual deps.             : 0               
[MOSEK] Presolve terminated. Time: 0.55    
[WATCH:solve] t=    30s  rss=  19061MB  cpu=  -1.0%  threads= 34  peak_rss=  19061MB
[WATCH:solve] t=    60s  rss=  52567MB  cpu=  -1.0%  threads= 34  peak_rss=  52567MB
[WATCH:solve] t=    90s  rss=  23796MB  cpu=  -1.0%  threads= 34  peak_rss=  52567MB
[WATCH:solve] t=   120s  rss=  18954MB  cpu=  -1.0%  threads= 34  peak_rss=  52567MB
[WATCH:solve] t=   150s  rss=  31337MB  cpu=  -1.0%  threads= 34  peak_rss=  52567MB
[MOSEK] Optimizer  - threads                : 96              
[MOSEK] Optimizer  - solved problem         : the primal      
[MOSEK] Optimizer  - Constraints            : 490585          
[MOSEK] Optimizer  - Cones                  : 0               
[MOSEK] Optimizer  - Scalar variables       : 8193              conic                  : 0               
[MOSEK] Optimizer  - Semi-definite variables: 212               scalarized             : 484911          
[MOSEK] Factor     - setup time             : 164.66          
[MOSEK] Factor     - dense det. time        : 44.23             GP order time          : 15.46           
[MOSEK] Factor     - nonzeros before factor : 6.30e+08          after factor           : 2.24e+09        
[MOSEK] Factor     - dense dim.             : 8007              flops                  : 1.37e+13        
[MOSEK] Factor     - GP saved nzs           : 0                 GP saved flops         : 0.00e+00        
[MOSEK] ITE PFEAS    DFEAS    GFEAS    PRSTATUS   POBJ              DOBJ              MU       TIME  
[MOSEK] 0   1.0e+01  1.0e+00  1.0e+00  0.00e+00   0.000000000e+00   0.000000000e+00   1.0e+00  165.79
[WATCH:solve] t=   180s  rss=  50324MB  cpu=  -1.0%  threads= 34  peak_rss=  52567MB
[MOSEK] 1   8.1e+00  7.8e-01  6.1e-01  -1.20e-01  0.000000000e+00   -1.196637692e-01  7.8e-01  209.78
[WATCH:solve] t=   210s  rss=  50613MB  cpu=  -1.0%  threads= 34  peak_rss=  52567MB
[WATCH:solve] t=   240s  rss=  51465MB  cpu=  -1.0%  threads= 34  peak_rss=  52567MB
[MOSEK] 2   6.8e+00  6.5e-01  4.0e-01  7.18e-01   0.000000000e+00   -1.749194870e-01  6.5e-01  253.31
[MOSEK] ETA: iter 2, mu=6.50e-01, per-iter=126.7s, ~99 iters remain, eta=208.3 min
[WATCH:solve] t=   270s  rss=  51866MB  cpu=  -1.0%  threads= 34  peak_rss=  52567MB
[MOSEK] 3   2.9e+00  2.8e-01  4.8e-02  1.30e+00   0.000000000e+00   -8.424622237e-02  2.8e-01  296.67
[MOSEK] ETA: iter 3, mu=2.80e-01, per-iter=98.9s, ~20 iters remain, eta=33.6 min
[WATCH:solve] t=   300s  rss=  51870MB  cpu=  -1.0%  threads= 34  peak_rss=  52567MB
[WATCH:solve] t=   330s  rss=  51964MB  cpu=  -1.0%  threads= 34  peak_rss=  52567MB
[MOSEK] 4   2.1e+00  3.6e-01  2.6e-02  2.52e+00   0.000000000e+00   -4.291925241e-02  2.1e-01  339.78
[MOSEK] ETA: iter 4, mu=2.10e-01, per-iter=85.0s, ~59 iters remain, eta=83.0 min
[WATCH:solve] t=   360s  rss=  52548MB  cpu=  -1.0%  threads= 34  peak_rss=  52567MB
[MOSEK] 5   7.1e-01  7.2e-01  2.7e-03  2.35e+00   0.000000000e+00   -7.494861926e-03  6.8e-02  383.08
[MOSEK] ETA: iter 5, mu=6.80e-02, per-iter=76.6s, ~14 iters remain, eta=17.8 min
[WATCH:solve] t=   390s  rss=  53440MB  cpu=  -1.0%  threads= 34  peak_rss=  53440MB
[WATCH:solve] t=   420s  rss=  53442MB  cpu=  -1.0%  threads= 34  peak_rss=  53442MB
[MOSEK] 6   2.0e-01  1.3e+00  2.7e-04  2.20e+00   0.000000000e+00   -1.222539499e-03  1.8e-02  426.67
[MOSEK] ETA: iter 6, mu=1.80e-02, per-iter=71.1s, ~11 iters remain, eta=12.8 min
[WATCH:solve] t=   450s  rss=  54212MB  cpu=  -1.0%  threads= 34  peak_rss=  54212MB
[MOSEK] 7   1.5e-01  2.8e+00  1.0e-04  2.19e+00   0.000000000e+00   -5.622040032e-04  1.2e-02  469.06
[MOSEK] ETA: iter 7, mu=1.20e-02, per-iter=67.0s, ~35 iters remain, eta=38.6 min
[WATCH:solve] t=   480s  rss=  54642MB  cpu=  -1.0%  threads= 34  peak_rss=  54642MB
[WATCH:solve] t=   510s  rss=  54642MB  cpu=  -1.0%  threads= 34  peak_rss=  54642MB
[WATCH:solve] t=   540s  rss=  54824MB  cpu=  -1.0%  threads= 34  peak_rss=  54824MB
[MOSEK] 8   2.0e-02  3.9e-01  2.3e-06  1.39e+00   0.000000000e+00   -6.626821608e-05  1.6e-03  555.31
[MOSEK] ETA: iter 8, mu=1.60e-03, per-iter=69.4s, ~6 iters remain, eta=6.9 min
[WATCH:solve] t=   570s  rss=  55700MB  cpu=  -1.0%  threads= 34  peak_rss=  55700MB
[WATCH:solve] t=   600s  rss=  55700MB  cpu=  -1.0%  threads= 34  peak_rss=  55700MB
[MOSEK] 9   3.9e-03  7.6e-02  1.8e-07  1.19e+00   0.000000000e+00   -1.141971150e-05  2.8e-04  600.22
[MOSEK] ETA: iter 9, mu=2.80e-04, per-iter=66.7s, ~6 iters remain, eta=6.5 min
[WATCH:solve] t=   630s  rss=  56764MB  cpu=  -1.0%  threads= 34  peak_rss=  56764MB
[WATCH:solve] t=   660s  rss=  57442MB  cpu=  -1.0%  threads= 34  peak_rss=  57442MB
[MOSEK] 10  1.1e-03  2.1e-02  2.7e-08  1.03e+00   0.000000000e+00   -3.159076159e-06  7.9e-05  686.93
[MOSEK] ETA: iter 10, mu=7.90e-05, per-iter=68.7s, ~7 iters remain, eta=8.1 min
[WATCH:solve] t=   690s  rss=  57814MB  cpu=  -1.0%  threads= 34  peak_rss=  57814MB
[WATCH:solve] t=   720s  rss=  57834MB  cpu=  -1.0%  threads= 34  peak_rss=  57834MB
[MOSEK] 11  3.6e-04  7.0e-03  5.3e-09  1.00e+00   0.000000000e+00   -1.041418818e-06  2.6e-05  731.22
[MOSEK] ETA: iter 11, mu=2.60e-05, per-iter=66.5s, ~7 iters remain, eta=7.8 min
[WATCH:solve] t=   750s  rss=  57884MB  cpu=  -1.0%  threads= 34  peak_rss=  57884MB
[MOSEK] 12  1.1e-04  2.1e-03  8.7e-10  1.00e+00   0.000000000e+00   -3.118380987e-07  7.8e-06  775.73
[MOSEK] ETA: iter 12, mu=7.80e-06, per-iter=64.6s, ~6 iters remain, eta=6.0 min
[WATCH:solve] t=   780s  rss=  58258MB  cpu=  -1.0%  threads= 34  peak_rss=  58258MB
[WATCH:solve] t=   810s  rss=  58262MB  cpu=  -1.0%  threads= 34  peak_rss=  58262MB
[MOSEK] 13  2.7e-05  5.3e-04  1.1e-10  9.95e-01   0.000000000e+00   -7.847333517e-08  2.0e-06  819.92
[MOSEK] ETA: iter 13, mu=2.00e-06, per-iter=63.1s, ~4 iters remain, eta=4.1 min
[WATCH:solve] t=   840s  rss=  58454MB  cpu=  -1.0%  threads= 34  peak_rss=  58454MB
[WATCH:solve] t=   870s  rss=  58894MB  cpu=  -1.0%  threads= 34  peak_rss=  58894MB
[WATCH:solve] t=   900s  rss=  58894MB  cpu=  -1.0%  threads= 34  peak_rss=  58894MB
[MOSEK] 14  7.2e-06  1.4e-04  1.4e-11  1.03e+00   0.000000000e+00   -2.014060207e-08  5.1e-07  904.35
[MOSEK] ETA: iter 14, mu=5.10e-07, per-iter=64.6s, ~3 iters remain, eta=3.1 min
[WATCH:solve] t=   930s  rss=  58940MB  cpu=  -1.0%  threads= 34  peak_rss=  58940MB
[MOSEK] 15  2.3e-06  4.6e-05  2.4e-12  1.09e+00   0.000000000e+00   -6.076983009e-09  1.6e-07  947.42
[MOSEK] ETA: iter 15, mu=1.60e-07, per-iter=63.2s, ~2 iters remain, eta=2.5 min
[MOSEK] Optimizer terminated. Time: 947.67  
[MOSEK] 
[MOSEK] 
[MOSEK] Interior-point solution summary
[MOSEK]   Problem status  : PRIMAL_AND_DUAL_FEASIBLE
[MOSEK]   Solution status : OPTIMAL
[MOSEK]   Primal.  obj: 0.0000000000e+00    nrm: 1e+00    Viol.  con: 1e-07    var: 0e+00    acc: 6e-08  
[MOSEK]   Dual.    obj: -6.0769855421e-09   nrm: 6e+02    Viol.  con: 1e-07    var: 1e-06    acc: 6e-09  

  hi probe: t=1.291370 -> feas Optimal/Optimal (947.75s)
[MOSEK] Problem
[MOSEK]   Name                   : lasserre_full   
[MOSEK]   Objective sense        : minimize        
[MOSEK]   Type                   : CONIC (conic optimization problem)
[MOSEK]   Constraints            : 7170            
[MOSEK]   Affine conic cons.     : 212 (484911 rows)
[MOSEK]   Disjunctive cons.      : 0               
[MOSEK]   Cones                  : 0               
[MOSEK]   Scalar variables       : 8009            
[MOSEK]   Matrix variables       : 0               
[MOSEK]   Integer variables      : 0               
[MOSEK] 
[MOSEK] Optimizer started.
[MOSEK] Presolve started.
[MOSEK] Linear dependency checker started.
[MOSEK] Linear dependency checker terminated.
[MOSEK] Eliminator - tries                  : 0                 time                   : 0.00            
[MOSEK] Lin. dep.  - tries                  : 1                 time                   : 0.26            
[MOSEK] Lin. dep.  - primal attempts        : 1                 successes              : 1               
[MOSEK] Lin. dep.  - dual attempts          : 0                 successes              : 0               
[MOSEK] Lin. dep.  - primal deps.           : 1491              dual deps.             : 0               
[MOSEK] Presolve terminated. Time: 0.56    
[WATCH:solve] t=    30s  rss=  38681MB  cpu=  -1.0%  threads= 34  peak_rss=  58940MB
[WATCH:solve] t=    60s  rss=  72331MB  cpu=  -1.0%  threads= 34  peak_rss=  72331MB
[WATCH:solve] t=    90s  rss=  46228MB  cpu=  -1.0%  threads= 34  peak_rss=  72331MB
[WATCH:solve] t=   120s  rss=  41386MB  cpu=  -1.0%  threads= 34  peak_rss=  72331MB
[WATCH:solve] t=   150s  rss=  53766MB  cpu=  -1.0%  threads= 34  peak_rss=  72331MB
[MOSEK] Optimizer  - threads                : 96              
[MOSEK] Optimizer  - solved problem         : the primal      
[MOSEK] Optimizer  - Constraints            : 490585          
[MOSEK] Optimizer  - Cones                  : 0               
[MOSEK] Optimizer  - Scalar variables       : 8193              conic                  : 0               
[MOSEK] Optimizer  - Semi-definite variables: 212               scalarized             : 484911          
[MOSEK] Factor     - setup time             : 165.33          
[MOSEK] Factor     - dense det. time        : 44.96             GP order time          : 15.32           
[MOSEK] Factor     - nonzeros before factor : 6.30e+08          after factor           : 2.24e+09        
[MOSEK] Factor     - dense dim.             : 8007              flops                  : 1.37e+13        
[MOSEK] Factor     - GP saved nzs           : 0                 GP saved flops         : 0.00e+00        
[MOSEK] ITE PFEAS    DFEAS    GFEAS    PRSTATUS   POBJ              DOBJ              MU       TIME  
[MOSEK] 0   7.2e+00  1.0e+00  1.0e+00  0.00e+00   0.000000000e+00   0.000000000e+00   1.0e+00  166.47
[WATCH:solve] t=   180s  rss=  66614MB  cpu=  -1.0%  threads= 34  peak_rss=  72331MB
[WATCH:solve] t=   210s  rss=  66614MB  cpu=  -1.0%  threads= 34  peak_rss=  72331MB
[MOSEK] 1   1.8e+00  2.5e-01  3.8e-01  -9.47e-01  0.000000000e+00   1.733458601e+00   2.5e-01  212.54
[WATCH:solve] t=   240s  rss=  66624MB  cpu=  -1.0%  threads= 34  peak_rss=  72331MB
[MOSEK] 2   7.2e-02  1.4e-02  9.2e-02  -9.55e-01  0.000000000e+00   8.262454003e+01   1.0e-02  254.59
[MOSEK] ETA: iter 2, mu=1.00e-02, per-iter=127.3s, ~4 iters remain, eta=9.1 min
[WATCH:solve] t=   270s  rss=  66624MB  cpu=  -1.0%  threads= 34  peak_rss=  72331MB
[MOSEK] 3   2.2e-06  1.9e-04  5.1e-04  -9.99e-01  0.000000000e+00   2.736347453e+06   3.1e-07  298.58
[MOSEK] ETA: iter 3, mu=3.10e-07, per-iter=99.5s, ~0 iters remain, eta=0.5 min
[WATCH:solve] t=   300s  rss=  66624MB  cpu=  -1.0%  threads= 34  peak_rss=  72331MB
[WATCH:solve] t=   330s  rss=  66634MB  cpu=  -1.0%  threads= 34  peak_rss=  72331MB
[MOSEK] 4   3.4e-14  1.7e-08  1.1e-05  -1.00e+00  0.000000000e+00   1.747558969e+14   5.0e-15  342.97
[MOSEK] ETA: iter 4, mu=5.00e-15, per-iter=85.7s, ~0 iters remain, eta=0.0 min
[WATCH:solve] t=   360s  rss=  66647MB  cpu=  -1.0%  threads= 34  peak_rss=  72331MB
[MOSEK] 5   1.9e-22  5.3e-13  2.1e-06  -1.00e+00  0.000000000e+00   8.441579780e-01   3.0e-23  384.59
[MOSEK] ETA: iter 5, mu=3.00e-23, per-iter=76.9s, ~0 iters remain, eta=0.0 min
[MOSEK] Optimizer terminated. Time: 384.83  
[MOSEK] 
[MOSEK] 
[MOSEK] Interior-point solution summary
[MOSEK]   Problem status  : PRIMAL_INFEASIBLE
[MOSEK]   Solution status : PRIMAL_INFEASIBLE_CER
[MOSEK]   Dual.    obj: 8.4415797804e-01    nrm: 4e+03    Viol.  con: 7e-15    var: 5e-13    acc: 0e+00  
  [1/1] t=0.89568500  infeas Undefined/Certificate                    (384.87s)  [0.895685, 1.291370]

  lb=0.895685  gc=-43.22%  build=10.98s  avg_solve=666.31s  total_solve=1332.62s  n_solves=2
[calib] d=10: n_y=8008 n_basis=286  build=10.98s  avg_solve=666.31s  (2 solves, wall=1343.8s)

[bench] calibration wall time: 25.7 min

========================================================================
  PROJECTION: d=16 L3 MOSEK wall time  (no d=16 build used)
========================================================================

-- d=16 problem size (closed-form) --
  n_y     = C(22,6) = 74613
  n_basis = C(19,3) = 969
  n_loc   = C(18,2) = 153

-- Calibration points (this machine) --
  d=4   n_y=210    n_basis=35    build=   0.05s  avg_solve=    0.30s  (4 solves)
  d=6   n_y=924    n_basis=84    build=   0.37s  avg_solve=    3.86s  (4 solves)
  d=8   n_y=3003   n_basis=165   build=   2.31s  avg_solve=   58.73s  (3 solves)
  d=10  n_y=8008   n_basis=286   build=  10.98s  avg_solve=  666.31s  (2 solves)

-- Power-law fits (this machine, 4 points) --
  BUILD: t ~ n_basis^2.54  (a=5.56e-06, r²=0.997)
  BUILD: t ~ n_y^1.47  (a=1.86e-05, r²=0.998)
  SOLVE: t ~ n_basis^3.67  (a=5.02e-07, r²=0.991)
  SOLVE: t ~ n_y^2.12  (a=2.84e-06, r²=0.993)

-- Historical reference exponents (d=6,8,10) --
  BUILD: n_basis^2.96, n_y^1.68
  SOLVE: n_basis^4.26, n_y^2.42

-- Projected d=16 BUILD time --
  this_basis  : 3.7 min  (220 s)
  this_ny     : 4.5 min  (269 s)
  hist_basis  : 9.0 min  (542 s)
  hist_ny     : 10.1 min  (606 s)

-- Projected d=16 PER-SOLVE time --
  this_basis  : 12.41 h  (44688 s)
  this_ny     : 16.64 h  (59918 s)
  hist_basis  : 1.90 d  (164568 s)
  hist_ny     : 2.25 d  (194767 s)

========================================================================
  TOTAL WALL-TIME ESTIMATE
========================================================================
  build          : 3.7 min – 10.1 min  (med 9.0 min)
  per-solve      : 12.41 h – 2.25 d  (med 1.90 d)
  n_solves       : 8 – 12
  TOTAL (lo/hi)  : 4.14 d – 27.06 d
  TOTAL (median) : 19.05 d
========================================================================

-- Confidence --
  build exponent drift  : |p_this - p_hist| = 0.41 (on n_basis)
  solve exponent drift  : |p_this - p_hist| = 0.60 (on n_basis)
  ⚠  solve exponent diverges from history (0.60)

[bench] wrote report → data/d16_l3_estimate.json
