Direct SCS: d=32 O2 bw=31 GPU=True
Started: 2026-04-16T07:33:08.515274
SCS 3.2.11
======================================================================
DIRECT SCS LASSERRE: L2 d=32 bw=31
  GPU=True, max_iters=20000, eps=1e-07
======================================================================

Cliques: 1 of size 32

  Building reduced moment set S...
    S_le3: 6545 monomials  [MEM] 0.4/251GB

    S_mom (clique PSD): 157641 candidates
    S_loc (clique localizing): 17952 candidates
    Total |S| = 58,905 moments, hash collision check passed (0.4s)
  Building F_scipy (scalar window constraints)...
    F_scipy: 447,920 nnz (0.2s)
  Building per-clique data...
    Hash collision spot-check: 314721 entries verified
  Mapping windows to covering cliques...
    2016/2016 windows covered by cliques
  Building consistency data...
    Consistency: 6545 full equality + 0 partial inequality rows (0.0s)
  Precompute done: 58,905 variables, 1.8s total


Building base SCS problem...
  Base problem: 261,573 rows x 58,906 cols, nnz=936,885
  Cones: z=6546, l=60921, PSD=66
  A memory: 7.5 MB
  Built in 0.1s

  [Round 0] Minimize t...
/workspace/sidon-autocorrelation/tests/admm_gpu_solver.py:467: UserWarning: Sparse CSR tensor support is in beta state. If you miss a functionality in the sparse tensor support, please submit a feature request to https://github.com/pytorch/pytorch/issues. (Triggered internally at ../aten/src/ATen/SparseCsrTensorImpl.cpp:53.)
  return torch.sparse_csr_tensor(crow, col, vals, size=A_csr.shape,
  ADMM setup: 2.581s (solver=cg, n=58,906, m=261,573, PSD cones=66)
    iter 100: pri=1.33e-02 dual=9.29e-01 eps_p=5.19e-03 eps_d=2.44e-03 rho=5.0e-01 obj=0.985744
    iter 200: pri=1.15e-01 dual=3.22e+00 eps_p=5.27e-03 eps_d=2.53e-03 rho=1.0e-01 obj=1.289174
    iter 300: pri=6.26e-02 dual=6.98e-01 eps_p=5.19e-03 eps_d=2.44e-03 rho=1.0e-01 obj=1.015013
    iter 400: pri=1.50e-02 dual=5.33e-01 eps_p=5.19e-03 eps_d=2.44e-03 rho=1.0e-01 obj=0.981620
    iter 500: pri=1.46e-02 dual=6.04e-02 eps_p=5.19e-03 eps_d=2.44e-03 rho=1.0e-01 obj=0.981530
    iter 600: pri=1.28e-02 dual=6.97e-02 eps_p=5.19e-03 eps_d=2.44e-03 rho=1.0e-01 obj=0.984728
    iter 700: pri=1.26e-02 dual=1.90e-02 eps_p=5.19e-03 eps_d=2.44e-03 rho=1.0e-01 obj=0.984374
    iter 800: pri=1.24e-02 dual=4.49e-03 eps_p=5.19e-03 eps_d=2.44e-03 rho=1.0e-01 obj=0.984098
    iter 900: pri=1.66e-02 dual=9.16e-01 eps_p=5.19e-03 eps_d=2.44e-03 rho=1.7e-01 obj=0.983191
    iter 1000: pri=3.14e-02 dual=1.31e+00 eps_p=5.19e-03 eps_d=2.44e-03 rho=1.0e-01 obj=0.972554
    iter 1100: pri=1.88e-02 dual=1.37e-01 eps_p=5.19e-03 eps_d=2.44e-03 rho=1.0e-01 obj=0.981567
  [MEM] 1.3/251GB
    iter 1200: pri=1.27e-02 dual=1.13e-01 eps_p=5.19e-03 eps_d=2.44e-03 rho=1.0e-01 obj=0.984166
    iter 1300: pri=1.22e-02 dual=7.48e-03 eps_p=5.19e-03 eps_d=2.44e-03 rho=1.0e-01 obj=0.984916
    iter 1400: pri=1.27e-02 dual=1.27e-01 eps_p=5.19e-03 eps_d=2.44e-03 rho=1.3e-01 obj=0.986192
    iter 1500: pri=1.73e-02 dual=4.45e-01 eps_p=5.19e-03 eps_d=2.44e-03 rho=1.0e-01 obj=0.979975
    iter 1600: pri=8.22e-03 dual=8.69e-02 eps_p=5.19e-03 eps_d=2.44e-03 rho=1.0e-01 obj=0.989185
    iter 1700: pri=1.57e-03 dual=3.45e-03 eps_p=5.19e-03 eps_d=2.44e-03 rho=1.0e-01 obj=1.000915
  ADMM done: 1740 iters, 84.071s (48.32ms/iter), status=solved
    Scalar bound = 0.9995904713 (88.5s, 1740 iters)
    2016 violations

  [CG round 1] 100 windows
    Decomposition precomputed in 0.2s
  [MEM] 1.8/251GB
  [MEM] 1.8/251GB
  [MEM] 1.8/251GB
  [MEM] 1.8/251GB
  [MEM] 1.8/251GB
  [MEM] 1.8/251GB
  [MEM] 1.8/251GB
  [MEM] 1.8/251GB
  [MEM] 1.8/251GB
  [MEM] 1.8/251GB
  [MEM] 1.8/251GB
  [MEM] 1.8/251GB
  [MEM] 1.8/251GB
  [MEM] 1.8/251GB
  [MEM] 1.8/251GB
  [MEM] 1.8/251GB
  [MEM] 1.8/251GB
  [MEM] 1.8/251GB
  [MEM] 1.8/251GB
  [MEM] 1.8/251GB
  [MEM] 1.8/251GB
  [MEM] 1.8/251GB
  [MEM] 1.8/251GB
  [MEM] 1.8/251GB
  [MEM] 1.8/251GB
  [MEM] 1.8/251GB
  [MEM] 1.8/251GB
  [MEM] 1.8/251GB
  [MEM] 1.8/251GB
  [MEM] 1.8/251GB
    [1/15] t=1.26398809 feas (35.2s, build=0.0s, 400 iters)
    [2/15] t=1.13128928 feas (23.1s, build=0.0s, 250 iters)
  [MEM] 1.8/251GB
    [3/15] t=1.06493988 feas (52.2s, build=0.0s, 620 iters)
  [MEM] 1.8/251GB
    [4/15] t=1.03176517 feas (64.4s, build=0.0s, 800 iters)
  [MEM] 1.8/251GB
  [MEM] 1.8/251GB
  [MEM] 1.8/251GB
    [5/15] t=1.01517782 infeas (153.8s, build=0.0s, 2000 iters)
    [6/15] t=1.02347150 infeas (30.6s, build=0.0s, 400 iters)
  [MEM] 1.8/251GB
    [7/15] t=1.02761834 infeas (62.3s, build=0.0s, 830 iters)
  [MEM] 1.8/251GB
    [8/15] t=1.02969175 infeas (22.4s, build=0.0s, 300 iters)
    [9/15] t=1.03072846 infeas (22.8s, build=0.0s, 310 iters)
    [10/15] t=1.03124682 infeas (14.8s, build=0.0s, 200 iters)
  [MEM] 1.8/251GB
  [MEM] 1.8/251GB
  [MEM] 1.8/251GB
  [MEM] 1.8/251GB
  [MEM] 1.8/251GB
    [11/15] t=1.03150600 infeas (285.2s, build=0.0s, 4000 iters)
  [MEM] 1.8/251GB
  [MEM] 1.8/251GB
  [MEM] 1.8/251GB
  [MEM] 1.8/251GB
    [12/15] t=1.03163558 infeas (263.9s, build=0.0s, 4000 iters)
  [MEM] 1.8/251GB
  [MEM] 1.8/251GB
  [MEM] 1.8/251GB
  [MEM] 1.8/251GB
  [MEM] 1.8/251GB
    [13/15] t=1.03170038 infeas (259.2s, build=0.0s, 4000 iters)
  [MEM] 1.8/251GB
  [MEM] 1.8/251GB
  [MEM] 1.8/251GB
  [MEM] 1.8/251GB
    [14/15] t=1.03173278 infeas (253.7s, build=0.0s, 4000 iters)
  [MEM] 1.8/251GB
  [MEM] 1.8/251GB
  [MEM] 1.8/251GB
  [MEM] 1.8/251GB
    [15/15] t=1.03174897 infeas (251.5s, build=0.0s, 4000 iters)
    lb=1.0317489749 (+3.22e-02) gc=9.4%

  [CG round 2] 200 windows
  [MEM] 2.0/251GB
  [MEM] 2.3/251GB
  [MEM] 2.1/251GB
    Decomposition precomputed in 144.3s
  [MEM] 2.5/251GB
  [MEM] 2.3/251GB
  [MEM] 2.3/251GB
  [MEM] 2.3/251GB
  [MEM] 2.3/251GB
  [MEM] 2.3/251GB
  [MEM] 2.3/251GB
  [MEM] 2.3/251GB
  [MEM] 2.3/251GB
  [MEM] 2.3/251GB
  [MEM] 2.3/251GB
  [MEM] 2.3/251GB
  [MEM] 2.3/251GB
  [MEM] 2.3/251GB
  [MEM] 2.3/251GB
  [MEM] 2.3/251GB
  [MEM] 2.3/251GB
  [MEM] 2.3/251GB
  [MEM] 2.3/251GB
  [MEM] 2.3/251GB
  [MEM] 2.3/251GB
  [MEM] 2.3/251GB
  [MEM] 2.3/251GB
  [MEM] 2.3/251GB
  [MEM] 2.3/251GB
  [MEM] 2.3/251GB
  [MEM] 2.3/251GB
  [MEM] 2.3/251GB
  [MEM] 2.3/251GB
  [MEM] 2.3/251GB
  [MEM] 2.3/251GB
  [MEM] 2.3/251GB
  [MEM] 2.3/251GB
  [MEM] 2.3/251GB
  [MEM] 2.3/251GB
  [MEM] 2.3/251GB
  [MEM] 2.3/251GB
  [MEM] 2.3/251GB
  [MEM] 2.3/251GB
  [MEM] 2.3/251GB
  [MEM] 2.3/251GB
  [MEM] 2.3/251GB
  [MEM] 2.3/251GB
  [MEM] 2.3/251GB
  [MEM] 2.3/251GB
  [MEM] 2.3/251GB
  [MEM] 2.3/251GB
  [MEM] 2.3/251GB
  [MEM] 2.3/251GB
  [MEM] 2.3/251GB
  [MEM] 2.3/251GB
  [MEM] 2.3/251GB
  [MEM] 2.3/251GB
  [MEM] 2.3/251GB
    [1/15] t=1.30418622 feas (46.5s, build=0.0s, 350 iters)
    [2/15] t=1.16746760 feas (47.9s, build=0.0s, 350 iters)
  [MEM] 2.3/251GB
  [MEM] 2.3/251GB
    [3/15] t=1.09910829 feas (103.0s, build=0.0s, 800 iters)
  [MEM] 2.3/251GB
  [MEM] 2.3/251GB
    [4/15] t=1.06492863 infeas (97.7s, build=0.0s, 800 iters)
  [MEM] 2.3/251GB
  [MEM] 2.3/251GB
  [MEM] 2.3/251GB
  [MEM] 2.3/251GB
    [5/15] t=1.08201846 infeas (230.8s, build=0.0s, 2000 iters)
  [MEM] 2.3/251GB
  [MEM] 2.3/251GB
  [MEM] 2.3/251GB
    [6/15] t=1.09056337 infeas (212.3s, build=0.0s, 1830 iters)
  [MEM] 2.3/251GB
    [7/15] t=1.09483583 infeas (77.9s, build=0.0s, 680 iters)
  [MEM] 2.3/251GB
  [MEM] 2.3/251GB
    [8/15] t=1.09697206 infeas (66.6s, build=0.0s, 580 iters)
    [9/15] t=1.09804017 infeas (54.8s, build=0.0s, 480 iters)
  [MEM] 2.3/251GB
    [10/15] t=1.09857423 infeas (45.4s, build=0.0s, 400 iters)
  [MEM] 2.3/251GB
  [MEM] 2.3/251GB
  [MEM] 2.3/251GB
  [MEM] 2.3/251GB
  [MEM] 2.3/251GB
  [MEM] 2.3/251GB
  [MEM] 2.3/251GB
  [MEM] 2.3/251GB
    [11/15] t=1.09884126 infeas (496.9s, build=0.0s, 4000 iters)
  [MEM] 2.3/251GB
  [MEM] 2.3/251GB
  [MEM] 2.3/251GB
  [MEM] 2.3/251GB
  [MEM] 2.3/251GB
  [MEM] 2.3/251GB
  [MEM] 2.3/251GB
  [MEM] 2.3/251GB
  [MEM] 2.3/251GB
    [12/15] t=1.09897477 infeas (493.4s, build=0.0s, 4000 iters)
  [MEM] 2.3/251GB
  [MEM] 2.3/251GB
  [MEM] 2.3/251GB
  [MEM] 2.3/251GB
  [MEM] 2.3/251GB
  [MEM] 2.3/251GB
  [MEM] 2.3/251GB
  [MEM] 2.3/251GB
    [13/15] t=1.09904153 infeas (498.7s, build=0.0s, 4000 iters)
  [MEM] 2.3/251GB
  [MEM] 2.3/251GB
  [MEM] 2.3/251GB
  [MEM] 2.3/251GB
  [MEM] 2.3/251GB
  [MEM] 2.3/251GB
  [MEM] 2.3/251GB
  [MEM] 2.3/251GB
    [14/15] t=1.09907491 infeas (483.7s, build=0.0s, 4000 iters)
  [MEM] 2.3/251GB
  [MEM] 2.3/251GB
  [MEM] 2.3/251GB
  [MEM] 2.3/251GB
  [MEM] 2.3/251GB
  [MEM] 2.3/251GB
  [MEM] 2.3/251GB
  [MEM] 2.3/251GB
    [15/15] t=1.09909160 infeas (479.8s, build=0.0s, 4000 iters)
    lb=1.0990915966 (+6.73e-02) gc=29.5%

  [CG round 3] 300 windows
    Decomposition precomputed in 1.8s
  [MEM] 3.8/251GB
  [MEM] 3.8/251GB
  [MEM] 3.8/251GB
  [MEM] 3.8/251GB
  [MEM] 3.8/251GB
  [MEM] 3.8/251GB
  [MEM] 3.8/251GB
  [MEM] 3.8/251GB
  [MEM] 3.8/251GB
  [MEM] 3.8/251GB
  [MEM] 3.8/251GB
  [MEM] 3.8/251GB
  [MEM] 3.8/251GB
  [MEM] 3.8/251GB
  [MEM] 3.8/251GB
  [MEM] 3.8/251GB
  [MEM] 3.8/251GB
  [MEM] 3.8/251GB
  [MEM] 3.8/251GB
  [MEM] 3.8/251GB
  [MEM] 3.8/251GB
  [MEM] 3.8/251GB
  [MEM] 3.8/251GB
  [MEM] 3.8/251GB
  [MEM] 3.8/251GB
  [MEM] 3.8/251GB
  [MEM] 3.8/251GB
  [MEM] 3.8/251GB
  [MEM] 3.8/251GB
  [MEM] 3.8/251GB
  [MEM] 3.8/251GB
  [MEM] 3.8/251GB
  [MEM] 3.8/251GB
  [MEM] 3.8/251GB
  [MEM] 3.8/251GB
  [MEM] 3.8/251GB
  [MEM] 3.8/251GB
  [MEM] 3.8/251GB
  [MEM] 3.8/251GB
  [MEM] 3.8/251GB
  [MEM] 3.8/251GB
  [MEM] 3.8/251GB
  [MEM] 3.8/251GB
  [MEM] 3.8/251GB
  [MEM] 3.8/251GB
  [MEM] 3.8/251GB
  [MEM] 3.8/251GB
  [MEM] 3.8/251GB
  [MEM] 3.8/251GB
  [MEM] 3.8/251GB
  [MEM] 3.8/251GB
  [MEM] 3.8/251GB
  [MEM] 3.8/251GB
  [MEM] 3.8/251GB
  [MEM] 3.8/251GB
  [MEM] 3.8/251GB
  [MEM] 3.8/251GB
  [MEM] 3.8/251GB
  [MEM] 3.8/251GB
  [MEM] 3.8/251GB
  [MEM] 3.8/251GB
  [MEM] 3.8/251GB
  [MEM] 3.8/251GB
  [MEM] 3.8/251GB
  [MEM] 3.8/251GB
  [MEM] 3.8/251GB
  [MEM] 3.8/251GB
    [1/15] t=1.38836450 infeas (21.4s, build=0.1s, 110 iters)
  [MEM] 3.8/251GB
    [2/15] t=1.53350095 feas (59.3s, build=0.1s, 320 iters)
    [3/15] t=1.46093272 feas (18.9s, build=0.1s, 90 iters)
  [MEM] 3.8/251GB
    [4/15] t=1.45367590 feas (11.5s, build=0.1s, 50 iters) interp
    [5/15] t=1.42102020 feas (15.7s, build=0.1s, 70 iters)
    [6/15] t=1.40469235 feas (11.8s, build=0.1s, 50 iters)
    [7/15] t=1.39652842 feas (11.7s, build=0.1s, 50 iters)
    [8/15] t=1.39244646 feas (11.0s, build=0.1s, 50 iters)
  [MEM] 3.8/251GB
    [9/15] t=1.39040548 feas (11.0s, build=0.1s, 50 iters)
    [10/15] t=1.38938499 feas (11.0s, build=0.1s, 50 iters)
  [MEM] 3.8/251GB
  [MEM] 3.8/251GB
    [11/15] t=1.38887474 feas (119.1s, build=0.1s, 660 iters)
    [12/15] t=1.38882372 feas (11.3s, build=0.1s, 50 iters) interp
    [13/15] t=1.38877779 feas (11.1s, build=0.1s, 50 iters) interp
    [14/15] t=1.38873646 feas (11.0s, build=0.1s, 50 iters) interp
  [MEM] 3.8/251GB
    [15/15] t=1.38869927 feas (11.3s, build=0.1s, 50 iters) interp
    lb=1.3883644957 (+2.89e-01) gc=115.6%

  [CG round 4] 400 windows
    Decomposition precomputed in 2.4s
  [MEM] 4.2/251GB
  [MEM] 4.2/251GB
  [MEM] 4.2/251GB
  [MEM] 4.2/251GB
  [MEM] 4.2/251GB
    [1/15] t=1.39786450 feas (14.9s, build=0.1s, 50 iters)
    [2/15] t=1.39261450 feas (14.9s, build=0.1s, 50 iters)
  [MEM] 4.5/251GB
    [3/15] t=1.38998950 feas (14.9s, build=0.1s, 50 iters)
    [4/15] t=1.38867700 feas (14.9s, build=0.1s, 50 iters)
    [5/15] t=1.38802075 feas (14.9s, build=0.1s, 50 iters)
    [6/15] t=1.38769262 feas (14.9s, build=0.1s, 50 iters)
  [MEM] 4.5/251GB
    [7/15] t=1.38752856 feas (14.9s, build=0.1s, 50 iters)
    [8/15] t=1.38744653 feas (14.9s, build=0.1s, 50 iters)
    [9/15] t=1.38740551 feas (14.9s, build=0.1s, 50 iters)
    [10/15] t=1.38738500 feas (14.9s, build=0.1s, 50 iters)
  [MEM] 4.5/251GB
    [11/15] t=1.38737475 feas (24.6s, build=0.1s, 90 iters)
    [12/15] t=1.38736962 feas (19.7s, build=0.1s, 70 iters)
