======================================================================
L2 CONSTRAINT-GENERATION SWEEP (256 GB cloud)
RAM: 995 GB total, 949 GB available, RSS 0.1 GB
======================================================================

######################################################################
# L2 d=16 (baseline)
# RAM: avail=949GB  RSS=0.1GB
######################################################################

============================================================
SCALABLE LASSERRE L2 (degree 4), mode=cg
Target: val(16) >= 1.1
Known: val(16) = 1.319
Upper-bound localizing: yes
============================================================

  d=16, order=2 (degree 4)
  windows=496, basis=153, loc_basis=17, moments=4845
  Base PSD cones: 17 (1x153^2 + 16x17^2)
  ab_eiej_idx: (17, 17, 16, 16), 73984/73984 valid
  Precompute: 0.22s
  Added 16 upper-bound localizing (1-mu_i) >= 0 constraints
  Consistency constraints: 969
  Total PSD cones (base): 33
  Model built in 0.1s

  [Round 0] Seeding initial violations...
    Scalar boundary ~ 0.968750, 485 violations found
    485 violations found, added 20 PSD windows (worst eig: -1.207592e-01)

  [CG round 1] 20 PSD window constraints
    lb=1.0609893799 (+1.06e+00)
    Added 20 PSD windows (worst eig: -5.262376e-01)
      window (2,22): min_eig=-5.262376e-01
      window (2,8): min_eig=-5.262376e-01
      window (3,21): min_eig=-4.053790e-01
      window (3,8): min_eig=-4.053790e-01
      window (3,22): min_eig=-3.850367e-01

  [CG round 2] 40 PSD window constraints
    lb=1.1328919727 (+7.19e-02)
    Improvement 7.19e-02 < tol 1.00e+00 -- stopping.

  Total time: 2713.6s
  Best lower bound: 1.1328919727
  Active windows: 40/496
  Margin over 1.1: 0.0328919727
  *** PROVEN: val(16) >= 1.1 ***

  Gap closure: 41.7% (lb=1.132892, val(16)=1.319)

============================================================
*** PROVEN: C_{1a} >= 1.1 ***
============================================================

  => d=16 lb=1.13289197 time=2713.8s RSS=10.2GB active=40

######################################################################
# L2 d=24
# RAM: avail=944GB  RSS=10.2GB
######################################################################

============================================================
SCALABLE LASSERRE L2 (degree 4), mode=cg
Target: val(24) >= 1.1
Upper-bound localizing: yes
============================================================

  d=24, order=2 (degree 4)
  windows=1128, basis=325, loc_basis=25, moments=20475
  Base PSD cones: 25 (1x325^2 + 24x25^2)
  ab_eiej_idx: (25, 25, 24, 24), 360000/360000 valid
  Precompute: 1.39s
  Added 24 upper-bound localizing (1-mu_i) >= 0 constraints
  Consistency constraints: 2925
  Total PSD cones (base): 49
  Model built in 0.6s

  [Round 0] Seeding initial violations...
    Scalar boundary ~ 0.968750, 1113 violations found
    1113 violations found, added 20 PSD windows (worst eig: -1.269383e-01)

  [CG round 1] 20 PSD window constraints
