
============================================================
MOSEK SUBLEVEL Lasserre: d=8 L3
  target_lb    = 1.2802
  n_per_step   = 40
  n_bisect/step= 4
  time_budget  = 1500s
============================================================
  d=8, order=3 (degree 6)
  windows=120, basis=165, loc_basis=45, moments=3003
  Base PSD cones: 9 (1x165^2 + 8x45^2)
  ab_eiej_idx: (45, 45, 8, 8), 129600/129600 valid
  Precompute: 0.05s
  full basis   = 165 monomials (degree ≤ 3)
  |B_0|        = 45 (degree ≤ 2)
  |pool|       = 120 (degree == 3)

************************************************************
*** Sublevel step 0: |B_k| = 45/165  (elapsed 0s)
************************************************************
  [sublevel build] |B_k|=45/165  n_y=3003  n_loc=45  n_consist=1287  n_win_psd=120  build=25.78s
  Tuning: {'solve_form': 'dual', 'basis': 'never', 'tol': 1e-06, 'presolve_lindep': 'on', 'order_method': 'forcegraphpar', 'num_threads': 8, 'max_iterations': 1600, 'scaling': 'free'}
[MOSEK s0] Problem
[MOSEK s0]   Name                   : lasserre_sublevel
[MOSEK s0]   Objective sense        : minimize        
[MOSEK s0]   Type                   : CONIC (conic optimization problem)
[MOSEK s0]   Constraints            : 1408            
[MOSEK s0]   Affine conic cons.     : 137 (141795 rows)
[MOSEK s0]   Disjunctive cons.      : 0               
[MOSEK s0]   Cones                  : 0               
[MOSEK s0]   Scalar variables       : 3004            
[MOSEK s0]   Matrix variables       : 0               
[MOSEK s0]   Integer variables      : 0               
[MOSEK s0] 
[MOSEK s0] Optimizer started.
[MOSEK s0] Presolve started.
[MOSEK s0] Linear dependency checker started.
[MOSEK s0] Linear dependency checker terminated.
[MOSEK s0] Eliminator started.
[MOSEK s0] Freed constraints in eliminator : 0
[MOSEK s0] Eliminator terminated.
[MOSEK s0] Eliminator - tries                  : 1                 time                   : 0.00            
[MOSEK s0] Lin. dep.  - tries                  : 1                 time                   : 0.07            
[MOSEK s0] Lin. dep.  - primal attempts        : 1                 successes              : 1               
[MOSEK s0] Lin. dep.  - dual attempts          : 0                 successes              : 0               
[MOSEK s0] Lin. dep.  - primal deps.           : 0                 dual deps.             : 0               
[MOSEK s0] Presolve terminated. Time: 0.44    
