Skipping 1 vacuous configs (c_target + flat_correction >= 1.5029):
  n_half=3, m=10: flat_correction=0.2100, threshold=1.5400
Benchmark sweep: 4 configs
  m values: [10, 15, 20, 25, 30]
  n_half values: [3]
  c_target: 1.33
  max parents/level: 10,000
  time budget/level: 300s
  max levels: 8

[1/4] Running n_half=3, m=15 (max 10,000 parents/level)...

============================================================
CONFIG: n_half=3, m=15, d0=6, corr=0.137778, L0 comps=15,504
============================================================

  [L0] Running Level 0...

[L0] d=6, m=15, n_half=3, compositions=15,504
     correction=0.137778, threshold=1.467778
     0.01s: 15,504 compositions processed
     asym pruned: 1,126, test pruned: 5,419, survivors: 1,207
  [L0] Done in 0.01s: 1,207 survivors
  [Sampling] RNG seed=801642929 (for reproducibility)

  [L1] Using all 1,207 actual survivors (projected pop: 1.2K)
  [L1] Refining: d=6->12, 1,207 parents (median 800 children/parent)...
       120/1,207 parents | 285 survivors | ETA 0.51s
       240/1,207 parents | 405 survivors | ETA 0.31s
       360/1,207 parents | 1,997 survivors | ETA 0.23s
       480/1,207 parents | 7,167 survivors | ETA 0.18s
       600/1,207 parents | 10,409 survivors | ETA 0.14s
       720/1,207 parents | 12,803 survivors | ETA 0.10s
       840/1,207 parents | 21,342 survivors | ETA 0.07s
       960/1,207 parents | 31,029 survivors | ETA 0.05s
       1,080/1,207 parents | 36,220 survivors | ETA 0.02s
       1,200/1,207 parents | 38,886 survivors | ETA 0.00s
  [L1] Done in 0.21s: 38,886 survivors / 995,172 children (1,207/1,207 parents), expansion=32.2171x
  [L1] Projected full: ~38.9K survivors, ~0.21s time

  [L2] Sampling 10,000 / 38,886 actual survivors (projected pop: 38.9K)
  [L2] Refining: d=12->24, 10,000 parents (median 3.9K children/parent)...
       1,000/10,000 parents | 1,763 survivors | ETA 3.97s
       2,000/10,000 parents | 3,225 survivors | ETA 3.52s
       3,000/10,000 parents | 5,066 survivors | ETA 3.06s
       4,000/10,000 parents | 7,425 survivors | ETA 2.63s
       5,000/10,000 parents | 9,138 survivors | ETA 2.16s
       6,000/10,000 parents | 11,615 survivors | ETA 1.72s
       7,000/10,000 parents | 13,230 survivors | ETA 1.33s
       8,000/10,000 parents | 14,834 survivors | ETA 0.88s
       9,000/10,000 parents | 16,606 survivors | ETA 0.44s
       10,000/10,000 parents | 18,677 survivors | ETA 0.00s
  [L2] Done in 4.47s: 18,677 survivors / 41,153,956 children (10,000/10,000 parents), expansion=1.8677x
  [L2] Projected full: ~72.6K survivors, ~17.37s time

  [L3] Sampling 10,000 / 18,677 actual survivors (projected pop: 72.6K)
  [L3] Refining: d=24->48, 10,000 parents (median 13.8K children/parent)...
       1,000/10,000 parents | 0 survivors | ETA 23.35s
       2,000/10,000 parents | 0 survivors | ETA 20.74s
       3,000/10,000 parents | 0 survivors | ETA 18.60s
       4,000/10,000 parents | 0 survivors | ETA 16.51s
       5,000/10,000 parents | 0 survivors | ETA 13.87s
       6,000/10,000 parents | 0 survivors | ETA 11.18s
       7,000/10,000 parents | 0 survivors | ETA 8.41s
       8,000/10,000 parents | 0 survivors | ETA 5.61s
       9,000/10,000 parents | 0 survivors | ETA 2.81s
       10,000/10,000 parents | 0 survivors | ETA 0.00s
  [L3] Done in 27.94s: 0 survivors / 156,022,296 children (10,000/10,000 parents), expansion=0.0000x
  [L3] Projected full: ~0 survivors, ~3.4m time
  [L3] PROVEN at Level 3 (0 survivors from 10,000 sampled parents)!

  [Total] Projected full runtime: 3.7m

CONFIG: n_half=3, m=15, d0=6
  L0: 0.01s, 1.2K survivors (full)

  Level |  Processed | Proj Parents |  Survivors |     Factor |     Time |    Proj Surv |    Proj Time
  ----------------------------------------------------------------------------------------------------
     L1 |       1.2K |         1.2K |      38.9K |   32.2171x |    0.21s |        38.9K |        0.21s
     L2 |      10.0K |        38.9K |      18.7K |    1.8677x |    4.47s |        72.6K |       17.37s
     L3 |      10.0K |        72.6K |          0 |         0x |   27.94s |            0 |         3.4m

  Projected total: 3.7m
  PROVEN — cascade converges at L3

[2/4] Running n_half=3, m=20 (max 10,000 parents/level)...

============================================================
CONFIG: n_half=3, m=20, d0=6, corr=0.102500, L0 comps=53,130
============================================================

  [L0] Running Level 0...

[L0] d=6, m=20, n_half=3, compositions=53,130
     correction=0.102500, threshold=1.432500
     0.00s: 53,130 compositions processed
     asym pruned: 3,711, test pruned: 19,407, survivors: 3,480
  [L0] Done in 0.00s: 3,480 survivors
  [Sampling] RNG seed=397563151 (for reproducibility)

  [L1] Using all 3,480 actual survivors (projected pop: 3.5K)
  [L1] Refining: d=6->12, 3,480 parents (median 2.5K children/parent)...
       348/3,480 parents | 837 survivors | ETA 0.93s
       696/3,480 parents | 5,434 survivors | ETA 0.76s
       1,044/3,480 parents | 7,272 survivors | ETA 0.62s
       1,392/3,480 parents | 33,944 survivors | ETA 0.58s
       1,740/3,480 parents | 57,296 survivors | ETA 0.50s
       2,088/3,480 parents | 74,869 survivors | ETA 0.39s
       2,436/3,480 parents | 126,069 survivors | ETA 0.29s
       2,784/3,480 parents | 172,935 survivors | ETA 0.20s
       3,132/3,480 parents | 206,593 survivors | ETA 0.10s
       3,480/3,480 parents | 218,826 survivors | ETA 0.00s
  [L1] Done in 0.96s: 218,826 survivors / 9,300,425 children (3,480/3,480 parents), expansion=62.8810x
  [L1] Projected full: ~218.8K survivors, ~0.96s time

  [L2] Sampling 10,000 / 218,826 actual survivors (projected pop: 218.8K)
  [L2] Refining: d=12->24, 10,000 parents (median 23.0K children/parent)...
       1,000/10,000 parents | 4,210 survivors | ETA 19.00s
       2,000/10,000 parents | 7,664 survivors | ETA 16.40s
       3,000/10,000 parents | 10,990 survivors | ETA 14.53s
       4,000/10,000 parents | 14,641 survivors | ETA 12.85s
       5,000/10,000 parents | 19,922 survivors | ETA 10.89s
       6,000/10,000 parents | 24,872 survivors | ETA 8.66s
       7,000/10,000 parents | 30,316 survivors | ETA 6.39s
       8,000/10,000 parents | 34,031 survivors | ETA 4.21s
       9,000/10,000 parents | 36,836 survivors | ETA 2.12s
       10,000/10,000 parents | 41,510 survivors | ETA 0.00s
  [L2] Done in 21.38s: 41,510 survivors / 247,549,098 children (10,000/10,000 parents), expansion=4.1510x
  [L2] Projected full: ~908.3K survivors, ~7.8m time

  [L3] Sampling 10,000 / 41,510 actual survivors (projected pop: 908.3K)
  [L3] Refining: d=24->48, 10,000 parents (median 165.9K children/parent)...
       1,000/10,000 parents | 0 survivors | ETA 3.1m
       2,000/10,000 parents | 0 survivors | ETA 2.7m
       3,000/10,000 parents | 0 survivors | ETA 2.3m
       4,000/10,000 parents | 0 survivors | ETA 1.9m
       5,000/10,000 parents | 0 survivors | ETA 1.6m
       6,000/10,000 parents | 0 survivors | ETA 1.2m
       7,000/10,000 parents | 0 survivors | ETA 55.37s
       8,000/10,000 parents | 0 survivors | ETA 36.82s
       9,000/10,000 parents | 0 survivors | ETA 18.43s
       10,000/10,000 parents | 0 survivors | ETA 0.00s
  [L3] Done in 185.27s: 0 survivors / 1,726,124,768 children (10,000/10,000 parents), expansion=0.0000x
  [L3] Projected full: ~0 survivors, ~4.67h time
  [L3] PROVEN at Level 3 (0 survivors from 10,000 sampled parents)!

  [Total] Projected full runtime: 4.81h

CONFIG: n_half=3, m=20, d0=6
  L0: 0.00s, 3.5K survivors (full)

  Level |  Processed | Proj Parents |  Survivors |     Factor |     Time |    Proj Surv |    Proj Time
  ----------------------------------------------------------------------------------------------------
     L1 |       3.5K |         3.5K |     218.8K |   62.8810x |    0.96s |       218.8K |        0.96s
     L2 |      10.0K |       218.8K |      41.5K |    4.1510x |   21.38s |       908.3K |         7.8m
     L3 |      10.0K |       908.3K |          0 |         0x |     3.1m |            0 |        4.67h

  Projected total: 4.81h
  PROVEN — cascade converges at L3

[3/4] Running n_half=3, m=25 (max 10,000 parents/level)...

============================================================
CONFIG: n_half=3, m=25, d0=6, corr=0.081600, L0 comps=142,506
============================================================

  [L0] Running Level 0...

[L0] d=6, m=25, n_half=3, compositions=142,506
     correction=0.081600, threshold=1.411600
     0.01s: 142,506 compositions processed
     asym pruned: 9,681, test pruned: 53,117, survivors: 8,455
  [L0] Done in 0.01s: 8,455 survivors
  [Sampling] RNG seed=543616791 (for reproducibility)

  [L1] Using all 8,455 actual survivors (projected pop: 8.5K)
  [L1] Refining: d=6->12, 8,455 parents (median 6.9K children/parent)...
       845/8,455 parents | 1,255 survivors | ETA 3.74s
       1,690/8,455 parents | 33,852 survivors | ETA 3.33s
       2,535/8,455 parents | 47,041 survivors | ETA 3.14s
       3,380/8,455 parents | 138,984 survivors | ETA 3.03s
       4,225/8,455 parents | 276,817 survivors | ETA 2.73s
       5,070/8,455 parents | 350,101 survivors | ETA 2.18s
       5,915/8,455 parents | 630,254 survivors | ETA 1.72s
       6,760/8,455 parents | 801,254 survivors | ETA 1.14s
       7,605/8,455 parents | 975,184 survivors | ETA 0.55s
       8,450/8,455 parents | 1,025,655 survivors | ETA 0.00s
  [L1] Done in 5.26s: 1,025,655 survivors / 64,909,044 children (8,455/8,455 parents), expansion=121.3075x
  [L1] Projected full: ~1.03M survivors, ~5.26s time

  [L2] Sampling 10,000 / 1,025,655 actual survivors (projected pop: 1.03M)
  [L2] Refining: d=12->24, 10,000 parents (median 107.5K children/parent)...
       1,000/10,000 parents | 6,938 survivors | ETA 1.1m
       2,000/10,000 parents | 15,790 survivors | ETA 59.88s
       3,000/10,000 parents | 25,401 survivors | ETA 53.34s
       4,000/10,000 parents | 36,228 survivors | ETA 46.40s
       5,000/10,000 parents | 40,346 survivors | ETA 38.78s
       6,000/10,000 parents | 48,478 survivors | ETA 31.00s
       7,000/10,000 parents | 58,515 survivors | ETA 23.33s
       8,000/10,000 parents | 70,981 survivors | ETA 15.59s
       9,000/10,000 parents | 78,334 survivors | ETA 7.83s
       10,000/10,000 parents | 87,385 survivors | ETA 0.00s
  [L2] Done in 78.82s: 87,385 survivors / 1,138,535,410 children (10,000/10,000 parents), expansion=8.7385x
  [L2] Projected full: ~8.96M survivors, ~2.25h time

  [L3] Sampling 10,000 / 87,385 actual survivors (projected pop: 8.96M)
  [L3] Refining: d=24->48, 10,000 parents (median 1.24M children/parent)...
       1,000/10,000 parents | 0 survivors | ETA 29.6m
  [L3] Done in 300.13s: 0 survivors / 1,897,320,424 children (1,319/10,000 parents), expansion=0.0000x [TIMED OUT]
  [L3] Projected full: ~0 survivors, ~23.60d time
  [L3] PROVEN at Level 3 (0 survivors from 10,000 sampled parents)!

  [Total] Projected full runtime: 23.70d

CONFIG: n_half=3, m=25, d0=6
  L0: 0.01s, 8.5K survivors (full)

  Level |  Processed | Proj Parents |  Survivors |     Factor |     Time |    Proj Surv |    Proj Time
  ----------------------------------------------------------------------------------------------------
     L1 |       8.5K |         8.5K |      1.03M |  121.3075x |    5.26s |        1.03M |        5.26s
     L2 |      10.0K |        1.03M |      87.4K |    8.7385x |     1.3m |        8.96M |        2.25h
     L3 |       1.3K |        8.96M |          0 |         0x |     5.0m |            0 |       23.60d

  Projected total: 23.70d
  PROVEN — cascade converges at L3

[4/4] Running n_half=3, m=30 (max 10,000 parents/level)...

============================================================
CONFIG: n_half=3, m=30, d0=6, corr=0.067778, L0 comps=324,632
============================================================

  [L0] Running Level 0...

[L0] d=6, m=30, n_half=3, compositions=324,632
     correction=0.067778, threshold=1.397778
     0.05s: 324,632 compositions processed
     asym pruned: 21,602, test pruned: 122,573, survivors: 18,209
  [L0] Done in 0.05s: 18,209 survivors
  [Sampling] RNG seed=3256663754 (for reproducibility)

  [L1] Sampling 10,000 / 18,209 actual survivors (projected pop: 18.2K)
  [L1] Refining: d=6->12, 10,000 parents (median 16.2K children/parent)...
       1,000/10,000 parents | 250,042 survivors | ETA 26.26s
       2,000/10,000 parents | 474,532 survivors | ETA 22.73s
       3,000/10,000 parents | 674,955 survivors | ETA 19.08s
       4,000/10,000 parents | 884,250 survivors | ETA 16.09s
       5,000/10,000 parents | 1,080,882 survivors | ETA 13.49s
       6,000/10,000 parents | 1,317,367 survivors | ETA 10.64s
       7,000/10,000 parents | 1,512,013 survivors | ETA 7.90s
       8,000/10,000 parents | 1,725,495 survivors | ETA 5.21s
       9,000/10,000 parents | 1,913,451 survivors | ETA 2.58s
       10,000/10,000 parents | 2,092,941 survivors | ETA 0.00s
  [L1] Done in 25.64s: 2,092,941 survivors / 182,286,866 children (10,000/10,000 parents), expansion=209.2941x
  [L1] Projected full: ~3.81M survivors, ~46.69s time

  [L2] Sampling 10,000 / 2,092,941 actual survivors (projected pop: 3.81M)
  [L2] Refining: d=12->24, 10,000 parents (median 400.0K children/parent)...
       1,000/10,000 parents | 7,468 survivors | ETA 9.0m
       2,000/10,000 parents | 14,231 survivors | ETA 6.2m
       3,000/10,000 parents | 20,455 survivors | ETA 4.5m
       4,000/10,000 parents | 30,198 survivors | ETA 3.6m
       5,000/10,000 parents | 39,810 survivors | ETA 2.8m
       6,000/10,000 parents | 52,172 survivors | ETA 2.1m
       7,000/10,000 parents | 85,168 survivors | ETA 1.5m
       8,000/10,000 parents | 103,729 survivors | ETA 1.0m
       9,000/10,000 parents | 121,081 survivors | ETA 29.74s
       10,000/10,000 parents | 134,096 survivors | ETA 0.00s
  [L2] Done in 292.54s: 134,096 survivors / 4,579,507,420 children (10,000/10,000 parents), expansion=13.4096x
  [L2] Projected full: ~51.10M survivors, ~1.29d time

  [L3] Sampling 10,000 / 134,096 actual survivors (projected pop: 51.10M)
  [L3] Refining: d=24->48, 10,000 parents (median 8.96M children/parent)...
  [L3] Done in 300.05s: 0 survivors / 4,083,592,896 children (391/10,000 parents), expansion=0.0000x [TIMED OUT]
  [L3] Projected full: ~0 survivors, ~453.90d time
  [L3] PROVEN at Level 3 (0 survivors from 10,000 sampled parents)!

  [Total] Projected full runtime: 455.20d

CONFIG: n_half=3, m=30, d0=6
  L0: 0.05s, 18.2K survivors (full)

  Level |  Processed | Proj Parents |  Survivors |     Factor |     Time |    Proj Surv |    Proj Time
  ----------------------------------------------------------------------------------------------------
     L1 |      10.0K |        18.2K |      2.09M |  209.2941x |   25.64s |        3.81M |       46.69s
     L2 |      10.0K |        3.81M |     134.1K |   13.4096x |     4.9m |       51.10M |        1.29d
     L3 |        391 |       51.10M |          0 |         0x |     5.0m |            0 |      453.90d

  Projected total: 455.20d
  PROVEN — cascade converges at L3

==================================================================================================================================
BENCHMARK SWEEP RESULTS  (max 10,000 parents/level, sorted by projected total time)
==================================================================================================================================
n_half |     m |    L0 surv |  L0 time |   L1 exp |    L1 proj |   L2 exp |    L2 proj |   L3 exp |    L3 proj |     Status |   Proj Total
----------------------------------------------------------------------------------------------------------------------------------
     3 |    15 |       1.2K |    0.01s |   32.22x |      38.9K |    1.87x |      72.6K |       0x |          0 |         L3 |         3.7m
     3 |    20 |       3.5K |    0.00s |   62.88x |     218.8K |    4.15x |     908.3K |       0x |          0 |         L3 |        4.81h
     3 |    25 |       8.5K |    0.01s |  121.31x |      1.03M |    8.74x |      8.96M |       0x |          0 |         L3 |       23.70d
     3 |    30 |      18.2K |    0.05s |  209.29x |      3.81M |   13.41x |     51.10M |       0x |          0 |         L3 |      455.20d

JSON saved to data\benchmark_sweep_20260407_152524.json
CSV saved to data\benchmark_sweep_20260407_152524.csv
