Skipping 1 vacuous configs (c_target + flat_correction >= 1.5029):
  n_half=3, m=10: flat_correction=0.2100, threshold=1.5600
Benchmark sweep: 4 configs
  m values: [10, 15, 20, 25, 30]
  n_half values: [3]
  c_target: 1.35
  max parents/level: 10,000
  time budget/level: 300s
  max levels: 8

[1/4] Running n_half=3, m=15 (max 10,000 parents/level)...

============================================================
CONFIG: n_half=3, m=15, d0=6, corr=0.137778, L0 comps=15,504
============================================================

  [L0] Running Level 0...

[L0] d=6, m=15, n_half=3, compositions=15,504
     correction=0.137778, threshold=1.487778
     0.01s: 15,504 compositions processed
     asym pruned: 1,126, test pruned: 5,215, survivors: 1,411
  [L0] Done in 0.01s: 1,411 survivors
  [Sampling] RNG seed=2357074399 (for reproducibility)

  [L1] Using all 1,411 actual survivors (projected pop: 1.4K)
  [L1] Refining: d=6->12, 1,411 parents (median 768 children/parent)...
       141/1,411 parents | 261 survivors | ETA 0.55s
       282/1,411 parents | 963 survivors | ETA 0.34s
       423/1,411 parents | 2,487 survivors | ETA 0.25s
       564/1,411 parents | 11,612 survivors | ETA 0.19s
       705/1,411 parents | 17,612 survivors | ETA 0.14s
       846/1,411 parents | 23,086 survivors | ETA 0.11s
       987/1,411 parents | 31,493 survivors | ETA 0.08s
       1,128/1,411 parents | 50,944 survivors | ETA 0.05s
       1,269/1,411 parents | 60,421 survivors | ETA 0.03s
       1,410/1,411 parents | 64,610 survivors | ETA 0.00s
  [L1] Done in 0.25s: 64,610 survivors / 1,142,588 children (1,411/1,411 parents), expansion=45.7902x
  [L1] Projected full: ~64.6K survivors, ~0.25s time

  [L2] Sampling 10,000 / 64,610 actual survivors (projected pop: 64.6K)
  [L2] Refining: d=12->24, 10,000 parents (median 3.5K children/parent)...
       1,000/10,000 parents | 4,842 survivors | ETA 4.14s
       2,000/10,000 parents | 10,794 survivors | ETA 3.79s
       3,000/10,000 parents | 16,817 survivors | ETA 3.42s
       4,000/10,000 parents | 23,579 survivors | ETA 2.99s
       5,000/10,000 parents | 30,457 survivors | ETA 2.51s
       6,000/10,000 parents | 35,888 survivors | ETA 2.02s
       7,000/10,000 parents | 42,133 survivors | ETA 1.52s
       8,000/10,000 parents | 46,711 survivors | ETA 1.01s
       9,000/10,000 parents | 50,617 survivors | ETA 0.50s
       10,000/10,000 parents | 56,079 survivors | ETA 0.00s
  [L2] Done in 5.04s: 56,079 survivors / 40,060,586 children (10,000/10,000 parents), expansion=5.6079x
  [L2] Projected full: ~362.3K survivors, ~32.57s time

  [L3] Sampling 10,000 / 56,079 actual survivors (projected pop: 362.3K)
  [L3] Refining: d=24->48, 10,000 parents (median 13.8K children/parent)...
       1,000/10,000 parents | 0 survivors | ETA 23.75s
       2,000/10,000 parents | 0 survivors | ETA 22.70s
       3,000/10,000 parents | 0 survivors | ETA 20.70s
       4,000/10,000 parents | 1 survivors | ETA 18.12s
       5,000/10,000 parents | 1 survivors | ETA 15.13s
       6,000/10,000 parents | 1 survivors | ETA 12.15s
       7,000/10,000 parents | 1 survivors | ETA 9.10s
       8,000/10,000 parents | 1 survivors | ETA 6.04s
       9,000/10,000 parents | 1 survivors | ETA 3.03s
       10,000/10,000 parents | 1 survivors | ETA 0.00s
  [L3] Done in 30.25s: 1 survivors / 150,799,712 children (10,000/10,000 parents), expansion=0.0001x
  [L3] Projected full: ~36 survivors, ~18.3m time
  [L3] CONVERGING: expansion=0.000100x < 1 — cascade will eventually prove.

  [L4] Using all 1 actual survivors (projected pop: 36)
  [L4] Refining: d=48->96, 1 parents (median 32.8K children/parent)...
       1/1 parents | 0 survivors | ETA 0.00s
  [L4] Done in 0.01s: 0 survivors / 32,768 children (1/1 parents), expansion=0.0000x
  [L4] Projected full: ~0 survivors, ~0.18s time
  [L4] PROVEN at Level 4 (0 survivors from 1 sampled parents)!

  [Total] Projected full runtime: 18.8m

CONFIG: n_half=3, m=15, d0=6
  L0: 0.01s, 1.4K survivors (full)

  Level |  Processed | Proj Parents |  Survivors |     Factor |     Time |    Proj Surv |    Proj Time
  ----------------------------------------------------------------------------------------------------
     L1 |       1.4K |         1.4K |      64.6K |   45.7902x |    0.25s |        64.6K |        0.25s
     L2 |      10.0K |        64.6K |      56.1K |    5.6079x |    5.04s |       362.3K |       32.57s
     L3 |      10.0K |       362.3K |          1 |  0.000100x |   30.25s |           36 |        18.3m
     L4 |          1 |           36 |          0 |         0x |    0.01s |            0 |        0.18s

  Projected total: 18.8m
  PROVEN — cascade converges at L4

[2/4] Running n_half=3, m=20 (max 10,000 parents/level)...

============================================================
CONFIG: n_half=3, m=20, d0=6, corr=0.102500, L0 comps=53,130
============================================================

  [L0] Running Level 0...

[L0] d=6, m=20, n_half=3, compositions=53,130
     correction=0.102500, threshold=1.452500
     0.00s: 53,130 compositions processed
     asym pruned: 3,711, test pruned: 18,762, survivors: 4,125
  [L0] Done in 0.00s: 4,125 survivors
  [Sampling] RNG seed=3494108166 (for reproducibility)

  [L1] Using all 4,125 actual survivors (projected pop: 4.1K)
  [L1] Refining: d=6->12, 4,125 parents (median 2.4K children/parent)...
       412/4,125 parents | 234 survivors | ETA 0.96s
       824/4,125 parents | 11,442 survivors | ETA 0.85s
       1,236/4,125 parents | 18,733 survivors | ETA 0.77s
       1,648/4,125 parents | 45,306 survivors | ETA 0.65s
       2,060/4,125 parents | 114,330 survivors | ETA 0.61s
       2,472/4,125 parents | 149,488 survivors | ETA 0.50s
       2,884/4,125 parents | 213,744 survivors | ETA 0.37s
       3,296/4,125 parents | 323,271 survivors | ETA 0.27s
       3,708/4,125 parents | 382,264 survivors | ETA 0.14s
       4,120/4,125 parents | 408,232 survivors | ETA 0.00s
  [L1] Done in 1.36s: 408,237 survivors / 10,683,186 children (4,125/4,125 parents), expansion=98.9665x
  [L1] Projected full: ~408.2K survivors, ~1.36s time

  [L2] Sampling 10,000 / 408,237 actual survivors (projected pop: 408.2K)
  [L2] Refining: d=12->24, 10,000 parents (median 21.6K children/parent)...
       1,000/10,000 parents | 19,956 survivors | ETA 22.24s
       2,000/10,000 parents | 40,703 survivors | ETA 20.15s
       3,000/10,000 parents | 53,602 survivors | ETA 16.39s
       4,000/10,000 parents | 68,965 survivors | ETA 13.58s
       5,000/10,000 parents | 86,923 survivors | ETA 11.10s
       6,000/10,000 parents | 104,060 survivors | ETA 9.01s
       7,000/10,000 parents | 119,714 survivors | ETA 6.82s
       8,000/10,000 parents | 135,882 survivors | ETA 4.59s
       9,000/10,000 parents | 148,022 survivors | ETA 2.31s
       10,000/10,000 parents | 170,747 survivors | ETA 0.00s
  [L2] Done in 23.29s: 170,747 survivors / 244,013,188 children (10,000/10,000 parents), expansion=17.0747x
  [L2] Projected full: ~6.97M survivors, ~15.8m time

  [L3] Sampling 10,000 / 170,747 actual survivors (projected pop: 6.97M)
  [L3] Refining: d=24->48, 10,000 parents (median 165.9K children/parent)...
       1,000/10,000 parents | 1 survivors | ETA 3.2m
       2,000/10,000 parents | 10 survivors | ETA 2.7m
       3,000/10,000 parents | 11 survivors | ETA 2.3m
       4,000/10,000 parents | 13 survivors | ETA 2.0m
       5,000/10,000 parents | 14 survivors | ETA 1.6m
       6,000/10,000 parents | 14 survivors | ETA 1.3m
       7,000/10,000 parents | 14 survivors | ETA 57.99s
       8,000/10,000 parents | 15 survivors | ETA 38.71s
       9,000/10,000 parents | 15 survivors | ETA 19.44s
       10,000/10,000 parents | 17 survivors | ETA 0.00s
  [L3] Done in 194.66s: 17 survivors / 1,716,842,488 children (10,000/10,000 parents), expansion=0.0017x
  [L3] Projected full: ~11.8K survivors, ~1.57d time
  [L3] CONVERGING: expansion=0.001700x < 1 — cascade will eventually prove.

  [L4] Using all 17 actual survivors (projected pop: 11.8K)
  [L4] Refining: d=48->96, 17 parents (median 589.8K children/parent)...
       1/17 parents | 0 survivors | ETA 1.09s
       2/17 parents | 0 survivors | ETA 1.27s
       3/17 parents | 0 survivors | ETA 1.11s
       4/17 parents | 0 survivors | ETA 1.01s
       5/17 parents | 0 survivors | ETA 0.93s
       6/17 parents | 0 survivors | ETA 0.85s
       7/17 parents | 0 survivors | ETA 0.79s
       8/17 parents | 0 survivors | ETA 0.68s
       9/17 parents | 0 survivors | ETA 0.58s
       10/17 parents | 0 survivors | ETA 0.50s
       11/17 parents | 0 survivors | ETA 0.42s
       12/17 parents | 0 survivors | ETA 0.35s
       13/17 parents | 0 survivors | ETA 0.28s
       14/17 parents | 0 survivors | ETA 0.21s
       15/17 parents | 0 survivors | ETA 0.14s
       16/17 parents | 0 survivors | ETA 0.07s
       17/17 parents | 0 survivors | ETA 0.00s
  [L4] Done in 1.14s: 0 survivors / 11,341,824 children (17/17 parents), expansion=0.0000x
  [L4] Projected full: ~0 survivors, ~13.3m time
  [L4] PROVEN at Level 4 (0 survivors from 17 sampled parents)!

  [Total] Projected full runtime: 1.59d

CONFIG: n_half=3, m=20, d0=6
  L0: 0.00s, 4.1K survivors (full)

  Level |  Processed | Proj Parents |  Survivors |     Factor |     Time |    Proj Surv |    Proj Time
  ----------------------------------------------------------------------------------------------------
     L1 |       4.1K |         4.1K |     408.2K |   98.9665x |    1.36s |       408.2K |        1.36s
     L2 |      10.0K |       408.2K |     170.7K |   17.0747x |   23.29s |        6.97M |        15.8m
     L3 |      10.0K |        6.97M |         17 |  0.001700x |     3.2m |        11.8K |        1.57d
     L4 |         17 |        11.8K |          0 |         0x |    1.14s |            0 |        13.3m

  Projected total: 1.59d
  PROVEN — cascade converges at L4

[3/4] Running n_half=3, m=25 (max 10,000 parents/level)...

============================================================
CONFIG: n_half=3, m=25, d0=6, corr=0.081600, L0 comps=142,506
============================================================

  [L0] Running Level 0...

[L0] d=6, m=25, n_half=3, compositions=142,506
     correction=0.081600, threshold=1.431600
     0.01s: 142,506 compositions processed
     asym pruned: 9,681, test pruned: 51,247, survivors: 10,325
  [L0] Done in 0.01s: 10,325 survivors
  [Sampling] RNG seed=2465564377 (for reproducibility)

  [L1] Sampling 10,000 / 10,325 actual survivors (projected pop: 10.3K)
  [L1] Refining: d=6->12, 10,000 parents (median 6.7K children/parent)...
       1,000/10,000 parents | 191,672 survivors | ETA 5.53s
       2,000/10,000 parents | 356,146 survivors | ETA 4.69s
       3,000/10,000 parents | 532,513 survivors | ETA 4.14s
       4,000/10,000 parents | 739,609 survivors | ETA 3.56s
       5,000/10,000 parents | 929,780 survivors | ETA 3.02s
       6,000/10,000 parents | 1,146,653 survivors | ETA 2.51s
       7,000/10,000 parents | 1,327,805 survivors | ETA 1.90s
       8,000/10,000 parents | 1,523,836 survivors | ETA 1.29s
       9,000/10,000 parents | 1,733,691 survivors | ETA 0.65s
       10,000/10,000 parents | 1,913,524 survivors | ETA 0.00s
  [L1] Done in 6.44s: 1,913,524 survivors / 73,421,066 children (10,000/10,000 parents), expansion=191.3524x
  [L1] Projected full: ~1.98M survivors, ~6.65s time

  [L2] Sampling 10,000 / 1,913,524 actual survivors (projected pop: 1.98M)
  [L2] Refining: d=12->24, 10,000 parents (median 105.0K children/parent)...
       1,000/10,000 parents | 18,241 survivors | ETA 1.2m
       2,000/10,000 parents | 44,639 survivors | ETA 1.1m
       3,000/10,000 parents | 71,772 survivors | ETA 56.45s
       4,000/10,000 parents | 96,220 survivors | ETA 48.92s
       5,000/10,000 parents | 133,914 survivors | ETA 40.94s
       6,000/10,000 parents | 160,293 survivors | ETA 32.70s
       7,000/10,000 parents | 180,895 survivors | ETA 24.65s
       8,000/10,000 parents | 215,135 survivors | ETA 17.02s
       9,000/10,000 parents | 248,944 survivors | ETA 8.49s
       10,000/10,000 parents | 281,515 survivors | ETA 0.00s
  [L2] Done in 84.00s: 281,515 survivors / 1,170,875,987 children (10,000/10,000 parents), expansion=28.1515x
  [L2] Projected full: ~55.62M survivors, ~4.61h time

  [L3] Sampling 10,000 / 281,515 actual survivors (projected pop: 55.62M)
  [L3] Refining: d=24->48, 10,000 parents (median 1.24M children/parent)...
       1,000/10,000 parents | 2 survivors | ETA 33.0m
  [L3] Done in 300.05s: 3 survivors / 1,721,097,184 children (1,250/10,000 parents), expansion=0.0024x [TIMED OUT]
  [L3] Projected full: ~133.5K survivors, ~154.52d time

  [L4] Using all 3 actual survivors (projected pop: 133.5K)
  [L4] Refining: d=48->96, 3 parents (median 10.62M children/parent)...
       1/3 parents | 0 survivors | ETA 4.40s
       2/3 parents | 0 survivors | ETA 2.33s
       3/3 parents | 0 survivors | ETA 0.00s
  [L4] Done in 6.11s: 0 survivors / 25,952,256 children (3/3 parents), expansion=0.0000x
  [L4] Projected full: ~0 survivors, ~3.15d time
  [L4] PROVEN at Level 4 (0 survivors from 3 sampled parents)!

  [Total] Projected full runtime: 157.86d

CONFIG: n_half=3, m=25, d0=6
  L0: 0.01s, 10.3K survivors (full)

  Level |  Processed | Proj Parents |  Survivors |     Factor |     Time |    Proj Surv |    Proj Time
  ----------------------------------------------------------------------------------------------------
     L1 |      10.0K |        10.3K |      1.91M |  191.3524x |    6.44s |        1.98M |        6.65s
     L2 |      10.0K |        1.98M |     281.5K |   28.1515x |     1.4m |       55.62M |        4.61h
     L3 |       1.2K |       55.62M |          3 |  0.002400x |     5.0m |       133.5K |      154.52d
     L4 |          3 |       133.5K |          0 |         0x |    6.11s |            0 |        3.15d

  Projected total: 157.86d
  PROVEN — cascade converges at L4

[4/4] Running n_half=3, m=30 (max 10,000 parents/level)...

============================================================
CONFIG: n_half=3, m=30, d0=6, corr=0.067778, L0 comps=324,632
============================================================

  [L0] Running Level 0...

[L0] d=6, m=30, n_half=3, compositions=324,632
     correction=0.067778, threshold=1.417778
     0.05s: 324,632 compositions processed
     asym pruned: 21,602, test pruned: 118,955, survivors: 21,827
  [L0] Done in 0.05s: 21,827 survivors
  [Sampling] RNG seed=36144979 (for reproducibility)

  [L1] Sampling 10,000 / 21,827 actual survivors (projected pop: 21.8K)
  [L1] Refining: d=6->12, 10,000 parents (median 15.7K children/parent)...
       1,000/10,000 parents | 303,407 survivors | ETA 27.27s
       2,000/10,000 parents | 629,677 survivors | ETA 23.82s
       3,000/10,000 parents | 929,021 survivors | ETA 20.72s
       4,000/10,000 parents | 1,333,902 survivors | ETA 17.66s
       5,000/10,000 parents | 1,709,886 survivors | ETA 14.91s
       6,000/10,000 parents | 2,030,311 survivors | ETA 11.76s
       7,000/10,000 parents | 2,408,308 survivors | ETA 8.77s
       8,000/10,000 parents | 2,746,695 survivors | ETA 5.79s
       9,000/10,000 parents | 3,091,021 survivors | ETA 2.90s
       10,000/10,000 parents | 3,447,020 survivors | ETA 0.00s
  [L1] Done in 29.01s: 3,447,020 survivors / 178,168,442 children (10,000/10,000 parents), expansion=344.7020x
  [L1] Projected full: ~7.52M survivors, ~1.1m time

  [L2] Sampling 10,000 / 3,447,020 actual survivors (projected pop: 7.52M)
  [L2] Refining: d=12->24, 10,000 parents (median 387.1K children/parent)...
       1,000/10,000 parents | 40,512 survivors | ETA 7.6m
       2,000/10,000 parents | 80,208 survivors | ETA 5.0m
       3,000/10,000 parents | 146,626 survivors | ETA 3.8m
       4,000/10,000 parents | 256,891 survivors | ETA 3.2m
       5,000/10,000 parents | 338,865 survivors | ETA 2.5m
       6,000/10,000 parents | 432,666 survivors | ETA 1.9m
       7,000/10,000 parents | 533,850 survivors | ETA 1.4m
       8,000/10,000 parents | 582,041 survivors | ETA 56.48s
       9,000/10,000 parents | 664,863 survivors | ETA 27.95s
       10,000/10,000 parents | 711,475 survivors | ETA 0.00s
  [L2] Done in 275.50s: 711,475 survivors / 4,565,366,251 children (10,000/10,000 parents), expansion=71.1475x
  [L2] Projected full: ~535.30M survivors, ~2.40d time

  [L3] Sampling 10,000 / 711,475 actual survivors (projected pop: 535.30M)
  [L3] Refining: d=24->48, 10,000 parents (median 8.29M children/parent)...
  [L3] Done in 300.00s: 0 survivors / 4,003,825,904 children (426/10,000 parents), expansion=0.0000x [TIMED OUT]
  [L3] Projected full: ~0 survivors, ~4363.13d time
  [L3] PROVEN at Level 3 (0 survivors from 10,000 sampled parents)!

  [Total] Projected full runtime: 4365.53d

CONFIG: n_half=3, m=30, d0=6
  L0: 0.05s, 21.8K survivors (full)

  Level |  Processed | Proj Parents |  Survivors |     Factor |     Time |    Proj Surv |    Proj Time
  ----------------------------------------------------------------------------------------------------
     L1 |      10.0K |        21.8K |      3.45M |  344.7020x |   29.01s |        7.52M |         1.1m
     L2 |      10.0K |        7.52M |     711.5K |   71.1475x |     4.6m |      535.30M |        2.40d
     L3 |        426 |      535.30M |          0 |         0x |     5.0m |            0 |     4363.13d

  Projected total: 4365.53d
  PROVEN — cascade converges at L3

==================================================================================================================================
BENCHMARK SWEEP RESULTS  (max 10,000 parents/level, sorted by projected total time)
==================================================================================================================================
n_half |     m |    L0 surv |  L0 time |   L1 exp |    L1 proj |   L2 exp |    L2 proj |   L3 exp |    L3 proj |   L4 exp |    L4 proj |     Status |   Proj Total
----------------------------------------------------------------------------------------------------------------------------------
     3 |    15 |       1.4K |    0.01s |   45.79x |      64.6K |    5.61x |     362.3K |  0.0001x |         36 |       0x |          0 |         L4 |        18.8m
     3 |    20 |       4.1K |    0.00s |   98.97x |     408.2K |   17.07x |      6.97M |  0.0017x |      11.8K |       0x |          0 |         L4 |        1.59d
     3 |    25 |      10.3K |    0.01s |  191.35x |      1.98M |   28.15x |     55.62M |  0.0024x |     133.5K |       0x |          0 |         L4 |      157.86d
     3 |    30 |      21.8K |    0.05s |  344.70x |      7.52M |   71.15x |    535.30M |       0x |          0 |        - |          - |         L3 |     4365.53d

JSON saved to data\benchmark_sweep_20260407_152542.json
CSV saved to data\benchmark_sweep_20260407_152542.csv
