Building problem d=32 O2 bw=31...
  Base problem: 261,573 rows x 58,906 cols, nnz=936,885
  Cones: z=6546, l=60921, PSD=66
  A memory: 7.5 MB
/workspace/sidon-autocorrelation/tests/admm_gpu_solver.py:467: UserWarning: Sparse CSR tensor support is in beta state. If you miss a functionality in the sparse tensor support, please submit a feature request to https://github.com/pytorch/pytorch/issues. (Triggered internally at ../aten/src/ATen/SparseCsrTensorImpl.cpp:53.)
  return torch.sparse_csr_tensor(crow, col, vals, size=A_csr.shape,
Problem built in 100.3s
  n=58,907, m=278,405
  scalar_lb=0.998614, 30 windows
  tau_col=58906

======================================================================
SWEEP 1: Convergence vs iteration budget
  scalar_lb=0.998614
======================================================================
  far_infeas   t=0.9786 budget=  200:   200 iters    7.9s tau=+0.001410 INFEAS cap
  far_infeas   t=0.9786 budget=  400:   400 iters   15.4s tau=+0.000521 INFEAS cap
  far_infeas   t=0.9786 budget=  800:   800 iters   36.3s tau=+0.000426 INFEAS cap
  far_infeas   t=0.9786 budget= 1500:  1500 iters   72.8s tau=+0.000436 INFEAS cap
  far_infeas   t=0.9786 budget= 3000:  3000 iters  148.6s tau=+0.000435 INFEAS cap
  far_infeas   t=0.9786 budget= 6000:  6000 iters  303.3s tau=+0.000436 INFEAS cap

  near_infeas  t=1.0186 budget=  200:   200 iters    8.0s tau=+0.000421 INFEAS cap
  near_infeas  t=1.0186 budget=  400:   400 iters   15.9s tau=+0.000244 INFEAS cap
  near_infeas  t=1.0186 budget=  800:   800 iters   32.6s tau=+0.000126 INFEAS cap
  near_infeas  t=1.0186 budget= 1500:  1500 iters   63.0s tau=+0.000108 INFEAS cap
  near_infeas  t=1.0186 budget= 3000:  3000 iters  121.4s tau=+0.000108 INFEAS cap
  near_infeas  t=1.0186 budget= 6000:  6000 iters  238.3s tau=+0.000089 FEAS   cap

  boundary     t=1.0336 budget=  200:   200 iters    9.1s tau=+0.000174 INFEAS cap
  boundary     t=1.0336 budget=  400:   400 iters   17.1s tau=+0.000193 INFEAS cap
  boundary     t=1.0336 budget=  800:   800 iters   33.5s tau=+0.000093 FEAS   cap
  boundary     t=1.0336 budget= 1500:  1500 iters   63.8s tau=+0.000059 FEAS   cap
  boundary     t=1.0336 budget= 3000:  3000 iters  126.5s tau=+0.000046 FEAS   cap
  boundary     t=1.0336 budget= 6000:  4540 iters  192.1s tau=+0.000037 FEAS   CONV

  near_feas    t=1.0386 budget=  200:   200 iters    9.4s tau=+0.000156 INFEAS cap
  near_feas    t=1.0386 budget=  400:   400 iters   17.5s tau=+0.000177 INFEAS cap
  near_feas    t=1.0386 budget=  800:   800 iters   33.8s tau=+0.000085 FEAS   cap
  near_feas    t=1.0386 budget= 1500:  1500 iters   64.2s tau=+0.000048 FEAS   cap
  near_feas    t=1.0386 budget= 3000:  2160 iters   92.4s tau=+0.000037 FEAS   CONV
  near_feas    t=1.0386 budget= 6000:  2150 iters   92.0s tau=+0.000037 FEAS   CONV

  far_feas     t=1.0586 budget=  200:   200 iters    9.8s tau=+0.000141 INFEAS cap
  far_feas     t=1.0586 budget=  400:   400 iters   18.7s tau=+0.000116 INFEAS cap
  far_feas     t=1.0586 budget=  800:   800 iters   34.9s tau=+0.000062 FEAS   cap
  far_feas     t=1.0586 budget= 1500:  1080 iters   46.8s tau=+0.000036 FEAS   CONV
  far_feas     t=1.0586 budget= 3000:  1070 iters   46.5s tau=+0.000036 FEAS   CONV
  far_feas     t=1.0586 budget= 6000:  1080 iters   46.8s tau=+0.000037 FEAS   CONV

======================================================================
SWEEP 2: Rho sensitivity
  t=1.018614 (near boundary)
======================================================================
  rho= 0.01:   480 iters   30.0s tau=-0.000058 FEAS   CONV (62.5ms/it)
  rho= 0.05:   350 iters   21.9s tau=-0.000008 FEAS   CONV (62.7ms/it)
  rho= 0.10:   340 iters   19.4s tau=+0.000011 FEAS   CONV (57.0ms/it)
  rho= 0.20:  3000 iters  134.0s tau=+0.000060 FEAS   cap (44.7ms/it)
  rho= 0.50:  3000 iters  121.2s tau=+0.000108 INFEAS cap (40.4ms/it)
  rho= 1.00:   110 iters    3.8s tau=+0.004335 INFEAS cap (34.3ms/it)
  rho= 2.00:   110 iters    3.1s tau=+0.008321 INFEAS cap (28.1ms/it)

======================================================================
SWEEP 3: Eps tolerance
  t=1.018614, max_iters=3000
======================================================================
  eps=1e-04:   200 iters    8.0s tau=+0.000421 FEAS   CONV
  eps=5e-05:   510 iters   20.2s tau=+0.000183 FEAS   CONV
  eps=1e-05:  2550 iters  103.8s tau=+0.000112 INFEAS CONV
  eps=5e-06:  3000 iters  121.2s tau=+0.000108 INFEAS cap
  eps=1e-06:  3000 iters  121.1s tau=+0.000108 INFEAS cap
  eps=5e-07:  3000 iters  121.1s tau=+0.000108 INFEAS cap
  eps=1e-07:  3000 iters  120.9s tau=+0.000108 INFEAS cap

======================================================================
SWEEP 4: Early tau classification thresholds
  Testing at multiple t-values, max_iters=3000
======================================================================

  far_infeas (t=0.9786):
    iter    50: tau=+0.02573816 pri=2.61e-01
    iter   100: tau=+0.00936513 pri=1.18e-01
    iter   150: tau=+0.00512312 pri=9.55e-03
    iter   200: tau=+0.00392760 pri=1.21e-02
    iter   250: tau=+0.00360715 pri=8.71e-03
    iter   300: tau=+0.00254732 pri=8.62e-03
    iter   350: tau=+0.00201805 pri=8.61e-03
    iter   400: tau=+0.00139021 pri=8.57e-03
    iter   450: tau=+0.00110821 pri=8.52e-03
    iter   500: tau=+0.00105554 pri=8.38e-03
    iter   550: tau=+0.00105685 pri=8.31e-03
    iter   600: tau=+0.00108836 pri=8.24e-03
    iter   650: tau=+0.00111120 pri=8.19e-03
    iter   700: tau=+0.00113442 pri=8.16e-03
    iter   750: tau=+0.00115070 pri=8.13e-03
    iter   800: tau=+0.00116131 pri=8.12e-03
    iter   850: tau=+0.00116497 pri=8.10e-03
    iter   900: tau=+0.00117337 pri=8.09e-03
    iter   950: tau=+0.00117801 pri=8.08e-03
    iter  1000: tau=+0.00118101 pri=8.07e-03
    iter  1050: tau=+0.00117904 pri=8.07e-03
    iter  1100: tau=+0.00118034 pri=8.06e-03
    iter  1150: tau=+0.00118312 pri=8.06e-03
    iter  1200: tau=+0.00118376 pri=8.05e-03
    iter  1250: tau=+0.00118389 pri=8.05e-03
    iter  1300: tau=+0.00118347 pri=8.05e-03
    iter  1350: tau=+0.00118234 pri=8.05e-03
    iter  1400: tau=+0.00118206 pri=8.04e-03
    iter  1450: tau=+0.00118305 pri=8.04e-03
    iter  1500: tau=+0.00118323 pri=8.04e-03

  near_infeas (t=1.0186):
    iter    50: tau=+0.02355897 pri=2.69e-01
    iter   100: tau=+0.00837489 pri=1.23e-01
    iter   150: tau=+0.00263466 pri=4.43e-03
    iter   200: tau=+0.00121794 pri=9.33e-03
    iter   250: tau=+0.00126184 pri=2.49e-03
    iter   300: tau=+0.00122368 pri=2.06e-03
    iter   350: tau=+0.00091840 pri=1.74e-03
    iter   400: tau=+0.00067473 pri=1.49e-03
    iter   450: tau=+0.00057406 pri=1.40e-03
    iter   500: tau=+0.00051253 pri=1.24e-03
    iter   550: tau=+0.00046127 pri=1.22e-03
    iter   600: tau=+0.00041410 pri=1.18e-03
    iter   650: tau=+0.00038799 pri=1.13e-03
    iter   700: tau=+0.00037703 pri=1.08e-03
    iter   750: tau=+0.00036307 pri=1.00e-03
    iter   800: tau=+0.00034278 pri=9.03e-04
    iter   850: tau=+0.00033673 pri=8.38e-04
    iter   900: tau=+0.00033073 pri=7.63e-04
    iter   950: tau=+0.00032261 pri=7.00e-04
    iter  1000: tau=+0.00031960 pri=6.38e-04
    iter  1050: tau=+0.00031781 pri=5.90e-04
    iter  1100: tau=+0.00031607 pri=5.49e-04
    iter  1150: tau=+0.00031301 pri=5.08e-04
    iter  1200: tau=+0.00030963 pri=4.66e-04
    iter  1250: tau=+0.00030560 pri=4.26e-04
    iter  1300: tau=+0.00030027 pri=3.91e-04
    iter  1350: tau=+0.00029739 pri=3.57e-04
    iter  1400: tau=+0.00029556 pri=3.30e-04
    iter  1450: tau=+0.00029525 pri=3.06e-04
    iter  1500: tau=+0.00029586 pri=2.86e-04

  near_feas (t=1.0386):
    iter    50: tau=+0.02331693 pri=2.73e-01
    iter   100: tau=+0.00740420 pri=1.22e-01
    iter   150: tau=+0.00185142 pri=7.84e-03
    iter   200: tau=+0.00043584 pri=7.32e-03
    iter   250: tau=+0.00106115 pri=2.62e-03
    iter   300: tau=+0.00099070 pri=2.27e-03
    iter   350: tau=+0.00055012 pri=1.60e-03
    iter   400: tau=+0.00047549 pri=1.29e-03
    iter   450: tau=+0.00049717 pri=1.09e-03
    iter   500: tau=+0.00042964 pri=1.02e-03
    iter   550: tau=+0.00033034 pri=9.00e-04
    iter   600: tau=+0.00030569 pri=8.56e-04
    iter   650: tau=+0.00030558 pri=8.58e-04
    iter   700: tau=+0.00027685 pri=8.27e-04
    iter   750: tau=+0.00024314 pri=7.89e-04
    iter   800: tau=+0.00023279 pri=7.20e-04
    iter   850: tau=+0.00022982 pri=6.83e-04
    iter   900: tau=+0.00021288 pri=6.16e-04
    iter   950: tau=+0.00019536 pri=5.64e-04
    iter  1000: tau=+0.00018872 pri=5.14e-04
    iter  1050: tau=+0.00017899 pri=4.84e-04
    iter  1100: tau=+0.00016589 pri=4.47e-04
    iter  1150: tau=+0.00015670 pri=4.15e-04
    iter  1200: tau=+0.00015244 pri=3.79e-04
    iter  1250: tau=+0.00014750 pri=3.51e-04
    iter  1300: tau=+0.00014183 pri=3.21e-04
    iter  1350: tau=+0.00013848 pri=2.96e-04
    iter  1400: tau=+0.00013743 pri=2.74e-04
    iter  1450: tau=+0.00013442 pri=2.54e-04
    iter  1500: tau=+0.00012975 pri=2.33e-04

======================================================================
SWEEP 5: Combined best configs — 3-step bisection
======================================================================
  baseline                      :   77.8s  1760it [1.018614,1.026114] steps=I(800) F(160) F(800)
  rho=0.1                       :   74.9s  1240it [0.988614,0.996114] steps=F(350) F(90) F(800)
  rho=0.1+2K                    :  127.0s  2430it [0.996114,1.003614] steps=F(350) F(80) I(2000)
  rho=0.1+eps=1e-5              :   63.3s  1020it [0.988614,0.996114] steps=F(60) F(220) F(740)
  rho=0.1+eps=1e-5+2K           :   55.0s   880it [0.988614,0.996114] steps=F(60) F(220) F(600)
  rho=0.05+eps=1e-5+2K          :   10.1s   160it [0.988614,0.996114] steps=F(60) F(50) F(50)

ALL SWEEPS DONE
