Skipping 2 vacuous configs (c_target + flat_correction >= 1.5029):
  n_half=3, m=10: flat_correction=0.2100, threshold=1.6100
  n_half=3, m=15: flat_correction=0.1378, threshold=1.5378
Benchmark sweep: 3 configs
  m values: [10, 15, 20, 25, 30]
  n_half values: [3]
  c_target: 1.4
  max parents/level: 10,000
  time budget/level: 300s
  max levels: 8

[1/3] Running n_half=3, m=20 (max 10,000 parents/level)...

============================================================
CONFIG: n_half=3, m=20, d0=6, corr=0.102500, L0 comps=53,130
============================================================

  [L0] Running Level 0...

[L0] d=6, m=20, n_half=3, compositions=53,130
     correction=0.102500, threshold=1.502500
     0.01s: 53,130 compositions processed
     asym pruned: 3,711, test pruned: 17,195, survivors: 5,692
  [L0] Done in 0.01s: 5,692 survivors
  [Sampling] RNG seed=1850525745 (for reproducibility)

  [L1] Using all 5,692 actual survivors (projected pop: 5.7K)
  [L1] Refining: d=6->12, 5,692 parents (median 2.5K children/parent)...
       569/5,692 parents | 3,836 survivors | ETA 1.48s
       1,138/5,692 parents | 8,119 survivors | ETA 1.09s
       1,707/5,692 parents | 80,468 survivors | ETA 1.09s
       2,276/5,692 parents | 120,973 survivors | ETA 0.91s
       2,845/5,692 parents | 219,004 survivors | ETA 0.80s
       3,414/5,692 parents | 439,113 survivors | ETA 0.76s
       3,983/5,692 parents | 580,016 survivors | ETA 0.58s
       4,552/5,692 parents | 857,046 survivors | ETA 0.42s
       5,121/5,692 parents | 1,045,323 survivors | ETA 0.21s
       5,690/5,692 parents | 1,141,990 survivors | ETA 0.00s
  [L1] Done in 2.06s: 1,141,990 survivors / 14,944,268 children (5,692/5,692 parents), expansion=200.6307x
  [L1] Projected full: ~1.14M survivors, ~2.06s time

  [L2] Sampling 10,000 / 1,141,990 actual survivors (projected pop: 1.14M)
  [L2] Refining: d=12->24, 10,000 parents (median 23.0K children/parent)...
       1,000/10,000 parents | 86,319 survivors | ETA 21.92s
       2,000/10,000 parents | 170,672 survivors | ETA 21.53s
       3,000/10,000 parents | 248,898 survivors | ETA 18.98s
       4,000/10,000 parents | 332,682 survivors | ETA 16.50s
       5,000/10,000 parents | 408,046 survivors | ETA 13.52s
       6,000/10,000 parents | 471,461 survivors | ETA 10.68s
       7,000/10,000 parents | 546,276 survivors | ETA 7.96s
       8,000/10,000 parents | 601,829 survivors | ETA 5.24s
       9,000/10,000 parents | 688,124 survivors | ETA 2.63s
       10,000/10,000 parents | 758,913 survivors | ETA 0.00s
  [L2] Done in 26.31s: 758,913 survivors / 236,146,728 children (10,000/10,000 parents), expansion=75.8913x
  [L2] Projected full: ~86.67M survivors, ~50.1m time

  [L3] Sampling 10,000 / 758,913 actual survivors (projected pop: 86.67M)
  [L3] Refining: d=24->48, 10,000 parents (median 147.5K children/parent)...
       1,000/10,000 parents | 1,561 survivors | ETA 4.0m
       2,000/10,000 parents | 2,247 survivors | ETA 3.5m
       3,000/10,000 parents | 2,833 survivors | ETA 2.9m
       4,000/10,000 parents | 3,093 survivors | ETA 2.4m
       5,000/10,000 parents | 4,362 survivors | ETA 2.0m
       6,000/10,000 parents | 4,649 survivors | ETA 1.6m
       7,000/10,000 parents | 5,026 survivors | ETA 1.2m
       8,000/10,000 parents | 5,295 survivors | ETA 47.15s
       9,000/10,000 parents | 6,129 survivors | ETA 23.55s
       10,000/10,000 parents | 6,578 survivors | ETA 0.00s
  [L3] Done in 235.54s: 6,578 survivors / 1,588,927,744 children (10,000/10,000 parents), expansion=0.6578x
  [L3] Projected full: ~57.01M survivors, ~23.63d time
  [L3] CONVERGING: expansion=0.657800x < 1 — cascade will eventually prove.

  [L4] Using all 6,578 actual survivors (projected pop: 57.01M)
  [L4] Refining: d=48->96, 6,578 parents (median 589.8K children/parent)...
       657/6,578 parents | 0 survivors | ETA 33.3m
  [L4] Done in 300.37s: 0 survivors / 532,623,360 children (725/6,578 parents), expansion=0.0000x [TIMED OUT]
  [L4] Projected full: ~0 survivors, ~273.38d time
  [L4] PROVEN at Level 4 (0 survivors from 6,578 sampled parents)!

  [Total] Projected full runtime: 297.04d

CONFIG: n_half=3, m=20, d0=6
  L0: 0.01s, 5.7K survivors (full)

  Level |  Processed | Proj Parents |  Survivors |     Factor |     Time |    Proj Surv |    Proj Time
  ----------------------------------------------------------------------------------------------------
     L1 |       5.7K |         5.7K |      1.14M |  200.6307x |    2.06s |        1.14M |        2.06s
     L2 |      10.0K |        1.14M |     758.9K |   75.8913x |   26.31s |       86.67M |        50.1m
     L3 |      10.0K |       86.67M |       6.6K |    0.6578x |     3.9m |       57.01M |       23.63d
     L4 |        725 |       57.01M |          0 |         0x |     5.0m |            0 |      273.38d

  Projected total: 297.04d
  PROVEN — cascade converges at L4

[2/3] Running n_half=3, m=25 (max 10,000 parents/level)...

============================================================
CONFIG: n_half=3, m=25, d0=6, corr=0.081600, L0 comps=142,506
============================================================

  [L0] Running Level 0...

[L0] d=6, m=25, n_half=3, compositions=142,506
     correction=0.081600, threshold=1.481600
     0.02s: 142,506 compositions processed
     asym pruned: 9,681, test pruned: 46,954, survivors: 14,618
  [L0] Done in 0.02s: 14,618 survivors
  [Sampling] RNG seed=271676552 (for reproducibility)

  [L1] Sampling 10,000 / 14,618 actual survivors (projected pop: 14.6K)
  [L1] Refining: d=6->12, 10,000 parents (median 6.1K children/parent)...
       1,000/10,000 parents | 453,646 survivors | ETA 19.96s
       2,000/10,000 parents | 930,028 survivors | ETA 17.72s
       3,000/10,000 parents | 1,385,732 survivors | ETA 15.14s
       4,000/10,000 parents | 1,831,622 survivors | ETA 12.58s
       5,000/10,000 parents | 2,301,303 survivors | ETA 10.39s
       6,000/10,000 parents | 2,768,486 survivors | ETA 8.37s
       7,000/10,000 parents | 3,261,967 survivors | ETA 6.22s
       8,000/10,000 parents | 3,753,928 survivors | ETA 4.16s
       9,000/10,000 parents | 4,233,941 survivors | ETA 2.10s
       10,000/10,000 parents | 4,714,140 survivors | ETA 0.00s
  [L1] Done in 20.96s: 4,714,140 survivors / 69,903,223 children (10,000/10,000 parents), expansion=471.4140x
  [L1] Projected full: ~6.89M survivors, ~30.64s time

  [L2] Sampling 10,000 / 4,714,140 actual survivors (projected pop: 6.89M)
  [L2] Refining: d=12->24, 10,000 parents (median 102.4K children/parent)...
       1,000/10,000 parents | 284,157 survivors | ETA 3.3m
       2,000/10,000 parents | 531,423 survivors | ETA 3.0m
       3,000/10,000 parents | 865,224 survivors | ETA 2.7m
       4,000/10,000 parents | 1,143,459 survivors | ETA 2.3m
       5,000/10,000 parents | 1,638,020 survivors | ETA 1.9m
       6,000/10,000 parents | 1,994,940 survivors | ETA 1.5m
       7,000/10,000 parents | 2,261,593 survivors | ETA 1.0m
       8,000/10,000 parents | 2,472,885 survivors | ETA 37.81s
       9,000/10,000 parents | 2,838,995 survivors | ETA 17.73s
       10,000/10,000 parents | 3,093,724 survivors | ETA 0.00s
  [L2] Done in 168.12s: 3,093,724 survivors / 1,171,820,690 children (10,000/10,000 parents), expansion=309.3724x
  [L2] Projected full: ~2.13B survivors, ~1.34d time

  [L3] Sampling 10,000 / 3,093,724 actual survivors (projected pop: 2.13B)
  [L3] Refining: d=24->48, 10,000 parents (median 1.24M children/parent)...
       1,000/10,000 parents | 5,889 survivors | ETA 21.7m
       2,000/10,000 parents | 16,320 survivors | ETA 19.5m
  [L3] Done in 300.00s: 16,326 survivors / 2,728,206,824 children (2,051/10,000 parents), expansion=7.9600x [TIMED OUT]
  [L3] Projected full: ~16.97B survivors, ~3609.28d time

  [L4] Sampling 10,000 / 16,326 actual survivors (projected pop: 16.97B)
  [L4] Refining: d=48->96, 10,000 parents (median 7.96M children/parent)...
  [L4] Done in 301.23s: 0 survivors / 2,719,193,600 children (284/10,000 parents), expansion=0.0000x [TIMED OUT]
  [L4] Projected full: ~0 survivors, ~208331.28d time
  [L4] PROVEN at Level 4 (0 survivors from 10,000 sampled parents)!

  [Total] Projected full runtime: 211941.90d

CONFIG: n_half=3, m=25, d0=6
  L0: 0.02s, 14.6K survivors (full)

  Level |  Processed | Proj Parents |  Survivors |     Factor |     Time |    Proj Surv |    Proj Time
  ----------------------------------------------------------------------------------------------------
     L1 |      10.0K |        14.6K |      4.71M |  471.4140x |   20.96s |        6.89M |       30.64s
     L2 |      10.0K |        6.89M |      3.09M |  309.3724x |     2.8m |        2.13B |        1.34d
     L3 |       2.1K |        2.13B |      16.3K |    7.9600x |     5.0m |       16.97B |     3609.28d
     L4 |        284 |       16.97B |          0 |         0x |     5.0m |            0 |   208331.28d

  Projected total: 211941.90d
  PROVEN — cascade converges at L4

[3/3] Running n_half=3, m=30 (max 10,000 parents/level)...

============================================================
CONFIG: n_half=3, m=30, d0=6, corr=0.067778, L0 comps=324,632
============================================================

  [L0] Running Level 0...

[L0] d=6, m=30, n_half=3, compositions=324,632
     correction=0.067778, threshold=1.467778
     0.02s: 324,632 compositions processed
     asym pruned: 14,231, test pruned: 116,413, survivors: 31,740
  [L0] Done in 0.02s: 31,740 survivors
  [Sampling] RNG seed=3951348340 (for reproducibility)

  [L1] Sampling 10,000 / 31,740 actual survivors (projected pop: 31.7K)
  [L1] Refining: d=6->12, 10,000 parents (median 15.1K children/parent)...
       1,000/10,000 parents | 1,107,636 survivors | ETA 13.38s
       2,000/10,000 parents | 2,001,012 survivors | ETA 14.33s
       3,000/10,000 parents | 3,042,802 survivors | ETA 16.48s
       4,000/10,000 parents | 3,961,468 survivors | ETA 16.47s
       5,000/10,000 parents | 4,939,299 survivors | ETA 13.87s
       6,000/10,000 parents | 5,934,910 survivors | ETA 11.32s
       7,000/10,000 parents | 6,911,626 survivors | ETA 8.68s
       8,000/10,000 parents | 7,784,962 survivors | ETA 5.77s
       9,000/10,000 parents | 8,721,156 survivors | ETA 2.90s
       10,000/10,000 parents | 9,673,060 survivors | ETA 0.00s
  [L1] Done in 29.16s: 9,673,060 survivors / 171,265,804 children (10,000/10,000 parents), expansion=967.3060x
  [L1] Projected full: ~30.70M survivors, ~1.5m time

  [L2] Sampling 10,000 / 9,673,060 actual survivors (projected pop: 30.70M)
  [L2] Refining: d=12->24, 10,000 parents (median 378.0K children/parent)...
       1,000/10,000 parents | 1,042,123 survivors | ETA 5.6m
       2,000/10,000 parents | 2,085,855 survivors | ETA 4.3m
       3,000/10,000 parents | 3,119,948 survivors | ETA 3.6m
       4,000/10,000 parents | 3,994,054 survivors | ETA 3.0m
       5,000/10,000 parents | 4,793,237 survivors | ETA 2.5m
       6,000/10,000 parents | 5,357,248 survivors | ETA 1.9m
       7,000/10,000 parents | 6,020,752 survivors | ETA 1.4m
       8,000/10,000 parents | 6,723,355 survivors | ETA 56.76s
       9,000/10,000 parents | 7,219,911 survivors | ETA 28.15s
       10,000/10,000 parents | 8,374,193 survivors | ETA 0.00s
  [L2] Done in 280.40s: 8,374,193 survivors / 4,539,951,422 children (10,000/10,000 parents), expansion=837.4193x
  [L2] Projected full: ~25.71B survivors, ~9.96d time

  [L3] Sampling 10,000 / 8,374,193 actual survivors (projected pop: 25.71B)
  [L3] Refining: d=24->48, 10,000 parents (median 7.96M children/parent)...
  [L3] Done in 303.02s: 203 survivors / 3,478,788,160 children (361/10,000 parents), expansion=0.5623x [TIMED OUT]
  [L3] Projected full: ~14.46B survivors, ~249781.12d time

  [L4] Using all 203 actual survivors (projected pop: 14.46B)
  [L4] Refining: d=48->96, 203 parents (median 84.93M children/parent)...
       20/203 parents | 0 survivors | ETA 22.9m
       40/203 parents | 0 survivors | ETA 17.1m
  [L4] Done in 308.06s: 0 survivors / 3,294,203,904 children (44/203 parents), expansion=0.0000x [TIMED OUT]
  [L4] Projected full: ~0 survivors, ~1171591.08d time
  [L4] PROVEN at Level 4 (0 survivors from 203 sampled parents)!

  [Total] Projected full runtime: 1421382.16d

CONFIG: n_half=3, m=30, d0=6
  L0: 0.02s, 31.7K survivors (full)

  Level |  Processed | Proj Parents |  Survivors |     Factor |     Time |    Proj Surv |    Proj Time
  ----------------------------------------------------------------------------------------------------
     L1 |      10.0K |        31.7K |      9.67M |  967.3060x |   29.16s |       30.70M |         1.5m
     L2 |      10.0K |       30.70M |      8.37M |  837.4193x |     4.7m |       25.71B |        9.96d
     L3 |        361 |       25.71B |        203 |    0.5623x |     5.1m |       14.46B |   249781.12d
     L4 |         44 |       14.46B |          0 |         0x |     5.1m |            0 |  1171591.08d

  Projected total: 1421382.16d
  PROVEN — cascade converges at L4

==================================================================================================================================
BENCHMARK SWEEP RESULTS  (max 10,000 parents/level, sorted by projected total time)
==================================================================================================================================
n_half |     m |    L0 surv |  L0 time |   L1 exp |    L1 proj |   L2 exp |    L2 proj |   L3 exp |    L3 proj |   L4 exp |    L4 proj |     Status |   Proj Total
----------------------------------------------------------------------------------------------------------------------------------
     3 |    20 |       5.7K |    0.01s |  200.63x |      1.14M |   75.89x |     86.67M |    0.66x |     57.01M |       0x |          0 |         L4 |      297.04d
     3 |    25 |      14.6K |    0.02s |  471.41x |      6.89M |  309.37x |      2.13B |    7.96x |     16.97B |       0x |          0 |         L4 |   211941.90d
     3 |    30 |      31.7K |    0.02s |  967.31x |     30.70M |  837.42x |     25.71B |    0.56x |     14.46B |       0x |          0 |         L4 |  1421382.16d

JSON saved to data\benchmark_sweep_20260407_154246.json
CSV saved to data\benchmark_sweep_20260407_154246.csv
