Skipping 1 vacuous configs (c_target + flat_correction >= 1.5029):
  n_half=3, m=10: flat_correction=0.2100, threshold=1.5100
Benchmark sweep: 4 configs
  m values: [10, 15, 20, 25, 30]
  n_half values: [3]
  c_target: 1.3
  max parents/level: 10,000
  time budget/level: 300s
  max levels: 8

[1/4] Running n_half=3, m=15 (max 10,000 parents/level)...

============================================================
CONFIG: n_half=3, m=15, d0=6, corr=0.137778, L0 comps=15,504
============================================================

  [L0] Running Level 0...

[L0] d=6, m=15, n_half=3, compositions=15,504
     correction=0.137778, threshold=1.437778
     0.01s: 15,504 compositions processed
     asym pruned: 1,126, test pruned: 5,629, survivors: 997
  [L0] Done in 0.01s: 997 survivors
  [Sampling] RNG seed=180773053 (for reproducibility)

  [L1] Using all 997 actual survivors (projected pop: 997)
  [L1] Refining: d=6->12, 997 parents (median 800 children/parent)...
       99/997 parents | 32 survivors | ETA 0.41s
       198/997 parents | 366 survivors | ETA 0.23s
       297/997 parents | 2,501 survivors | ETA 0.17s
       396/997 parents | 3,033 survivors | ETA 0.13s
       495/997 parents | 4,048 survivors | ETA 0.10s
       594/997 parents | 5,370 survivors | ETA 0.07s
       693/997 parents | 10,302 survivors | ETA 0.05s
       792/997 parents | 14,224 survivors | ETA 0.03s
       891/997 parents | 16,721 survivors | ETA 0.02s
       990/997 parents | 17,637 survivors | ETA 0.00s
  [L1] Done in 0.15s: 17,637 survivors / 829,122 children (997/997 parents), expansion=17.6901x
  [L1] Projected full: ~17.6K survivors, ~0.15s time

  [L2] Sampling 10,000 / 17,637 actual survivors (projected pop: 17.6K)
  [L2] Refining: d=12->24, 10,000 parents (median 3.9K children/parent)...
       1,000/10,000 parents | 456 survivors | ETA 3.99s
       2,000/10,000 parents | 942 survivors | ETA 3.39s
       3,000/10,000 parents | 1,373 survivors | ETA 3.04s
       4,000/10,000 parents | 2,039 survivors | ETA 2.56s
       5,000/10,000 parents | 2,678 survivors | ETA 2.13s
       6,000/10,000 parents | 3,196 survivors | ETA 1.67s
       7,000/10,000 parents | 3,706 survivors | ETA 1.25s
       8,000/10,000 parents | 4,207 survivors | ETA 0.85s
       9,000/10,000 parents | 4,638 survivors | ETA 0.43s
       10,000/10,000 parents | 5,387 survivors | ETA 0.00s
  [L2] Done in 4.26s: 5,387 survivors / 42,323,486 children (10,000/10,000 parents), expansion=0.5387x
  [L2] Projected full: ~9.5K survivors, ~7.52s time
  [L2] CONVERGING: expansion=0.538700x < 1 — cascade will eventually prove.

  [L3] Using all 5,387 actual survivors (projected pop: 9.5K)
  [L3] Refining: d=24->48, 5,387 parents (median 18.4K children/parent)...
       538/5,387 parents | 0 survivors | ETA 10.45s
       1,076/5,387 parents | 0 survivors | ETA 9.96s
       1,614/5,387 parents | 0 survivors | ETA 8.85s
       2,152/5,387 parents | 0 survivors | ETA 7.80s
       2,690/5,387 parents | 0 survivors | ETA 6.53s
       3,228/5,387 parents | 0 survivors | ETA 5.30s
       3,766/5,387 parents | 0 survivors | ETA 3.96s
       4,304/5,387 parents | 0 survivors | ETA 2.64s
       4,842/5,387 parents | 0 survivors | ETA 1.36s
       5,380/5,387 parents | 0 survivors | ETA 0.02s
  [L3] Done in 13.79s: 0 survivors / 87,778,568 children (5,387/5,387 parents), expansion=0.0000x
  [L3] Projected full: ~0 survivors, ~24.31s time
  [L3] PROVEN at Level 3 (0 survivors from 5,387 sampled parents)!

  [Total] Projected full runtime: 31.98s

CONFIG: n_half=3, m=15, d0=6
  L0: 0.01s, 997 survivors (full)

  Level |  Processed | Proj Parents |  Survivors |     Factor |     Time |    Proj Surv |    Proj Time
  ----------------------------------------------------------------------------------------------------
     L1 |        997 |          997 |      17.6K |   17.6901x |    0.15s |        17.6K |        0.15s
     L2 |      10.0K |        17.6K |       5.4K |    0.5387x |    4.26s |         9.5K |        7.52s
     L3 |       5.4K |         9.5K |          0 |         0x |   13.79s |            0 |       24.31s

  Projected total: 31.98s
  PROVEN — cascade converges at L3

[2/4] Running n_half=3, m=20 (max 10,000 parents/level)...

============================================================
CONFIG: n_half=3, m=20, d0=6, corr=0.102500, L0 comps=53,130
============================================================

  [L0] Running Level 0...

[L0] d=6, m=20, n_half=3, compositions=53,130
     correction=0.102500, threshold=1.402500
     0.00s: 53,130 compositions processed
     asym pruned: 3,711, test pruned: 20,162, survivors: 2,725
  [L0] Done in 0.00s: 2,725 survivors
  [Sampling] RNG seed=3641392599 (for reproducibility)

  [L1] Using all 2,725 actual survivors (projected pop: 2.7K)
  [L1] Refining: d=6->12, 2,725 parents (median 2.5K children/parent)...
       272/2,725 parents | 532 survivors | ETA 0.80s
       544/2,725 parents | 878 survivors | ETA 0.67s
       816/2,725 parents | 9,797 survivors | ETA 0.57s
       1,088/2,725 parents | 16,724 survivors | ETA 0.48s
       1,360/2,725 parents | 20,094 survivors | ETA 0.38s
       1,632/2,725 parents | 34,984 survivors | ETA 0.29s
       1,904/2,725 parents | 56,049 survivors | ETA 0.23s
       2,176/2,725 parents | 69,766 survivors | ETA 0.15s
       2,448/2,725 parents | 82,489 survivors | ETA 0.07s
       2,720/2,725 parents | 87,029 survivors | ETA 0.00s
  [L1] Done in 0.68s: 87,029 survivors / 7,468,994 children (2,725/2,725 parents), expansion=31.9372x
  [L1] Projected full: ~87.0K survivors, ~0.68s time

  [L2] Sampling 10,000 / 87,029 actual survivors (projected pop: 87.0K)
  [L2] Refining: d=12->24, 10,000 parents (median 21.6K children/parent)...
       1,000/10,000 parents | 471 survivors | ETA 17.12s
       2,000/10,000 parents | 900 survivors | ETA 15.57s
       3,000/10,000 parents | 1,546 survivors | ETA 13.63s
       4,000/10,000 parents | 1,817 survivors | ETA 11.64s
       5,000/10,000 parents | 2,154 survivors | ETA 9.72s
       6,000/10,000 parents | 2,659 survivors | ETA 7.74s
       7,000/10,000 parents | 2,974 survivors | ETA 5.78s
       8,000/10,000 parents | 3,937 survivors | ETA 3.83s
       9,000/10,000 parents | 4,387 survivors | ETA 1.91s
       10,000/10,000 parents | 4,850 survivors | ETA 0.00s
  [L2] Done in 19.21s: 4,850 survivors / 242,239,866 children (10,000/10,000 parents), expansion=0.4850x
  [L2] Projected full: ~42.2K survivors, ~2.8m time
  [L2] CONVERGING: expansion=0.485000x < 1 — cascade will eventually prove.

  [L3] Using all 4,850 actual survivors (projected pop: 42.2K)
  [L3] Refining: d=24->48, 4,850 parents (median 165.9K children/parent)...
       485/4,850 parents | 0 survivors | ETA 1.4m
       970/4,850 parents | 0 survivors | ETA 1.2m
       1,455/4,850 parents | 0 survivors | ETA 1.2m
       1,940/4,850 parents | 0 survivors | ETA 58.36s
       2,425/4,850 parents | 0 survivors | ETA 48.86s
       2,910/4,850 parents | 0 survivors | ETA 38.18s
       3,395/4,850 parents | 0 survivors | ETA 28.75s
       3,880/4,850 parents | 0 survivors | ETA 18.77s
       4,365/4,850 parents | 0 survivors | ETA 9.33s
       4,850/4,850 parents | 0 survivors | ETA 0.00s
  [L3] Done in 92.46s: 0 survivors / 873,134,976 children (4,850/4,850 parents), expansion=0.0000x
  [L3] Projected full: ~0 survivors, ~13.4m time
  [L3] PROVEN at Level 3 (0 survivors from 4,850 sampled parents)!

  [Total] Projected full runtime: 16.2m

CONFIG: n_half=3, m=20, d0=6
  L0: 0.00s, 2.7K survivors (full)

  Level |  Processed | Proj Parents |  Survivors |     Factor |     Time |    Proj Surv |    Proj Time
  ----------------------------------------------------------------------------------------------------
     L1 |       2.7K |         2.7K |      87.0K |   31.9372x |    0.68s |        87.0K |        0.68s
     L2 |      10.0K |        87.0K |       4.8K |    0.4850x |   19.21s |        42.2K |         2.8m
     L3 |       4.8K |        42.2K |          0 |         0x |     1.5m |            0 |        13.4m

  Projected total: 16.2m
  PROVEN — cascade converges at L3

[3/4] Running n_half=3, m=25 (max 10,000 parents/level)...

============================================================
CONFIG: n_half=3, m=25, d0=6, corr=0.081600, L0 comps=142,506
============================================================

  [L0] Running Level 0...

[L0] d=6, m=25, n_half=3, compositions=142,506
     correction=0.081600, threshold=1.381600
     0.01s: 142,506 compositions processed
     asym pruned: 9,681, test pruned: 55,308, survivors: 6,264
  [L0] Done in 0.01s: 6,264 survivors
  [Sampling] RNG seed=4239676516 (for reproducibility)

  [L1] Using all 6,264 actual survivors (projected pop: 6.3K)
  [L1] Refining: d=6->12, 6,264 parents (median 7.0K children/parent)...
       626/6,264 parents | 293 survivors | ETA 2.61s
       1,252/6,264 parents | 4,524 survivors | ETA 2.51s
       1,878/6,264 parents | 25,153 survivors | ETA 2.21s
       2,504/6,264 parents | 59,830 survivors | ETA 2.04s
       3,130/6,264 parents | 70,505 survivors | ETA 1.70s
       3,756/6,264 parents | 153,149 survivors | ETA 1.34s
       4,382/6,264 parents | 197,030 survivors | ETA 1.01s
       5,008/6,264 parents | 249,538 survivors | ETA 0.65s
       5,634/6,264 parents | 297,381 survivors | ETA 0.32s
       6,260/6,264 parents | 313,231 survivors | ETA 0.00s
  [L1] Done in 3.01s: 313,231 survivors / 49,329,298 children (6,264/6,264 parents), expansion=50.0049x
  [L1] Projected full: ~313.2K survivors, ~3.01s time

  [L2] Sampling 10,000 / 313,231 actual survivors (projected pop: 313.2K)
  [L2] Refining: d=12->24, 10,000 parents (median 93.3K children/parent)...
       1,000/10,000 parents | 875 survivors | ETA 1.0m
       2,000/10,000 parents | 1,915 survivors | ETA 53.91s
       3,000/10,000 parents | 2,408 survivors | ETA 46.65s
       4,000/10,000 parents | 3,409 survivors | ETA 39.71s
       5,000/10,000 parents | 3,967 survivors | ETA 33.72s
       6,000/10,000 parents | 4,451 survivors | ETA 26.95s
       7,000/10,000 parents | 4,884 survivors | ETA 20.17s
       8,000/10,000 parents | 5,623 survivors | ETA 13.46s
       9,000/10,000 parents | 6,150 survivors | ETA 6.70s
       10,000/10,000 parents | 6,332 survivors | ETA 0.00s
  [L2] Done in 67.65s: 6,332 survivors / 1,094,965,348 children (10,000/10,000 parents), expansion=0.6332x
  [L2] Projected full: ~198.3K survivors, ~35.3m time
  [L2] CONVERGING: expansion=0.633200x < 1 — cascade will eventually prove.

  [L3] Using all 6,332 actual survivors (projected pop: 198.3K)
  [L3] Refining: d=24->48, 6,332 parents (median 1.40M children/parent)...
       633/6,332 parents | 0 survivors | ETA 12.9m
       1,266/6,332 parents | 0 survivors | ETA 11.6m
  [L3] Done in 300.17s: 0 survivors / 2,744,366,016 children (1,732/6,332 parents), expansion=0.0000x [TIMED OUT]
  [L3] Projected full: ~0 survivors, ~9.55h time
  [L3] PROVEN at Level 3 (0 survivors from 6,332 sampled parents)!

  [Total] Projected full runtime: 10.14h

CONFIG: n_half=3, m=25, d0=6
  L0: 0.01s, 6.3K survivors (full)

  Level |  Processed | Proj Parents |  Survivors |     Factor |     Time |    Proj Surv |    Proj Time
  ----------------------------------------------------------------------------------------------------
     L1 |       6.3K |         6.3K |     313.2K |   50.0049x |    3.01s |       313.2K |        3.01s
     L2 |      10.0K |       313.2K |       6.3K |    0.6332x |     1.1m |       198.3K |        35.3m
     L3 |       1.7K |       198.3K |          0 |         0x |     5.0m |            0 |        9.55h

  Projected total: 10.14h
  PROVEN — cascade converges at L3

[4/4] Running n_half=3, m=30 (max 10,000 parents/level)...

============================================================
CONFIG: n_half=3, m=30, d0=6, corr=0.067778, L0 comps=324,632
============================================================

  [L0] Running Level 0...

[L0] d=6, m=30, n_half=3, compositions=324,632
     correction=0.067778, threshold=1.367778
     0.05s: 324,632 compositions processed
     asym pruned: 21,602, test pruned: 128,182, survivors: 12,600
  [L0] Done in 0.05s: 12,600 survivors
  [Sampling] RNG seed=1944820209 (for reproducibility)

  [L1] Sampling 10,000 / 12,600 actual survivors (projected pop: 12.6K)
  [L1] Refining: d=6->12, 10,000 parents (median 17.3K children/parent)...
       1,000/10,000 parents | 80,420 survivors | ETA 21.18s
       2,000/10,000 parents | 149,817 survivors | ETA 17.77s
       3,000/10,000 parents | 222,337 survivors | ETA 15.20s
       4,000/10,000 parents | 288,550 survivors | ETA 13.14s
       5,000/10,000 parents | 359,197 survivors | ETA 10.92s
       6,000/10,000 parents | 427,698 survivors | ETA 8.64s
       7,000/10,000 parents | 491,834 survivors | ETA 6.50s
       8,000/10,000 parents | 566,265 survivors | ETA 4.38s
       9,000/10,000 parents | 640,452 survivors | ETA 2.23s
       10,000/10,000 parents | 706,093 survivors | ETA 0.00s
  [L1] Done in 22.41s: 706,093 survivors / 183,587,292 children (10,000/10,000 parents), expansion=70.6093x
  [L1] Projected full: ~889.7K survivors, ~28.23s time

  [L2] Sampling 10,000 / 706,093 actual survivors (projected pop: 889.7K)
  [L2] Refining: d=12->24, 10,000 parents (median 388.8K children/parent)...
       1,000/10,000 parents | 60 survivors | ETA 9.1m
       2,000/10,000 parents | 158 survivors | ETA 8.1m
       3,000/10,000 parents | 229 survivors | ETA 7.1m
       4,000/10,000 parents | 254 survivors | ETA 5.5m
       5,000/10,000 parents | 296 survivors | ETA 4.0m
       6,000/10,000 parents | 421 survivors | ETA 3.0m
       7,000/10,000 parents | 693 survivors | ETA 2.1m
  [L2] Done in 300.02s: 800 survivors / 3,323,279,608 children (7,342/10,000 parents), expansion=0.1090x [TIMED OUT]
  [L2] Projected full: ~96.9K survivors, ~10.10h time

  [L3] Using all 800 actual survivors (projected pop: 96.9K)
  [L3] Refining: d=24->48, 800 parents (median 8.40M children/parent)...
       80/800 parents | 0 survivors | ETA 5.0m
       160/800 parents | 0 survivors | ETA 5.4m
       240/800 parents | 0 survivors | ETA 4.6m
       320/800 parents | 0 survivors | ETA 4.4m
       400/800 parents | 0 survivors | ETA 3.7m
       480/800 parents | 0 survivors | ETA 3.1m
  [L3] Done in 300.62s: 0 survivors / 3,886,818,192 children (519/800 parents), expansion=0.0000x [TIMED OUT]
  [L3] Projected full: ~0 survivors, ~15.60h time
  [L3] PROVEN at Level 3 (0 survivors from 800 sampled parents)!

  [Total] Projected full runtime: 1.07d

CONFIG: n_half=3, m=30, d0=6
  L0: 0.05s, 12.6K survivors (full)

  Level |  Processed | Proj Parents |  Survivors |     Factor |     Time |    Proj Surv |    Proj Time
  ----------------------------------------------------------------------------------------------------
     L1 |      10.0K |        12.6K |     706.1K |   70.6093x |   22.41s |       889.7K |       28.23s
     L2 |       7.3K |       889.7K |        800 |    0.1090x |     5.0m |        96.9K |       10.10h
     L3 |        519 |        96.9K |          0 |         0x |     5.0m |            0 |       15.60h

  Projected total: 1.07d
  PROVEN — cascade converges at L3

==================================================================================================================================
BENCHMARK SWEEP RESULTS  (max 10,000 parents/level, sorted by projected total time)
==================================================================================================================================
n_half |     m |    L0 surv |  L0 time |   L1 exp |    L1 proj |   L2 exp |    L2 proj |   L3 exp |    L3 proj |     Status |   Proj Total
----------------------------------------------------------------------------------------------------------------------------------
     3 |    15 |        997 |    0.01s |   17.69x |      17.6K |    0.54x |       9.5K |       0x |          0 |         L3 |       31.98s
     3 |    20 |       2.7K |    0.00s |   31.94x |      87.0K |    0.48x |      42.2K |       0x |          0 |         L3 |        16.2m
     3 |    25 |       6.3K |    0.01s |   50.00x |     313.2K |    0.63x |     198.3K |       0x |          0 |         L3 |       10.14h
     3 |    30 |      12.6K |    0.05s |   70.61x |     889.7K |    0.11x |      96.9K |       0x |          0 |         L3 |        1.07d

JSON saved to data\benchmark_sweep_20260407_152322.json
CSV saved to data\benchmark_sweep_20260407_152322.csv
