===== AUDIT A: d=4 L3 bw=3 =====
Fri Apr 17 19:14:35 UTC 2026
Direct SCS: d=4 O3 bw=3 GPU=True
Started: 2026-04-17T19:14:36.392393
SCS 3.2.11
======================================================================
DIRECT SCS LASSERRE: L3 d=4 bw=3
  GPU=True, max_iters=100000, eps=1e-05
======================================================================

Cliques: 1 of size 4

  Building reduced moment set S...
    S_le5: 126 monomials
    S_mom (clique PSD): 630 candidates
    S_loc (clique localizing): 480 candidates
  [MEM] 0.4/251GB
    Total |S| = 210 moments, hash collision check passed (0.0s)
  Building F_scipy (scalar window constraints)...
    F_scipy: 130 nnz (0.0s)
  Pairwise localizing: 10/10 cones of size 5×5
  Building per-clique data...
    Hash collision spot-check: 1225 entries verified
  Mapping windows to covering cliques...
    28/28 windows covered by cliques
  Building consistency data...
    Consistency: 126 full equality + 0 partial inequality rows (0.0s)
  Precompute done: 210 variables, 0.0s total


Building base SCS problem...
  Base problem: 2,075 rows x 211 cols, nnz=3,189
  Cones: z=127, l=238, PSD=10
  A memory: 0.0 MB
  Built in 0.0s

  [Round 0] Minimize t...
/workspace/sidon-autocorrelation/tests/admm_gpu_solver.py:493: UserWarning: Sparse CSR tensor support is in beta state. If you miss a functionality in the sparse tensor support, please submit a feature request to https://github.com/pytorch/pytorch/issues. (Triggered internally at ../aten/src/ATen/SparseCsrTensorImpl.cpp:53.)
  return torch.sparse_csr_tensor(crow, col, vals, size=A_csr.shape,
  ADMM setup: 0.648s (solver=cholesky, n=211, m=2,075, PSD cones=10)
    iter 100: pri=2.44e-03 dual=2.99e-03 eps_p=4.89e-04 eps_d=1.58e-04 rho=5.0e-01 obj=0.996519
  ADMM done: 180 iters, 0.379s (2.10ms/iter), status=solved
    Scalar bound = 1.0000147006 (1.8s, 180 iters)
    28 violations

  [CG round 1] 28 windows
    Decomposition precomputed in 0.0s
    [1/8] t=1.26451838 feas (0.1s, build=0.0s, 60 iters)
    [2/8] t=1.13176654 feas (0.1s, build=0.0s, 50 iters)
    [3/8] t=1.06539062 infeas (1.2s, build=0.0s, 800 iters)
    [4/8] t=1.09857858 feas (0.1s, build=0.0s, 80 iters)
    [5/8] t=1.09525978 feas (0.1s, build=0.0s, 50 iters) interp
    [6/8] t=1.09227287 feas (0.1s, build=0.0s, 50 iters) interp
    [7/8] t=1.07883174 feas (0.1s, build=0.0s, 50 iters)
    [8/8] t=1.07211118 feas (0.1s, build=0.0s, 50 iters)
    lb=1.0653906194 (+6.54e-02) gc=64.1%
    Checkpoint saved: cg1 lb=1.0653906194
    No violations — converged.

======================================================================
FINAL: d=4 O3 bw=3
  lb = 1.0653906194
  val(4) = 1.102
  gc = 64.11%
  time = 5.2s = 0.00hr
  sound = True
======================================================================
Solution vector saved to /workspace/sidon-autocorrelation/tests/../data/solution_d4_o3_bw3_scs.npy (210 entries)
Result saved to /workspace/sidon-autocorrelation/tests/../data/result_d4_o3_bw3_scs.json
===== AUDIT B: d=6 L3 bw=5 =====
Fri Apr 17 19:14:41 UTC 2026
Direct SCS: d=6 O3 bw=5 GPU=True
Started: 2026-04-17T19:14:42.382394
SCS 3.2.11
======================================================================
DIRECT SCS LASSERRE: L3 d=6 bw=5
  GPU=True, max_iters=100000, eps=1e-05
======================================================================

Cliques: 1 of size 6

  Building reduced moment set S...
    S_le5: 462 monomials
  [MEM] 0.4/251GB
    S_mom (clique PSD): 3570 candidates
    S_loc (clique localizing): 2436 candidates
    Total |S| = 924 moments, hash collision check passed (0.0s)
  Building F_scipy (scalar window constraints)...
    F_scipy: 616 nnz (0.0s)
  Pairwise localizing: 21/21 cones of size 7×7
  Building per-clique data...
    Hash collision spot-check: 7056 entries verified
  Mapping windows to covering cliques...
    66/66 windows covered by cliques
  Building consistency data...
    Consistency: 462 full equality + 0 partial inequality rows (0.0s)
  Precompute done: 924 variables, 0.0s total


Building base SCS problem...
  Base problem: 10,301 rows x 925 cols, nnz=16,125
  Cones: z=463, l=990, PSD=14
  A memory: 0.1 MB
  Built in 0.0s

  [Round 0] Minimize t...
/workspace/sidon-autocorrelation/tests/admm_gpu_solver.py:493: UserWarning: Sparse CSR tensor support is in beta state. If you miss a functionality in the sparse tensor support, please submit a feature request to https://github.com/pytorch/pytorch/issues. (Triggered internally at ../aten/src/ATen/SparseCsrTensorImpl.cpp:53.)
  return torch.sparse_csr_tensor(crow, col, vals, size=A_csr.shape,
  ADMM setup: 0.524s (solver=cholesky, n=925, m=10,301, PSD cones=14)
    iter 100: pri=5.09e-03 dual=3.65e-02 eps_p=1.05e-03 eps_d=3.17e-04 rho=5.0e-01 obj=1.007118
    iter 200: pri=2.54e-04 dual=2.24e-03 eps_p=1.05e-03 eps_d=3.17e-04 rho=5.0e-01 obj=0.999914
  ADMM done: 260 iters, 0.723s (2.78ms/iter), status=solved
    Scalar bound = 1.0000514186 (2.1s, 260 iters)
    66 violations

  [CG round 1] 66 windows
    Decomposition precomputed in 0.0s
    [1/8] t=1.26456427 feas (0.2s, build=0.0s, 80 iters)
    [2/8] t=1.13180785 feas (0.1s, build=0.0s, 60 iters)
    [3/8] t=1.06542963 infeas (1.9s, build=0.0s, 800 iters)
    [4/8] t=1.09861874 infeas (0.9s, build=0.0s, 380 iters)
    [5/8] t=1.11521329 infeas (0.5s, build=0.0s, 230 iters)
    [6/8] t=1.12351057 infeas (0.5s, build=0.0s, 200 iters)
    [7/8] t=1.12765921 infeas (0.4s, build=0.0s, 160 iters)
    [8/8] t=1.12973353 infeas (0.2s, build=0.0s, 90 iters)
    lb=1.1297335267 (+1.30e-01) gc=75.9%
    Checkpoint saved: cg1 lb=1.1297335267
    No violations — converged.

======================================================================
FINAL: d=6 O3 bw=5
  lb = 1.1297335267
  val(6) = 1.171
  gc = 75.87%
  time = 10.8s = 0.00hr
  sound = True
======================================================================
Solution vector saved to /workspace/sidon-autocorrelation/tests/../data/solution_d6_o3_bw5_scs.npy (924 entries)
Result saved to /workspace/sidon-autocorrelation/tests/../data/result_d6_o3_bw5_scs.json
===== AUDIT C: d=8 L3 bw=7 eps=1e-6 =====
Fri Apr 17 19:14:53 UTC 2026
Direct SCS: d=8 O3 bw=7 GPU=True
Started: 2026-04-17T19:14:54.078934
SCS 3.2.11
======================================================================
DIRECT SCS LASSERRE: L3 d=8 bw=7
  GPU=True, max_iters=100000, eps=1e-06
======================================================================

Cliques: 1 of size 8

  Building reduced moment set S...
    S_le5: 1287 monomials
  [MEM] 0.4/251GB
    S_mom (clique PSD): 13695 candidates
    S_loc (clique localizing): 8280 candidates
    Total |S| = 3,003 moments, hash collision check passed (0.0s)
  Building F_scipy (scalar window constraints)...
    F_scipy: 1,884 nnz (0.0s)
  Pairwise localizing: 36/36 cones of size 9×9
  Building per-clique data...
    Hash collision spot-check: 27225 entries verified
  Mapping windows to covering cliques...
    120/120 windows covered by cliques
  Building consistency data...
    Consistency: 1287 full equality + 0 partial inequality rows (0.0s)
  Precompute done: 3,003 variables, 0.1s total


Building base SCS problem...
  Base problem: 35,701 rows x 3,004 cols, nnz=56,161
  Cones: z=1288, l=3123, PSD=18
  A memory: 0.4 MB
  Built in 0.0s

  [Round 0] Minimize t...
/workspace/sidon-autocorrelation/tests/admm_gpu_solver.py:493: UserWarning: Sparse CSR tensor support is in beta state. If you miss a functionality in the sparse tensor support, please submit a feature request to https://github.com/pytorch/pytorch/issues. (Triggered internally at ../aten/src/ATen/SparseCsrTensorImpl.cpp:53.)
  return torch.sparse_csr_tensor(crow, col, vals, size=A_csr.shape,
  ADMM setup: 0.761s (solver=cholesky, n=3,004, m=35,701, PSD cones=18)
    iter 100: pri=1.84e-02 dual=4.01e-02 eps_p=1.92e-03 eps_d=5.61e-04 rho=5.0e-01 obj=0.975247
    iter 200: pri=2.96e-03 dual=1.22e-03 eps_p=1.92e-03 eps_d=5.61e-04 rho=5.0e-01 obj=0.995728
  ADMM done: 250 iters, 3.316s (13.27ms/iter), status=solved
    Scalar bound = 1.0017243277 (4.9s, 250 iters)
    120 violations

  [CG round 1] 100 windows
    Decomposition precomputed in 0.4s
  [MEM] 1.7/251GB
    [1/10] t=1.26665541 feas (8.3s, build=0.0s, 120 iters)
    [2/10] t=1.13368987 infeas (13.0s, build=0.0s, 190 iters)
    [3/10] t=1.20017264 feas (4.9s, build=0.0s, 70 iters)
    [4/10] t=1.16693125 feas (3.6s, build=0.0s, 50 iters)
  [MEM] 1.7/251GB
  [MEM] 1.7/251GB
    [5/10] t=1.15031056 infeas (128.6s, build=0.0s, 2000 iters)
    [6/10] t=1.15862091 feas (3.2s, build=0.0s, 50 iters)
  [MEM] 1.7/251GB
  [MEM] 1.7/251GB
    [7/10] t=1.15446573 infeas (116.6s, build=0.0s, 1950 iters)
    [8/10] t=1.15654332 infeas (21.5s, build=0.0s, 380 iters)
  [MEM] 1.7/251GB
    [9/10] t=1.15758211 infeas (16.9s, build=0.0s, 300 iters)
    [10/10] t=1.15810151 infeas (11.0s, build=0.0s, 200 iters)
    lb=1.1581015110 (+1.56e-01) gc=77.1%
    Checkpoint saved: cg1 lb=1.1581015110

  [CG round 2] 120 windows
    Decomposition precomputed in 0.2s
    [1/10] t=1.16760151 feas (4.2s, build=0.0s, 50 iters)
    [2/10] t=1.16235151 feas (4.2s, build=0.0s, 50 iters)
    [3/10] t=1.15972651 feas (4.2s, build=0.0s, 50 iters)
    [4/10] t=1.15841401 feas (4.2s, build=0.0s, 50 iters)
    [5/10] t=1.15775776 feas (4.2s, build=0.0s, 50 iters)
    [6/10] t=1.15742964 feas (4.2s, build=0.0s, 50 iters)
    Converged: interval 3.28e-04 < 1e-8
    lb=1.1571015110 (+-1.00e-03) gc=77.1%
    Checkpoint saved: cg2 lb=1.1581015110
    No violations — converged.

======================================================================
FINAL: d=8 O3 bw=7
  lb = 1.1581015110
  val(8) = 1.205
  gc = 77.12%
  time = 417.4s = 0.12hr
  sound = True
======================================================================
Solution vector saved to /workspace/sidon-autocorrelation/tests/../data/solution_d8_o3_bw7_scs.npy (3003 entries)
Result saved to /workspace/sidon-autocorrelation/tests/../data/result_d8_o3_bw7_scs.json
===== PILOT D: d=8 L4 bw=7 =====
Fri Apr 17 19:21:52 UTC 2026
Direct SCS: d=8 O4 bw=7 GPU=True
Started: 2026-04-17T19:21:52.389088
SCS 3.2.11
======================================================================
DIRECT SCS LASSERRE: L4 d=8 bw=7
  GPU=True, max_iters=100000, eps=1e-05
======================================================================

Cliques: 1 of size 8

  Building reduced moment set S...
    S_le7: 6435 monomials  [MEM] 0.4/251GB

    S_mom (clique PSD): 122760 candidates
    S_loc (clique localizing): 109560 candidates
    Total |S| = 12,870 moments, hash collision check passed (0.1s)
  Building F_scipy (scalar window constraints)...
    F_scipy: 1,884 nnz (0.0s)
  Pairwise localizing: 36/36 cones of size 9×9
  Building per-clique data...
    Hash collision spot-check: 245025 entries verified
  Mapping windows to covering cliques...
    120/120 windows covered by cliques
  Building consistency data...
    Consistency: 6435 full equality + 0 partial inequality rows (0.0s)
  Precompute done: 12,870 variables, 0.8s total


Building base SCS problem...
  Base problem: 375,001 rows x 12,871 cols, nnz=537,925
  Cones: z=6436, l=12990, PSD=18
  A memory: 4.3 MB
  Built in 0.0s

  [Round 0] Minimize t...
/workspace/sidon-autocorrelation/tests/admm_gpu_solver.py:493: UserWarning: Sparse CSR tensor support is in beta state. If you miss a functionality in the sparse tensor support, please submit a feature request to https://github.com/pytorch/pytorch/issues. (Triggered internally at ../aten/src/ATen/SparseCsrTensorImpl.cpp:53.)
  return torch.sparse_csr_tensor(crow, col, vals, size=A_csr.shape,
  ADMM setup: 0.854s (solver=cg, n=12,871, m=375,001, PSD cones=18)
    iter 100: pri=6.00e-03 dual=1.83e-01 eps_p=6.16e-03 eps_d=1.15e-03 rho=5.0e-01 obj=0.991688
    iter 200: pri=1.35e-03 dual=2.65e-02 eps_p=6.16e-03 eps_d=1.15e-03 rho=5.0e-01 obj=0.998165
    iter 300: pri=3.45e-04 dual=3.74e-03 eps_p=6.16e-03 eps_d=1.15e-03 rho=5.0e-01 obj=0.999618
  ADMM done: 340 iters, 13.406s (39.43ms/iter), status=solved
    Scalar bound = 0.9997288835 (15.4s, 340 iters)
    120 violations

  [CG round 1] 100 windows
    Decomposition precomputed in 7.0s
  [MEM] 5.9/251GB
  [MEM] 5.9/251GB
  [MEM] 5.9/251GB
  [MEM] 5.9/251GB
  [MEM] 6.0/251GB
    [1/8] t=1.64655944 feas (17.6s, build=0.1s, 80 iters)
    [2/8] t=1.32264416 feas (13.4s, build=0.1s, 60 iters)
    [3/8] t=1.16068652 feas (13.7s, build=0.1s, 60 iters)
  [MEM] 6.0/251GB
