Direct SCS: d=8 O3 bw=7 GPU=True
Started: 2026-04-17T18:36:13.707115
SCS 3.2.11
======================================================================
DIRECT SCS LASSERRE: L3 d=8 bw=7
  GPU=True, max_iters=100000, eps=1e-05
======================================================================

Cliques: 1 of size 8

  Building reduced moment set S...
    S_le5: 1287 monomials
  [MEM] 1.0/251GB
    S_mom (clique PSD): 13695 candidates
    S_loc (clique localizing): 8280 candidates
    Total |S| = 3,003 moments, hash collision check passed (0.0s)
  Building F_scipy (scalar window constraints)...
    F_scipy: 1,884 nnz (0.0s)
  Pairwise localizing: 36/36 cones of size 9×9
  Building per-clique data...
    Hash collision spot-check: 27225 entries verified
  Mapping windows to covering cliques...
    120/120 windows covered by cliques
  Building consistency data...
    Consistency: 1287 full equality + 0 partial inequality rows (0.0s)
  Precompute done: 3,003 variables, 0.1s total


Building base SCS problem...
  Base problem: 35,701 rows x 3,004 cols, nnz=56,161
  Cones: z=1288, l=3123, PSD=18
  A memory: 0.4 MB
  Built in 0.0s

  [Round 0] Minimize t...
/workspace/sidon-autocorrelation/tests/admm_gpu_solver.py:493: UserWarning: Sparse CSR tensor support is in beta state. If you miss a functionality in the sparse tensor support, please submit a feature request to https://github.com/pytorch/pytorch/issues. (Triggered internally at ../aten/src/ATen/SparseCsrTensorImpl.cpp:53.)
  return torch.sparse_csr_tensor(crow, col, vals, size=A_csr.shape,
  ADMM setup: 0.872s (solver=cholesky, n=3,004, m=35,701, PSD cones=18)
    iter 100: pri=1.84e-02 dual=4.01e-02 eps_p=1.92e-03 eps_d=5.61e-04 rho=5.0e-01 obj=0.975247
    iter 200: pri=2.96e-03 dual=1.22e-03 eps_p=1.92e-03 eps_d=5.61e-04 rho=5.0e-01 obj=0.995728
  ADMM done: 250 iters, 3.381s (13.52ms/iter), status=solved
    Scalar bound = 1.0017243277 (5.1s, 250 iters)
    120 violations

  [CG round 1] 100 windows
    Decomposition precomputed in 0.2s
  [MEM] 2.7/251GB
    [1/8] t=1.26665541 feas (8.2s, build=0.0s, 120 iters)
    [2/8] t=1.13368987 infeas (12.9s, build=0.0s, 190 iters)
    [3/8] t=1.20017264 feas (4.9s, build=0.0s, 70 iters)
    [4/8] t=1.16693125 feas (3.6s, build=0.0s, 50 iters)
    [5/8] t=1.15031056 infeas (13.7s, build=0.0s, 200 iters)
    [6/8] t=1.15862091 feas (3.4s, build=0.0s, 50 iters)
    [7/8] t=1.15446573 infeas (12.8s, build=0.0s, 200 iters)
  [MEM] 2.7/251GB
    [8/8] t=1.15654332 infeas (12.6s, build=0.0s, 200 iters)
    lb=1.1565433210 (+1.55e-01) gc=76.4%
    Checkpoint saved: cg1 lb=1.1565433210

  [CG round 2] 120 windows
    Decomposition precomputed in 0.2s
    [1/8] t=1.16604332 feas (4.2s, build=0.0s, 50 iters)
    [2/8] t=1.16079332 feas (4.1s, build=0.0s, 50 iters)
    [3/8] t=1.15816832 feas (4.1s, build=0.0s, 50 iters)
    [4/8] t=1.15685582 feas (4.1s, build=0.0s, 50 iters)
    [5/8] t=1.15619957 feas (4.1s, build=0.0s, 50 iters)
    [6/8] t=1.15587145 feas (4.1s, build=0.0s, 50 iters)
    Converged: interval 3.28e-04 < 1e-8
    lb=1.1555433210 (+-1.00e-03) gc=76.4%
    Checkpoint saved: cg2 lb=1.1565433210
    No violations — converged.

======================================================================
FINAL: d=8 O3 bw=7
  lb = 1.1565433210
  val(8) = 1.205
  gc = 76.36%
  time = 161.2s = 0.04hr
  sound = True
======================================================================
Solution vector saved to /workspace/sidon-autocorrelation/tests/../data/solution_d8_o3_bw7_scs.npy (3003 entries)
Result saved to /workspace/sidon-autocorrelation/tests/../data/result_d8_o3_bw7_scs.json
